<?xml version="1.0" encoding="UTF-8"?>
<testng-results skipped="0" failed="0" total="10" passed="10">
  <reporter-output>
  </reporter-output>
  <suite name="Default suite" duration-ms="20848" started-at="2018-09-10T09:49:57Z" finished-at="2018-09-10T09:50:18Z">
    <groups>
    </groups>
    <test name="Default test" duration-ms="20848" started-at="2018-09-10T09:49:57Z" finished-at="2018-09-10T09:50:18Z">
      <class name="maintest.SPcasereg">
        <test-method status="PASS" signature="beforeSuit()[pri:0, instance:maintest.SPcasereg@6d64ab]" name="beforeSuit" is-config="true" duration-ms="164" started-at="2018-09-10T15:19:57Z" finished-at="2018-09-10T15:19:57Z">
          <reporter-output>
          </reporter-output>
        </test-method> <!-- beforeSuit -->
        <test-method status="PASS" signature="beforetest()[pri:0, instance:maintest.SPcasereg@6d64ab]" name="beforetest" is-config="true" duration-ms="4315" started-at="2018-09-10T15:19:57Z" finished-at="2018-09-10T15:20:01Z">
          <reporter-output>
          </reporter-output>
        </test-method> <!-- beforetest -->
        <test-method status="PASS" signature="setup(java.lang.reflect.Method)[pri:0, instance:maintest.SPcasereg@6d64ab]" name="setup" is-config="true" duration-ms="19" started-at="2018-09-10T15:20:01Z" finished-at="2018-09-10T15:20:01Z">
          <params>
            <param index="0">
              <value>
                <![CDATA[public void maintest.SPcasereg.Login() throws java.lang.Exception]]>
              </value>
            </param>
          </params>
          <reporter-output>
          </reporter-output>
        </test-method> <!-- setup -->
        <test-method status="PASS" signature="Login()[pri:0, instance:maintest.SPcasereg@6d64ab]" name="Login" duration-ms="10414" started-at="2018-09-10T15:20:01Z" finished-at="2018-09-10T15:20:12Z">
          <reporter-output>
          </reporter-output>
        </test-method> <!-- Login -->
        <test-method status="PASS" signature="TC_SPCR_001()[pri:0, instance:maintest.SPcasereg@6d64ab]" name="TC_SPCR_001" duration-ms="80" started-at="2018-09-10T15:20:12Z" depends-on-methods="maintest.SPcasereg.Login" finished-at="2018-09-10T15:20:12Z">
          <reporter-output>
          </reporter-output>
        </test-method> <!-- TC_SPCR_001 -->
        <test-method status="PASS" signature="tearDown(org.testng.ITestResult, java.lang.reflect.Method)[pri:0, instance:maintest.SPcasereg@6d64ab]" name="tearDown" is-config="true" duration-ms="0" started-at="2018-09-10T15:20:12Z" finished-at="2018-09-10T15:20:12Z">
          <params>
            <param index="0">
              <value>
                <![CDATA[[TestResult name=Login status=SUCCESS method=SPcasereg.Login()[pri:0, instance:maintest.SPcasereg@6d64ab] output={null}]]]>
              </value>
            </param>
            <param index="1">
              <value>
                <![CDATA[public void maintest.SPcasereg.Login() throws java.lang.Exception]]>
              </value>
            </param>
          </params>
          <reporter-output>
          </reporter-output>
        </test-method> <!-- tearDown -->
        <test-method status="PASS" signature="setup(java.lang.reflect.Method)[pri:0, instance:maintest.SPcasereg@6d64ab]" name="setup" is-config="true" duration-ms="0" started-at="2018-09-10T15:20:12Z" finished-at="2018-09-10T15:20:12Z">
          <params>
            <param index="0">
              <value>
                <![CDATA[public void maintest.SPcasereg.TC_SPCR_001()]]>
              </value>
            </param>
          </params>
          <reporter-output>
          </reporter-output>
        </test-method> <!-- setup -->
        <test-method status="PASS" signature="setup(java.lang.reflect.Method)[pri:0, instance:maintest.SPcasereg@6d64ab]" name="setup" is-config="true" duration-ms="0" started-at="2018-09-10T15:20:12Z" finished-at="2018-09-10T15:20:12Z">
          <params>
            <param index="0">
              <value>
                <![CDATA[public void maintest.SPcasereg.TC_SPCR_002()]]>
              </value>
            </param>
          </params>
          <reporter-output>
          </reporter-output>
        </test-method> <!-- setup -->
        <test-method status="PASS" signature="tearDown(org.testng.ITestResult, java.lang.reflect.Method)[pri:0, instance:maintest.SPcasereg@6d64ab]" name="tearDown" is-config="true" duration-ms="0" started-at="2018-09-10T15:20:12Z" finished-at="2018-09-10T15:20:12Z">
          <params>
            <param index="0">
              <value>
                <![CDATA[[TestResult name=TC_SPCR_001 status=SUCCESS method=SPcasereg.TC_SPCR_001()[pri:0, instance:maintest.SPcasereg@6d64ab] output={null}]]]>
              </value>
            </param>
            <param index="1">
              <value>
                <![CDATA[public void maintest.SPcasereg.TC_SPCR_001()]]>
              </value>
            </param>
          </params>
          <reporter-output>
          </reporter-output>
        </test-method> <!-- tearDown -->
        <test-method status="PASS" signature="TC_SPCR_002()[pri:0, instance:maintest.SPcasereg@6d64ab]" name="TC_SPCR_002" duration-ms="3264" started-at="2018-09-10T15:20:12Z" depends-on-methods="maintest.SPcasereg.Login" finished-at="2018-09-10T15:20:15Z">
          <reporter-output>
          </reporter-output>
        </test-method> <!-- TC_SPCR_002 -->
        <test-method status="PASS" signature="TC_SPCR_003()[pri:0, instance:maintest.SPcasereg@6d64ab]" name="TC_SPCR_003" duration-ms="62" started-at="2018-09-10T15:20:15Z" depends-on-methods="maintest.SPcasereg.Login" finished-at="2018-09-10T15:20:15Z">
          <reporter-output>
          </reporter-output>
        </test-method> <!-- TC_SPCR_003 -->
        <test-method status="PASS" signature="tearDown(org.testng.ITestResult, java.lang.reflect.Method)[pri:0, instance:maintest.SPcasereg@6d64ab]" name="tearDown" is-config="true" duration-ms="0" started-at="2018-09-10T15:20:15Z" finished-at="2018-09-10T15:20:15Z">
          <params>
            <param index="0">
              <value>
                <![CDATA[[TestResult name=TC_SPCR_002 status=SUCCESS method=SPcasereg.TC_SPCR_002()[pri:0, instance:maintest.SPcasereg@6d64ab] output={null}]]]>
              </value>
            </param>
            <param index="1">
              <value>
                <![CDATA[public void maintest.SPcasereg.TC_SPCR_002()]]>
              </value>
            </param>
          </params>
          <reporter-output>
          </reporter-output>
        </test-method> <!-- tearDown -->
        <test-method status="PASS" signature="setup(java.lang.reflect.Method)[pri:0, instance:maintest.SPcasereg@6d64ab]" name="setup" is-config="true" duration-ms="0" started-at="2018-09-10T15:20:15Z" finished-at="2018-09-10T15:20:15Z">
          <params>
            <param index="0">
              <value>
                <![CDATA[public void maintest.SPcasereg.TC_SPCR_003()]]>
              </value>
            </param>
          </params>
          <reporter-output>
          </reporter-output>
        </test-method> <!-- setup -->
        <test-method status="PASS" signature="setup(java.lang.reflect.Method)[pri:0, instance:maintest.SPcasereg@6d64ab]" name="setup" is-config="true" duration-ms="0" started-at="2018-09-10T15:20:15Z" finished-at="2018-09-10T15:20:15Z">
          <params>
            <param index="0">
              <value>
                <![CDATA[public void maintest.SPcasereg.TC_SPCR_004()]]>
              </value>
            </param>
          </params>
          <reporter-output>
          </reporter-output>
        </test-method> <!-- setup -->
        <test-method status="PASS" signature="TC_SPCR_004()[pri:0, instance:maintest.SPcasereg@6d64ab]" name="TC_SPCR_004" duration-ms="62" started-at="2018-09-10T15:20:15Z" depends-on-methods="maintest.SPcasereg.Login" finished-at="2018-09-10T15:20:15Z">
          <reporter-output>
          </reporter-output>
        </test-method> <!-- TC_SPCR_004 -->
        <test-method status="PASS" signature="tearDown(org.testng.ITestResult, java.lang.reflect.Method)[pri:0, instance:maintest.SPcasereg@6d64ab]" name="tearDown" is-config="true" duration-ms="0" started-at="2018-09-10T15:20:15Z" finished-at="2018-09-10T15:20:15Z">
          <params>
            <param index="0">
              <value>
                <![CDATA[[TestResult name=TC_SPCR_003 status=SUCCESS method=SPcasereg.TC_SPCR_003()[pri:0, instance:maintest.SPcasereg@6d64ab] output={null}]]]>
              </value>
            </param>
            <param index="1">
              <value>
                <![CDATA[public void maintest.SPcasereg.TC_SPCR_003()]]>
              </value>
            </param>
          </params>
          <reporter-output>
          </reporter-output>
        </test-method> <!-- tearDown -->
        <test-method status="PASS" signature="TC_SPCR_005()[pri:0, instance:maintest.SPcasereg@6d64ab]" name="TC_SPCR_005" duration-ms="63" started-at="2018-09-10T15:20:15Z" depends-on-methods="maintest.SPcasereg.Login" finished-at="2018-09-10T15:20:15Z">
          <reporter-output>
          </reporter-output>
        </test-method> <!-- TC_SPCR_005 -->
        <test-method status="PASS" signature="tearDown(org.testng.ITestResult, java.lang.reflect.Method)[pri:0, instance:maintest.SPcasereg@6d64ab]" name="tearDown" is-config="true" duration-ms="0" started-at="2018-09-10T15:20:15Z" finished-at="2018-09-10T15:20:15Z">
          <params>
            <param index="0">
              <value>
                <![CDATA[[TestResult name=TC_SPCR_004 status=SUCCESS method=SPcasereg.TC_SPCR_004()[pri:0, instance:maintest.SPcasereg@6d64ab] output={null}]]]>
              </value>
            </param>
            <param index="1">
              <value>
                <![CDATA[public void maintest.SPcasereg.TC_SPCR_004()]]>
              </value>
            </param>
          </params>
          <reporter-output>
          </reporter-output>
        </test-method> <!-- tearDown -->
        <test-method status="PASS" signature="setup(java.lang.reflect.Method)[pri:0, instance:maintest.SPcasereg@6d64ab]" name="setup" is-config="true" duration-ms="0" started-at="2018-09-10T15:20:15Z" finished-at="2018-09-10T15:20:15Z">
          <params>
            <param index="0">
              <value>
                <![CDATA[public void maintest.SPcasereg.TC_SPCR_005()]]>
              </value>
            </param>
          </params>
          <reporter-output>
          </reporter-output>
        </test-method> <!-- setup -->
        <test-method status="PASS" signature="tearDown(org.testng.ITestResult, java.lang.reflect.Method)[pri:0, instance:maintest.SPcasereg@6d64ab]" name="tearDown" is-config="true" duration-ms="0" started-at="2018-09-10T15:20:15Z" finished-at="2018-09-10T15:20:15Z">
          <params>
            <param index="0">
              <value>
                <![CDATA[[TestResult name=TC_SPCR_005 status=SUCCESS method=SPcasereg.TC_SPCR_005()[pri:0, instance:maintest.SPcasereg@6d64ab] output={null}]]]>
              </value>
            </param>
            <param index="1">
              <value>
                <![CDATA[public void maintest.SPcasereg.TC_SPCR_005()]]>
              </value>
            </param>
          </params>
          <reporter-output>
          </reporter-output>
        </test-method> <!-- tearDown -->
        <test-method status="PASS" signature="setup(java.lang.reflect.Method)[pri:0, instance:maintest.SPcasereg@6d64ab]" name="setup" is-config="true" duration-ms="0" started-at="2018-09-10T15:20:15Z" finished-at="2018-09-10T15:20:15Z">
          <params>
            <param index="0">
              <value>
                <![CDATA[public void maintest.SPcasereg.TC_SPCR_006()]]>
              </value>
            </param>
          </params>
          <reporter-output>
          </reporter-output>
        </test-method> <!-- setup -->
        <test-method status="PASS" signature="TC_SPCR_006()[pri:0, instance:maintest.SPcasereg@6d64ab]" name="TC_SPCR_006" duration-ms="47" started-at="2018-09-10T15:20:15Z" depends-on-methods="maintest.SPcasereg.Login" finished-at="2018-09-10T15:20:15Z">
          <reporter-output>
          </reporter-output>
        </test-method> <!-- TC_SPCR_006 -->
        <test-method status="PASS" signature="tearDown(org.testng.ITestResult, java.lang.reflect.Method)[pri:0, instance:maintest.SPcasereg@6d64ab]" name="tearDown" is-config="true" duration-ms="0" started-at="2018-09-10T15:20:15Z" finished-at="2018-09-10T15:20:15Z">
          <params>
            <param index="0">
              <value>
                <![CDATA[[TestResult name=TC_SPCR_006 status=SUCCESS method=SPcasereg.TC_SPCR_006()[pri:0, instance:maintest.SPcasereg@6d64ab] output={null}]]]>
              </value>
            </param>
            <param index="1">
              <value>
                <![CDATA[public void maintest.SPcasereg.TC_SPCR_006()]]>
              </value>
            </param>
          </params>
          <reporter-output>
          </reporter-output>
        </test-method> <!-- tearDown -->
        <test-method status="PASS" signature="setup(java.lang.reflect.Method)[pri:0, instance:maintest.SPcasereg@6d64ab]" name="setup" is-config="true" duration-ms="15" started-at="2018-09-10T15:20:15Z" finished-at="2018-09-10T15:20:16Z">
          <params>
            <param index="0">
              <value>
                <![CDATA[public void maintest.SPcasereg.TC_SPCR_007()]]>
              </value>
            </param>
          </params>
          <reporter-output>
          </reporter-output>
        </test-method> <!-- setup -->
        <test-method status="PASS" signature="TC_SPCR_007()[pri:0, instance:maintest.SPcasereg@6d64ab]" name="TC_SPCR_007" duration-ms="31" started-at="2018-09-10T15:20:16Z" depends-on-methods="maintest.SPcasereg.Login" finished-at="2018-09-10T15:20:16Z">
          <reporter-output>
          </reporter-output>
        </test-method> <!-- TC_SPCR_007 -->
        <test-method status="PASS" signature="setup(java.lang.reflect.Method)[pri:0, instance:maintest.SPcasereg@6d64ab]" name="setup" is-config="true" duration-ms="0" started-at="2018-09-10T15:20:16Z" finished-at="2018-09-10T15:20:16Z">
          <params>
            <param index="0">
              <value>
                <![CDATA[public void maintest.SPcasereg.TC_SPCR_008()]]>
              </value>
            </param>
          </params>
          <reporter-output>
          </reporter-output>
        </test-method> <!-- setup -->
        <test-method status="PASS" signature="tearDown(org.testng.ITestResult, java.lang.reflect.Method)[pri:0, instance:maintest.SPcasereg@6d64ab]" name="tearDown" is-config="true" duration-ms="0" started-at="2018-09-10T15:20:16Z" finished-at="2018-09-10T15:20:16Z">
          <params>
            <param index="0">
              <value>
                <![CDATA[[TestResult name=TC_SPCR_007 status=SUCCESS method=SPcasereg.TC_SPCR_007()[pri:0, instance:maintest.SPcasereg@6d64ab] output={null}]]]>
              </value>
            </param>
            <param index="1">
              <value>
                <![CDATA[public void maintest.SPcasereg.TC_SPCR_007()]]>
              </value>
            </param>
          </params>
          <reporter-output>
          </reporter-output>
        </test-method> <!-- tearDown -->
        <test-method status="PASS" signature="TC_SPCR_008()[pri:0, instance:maintest.SPcasereg@6d64ab]" name="TC_SPCR_008" duration-ms="47" started-at="2018-09-10T15:20:16Z" depends-on-methods="maintest.SPcasereg.Login" finished-at="2018-09-10T15:20:16Z">
          <reporter-output>
          </reporter-output>
        </test-method> <!-- TC_SPCR_008 -->
        <test-method status="PASS" signature="TC_SPCR_009()[pri:0, instance:maintest.SPcasereg@6d64ab]" name="TC_SPCR_009" duration-ms="31" started-at="2018-09-10T15:20:16Z" depends-on-methods="maintest.SPcasereg.Login" finished-at="2018-09-10T15:20:16Z">
          <reporter-output>
          </reporter-output>
        </test-method> <!-- TC_SPCR_009 -->
        <test-method status="PASS" signature="setup(java.lang.reflect.Method)[pri:0, instance:maintest.SPcasereg@6d64ab]" name="setup" is-config="true" duration-ms="0" started-at="2018-09-10T15:20:16Z" finished-at="2018-09-10T15:20:16Z">
          <params>
            <param index="0">
              <value>
                <![CDATA[public void maintest.SPcasereg.TC_SPCR_009()]]>
              </value>
            </param>
          </params>
          <reporter-output>
          </reporter-output>
        </test-method> <!-- setup -->
        <test-method status="PASS" signature="tearDown(org.testng.ITestResult, java.lang.reflect.Method)[pri:0, instance:maintest.SPcasereg@6d64ab]" name="tearDown" is-config="true" duration-ms="0" started-at="2018-09-10T15:20:16Z" finished-at="2018-09-10T15:20:16Z">
          <params>
            <param index="0">
              <value>
                <![CDATA[[TestResult name=TC_SPCR_008 status=SUCCESS method=SPcasereg.TC_SPCR_008()[pri:0, instance:maintest.SPcasereg@6d64ab] output={null}]]]>
              </value>
            </param>
            <param index="1">
              <value>
                <![CDATA[public void maintest.SPcasereg.TC_SPCR_008()]]>
              </value>
            </param>
          </params>
          <reporter-output>
          </reporter-output>
        </test-method> <!-- tearDown -->
        <test-method status="PASS" signature="teardown()[pri:0, instance:maintest.SPcasereg@6d64ab]" name="teardown" is-config="true" duration-ms="2372" started-at="2018-09-10T15:20:16Z" finished-at="2018-09-10T15:20:18Z">
          <reporter-output>
          </reporter-output>
        </test-method> <!-- teardown -->
        <test-method status="PASS" signature="tearDown(org.testng.ITestResult, java.lang.reflect.Method)[pri:0, instance:maintest.SPcasereg@6d64ab]" name="tearDown" is-config="true" duration-ms="0" started-at="2018-09-10T15:20:16Z" finished-at="2018-09-10T15:20:16Z">
          <params>
            <param index="0">
              <value>
                <![CDATA[[TestResult name=TC_SPCR_009 status=SUCCESS method=SPcasereg.TC_SPCR_009()[pri:0, instance:maintest.SPcasereg@6d64ab] output={null}]]]>
              </value>
            </param>
            <param index="1">
              <value>
                <![CDATA[public void maintest.SPcasereg.TC_SPCR_009()]]>
              </value>
            </param>
          </params>
          <reporter-output>
          </reporter-output>
        </test-method> <!-- tearDown -->
        <test-method status="PASS" signature="afterSuite()[pri:0, instance:maintest.SPcasereg@6d64ab]" name="afterSuite" is-config="true" duration-ms="377" started-at="2018-09-10T15:20:18Z" finished-at="2018-09-10T15:20:18Z">
          <reporter-output>
          </reporter-output>
        </test-method> <!-- afterSuite -->
      </class> <!-- maintest.SPcasereg -->
    </test> <!-- Default test -->
  </suite> <!-- Default suite -->
</testng-results>
