<?xml version="1.0" encoding="UTF-8"?>
<testng-results skipped="0" failed="1" total="28" passed="27">
  <reporter-output>
    <line>
      <![CDATA[About to begin executing Test Default test]]>
    </line>
    <line>
      <![CDATA[Test Method resides in maintest.SPcasereg]]>
    </line>
    <line>
      <![CDATA[Test Status: Pass]]>
    </line>
    <line>
      <![CDATA[Test Method resides in maintest.SPcasereg]]>
    </line>
    <line>
      <![CDATA[Test Status: Pass]]>
    </line>
    <line>
      <![CDATA[Test Method resides in maintest.SPcasereg]]>
    </line>
    <line>
      <![CDATA[Test Status: Pass]]>
    </line>
    <line>
      <![CDATA[Test Method resides in maintest.SPcasereg]]>
    </line>
    <line>
      <![CDATA[Test Status: Pass]]>
    </line>
    <line>
      <![CDATA[Test Method resides in maintest.SPcasereg]]>
    </line>
    <line>
      <![CDATA[Test Status: Pass]]>
    </line>
    <line>
      <![CDATA[Test Method resides in maintest.SPcasereg]]>
    </line>
    <line>
      <![CDATA[Test Status: Pass]]>
    </line>
    <line>
      <![CDATA[Test Method resides in maintest.SPcasereg]]>
    </line>
    <line>
      <![CDATA[Test Status: Pass]]>
    </line>
    <line>
      <![CDATA[Test Method resides in maintest.SPcasereg]]>
    </line>
    <line>
      <![CDATA[Test Status: Pass]]>
    </line>
    <line>
      <![CDATA[Test Method resides in maintest.SPcasereg]]>
    </line>
    <line>
      <![CDATA[Test Status: Pass]]>
    </line>
    <line>
      <![CDATA[Test Method resides in maintest.SPcasereg]]>
    </line>
    <line>
      <![CDATA[Test Status: Pass]]>
    </line>
    <line>
      <![CDATA[Test Method resides in maintest.SPcasereg]]>
    </line>
    <line>
      <![CDATA[Test Status: Pass]]>
    </line>
    <line>
      <![CDATA[Test Method resides in maintest.SPcasereg]]>
    </line>
    <line>
      <![CDATA[Test Status: Pass]]>
    </line>
    <line>
      <![CDATA[Test Method resides in maintest.SPcasereg]]>
    </line>
    <line>
      <![CDATA[Test Status: Pass]]>
    </line>
    <line>
      <![CDATA[Test Method resides in maintest.SPcasereg]]>
    </line>
    <line>
      <![CDATA[Test Status: Pass]]>
    </line>
    <line>
      <![CDATA[Test Method resides in maintest.SPcasereg]]>
    </line>
    <line>
      <![CDATA[Test Status: Pass]]>
    </line>
    <line>
      <![CDATA[Test Method resides in maintest.SPcasereg]]>
    </line>
    <line>
      <![CDATA[Test Status: Pass]]>
    </line>
    <line>
      <![CDATA[Test Method resides in maintest.SPcasereg]]>
    </line>
    <line>
      <![CDATA[Test Status: Failed]]>
    </line>
    <line>
      <![CDATA[Test Method resides in maintest.SPcasereg]]>
    </line>
    <line>
      <![CDATA[Test Status: Pass]]>
    </line>
    <line>
      <![CDATA[Test Method resides in maintest.SPcasereg]]>
    </line>
    <line>
      <![CDATA[Test Status: Pass]]>
    </line>
    <line>
      <![CDATA[Test Method resides in maintest.SPcasereg]]>
    </line>
    <line>
      <![CDATA[Test Status: Pass]]>
    </line>
    <line>
      <![CDATA[Test Method resides in maintest.SPcasereg]]>
    </line>
    <line>
      <![CDATA[Test Status: Pass]]>
    </line>
    <line>
      <![CDATA[Test Method resides in maintest.SPcasereg]]>
    </line>
    <line>
      <![CDATA[Test Status: Pass]]>
    </line>
    <line>
      <![CDATA[Test Method resides in maintest.SPcasereg]]>
    </line>
    <line>
      <![CDATA[Test Status: Pass]]>
    </line>
    <line>
      <![CDATA[Test Method resides in maintest.SPcasereg]]>
    </line>
    <line>
      <![CDATA[Test Status: Pass]]>
    </line>
    <line>
      <![CDATA[Test Method resides in maintest.SPcasereg]]>
    </line>
    <line>
      <![CDATA[Test Status: Pass]]>
    </line>
    <line>
      <![CDATA[Test Method resides in maintest.SPcasereg]]>
    </line>
    <line>
      <![CDATA[Test Status: Pass]]>
    </line>
    <line>
      <![CDATA[Test Method resides in maintest.SPcasereg]]>
    </line>
    <line>
      <![CDATA[Test Status: Pass]]>
    </line>
    <line>
      <![CDATA[Test Method resides in maintest.SPcasereg]]>
    </line>
    <line>
      <![CDATA[Test Status: Pass]]>
    </line>
    <line>
      <![CDATA[Completed executing test Default test]]>
    </line>
  </reporter-output>
  <suite name="Default suite" duration-ms="1129961" started-at="2018-09-18T11:39:09Z" finished-at="2018-09-18T11:57:59Z">
    <groups>
      <group name="smoketest">
        <method signature="SPcasereg.Login()[pri:0, instance:maintest.SPcasereg@d41cee]" name="Login" class="maintest.SPcasereg"/>
        <method signature="SPcasereg.TC_SPCR_001()[pri:0, instance:maintest.SPcasereg@d41cee]" name="TC_SPCR_001" class="maintest.SPcasereg"/>
        <method signature="SPcasereg.TC_SPCR_010()[pri:0, instance:maintest.SPcasereg@d41cee]" name="TC_SPCR_010" class="maintest.SPcasereg"/>
      </group> <!-- smoketest -->
    </groups>
    <test name="Default test" duration-ms="1129961" started-at="2018-09-18T11:39:09Z" finished-at="2018-09-18T11:57:59Z">
      <class name="maintest.SPcasereg">
        <test-method status="PASS" signature="beforeSuit()[pri:0, instance:maintest.SPcasereg@d41cee]" name="beforeSuit" is-config="true" duration-ms="173" started-at="2018-09-18T17:09:09Z" finished-at="2018-09-18T17:09:09Z">
          <reporter-output>
          </reporter-output>
        </test-method> <!-- beforeSuit -->
        <test-method status="PASS" signature="beforetest()[pri:0, instance:maintest.SPcasereg@d41cee]" name="beforetest" is-config="true" duration-ms="4937" started-at="2018-09-18T17:09:09Z" finished-at="2018-09-18T17:09:14Z">
          <reporter-output>
          </reporter-output>
        </test-method> <!-- beforetest -->
        <test-method status="PASS" signature="setup(java.lang.reflect.Method)[pri:0, instance:maintest.SPcasereg@d41cee]" name="setup" is-config="true" duration-ms="10" started-at="2018-09-18T17:09:14Z" finished-at="2018-09-18T17:09:14Z">
          <params>
            <param index="0">
              <value>
                <![CDATA[public void maintest.SPcasereg.Login() throws java.lang.Exception]]>
              </value>
            </param>
          </params>
          <reporter-output>
          </reporter-output>
        </test-method> <!-- setup -->
        <test-method status="PASS" signature="Login()[pri:0, instance:maintest.SPcasereg@d41cee]" name="Login" duration-ms="7178" started-at="2018-09-18T17:09:14Z" finished-at="2018-09-18T17:09:21Z">
          <reporter-output>
            <line>
              <![CDATA[Test Method resides in maintest.SPcasereg]]>
            </line>
            <line>
              <![CDATA[Test Status: Pass]]>
            </line>
          </reporter-output>
        </test-method> <!-- Login -->
        <test-method status="PASS" signature="TC_SPCR_025()[pri:0, instance:maintest.SPcasereg@d41cee]" name="TC_SPCR_025" duration-ms="27645" started-at="2018-09-18T17:09:21Z" finished-at="2018-09-18T17:09:49Z">
          <reporter-output>
            <line>
              <![CDATA[Test Method resides in maintest.SPcasereg]]>
            </line>
            <line>
              <![CDATA[Test Status: Pass]]>
            </line>
          </reporter-output>
        </test-method> <!-- TC_SPCR_025 -->
        <test-method status="PASS" signature="tearDown(org.testng.ITestResult, java.lang.reflect.Method)[pri:0, instance:maintest.SPcasereg@d41cee]" name="tearDown" is-config="true" duration-ms="0" started-at="2018-09-18T17:09:21Z" finished-at="2018-09-18T17:09:21Z">
          <params>
            <param index="0">
              <value>
                <![CDATA[[TestResult name=Login status=SUCCESS method=SPcasereg.Login()[pri:0, instance:maintest.SPcasereg@d41cee] output=Test Method resides in maintest.SPcasereg]]]>
              </value>
            </param>
            <param index="1">
              <value>
                <![CDATA[public void maintest.SPcasereg.Login() throws java.lang.Exception]]>
              </value>
            </param>
          </params>
          <reporter-output>
          </reporter-output>
        </test-method> <!-- tearDown -->
        <test-method status="PASS" signature="setup(java.lang.reflect.Method)[pri:0, instance:maintest.SPcasereg@d41cee]" name="setup" is-config="true" duration-ms="0" started-at="2018-09-18T17:09:21Z" finished-at="2018-09-18T17:09:21Z">
          <params>
            <param index="0">
              <value>
                <![CDATA[public void maintest.SPcasereg.TC_SPCR_025() throws java.lang.Exception]]>
              </value>
            </param>
          </params>
          <reporter-output>
          </reporter-output>
        </test-method> <!-- setup -->
        <test-method status="PASS" signature="tearDown(org.testng.ITestResult, java.lang.reflect.Method)[pri:0, instance:maintest.SPcasereg@d41cee]" name="tearDown" is-config="true" duration-ms="0" started-at="2018-09-18T17:09:49Z" finished-at="2018-09-18T17:09:49Z">
          <params>
            <param index="0">
              <value>
                <![CDATA[[TestResult name=TC_SPCR_025 status=SUCCESS method=SPcasereg.TC_SPCR_025()[pri:0, instance:maintest.SPcasereg@d41cee] output=Test Method resides in maintest.SPcasereg]]]>
              </value>
            </param>
            <param index="1">
              <value>
                <![CDATA[public void maintest.SPcasereg.TC_SPCR_025() throws java.lang.Exception]]>
              </value>
            </param>
          </params>
          <reporter-output>
          </reporter-output>
        </test-method> <!-- tearDown -->
        <test-method status="PASS" signature="setup(java.lang.reflect.Method)[pri:0, instance:maintest.SPcasereg@d41cee]" name="setup" is-config="true" duration-ms="0" started-at="2018-09-18T17:09:49Z" finished-at="2018-09-18T17:09:49Z">
          <params>
            <param index="0">
              <value>
                <![CDATA[public void maintest.SPcasereg.TC_SPCR_026() throws java.lang.Exception]]>
              </value>
            </param>
          </params>
          <reporter-output>
          </reporter-output>
        </test-method> <!-- setup -->
        <test-method status="PASS" signature="TC_SPCR_026()[pri:0, instance:maintest.SPcasereg@d41cee]" name="TC_SPCR_026" duration-ms="29703" started-at="2018-09-18T17:09:49Z" finished-at="2018-09-18T17:10:18Z">
          <reporter-output>
            <line>
              <![CDATA[Test Method resides in maintest.SPcasereg]]>
            </line>
            <line>
              <![CDATA[Test Status: Pass]]>
            </line>
          </reporter-output>
        </test-method> <!-- TC_SPCR_026 -->
        <test-method status="PASS" signature="tearDown(org.testng.ITestResult, java.lang.reflect.Method)[pri:0, instance:maintest.SPcasereg@d41cee]" name="tearDown" is-config="true" duration-ms="0" started-at="2018-09-18T17:10:18Z" finished-at="2018-09-18T17:10:18Z">
          <params>
            <param index="0">
              <value>
                <![CDATA[[TestResult name=TC_SPCR_026 status=SUCCESS method=SPcasereg.TC_SPCR_026()[pri:0, instance:maintest.SPcasereg@d41cee] output=Test Method resides in maintest.SPcasereg]]]>
              </value>
            </param>
            <param index="1">
              <value>
                <![CDATA[public void maintest.SPcasereg.TC_SPCR_026() throws java.lang.Exception]]>
              </value>
            </param>
          </params>
          <reporter-output>
          </reporter-output>
        </test-method> <!-- tearDown -->
        <test-method status="PASS" signature="TC_SPCR_027()[pri:0, instance:maintest.SPcasereg@d41cee]" name="TC_SPCR_027" duration-ms="25730" started-at="2018-09-18T17:10:18Z" finished-at="2018-09-18T17:10:44Z">
          <reporter-output>
            <line>
              <![CDATA[Test Method resides in maintest.SPcasereg]]>
            </line>
            <line>
              <![CDATA[Test Status: Pass]]>
            </line>
          </reporter-output>
        </test-method> <!-- TC_SPCR_027 -->
        <test-method status="PASS" signature="setup(java.lang.reflect.Method)[pri:0, instance:maintest.SPcasereg@d41cee]" name="setup" is-config="true" duration-ms="0" started-at="2018-09-18T17:10:18Z" finished-at="2018-09-18T17:10:18Z">
          <params>
            <param index="0">
              <value>
                <![CDATA[public void maintest.SPcasereg.TC_SPCR_027() throws java.lang.Exception]]>
              </value>
            </param>
          </params>
          <reporter-output>
          </reporter-output>
        </test-method> <!-- setup -->
        <test-method status="PASS" signature="TC_SPCR_001()[pri:0, instance:maintest.SPcasereg@d41cee]" name="TC_SPCR_001" duration-ms="3619" started-at="2018-09-18T17:10:44Z" depends-on-methods="maintest.SPcasereg.Login" finished-at="2018-09-18T17:10:48Z">
          <reporter-output>
            <line>
              <![CDATA[Test Method resides in maintest.SPcasereg]]>
            </line>
            <line>
              <![CDATA[Test Status: Pass]]>
            </line>
          </reporter-output>
        </test-method> <!-- TC_SPCR_001 -->
        <test-method status="PASS" signature="setup(java.lang.reflect.Method)[pri:0, instance:maintest.SPcasereg@d41cee]" name="setup" is-config="true" duration-ms="0" started-at="2018-09-18T17:10:44Z" finished-at="2018-09-18T17:10:44Z">
          <params>
            <param index="0">
              <value>
                <![CDATA[public void maintest.SPcasereg.TC_SPCR_001()]]>
              </value>
            </param>
          </params>
          <reporter-output>
          </reporter-output>
        </test-method> <!-- setup -->
        <test-method status="PASS" signature="tearDown(org.testng.ITestResult, java.lang.reflect.Method)[pri:0, instance:maintest.SPcasereg@d41cee]" name="tearDown" is-config="true" duration-ms="0" started-at="2018-09-18T17:10:44Z" finished-at="2018-09-18T17:10:44Z">
          <params>
            <param index="0">
              <value>
                <![CDATA[[TestResult name=TC_SPCR_027 status=SUCCESS method=SPcasereg.TC_SPCR_027()[pri:0, instance:maintest.SPcasereg@d41cee] output=Test Method resides in maintest.SPcasereg]]]>
              </value>
            </param>
            <param index="1">
              <value>
                <![CDATA[public void maintest.SPcasereg.TC_SPCR_027() throws java.lang.Exception]]>
              </value>
            </param>
          </params>
          <reporter-output>
          </reporter-output>
        </test-method> <!-- tearDown -->
        <test-method status="PASS" signature="setup(java.lang.reflect.Method)[pri:0, instance:maintest.SPcasereg@d41cee]" name="setup" is-config="true" duration-ms="0" started-at="2018-09-18T17:10:48Z" finished-at="2018-09-18T17:10:48Z">
          <params>
            <param index="0">
              <value>
                <![CDATA[public void maintest.SPcasereg.TC_SPCR_002()]]>
              </value>
            </param>
          </params>
          <reporter-output>
          </reporter-output>
        </test-method> <!-- setup -->
        <test-method status="PASS" signature="tearDown(org.testng.ITestResult, java.lang.reflect.Method)[pri:0, instance:maintest.SPcasereg@d41cee]" name="tearDown" is-config="true" duration-ms="0" started-at="2018-09-18T17:10:48Z" finished-at="2018-09-18T17:10:48Z">
          <params>
            <param index="0">
              <value>
                <![CDATA[[TestResult name=TC_SPCR_001 status=SUCCESS method=SPcasereg.TC_SPCR_001()[pri:0, instance:maintest.SPcasereg@d41cee] output=Test Method resides in maintest.SPcasereg]]]>
              </value>
            </param>
            <param index="1">
              <value>
                <![CDATA[public void maintest.SPcasereg.TC_SPCR_001()]]>
              </value>
            </param>
          </params>
          <reporter-output>
          </reporter-output>
        </test-method> <!-- tearDown -->
        <test-method status="PASS" signature="TC_SPCR_002()[pri:0, instance:maintest.SPcasereg@d41cee]" name="TC_SPCR_002" duration-ms="3240" started-at="2018-09-18T17:10:48Z" depends-on-methods="maintest.SPcasereg.Login" finished-at="2018-09-18T17:10:51Z">
          <reporter-output>
            <line>
              <![CDATA[Test Method resides in maintest.SPcasereg]]>
            </line>
            <line>
              <![CDATA[Test Status: Pass]]>
            </line>
          </reporter-output>
        </test-method> <!-- TC_SPCR_002 -->
        <test-method status="PASS" signature="setup(java.lang.reflect.Method)[pri:0, instance:maintest.SPcasereg@d41cee]" name="setup" is-config="true" duration-ms="0" started-at="2018-09-18T17:10:51Z" finished-at="2018-09-18T17:10:51Z">
          <params>
            <param index="0">
              <value>
                <![CDATA[public void maintest.SPcasereg.TC_SPCR_003()]]>
              </value>
            </param>
          </params>
          <reporter-output>
          </reporter-output>
        </test-method> <!-- setup -->
        <test-method status="PASS" signature="TC_SPCR_003()[pri:0, instance:maintest.SPcasereg@d41cee]" name="TC_SPCR_003" duration-ms="64" started-at="2018-09-18T17:10:51Z" depends-on-methods="maintest.SPcasereg.Login" finished-at="2018-09-18T17:10:51Z">
          <reporter-output>
            <line>
              <![CDATA[Test Method resides in maintest.SPcasereg]]>
            </line>
            <line>
              <![CDATA[Test Status: Pass]]>
            </line>
          </reporter-output>
        </test-method> <!-- TC_SPCR_003 -->
        <test-method status="PASS" signature="tearDown(org.testng.ITestResult, java.lang.reflect.Method)[pri:0, instance:maintest.SPcasereg@d41cee]" name="tearDown" is-config="true" duration-ms="0" started-at="2018-09-18T17:10:51Z" finished-at="2018-09-18T17:10:51Z">
          <params>
            <param index="0">
              <value>
                <![CDATA[[TestResult name=TC_SPCR_002 status=SUCCESS method=SPcasereg.TC_SPCR_002()[pri:0, instance:maintest.SPcasereg@d41cee] output=Test Method resides in maintest.SPcasereg]]]>
              </value>
            </param>
            <param index="1">
              <value>
                <![CDATA[public void maintest.SPcasereg.TC_SPCR_002()]]>
              </value>
            </param>
          </params>
          <reporter-output>
          </reporter-output>
        </test-method> <!-- tearDown -->
        <test-method status="PASS" signature="setup(java.lang.reflect.Method)[pri:0, instance:maintest.SPcasereg@d41cee]" name="setup" is-config="true" duration-ms="0" started-at="2018-09-18T17:10:51Z" finished-at="2018-09-18T17:10:51Z">
          <params>
            <param index="0">
              <value>
                <![CDATA[public void maintest.SPcasereg.TC_SPCR_004()]]>
              </value>
            </param>
          </params>
          <reporter-output>
          </reporter-output>
        </test-method> <!-- setup -->
        <test-method status="PASS" signature="tearDown(org.testng.ITestResult, java.lang.reflect.Method)[pri:0, instance:maintest.SPcasereg@d41cee]" name="tearDown" is-config="true" duration-ms="0" started-at="2018-09-18T17:10:51Z" finished-at="2018-09-18T17:10:51Z">
          <params>
            <param index="0">
              <value>
                <![CDATA[[TestResult name=TC_SPCR_003 status=SUCCESS method=SPcasereg.TC_SPCR_003()[pri:0, instance:maintest.SPcasereg@d41cee] output=Test Method resides in maintest.SPcasereg]]]>
              </value>
            </param>
            <param index="1">
              <value>
                <![CDATA[public void maintest.SPcasereg.TC_SPCR_003()]]>
              </value>
            </param>
          </params>
          <reporter-output>
          </reporter-output>
        </test-method> <!-- tearDown -->
        <test-method status="PASS" signature="TC_SPCR_004()[pri:0, instance:maintest.SPcasereg@d41cee]" name="TC_SPCR_004" duration-ms="46" started-at="2018-09-18T17:10:51Z" depends-on-methods="maintest.SPcasereg.Login" finished-at="2018-09-18T17:10:51Z">
          <reporter-output>
            <line>
              <![CDATA[Test Method resides in maintest.SPcasereg]]>
            </line>
            <line>
              <![CDATA[Test Status: Pass]]>
            </line>
          </reporter-output>
        </test-method> <!-- TC_SPCR_004 -->
        <test-method status="PASS" signature="setup(java.lang.reflect.Method)[pri:0, instance:maintest.SPcasereg@d41cee]" name="setup" is-config="true" duration-ms="0" started-at="2018-09-18T17:10:51Z" finished-at="2018-09-18T17:10:51Z">
          <params>
            <param index="0">
              <value>
                <![CDATA[public void maintest.SPcasereg.TC_SPCR_005()]]>
              </value>
            </param>
          </params>
          <reporter-output>
          </reporter-output>
        </test-method> <!-- setup -->
        <test-method status="PASS" signature="tearDown(org.testng.ITestResult, java.lang.reflect.Method)[pri:0, instance:maintest.SPcasereg@d41cee]" name="tearDown" is-config="true" duration-ms="0" started-at="2018-09-18T17:10:51Z" finished-at="2018-09-18T17:10:51Z">
          <params>
            <param index="0">
              <value>
                <![CDATA[[TestResult name=TC_SPCR_004 status=SUCCESS method=SPcasereg.TC_SPCR_004()[pri:0, instance:maintest.SPcasereg@d41cee] output=Test Method resides in maintest.SPcasereg]]]>
              </value>
            </param>
            <param index="1">
              <value>
                <![CDATA[public void maintest.SPcasereg.TC_SPCR_004()]]>
              </value>
            </param>
          </params>
          <reporter-output>
          </reporter-output>
        </test-method> <!-- tearDown -->
        <test-method status="PASS" signature="TC_SPCR_005()[pri:0, instance:maintest.SPcasereg@d41cee]" name="TC_SPCR_005" duration-ms="33" started-at="2018-09-18T17:10:51Z" depends-on-methods="maintest.SPcasereg.Login" finished-at="2018-09-18T17:10:51Z">
          <reporter-output>
            <line>
              <![CDATA[Test Method resides in maintest.SPcasereg]]>
            </line>
            <line>
              <![CDATA[Test Status: Pass]]>
            </line>
          </reporter-output>
        </test-method> <!-- TC_SPCR_005 -->
        <test-method status="PASS" signature="TC_SPCR_006()[pri:0, instance:maintest.SPcasereg@d41cee]" name="TC_SPCR_006" duration-ms="46" started-at="2018-09-18T17:10:51Z" depends-on-methods="maintest.SPcasereg.Login" finished-at="2018-09-18T17:10:51Z">
          <reporter-output>
            <line>
              <![CDATA[Test Method resides in maintest.SPcasereg]]>
            </line>
            <line>
              <![CDATA[Test Status: Pass]]>
            </line>
          </reporter-output>
        </test-method> <!-- TC_SPCR_006 -->
        <test-method status="PASS" signature="tearDown(org.testng.ITestResult, java.lang.reflect.Method)[pri:0, instance:maintest.SPcasereg@d41cee]" name="tearDown" is-config="true" duration-ms="0" started-at="2018-09-18T17:10:51Z" finished-at="2018-09-18T17:10:51Z">
          <params>
            <param index="0">
              <value>
                <![CDATA[[TestResult name=TC_SPCR_005 status=SUCCESS method=SPcasereg.TC_SPCR_005()[pri:0, instance:maintest.SPcasereg@d41cee] output=Test Method resides in maintest.SPcasereg]]]>
              </value>
            </param>
            <param index="1">
              <value>
                <![CDATA[public void maintest.SPcasereg.TC_SPCR_005()]]>
              </value>
            </param>
          </params>
          <reporter-output>
          </reporter-output>
        </test-method> <!-- tearDown -->
        <test-method status="PASS" signature="setup(java.lang.reflect.Method)[pri:0, instance:maintest.SPcasereg@d41cee]" name="setup" is-config="true" duration-ms="0" started-at="2018-09-18T17:10:51Z" finished-at="2018-09-18T17:10:51Z">
          <params>
            <param index="0">
              <value>
                <![CDATA[public void maintest.SPcasereg.TC_SPCR_006()]]>
              </value>
            </param>
          </params>
          <reporter-output>
          </reporter-output>
        </test-method> <!-- setup -->
        <test-method status="PASS" signature="tearDown(org.testng.ITestResult, java.lang.reflect.Method)[pri:0, instance:maintest.SPcasereg@d41cee]" name="tearDown" is-config="true" duration-ms="0" started-at="2018-09-18T17:10:51Z" finished-at="2018-09-18T17:10:51Z">
          <params>
            <param index="0">
              <value>
                <![CDATA[[TestResult name=TC_SPCR_006 status=SUCCESS method=SPcasereg.TC_SPCR_006()[pri:0, instance:maintest.SPcasereg@d41cee] output=Test Method resides in maintest.SPcasereg]]]>
              </value>
            </param>
            <param index="1">
              <value>
                <![CDATA[public void maintest.SPcasereg.TC_SPCR_006()]]>
              </value>
            </param>
          </params>
          <reporter-output>
          </reporter-output>
        </test-method> <!-- tearDown -->
        <test-method status="PASS" signature="setup(java.lang.reflect.Method)[pri:0, instance:maintest.SPcasereg@d41cee]" name="setup" is-config="true" duration-ms="0" started-at="2018-09-18T17:10:51Z" finished-at="2018-09-18T17:10:51Z">
          <params>
            <param index="0">
              <value>
                <![CDATA[public void maintest.SPcasereg.TC_SPCR_007()]]>
              </value>
            </param>
          </params>
          <reporter-output>
          </reporter-output>
        </test-method> <!-- setup -->
        <test-method status="PASS" signature="TC_SPCR_007()[pri:0, instance:maintest.SPcasereg@d41cee]" name="TC_SPCR_007" duration-ms="32" started-at="2018-09-18T17:10:51Z" depends-on-methods="maintest.SPcasereg.Login" finished-at="2018-09-18T17:10:51Z">
          <reporter-output>
            <line>
              <![CDATA[Test Method resides in maintest.SPcasereg]]>
            </line>
            <line>
              <![CDATA[Test Status: Pass]]>
            </line>
          </reporter-output>
        </test-method> <!-- TC_SPCR_007 -->
        <test-method status="PASS" signature="setup(java.lang.reflect.Method)[pri:0, instance:maintest.SPcasereg@d41cee]" name="setup" is-config="true" duration-ms="0" started-at="2018-09-18T17:10:51Z" finished-at="2018-09-18T17:10:51Z">
          <params>
            <param index="0">
              <value>
                <![CDATA[public void maintest.SPcasereg.TC_SPCR_008()]]>
              </value>
            </param>
          </params>
          <reporter-output>
          </reporter-output>
        </test-method> <!-- setup -->
        <test-method status="PASS" signature="tearDown(org.testng.ITestResult, java.lang.reflect.Method)[pri:0, instance:maintest.SPcasereg@d41cee]" name="tearDown" is-config="true" duration-ms="0" started-at="2018-09-18T17:10:51Z" finished-at="2018-09-18T17:10:51Z">
          <params>
            <param index="0">
              <value>
                <![CDATA[[TestResult name=TC_SPCR_007 status=SUCCESS method=SPcasereg.TC_SPCR_007()[pri:0, instance:maintest.SPcasereg@d41cee] output=Test Method resides in maintest.SPcasereg]]]>
              </value>
            </param>
            <param index="1">
              <value>
                <![CDATA[public void maintest.SPcasereg.TC_SPCR_007()]]>
              </value>
            </param>
          </params>
          <reporter-output>
          </reporter-output>
        </test-method> <!-- tearDown -->
        <test-method status="PASS" signature="TC_SPCR_008()[pri:0, instance:maintest.SPcasereg@d41cee]" name="TC_SPCR_008" duration-ms="46" started-at="2018-09-18T17:10:51Z" depends-on-methods="maintest.SPcasereg.Login" finished-at="2018-09-18T17:10:51Z">
          <reporter-output>
            <line>
              <![CDATA[Test Method resides in maintest.SPcasereg]]>
            </line>
            <line>
              <![CDATA[Test Status: Pass]]>
            </line>
          </reporter-output>
        </test-method> <!-- TC_SPCR_008 -->
        <test-method status="PASS" signature="TC_SPCR_009()[pri:0, instance:maintest.SPcasereg@d41cee]" name="TC_SPCR_009" duration-ms="32" started-at="2018-09-18T17:10:51Z" depends-on-methods="maintest.SPcasereg.Login" finished-at="2018-09-18T17:10:51Z">
          <reporter-output>
            <line>
              <![CDATA[Test Method resides in maintest.SPcasereg]]>
            </line>
            <line>
              <![CDATA[Test Status: Pass]]>
            </line>
          </reporter-output>
        </test-method> <!-- TC_SPCR_009 -->
        <test-method status="PASS" signature="setup(java.lang.reflect.Method)[pri:0, instance:maintest.SPcasereg@d41cee]" name="setup" is-config="true" duration-ms="0" started-at="2018-09-18T17:10:51Z" finished-at="2018-09-18T17:10:51Z">
          <params>
            <param index="0">
              <value>
                <![CDATA[public void maintest.SPcasereg.TC_SPCR_009()]]>
              </value>
            </param>
          </params>
          <reporter-output>
          </reporter-output>
        </test-method> <!-- setup -->
        <test-method status="PASS" signature="tearDown(org.testng.ITestResult, java.lang.reflect.Method)[pri:0, instance:maintest.SPcasereg@d41cee]" name="tearDown" is-config="true" duration-ms="0" started-at="2018-09-18T17:10:51Z" finished-at="2018-09-18T17:10:51Z">
          <params>
            <param index="0">
              <value>
                <![CDATA[[TestResult name=TC_SPCR_008 status=SUCCESS method=SPcasereg.TC_SPCR_008()[pri:0, instance:maintest.SPcasereg@d41cee] output=Test Method resides in maintest.SPcasereg]]]>
              </value>
            </param>
            <param index="1">
              <value>
                <![CDATA[public void maintest.SPcasereg.TC_SPCR_008()]]>
              </value>
            </param>
          </params>
          <reporter-output>
          </reporter-output>
        </test-method> <!-- tearDown -->
        <test-method status="PASS" signature="tearDown(org.testng.ITestResult, java.lang.reflect.Method)[pri:0, instance:maintest.SPcasereg@d41cee]" name="tearDown" is-config="true" duration-ms="0" started-at="2018-09-18T17:10:51Z" finished-at="2018-09-18T17:10:51Z">
          <params>
            <param index="0">
              <value>
                <![CDATA[[TestResult name=TC_SPCR_009 status=SUCCESS method=SPcasereg.TC_SPCR_009()[pri:0, instance:maintest.SPcasereg@d41cee] output=Test Method resides in maintest.SPcasereg]]]>
              </value>
            </param>
            <param index="1">
              <value>
                <![CDATA[public void maintest.SPcasereg.TC_SPCR_009()]]>
              </value>
            </param>
          </params>
          <reporter-output>
          </reporter-output>
        </test-method> <!-- tearDown -->
        <test-method status="PASS" signature="setup(java.lang.reflect.Method)[pri:0, instance:maintest.SPcasereg@d41cee]" name="setup" is-config="true" duration-ms="0" started-at="2018-09-18T17:10:51Z" finished-at="2018-09-18T17:10:51Z">
          <params>
            <param index="0">
              <value>
                <![CDATA[public void maintest.SPcasereg.TC_SPCR_010() throws java.lang.Exception]]>
              </value>
            </param>
          </params>
          <reporter-output>
          </reporter-output>
        </test-method> <!-- setup -->
        <test-method status="PASS" signature="TC_SPCR_010()[pri:0, instance:maintest.SPcasereg@d41cee]" name="TC_SPCR_010" duration-ms="73668" started-at="2018-09-18T17:10:51Z" depends-on-methods="maintest.SPcasereg.Login" finished-at="2018-09-18T17:12:05Z">
          <reporter-output>
            <line>
              <![CDATA[Test Method resides in maintest.SPcasereg]]>
            </line>
            <line>
              <![CDATA[Test Status: Pass]]>
            </line>
          </reporter-output>
        </test-method> <!-- TC_SPCR_010 -->
        <test-method status="PASS" signature="tearDown(org.testng.ITestResult, java.lang.reflect.Method)[pri:0, instance:maintest.SPcasereg@d41cee]" name="tearDown" is-config="true" duration-ms="1" started-at="2018-09-18T17:12:05Z" finished-at="2018-09-18T17:12:05Z">
          <params>
            <param index="0">
              <value>
                <![CDATA[[TestResult name=TC_SPCR_010 status=SUCCESS method=SPcasereg.TC_SPCR_010()[pri:0, instance:maintest.SPcasereg@d41cee] output=Test Method resides in maintest.SPcasereg]]]>
              </value>
            </param>
            <param index="1">
              <value>
                <![CDATA[public void maintest.SPcasereg.TC_SPCR_010() throws java.lang.Exception]]>
              </value>
            </param>
          </params>
          <reporter-output>
          </reporter-output>
        </test-method> <!-- tearDown -->
        <test-method status="PASS" signature="setup(java.lang.reflect.Method)[pri:0, instance:maintest.SPcasereg@d41cee]" name="setup" is-config="true" duration-ms="1" started-at="2018-09-18T17:12:05Z" finished-at="2018-09-18T17:12:05Z">
          <params>
            <param index="0">
              <value>
                <![CDATA[public void maintest.SPcasereg.TC_SPCR_011() throws java.lang.Exception]]>
              </value>
            </param>
          </params>
          <reporter-output>
          </reporter-output>
        </test-method> <!-- setup -->
        <test-method status="PASS" signature="TC_SPCR_011()[pri:0, instance:maintest.SPcasereg@d41cee]" name="TC_SPCR_011" duration-ms="93841" started-at="2018-09-18T17:12:05Z" depends-on-methods="maintest.SPcasereg.Login" finished-at="2018-09-18T17:13:39Z">
          <reporter-output>
            <line>
              <![CDATA[Test Method resides in maintest.SPcasereg]]>
            </line>
            <line>
              <![CDATA[Test Status: Pass]]>
            </line>
          </reporter-output>
        </test-method> <!-- TC_SPCR_011 -->
        <test-method status="PASS" signature="tearDown(org.testng.ITestResult, java.lang.reflect.Method)[pri:0, instance:maintest.SPcasereg@d41cee]" name="tearDown" is-config="true" duration-ms="1" started-at="2018-09-18T17:13:39Z" finished-at="2018-09-18T17:13:39Z">
          <params>
            <param index="0">
              <value>
                <![CDATA[[TestResult name=TC_SPCR_011 status=SUCCESS method=SPcasereg.TC_SPCR_011()[pri:0, instance:maintest.SPcasereg@d41cee] output=Test Method resides in maintest.SPcasereg]]]>
              </value>
            </param>
            <param index="1">
              <value>
                <![CDATA[public void maintest.SPcasereg.TC_SPCR_011() throws java.lang.Exception]]>
              </value>
            </param>
          </params>
          <reporter-output>
          </reporter-output>
        </test-method> <!-- tearDown -->
        <test-method status="PASS" signature="setup(java.lang.reflect.Method)[pri:0, instance:maintest.SPcasereg@d41cee]" name="setup" is-config="true" duration-ms="4" started-at="2018-09-18T17:13:39Z" finished-at="2018-09-18T17:13:39Z">
          <params>
            <param index="0">
              <value>
                <![CDATA[public void maintest.SPcasereg.TC_SPCR_012() throws java.lang.Exception]]>
              </value>
            </param>
          </params>
          <reporter-output>
          </reporter-output>
        </test-method> <!-- setup -->
        <test-method status="PASS" signature="TC_SPCR_012()[pri:0, instance:maintest.SPcasereg@d41cee]" name="TC_SPCR_012" duration-ms="89834" started-at="2018-09-18T17:13:39Z" depends-on-methods="maintest.SPcasereg.Login" finished-at="2018-09-18T17:15:09Z">
          <reporter-output>
            <line>
              <![CDATA[Test Method resides in maintest.SPcasereg]]>
            </line>
            <line>
              <![CDATA[Test Status: Pass]]>
            </line>
          </reporter-output>
        </test-method> <!-- TC_SPCR_012 -->
        <test-method status="PASS" signature="tearDown(org.testng.ITestResult, java.lang.reflect.Method)[pri:0, instance:maintest.SPcasereg@d41cee]" name="tearDown" is-config="true" duration-ms="1" started-at="2018-09-18T17:15:09Z" finished-at="2018-09-18T17:15:09Z">
          <params>
            <param index="0">
              <value>
                <![CDATA[[TestResult name=TC_SPCR_012 status=SUCCESS method=SPcasereg.TC_SPCR_012()[pri:0, instance:maintest.SPcasereg@d41cee] output=Test Method resides in maintest.SPcasereg]]]>
              </value>
            </param>
            <param index="1">
              <value>
                <![CDATA[public void maintest.SPcasereg.TC_SPCR_012() throws java.lang.Exception]]>
              </value>
            </param>
          </params>
          <reporter-output>
          </reporter-output>
        </test-method> <!-- tearDown -->
        <test-method status="PASS" signature="setup(java.lang.reflect.Method)[pri:0, instance:maintest.SPcasereg@d41cee]" name="setup" is-config="true" duration-ms="0" started-at="2018-09-18T17:15:09Z" finished-at="2018-09-18T17:15:09Z">
          <params>
            <param index="0">
              <value>
                <![CDATA[public void maintest.SPcasereg.TC_SPCR_013() throws java.lang.Exception]]>
              </value>
            </param>
          </params>
          <reporter-output>
          </reporter-output>
        </test-method> <!-- setup -->
        <test-method status="FAIL" signature="TC_SPCR_013()[pri:0, instance:maintest.SPcasereg@d41cee]" name="TC_SPCR_013" duration-ms="22296" started-at="2018-09-18T17:15:09Z" depends-on-methods="maintest.SPcasereg.Login" finished-at="2018-09-18T17:15:31Z">
          <exception class="org.openqa.selenium.NoSuchElementException">
            <message>
              <![CDATA[no such element: Unable to locate element: {"method":"xpath","selector":"//td[text()='10th']/../td[2]//input"}
  (Session info: chrome=68.0.3440.106)
  (Driver info: chromedriver=2.40.565498 (ea082db3280dd6843ebfb08a625e3eb905c4f5ab),platform=Windows NT 6.1.7601 SP1 x86) (WARNING: The server did not provide any stacktrace information)
Command duration or timeout: 0 milliseconds
For documentation on this error, please visit: http://seleniumhq.org/exceptions/no_such_element.html
Build info: version: '3.12.0', revision: '7c6e0b3', time: '2018-05-08T14:04:26.12Z'
System info: host: 'KAD-I-002', ip: '192.168.2.67', os.name: 'Windows 7', os.arch: 'x86', os.version: '6.1', java.version: '1.8.0_171'
Driver info: org.openqa.selenium.chrome.ChromeDriver
Capabilities {acceptInsecureCerts: false, acceptSslCerts: false, applicationCacheEnabled: false, browserConnectionEnabled: false, browserName: chrome, chrome: {chromedriverVersion: 2.40.565498 (ea082db3280dd6..., userDataDir: C:\Users\ashwin\AppData\Loc...}, cssSelectorsEnabled: true, databaseEnabled: false, handlesAlerts: true, hasTouchScreen: false, javascriptEnabled: true, locationContextEnabled: true, mobileEmulationEnabled: false, nativeEvents: true, networkConnectionEnabled: false, pageLoadStrategy: normal, platform: XP, platformName: XP, rotatable: false, setWindowRect: true, takesHeapSnapshot: true, takesScreenshot: true, unexpectedAlertBehaviour: , unhandledPromptBehavior: , version: 68.0.3440.106, webStorageEnabled: true}
Session ID: bebfae59235480522a58174e3e99f669
*** Element info: {Using=xpath, value=//td[text()='10th']/../td[2]//input}]]>
            </message>
            <full-stacktrace>
              <![CDATA[org.openqa.selenium.NoSuchElementException: no such element: Unable to locate element: {"method":"xpath","selector":"//td[text()='10th']/../td[2]//input"}
  (Session info: chrome=68.0.3440.106)
  (Driver info: chromedriver=2.40.565498 (ea082db3280dd6843ebfb08a625e3eb905c4f5ab),platform=Windows NT 6.1.7601 SP1 x86) (WARNING: The server did not provide any stacktrace information)
Command duration or timeout: 0 milliseconds
For documentation on this error, please visit: http://seleniumhq.org/exceptions/no_such_element.html
Build info: version: '3.12.0', revision: '7c6e0b3', time: '2018-05-08T14:04:26.12Z'
System info: host: 'KAD-I-002', ip: '192.168.2.67', os.name: 'Windows 7', os.arch: 'x86', os.version: '6.1', java.version: '1.8.0_171'
Driver info: org.openqa.selenium.chrome.ChromeDriver
Capabilities {acceptInsecureCerts: false, acceptSslCerts: false, applicationCacheEnabled: false, browserConnectionEnabled: false, browserName: chrome, chrome: {chromedriverVersion: 2.40.565498 (ea082db3280dd6..., userDataDir: C:\Users\ashwin\AppData\Loc...}, cssSelectorsEnabled: true, databaseEnabled: false, handlesAlerts: true, hasTouchScreen: false, javascriptEnabled: true, locationContextEnabled: true, mobileEmulationEnabled: false, nativeEvents: true, networkConnectionEnabled: false, pageLoadStrategy: normal, platform: XP, platformName: XP, rotatable: false, setWindowRect: true, takesHeapSnapshot: true, takesScreenshot: true, unexpectedAlertBehaviour: , unhandledPromptBehavior: , version: 68.0.3440.106, webStorageEnabled: true}
Session ID: bebfae59235480522a58174e3e99f669
*** Element info: {Using=xpath, value=//td[text()='10th']/../td[2]//input}
	at sun.reflect.GeneratedConstructorAccessor15.newInstance(Unknown Source)
	at sun.reflect.DelegatingConstructorAccessorImpl.newInstance(DelegatingConstructorAccessorImpl.java:45)
	at java.lang.reflect.Constructor.newInstance(Constructor.java:423)
	at org.openqa.selenium.remote.ErrorHandler.createThrowable(ErrorHandler.java:214)
	at org.openqa.selenium.remote.ErrorHandler.throwIfResponseFailed(ErrorHandler.java:166)
	at org.openqa.selenium.remote.http.JsonHttpResponseCodec.reconstructValue(JsonHttpResponseCodec.java:40)
	at org.openqa.selenium.remote.http.AbstractHttpResponseCodec.decode(AbstractHttpResponseCodec.java:80)
	at org.openqa.selenium.remote.http.AbstractHttpResponseCodec.decode(AbstractHttpResponseCodec.java:44)
	at org.openqa.selenium.remote.HttpCommandExecutor.execute(HttpCommandExecutor.java:158)
	at org.openqa.selenium.remote.service.DriverCommandExecutor.execute(DriverCommandExecutor.java:83)
	at org.openqa.selenium.remote.RemoteWebDriver.execute(RemoteWebDriver.java:543)
	at org.openqa.selenium.remote.RemoteWebDriver.findElement(RemoteWebDriver.java:317)
	at org.openqa.selenium.remote.RemoteWebDriver.findElementByXPath(RemoteWebDriver.java:419)
	at org.openqa.selenium.By$ByXPath.findElement(By.java:353)
	at org.openqa.selenium.remote.RemoteWebDriver.findElement(RemoteWebDriver.java:309)
	at environment.Utill.find(Utill.java:82)
	at environment.Utill.click_element(Utill.java:140)
	at pages.CaseRegistration.selectcheck(CaseRegistration.java:146)
	at maintest.SPcasereg.TC_SPCR_013(SPcasereg.java:384)
	at sun.reflect.NativeMethodAccessorImpl.invoke0(Native Method)
	at sun.reflect.NativeMethodAccessorImpl.invoke(NativeMethodAccessorImpl.java:62)
	at sun.reflect.DelegatingMethodAccessorImpl.invoke(DelegatingMethodAccessorImpl.java:43)
	at java.lang.reflect.Method.invoke(Method.java:498)
	at org.testng.internal.MethodInvocationHelper.invokeMethod(MethodInvocationHelper.java:80)
	at org.testng.internal.Invoker.invokeMethod(Invoker.java:714)
	at org.testng.internal.Invoker.invokeTestMethod(Invoker.java:901)
	at org.testng.internal.Invoker.invokeTestMethods(Invoker.java:1231)
	at org.testng.internal.TestMethodWorker.invokeTestMethods(TestMethodWorker.java:127)
	at org.testng.internal.TestMethodWorker.run(TestMethodWorker.java:111)
	at org.testng.TestRunner.privateRun(TestRunner.java:767)
	at org.testng.TestRunner.run(TestRunner.java:617)
	at org.testng.SuiteRunner.runTest(SuiteRunner.java:334)
	at org.testng.SuiteRunner.runSequentially(SuiteRunner.java:329)
	at org.testng.SuiteRunner.privateRun(SuiteRunner.java:291)
	at org.testng.SuiteRunner.run(SuiteRunner.java:240)
	at org.testng.SuiteRunnerWorker.runSuite(SuiteRunnerWorker.java:52)
	at org.testng.SuiteRunnerWorker.run(SuiteRunnerWorker.java:86)
	at org.testng.TestNG.runSuitesSequentially(TestNG.java:1198)
	at org.testng.TestNG.runSuitesLocally(TestNG.java:1123)
	at org.testng.TestNG.run(TestNG.java:1031)
	at org.testng.remote.AbstractRemoteTestNG.run(AbstractRemoteTestNG.java:114)
	at org.testng.remote.RemoteTestNG.initAndRun(RemoteTestNG.java:251)
	at org.testng.remote.RemoteTestNG.main(RemoteTestNG.java:77)
]]>
            </full-stacktrace>
          </exception> <!-- org.openqa.selenium.NoSuchElementException -->
          <reporter-output>
            <line>
              <![CDATA[Test Method resides in maintest.SPcasereg]]>
            </line>
            <line>
              <![CDATA[Test Status: Failed]]>
            </line>
          </reporter-output>
        </test-method> <!-- TC_SPCR_013 -->
        <test-method status="PASS" signature="tearDown(org.testng.ITestResult, java.lang.reflect.Method)[pri:0, instance:maintest.SPcasereg@d41cee]" name="tearDown" is-config="true" duration-ms="6498" started-at="2018-09-18T17:15:31Z" finished-at="2018-09-18T17:15:38Z">
          <params>
            <param index="0">
              <value>
                <![CDATA[[TestResult name=TC_SPCR_013 status=FAILURE method=SPcasereg.TC_SPCR_013()[pri:0, instance:maintest.SPcasereg@d41cee] output=Test Method resides in maintest.SPcasereg]]]>
              </value>
            </param>
            <param index="1">
              <value>
                <![CDATA[public void maintest.SPcasereg.TC_SPCR_013() throws java.lang.Exception]]>
              </value>
            </param>
          </params>
          <reporter-output>
          </reporter-output>
        </test-method> <!-- tearDown -->
        <test-method status="PASS" signature="setup(java.lang.reflect.Method)[pri:0, instance:maintest.SPcasereg@d41cee]" name="setup" is-config="true" duration-ms="15" started-at="2018-09-18T17:15:38Z" finished-at="2018-09-18T17:15:38Z">
          <params>
            <param index="0">
              <value>
                <![CDATA[public void maintest.SPcasereg.TC_SPCR_014() throws java.lang.Exception]]>
              </value>
            </param>
          </params>
          <reporter-output>
          </reporter-output>
        </test-method> <!-- setup -->
        <test-method status="PASS" signature="TC_SPCR_014()[pri:0, instance:maintest.SPcasereg@d41cee]" name="TC_SPCR_014" duration-ms="73286" started-at="2018-09-18T17:15:38Z" depends-on-methods="maintest.SPcasereg.Login" finished-at="2018-09-18T17:16:51Z">
          <reporter-output>
            <line>
              <![CDATA[Test Method resides in maintest.SPcasereg]]>
            </line>
            <line>
              <![CDATA[Test Status: Pass]]>
            </line>
          </reporter-output>
        </test-method> <!-- TC_SPCR_014 -->
        <test-method status="PASS" signature="tearDown(org.testng.ITestResult, java.lang.reflect.Method)[pri:0, instance:maintest.SPcasereg@d41cee]" name="tearDown" is-config="true" duration-ms="1" started-at="2018-09-18T17:16:51Z" finished-at="2018-09-18T17:16:51Z">
          <params>
            <param index="0">
              <value>
                <![CDATA[[TestResult name=TC_SPCR_014 status=SUCCESS method=SPcasereg.TC_SPCR_014()[pri:0, instance:maintest.SPcasereg@d41cee] output=Test Method resides in maintest.SPcasereg]]]>
              </value>
            </param>
            <param index="1">
              <value>
                <![CDATA[public void maintest.SPcasereg.TC_SPCR_014() throws java.lang.Exception]]>
              </value>
            </param>
          </params>
          <reporter-output>
          </reporter-output>
        </test-method> <!-- tearDown -->
        <test-method status="PASS" signature="TC_SPCR_015()[pri:0, instance:maintest.SPcasereg@d41cee]" name="TC_SPCR_015" duration-ms="72819" started-at="2018-09-18T17:16:51Z" depends-on-methods="maintest.SPcasereg.Login" finished-at="2018-09-18T17:18:04Z">
          <reporter-output>
            <line>
              <![CDATA[Test Method resides in maintest.SPcasereg]]>
            </line>
            <line>
              <![CDATA[Test Status: Pass]]>
            </line>
          </reporter-output>
        </test-method> <!-- TC_SPCR_015 -->
        <test-method status="PASS" signature="setup(java.lang.reflect.Method)[pri:0, instance:maintest.SPcasereg@d41cee]" name="setup" is-config="true" duration-ms="0" started-at="2018-09-18T17:16:51Z" finished-at="2018-09-18T17:16:51Z">
          <params>
            <param index="0">
              <value>
                <![CDATA[public void maintest.SPcasereg.TC_SPCR_015() throws java.lang.Exception]]>
              </value>
            </param>
          </params>
          <reporter-output>
          </reporter-output>
        </test-method> <!-- setup -->
        <test-method status="PASS" signature="tearDown(org.testng.ITestResult, java.lang.reflect.Method)[pri:0, instance:maintest.SPcasereg@d41cee]" name="tearDown" is-config="true" duration-ms="0" started-at="2018-09-18T17:18:04Z" finished-at="2018-09-18T17:18:04Z">
          <params>
            <param index="0">
              <value>
                <![CDATA[[TestResult name=TC_SPCR_015 status=SUCCESS method=SPcasereg.TC_SPCR_015()[pri:0, instance:maintest.SPcasereg@d41cee] output=Test Method resides in maintest.SPcasereg]]]>
              </value>
            </param>
            <param index="1">
              <value>
                <![CDATA[public void maintest.SPcasereg.TC_SPCR_015() throws java.lang.Exception]]>
              </value>
            </param>
          </params>
          <reporter-output>
          </reporter-output>
        </test-method> <!-- tearDown -->
        <test-method status="PASS" signature="setup(java.lang.reflect.Method)[pri:0, instance:maintest.SPcasereg@d41cee]" name="setup" is-config="true" duration-ms="1" started-at="2018-09-18T17:18:04Z" finished-at="2018-09-18T17:18:04Z">
          <params>
            <param index="0">
              <value>
                <![CDATA[public void maintest.SPcasereg.TC_SPCR_016() throws java.lang.Exception]]>
              </value>
            </param>
          </params>
          <reporter-output>
          </reporter-output>
        </test-method> <!-- setup -->
        <test-method status="PASS" signature="TC_SPCR_016()[pri:0, instance:maintest.SPcasereg@d41cee]" name="TC_SPCR_016" duration-ms="73093" started-at="2018-09-18T17:18:04Z" depends-on-methods="maintest.SPcasereg.Login" finished-at="2018-09-18T17:19:17Z">
          <reporter-output>
            <line>
              <![CDATA[Test Method resides in maintest.SPcasereg]]>
            </line>
            <line>
              <![CDATA[Test Status: Pass]]>
            </line>
          </reporter-output>
        </test-method> <!-- TC_SPCR_016 -->
        <test-method status="PASS" signature="tearDown(org.testng.ITestResult, java.lang.reflect.Method)[pri:0, instance:maintest.SPcasereg@d41cee]" name="tearDown" is-config="true" duration-ms="1" started-at="2018-09-18T17:19:17Z" finished-at="2018-09-18T17:19:17Z">
          <params>
            <param index="0">
              <value>
                <![CDATA[[TestResult name=TC_SPCR_016 status=SUCCESS method=SPcasereg.TC_SPCR_016()[pri:0, instance:maintest.SPcasereg@d41cee] output=Test Method resides in maintest.SPcasereg]]]>
              </value>
            </param>
            <param index="1">
              <value>
                <![CDATA[public void maintest.SPcasereg.TC_SPCR_016() throws java.lang.Exception]]>
              </value>
            </param>
          </params>
          <reporter-output>
          </reporter-output>
        </test-method> <!-- tearDown -->
        <test-method status="PASS" signature="TC_SPCR_017()[pri:0, instance:maintest.SPcasereg@d41cee]" name="TC_SPCR_017" duration-ms="174158" started-at="2018-09-18T17:19:17Z" depends-on-methods="maintest.SPcasereg.Login" finished-at="2018-09-18T17:22:11Z">
          <reporter-output>
            <line>
              <![CDATA[Test Method resides in maintest.SPcasereg]]>
            </line>
            <line>
              <![CDATA[Test Status: Pass]]>
            </line>
          </reporter-output>
        </test-method> <!-- TC_SPCR_017 -->
        <test-method status="PASS" signature="setup(java.lang.reflect.Method)[pri:0, instance:maintest.SPcasereg@d41cee]" name="setup" is-config="true" duration-ms="0" started-at="2018-09-18T17:19:17Z" finished-at="2018-09-18T17:19:17Z">
          <params>
            <param index="0">
              <value>
                <![CDATA[public void maintest.SPcasereg.TC_SPCR_017() throws java.lang.Exception]]>
              </value>
            </param>
          </params>
          <reporter-output>
          </reporter-output>
        </test-method> <!-- setup -->
        <test-method status="PASS" signature="tearDown(org.testng.ITestResult, java.lang.reflect.Method)[pri:0, instance:maintest.SPcasereg@d41cee]" name="tearDown" is-config="true" duration-ms="1" started-at="2018-09-18T17:22:11Z" finished-at="2018-09-18T17:22:11Z">
          <params>
            <param index="0">
              <value>
                <![CDATA[[TestResult name=TC_SPCR_017 status=SUCCESS method=SPcasereg.TC_SPCR_017()[pri:0, instance:maintest.SPcasereg@d41cee] output=Test Method resides in maintest.SPcasereg]]]>
              </value>
            </param>
            <param index="1">
              <value>
                <![CDATA[public void maintest.SPcasereg.TC_SPCR_017() throws java.lang.Exception]]>
              </value>
            </param>
          </params>
          <reporter-output>
          </reporter-output>
        </test-method> <!-- tearDown -->
        <test-method status="PASS" signature="setup(java.lang.reflect.Method)[pri:0, instance:maintest.SPcasereg@d41cee]" name="setup" is-config="true" duration-ms="1" started-at="2018-09-18T17:22:11Z" finished-at="2018-09-18T17:22:11Z">
          <params>
            <param index="0">
              <value>
                <![CDATA[public void maintest.SPcasereg.TC_SPCR_018() throws java.lang.Exception]]>
              </value>
            </param>
          </params>
          <reporter-output>
          </reporter-output>
        </test-method> <!-- setup -->
        <test-method status="PASS" signature="TC_SPCR_018()[pri:0, instance:maintest.SPcasereg@d41cee]" name="TC_SPCR_018" duration-ms="73886" started-at="2018-09-18T17:22:11Z" depends-on-methods="maintest.SPcasereg.Login" finished-at="2018-09-18T17:23:25Z">
          <reporter-output>
            <line>
              <![CDATA[Test Method resides in maintest.SPcasereg]]>
            </line>
            <line>
              <![CDATA[Test Status: Pass]]>
            </line>
          </reporter-output>
        </test-method> <!-- TC_SPCR_018 -->
        <test-method status="PASS" signature="tearDown(org.testng.ITestResult, java.lang.reflect.Method)[pri:0, instance:maintest.SPcasereg@d41cee]" name="tearDown" is-config="true" duration-ms="1" started-at="2018-09-18T17:23:25Z" finished-at="2018-09-18T17:23:25Z">
          <params>
            <param index="0">
              <value>
                <![CDATA[[TestResult name=TC_SPCR_018 status=SUCCESS method=SPcasereg.TC_SPCR_018()[pri:0, instance:maintest.SPcasereg@d41cee] output=Test Method resides in maintest.SPcasereg]]]>
              </value>
            </param>
            <param index="1">
              <value>
                <![CDATA[public void maintest.SPcasereg.TC_SPCR_018() throws java.lang.Exception]]>
              </value>
            </param>
          </params>
          <reporter-output>
          </reporter-output>
        </test-method> <!-- tearDown -->
        <test-method status="PASS" signature="setup(java.lang.reflect.Method)[pri:0, instance:maintest.SPcasereg@d41cee]" name="setup" is-config="true" duration-ms="1" started-at="2018-09-18T17:23:25Z" finished-at="2018-09-18T17:23:25Z">
          <params>
            <param index="0">
              <value>
                <![CDATA[public void maintest.SPcasereg.TC_SPCR_019() throws java.lang.Exception]]>
              </value>
            </param>
          </params>
          <reporter-output>
          </reporter-output>
        </test-method> <!-- setup -->
        <test-method status="PASS" signature="TC_SPCR_019()[pri:0, instance:maintest.SPcasereg@d41cee]" name="TC_SPCR_019" duration-ms="73124" started-at="2018-09-18T17:23:25Z" depends-on-methods="maintest.SPcasereg.Login" finished-at="2018-09-18T17:24:38Z">
          <reporter-output>
            <line>
              <![CDATA[Test Method resides in maintest.SPcasereg]]>
            </line>
            <line>
              <![CDATA[Test Status: Pass]]>
            </line>
          </reporter-output>
        </test-method> <!-- TC_SPCR_019 -->
        <test-method status="PASS" signature="setup(java.lang.reflect.Method)[pri:0, instance:maintest.SPcasereg@d41cee]" name="setup" is-config="true" duration-ms="1" started-at="2018-09-18T17:24:38Z" finished-at="2018-09-18T17:24:38Z">
          <params>
            <param index="0">
              <value>
                <![CDATA[public void maintest.SPcasereg.TC_SPCR_020() throws java.lang.Exception]]>
              </value>
            </param>
          </params>
          <reporter-output>
          </reporter-output>
        </test-method> <!-- setup -->
        <test-method status="PASS" signature="tearDown(org.testng.ITestResult, java.lang.reflect.Method)[pri:0, instance:maintest.SPcasereg@d41cee]" name="tearDown" is-config="true" duration-ms="0" started-at="2018-09-18T17:24:38Z" finished-at="2018-09-18T17:24:38Z">
          <params>
            <param index="0">
              <value>
                <![CDATA[[TestResult name=TC_SPCR_019 status=SUCCESS method=SPcasereg.TC_SPCR_019()[pri:0, instance:maintest.SPcasereg@d41cee] output=Test Method resides in maintest.SPcasereg]]]>
              </value>
            </param>
            <param index="1">
              <value>
                <![CDATA[public void maintest.SPcasereg.TC_SPCR_019() throws java.lang.Exception]]>
              </value>
            </param>
          </params>
          <reporter-output>
          </reporter-output>
        </test-method> <!-- tearDown -->
        <test-method status="PASS" signature="TC_SPCR_020()[pri:0, instance:maintest.SPcasereg@d41cee]" name="TC_SPCR_020" duration-ms="72549" started-at="2018-09-18T17:24:38Z" depends-on-methods="maintest.SPcasereg.Login" finished-at="2018-09-18T17:25:51Z">
          <reporter-output>
            <line>
              <![CDATA[Test Method resides in maintest.SPcasereg]]>
            </line>
            <line>
              <![CDATA[Test Status: Pass]]>
            </line>
          </reporter-output>
        </test-method> <!-- TC_SPCR_020 -->
        <test-method status="PASS" signature="tearDown(org.testng.ITestResult, java.lang.reflect.Method)[pri:0, instance:maintest.SPcasereg@d41cee]" name="tearDown" is-config="true" duration-ms="1" started-at="2018-09-18T17:25:51Z" finished-at="2018-09-18T17:25:51Z">
          <params>
            <param index="0">
              <value>
                <![CDATA[[TestResult name=TC_SPCR_020 status=SUCCESS method=SPcasereg.TC_SPCR_020()[pri:0, instance:maintest.SPcasereg@d41cee] output=Test Method resides in maintest.SPcasereg]]]>
              </value>
            </param>
            <param index="1">
              <value>
                <![CDATA[public void maintest.SPcasereg.TC_SPCR_020() throws java.lang.Exception]]>
              </value>
            </param>
          </params>
          <reporter-output>
          </reporter-output>
        </test-method> <!-- tearDown -->
        <test-method status="PASS" signature="setup(java.lang.reflect.Method)[pri:0, instance:maintest.SPcasereg@d41cee]" name="setup" is-config="true" duration-ms="1" started-at="2018-09-18T17:25:51Z" finished-at="2018-09-18T17:25:51Z">
          <params>
            <param index="0">
              <value>
                <![CDATA[public void maintest.SPcasereg.TC_SPCR_021() throws java.lang.Exception]]>
              </value>
            </param>
          </params>
          <reporter-output>
          </reporter-output>
        </test-method> <!-- setup -->
        <test-method status="PASS" signature="TC_SPCR_021()[pri:0, instance:maintest.SPcasereg@d41cee]" name="TC_SPCR_021" duration-ms="74013" started-at="2018-09-18T17:25:51Z" depends-on-methods="maintest.SPcasereg.Login" finished-at="2018-09-18T17:27:05Z">
          <reporter-output>
            <line>
              <![CDATA[Test Method resides in maintest.SPcasereg]]>
            </line>
            <line>
              <![CDATA[Test Status: Pass]]>
            </line>
          </reporter-output>
        </test-method> <!-- TC_SPCR_021 -->
        <test-method status="PASS" signature="tearDown(org.testng.ITestResult, java.lang.reflect.Method)[pri:0, instance:maintest.SPcasereg@d41cee]" name="tearDown" is-config="true" duration-ms="0" started-at="2018-09-18T17:27:05Z" finished-at="2018-09-18T17:27:05Z">
          <params>
            <param index="0">
              <value>
                <![CDATA[[TestResult name=TC_SPCR_021 status=SUCCESS method=SPcasereg.TC_SPCR_021()[pri:0, instance:maintest.SPcasereg@d41cee] output=Test Method resides in maintest.SPcasereg]]]>
              </value>
            </param>
            <param index="1">
              <value>
                <![CDATA[public void maintest.SPcasereg.TC_SPCR_021() throws java.lang.Exception]]>
              </value>
            </param>
          </params>
          <reporter-output>
          </reporter-output>
        </test-method> <!-- tearDown -->
        <test-method status="PASS" signature="setup(java.lang.reflect.Method)[pri:0, instance:maintest.SPcasereg@d41cee]" name="setup" is-config="true" duration-ms="1" started-at="2018-09-18T17:27:05Z" finished-at="2018-09-18T17:27:05Z">
          <params>
            <param index="0">
              <value>
                <![CDATA[public void maintest.SPcasereg.TC_SPCR_022() throws java.lang.Exception]]>
              </value>
            </param>
          </params>
          <reporter-output>
          </reporter-output>
        </test-method> <!-- setup -->
        <test-method status="PASS" signature="TC_SPCR_022()[pri:0, instance:maintest.SPcasereg@d41cee]" name="TC_SPCR_022" duration-ms="27255" started-at="2018-09-18T17:27:05Z" depends-on-methods="maintest.SPcasereg.Login" finished-at="2018-09-18T17:27:32Z">
          <reporter-output>
            <line>
              <![CDATA[Test Method resides in maintest.SPcasereg]]>
            </line>
            <line>
              <![CDATA[Test Status: Pass]]>
            </line>
          </reporter-output>
        </test-method> <!-- TC_SPCR_022 -->
        <test-method status="PASS" signature="setup(java.lang.reflect.Method)[pri:0, instance:maintest.SPcasereg@d41cee]" name="setup" is-config="true" duration-ms="0" started-at="2018-09-18T17:27:32Z" finished-at="2018-09-18T17:27:32Z">
          <params>
            <param index="0">
              <value>
                <![CDATA[public void maintest.SPcasereg.TC_SPCR_023() throws java.lang.Exception]]>
              </value>
            </param>
          </params>
          <reporter-output>
          </reporter-output>
        </test-method> <!-- setup -->
        <test-method status="PASS" signature="tearDown(org.testng.ITestResult, java.lang.reflect.Method)[pri:0, instance:maintest.SPcasereg@d41cee]" name="tearDown" is-config="true" duration-ms="0" started-at="2018-09-18T17:27:32Z" finished-at="2018-09-18T17:27:32Z">
          <params>
            <param index="0">
              <value>
                <![CDATA[[TestResult name=TC_SPCR_022 status=SUCCESS method=SPcasereg.TC_SPCR_022()[pri:0, instance:maintest.SPcasereg@d41cee] output=Test Method resides in maintest.SPcasereg]]]>
              </value>
            </param>
            <param index="1">
              <value>
                <![CDATA[public void maintest.SPcasereg.TC_SPCR_022() throws java.lang.Exception]]>
              </value>
            </param>
          </params>
          <reporter-output>
          </reporter-output>
        </test-method> <!-- tearDown -->
        <test-method status="PASS" signature="TC_SPCR_023()[pri:0, instance:maintest.SPcasereg@d41cee]" name="TC_SPCR_023" duration-ms="19356" started-at="2018-09-18T17:27:32Z" depends-on-methods="maintest.SPcasereg.Login" finished-at="2018-09-18T17:27:51Z">
          <reporter-output>
            <line>
              <![CDATA[Test Method resides in maintest.SPcasereg]]>
            </line>
            <line>
              <![CDATA[Test Status: Pass]]>
            </line>
          </reporter-output>
        </test-method> <!-- TC_SPCR_023 -->
        <test-method status="PASS" signature="tearDown(org.testng.ITestResult, java.lang.reflect.Method)[pri:0, instance:maintest.SPcasereg@d41cee]" name="tearDown" is-config="true" duration-ms="0" started-at="2018-09-18T17:27:51Z" finished-at="2018-09-18T17:27:51Z">
          <params>
            <param index="0">
              <value>
                <![CDATA[[TestResult name=TC_SPCR_023 status=SUCCESS method=SPcasereg.TC_SPCR_023()[pri:0, instance:maintest.SPcasereg@d41cee] output=Test Method resides in maintest.SPcasereg]]]>
              </value>
            </param>
            <param index="1">
              <value>
                <![CDATA[public void maintest.SPcasereg.TC_SPCR_023() throws java.lang.Exception]]>
              </value>
            </param>
          </params>
          <reporter-output>
          </reporter-output>
        </test-method> <!-- tearDown -->
        <test-method status="PASS" signature="TC_SPCR_024()[pri:0, instance:maintest.SPcasereg@d41cee]" name="TC_SPCR_024" duration-ms="7782" started-at="2018-09-18T17:27:51Z" depends-on-methods="maintest.SPcasereg.TC_SPCR_023" finished-at="2018-09-18T17:27:59Z">
          <reporter-output>
            <line>
              <![CDATA[Test Method resides in maintest.SPcasereg]]>
            </line>
            <line>
              <![CDATA[Test Status: Pass]]>
            </line>
          </reporter-output>
        </test-method> <!-- TC_SPCR_024 -->
        <test-method status="PASS" signature="setup(java.lang.reflect.Method)[pri:0, instance:maintest.SPcasereg@d41cee]" name="setup" is-config="true" duration-ms="0" started-at="2018-09-18T17:27:51Z" finished-at="2018-09-18T17:27:51Z">
          <params>
            <param index="0">
              <value>
                <![CDATA[public void maintest.SPcasereg.TC_SPCR_024() throws java.lang.Exception]]>
              </value>
            </param>
          </params>
          <reporter-output>
          </reporter-output>
        </test-method> <!-- setup -->
        <test-method status="PASS" signature="tearDown(org.testng.ITestResult, java.lang.reflect.Method)[pri:0, instance:maintest.SPcasereg@d41cee]" name="tearDown" is-config="true" duration-ms="16" started-at="2018-09-18T17:27:59Z" finished-at="2018-09-18T17:27:59Z">
          <params>
            <param index="0">
              <value>
                <![CDATA[[TestResult name=TC_SPCR_024 status=SUCCESS method=SPcasereg.TC_SPCR_024()[pri:0, instance:maintest.SPcasereg@d41cee] output=Test Method resides in maintest.SPcasereg]]]>
              </value>
            </param>
            <param index="1">
              <value>
                <![CDATA[public void maintest.SPcasereg.TC_SPCR_024() throws java.lang.Exception]]>
              </value>
            </param>
          </params>
          <reporter-output>
          </reporter-output>
        </test-method> <!-- tearDown -->
        <test-method status="PASS" signature="teardown()[pri:0, instance:maintest.SPcasereg@d41cee]" name="teardown" is-config="true" duration-ms="0" started-at="2018-09-18T17:27:59Z" finished-at="2018-09-18T17:27:59Z">
          <reporter-output>
          </reporter-output>
        </test-method> <!-- teardown -->
        <test-method status="PASS" signature="afterSuite()[pri:0, instance:maintest.SPcasereg@d41cee]" name="afterSuite" is-config="true" duration-ms="408" started-at="2018-09-18T17:27:59Z" finished-at="2018-09-18T17:27:59Z">
          <reporter-output>
          </reporter-output>
        </test-method> <!-- afterSuite -->
      </class> <!-- maintest.SPcasereg -->
    </test> <!-- Default test -->
  </suite> <!-- Default suite -->
</testng-results>
