<?xml version="1.0" encoding="UTF-8"?>
<testng-results skipped="0" failed="0" total="60" passed="60">
  <reporter-output>
    <line>
      <![CDATA[About to begin executing Test insuff]]>
    </line>
    <line>
      <![CDATA[Test Method resides in maintest.SPcasereg]]>
    </line>
    <line>
      <![CDATA[Test Status: Pass]]>
    </line>
    <line>
      <![CDATA[Test Method resides in maintest.SPcasereg]]>
    </line>
    <line>
      <![CDATA[Test Status: Pass]]>
    </line>
    <line>
      <![CDATA[Test Method resides in maintest.SPcasereg]]>
    </line>
    <line>
      <![CDATA[Test Status: Pass]]>
    </line>
    <line>
      <![CDATA[Test Method resides in maintest.SPcasereg]]>
    </line>
    <line>
      <![CDATA[Test Status: Pass]]>
    </line>
    <line>
      <![CDATA[Test Method resides in maintest.SPcasereg]]>
    </line>
    <line>
      <![CDATA[Test Status: Pass]]>
    </line>
    <line>
      <![CDATA[Test Method resides in maintest.SPcasereg]]>
    </line>
    <line>
      <![CDATA[Test Status: Pass]]>
    </line>
    <line>
      <![CDATA[Test Method resides in maintest.SPcasereg]]>
    </line>
    <line>
      <![CDATA[Test Status: Pass]]>
    </line>
    <line>
      <![CDATA[Test Method resides in maintest.SPcasereg]]>
    </line>
    <line>
      <![CDATA[Test Status: Pass]]>
    </line>
    <line>
      <![CDATA[Test Method resides in maintest.SPcasereg]]>
    </line>
    <line>
      <![CDATA[Test Status: Pass]]>
    </line>
    <line>
      <![CDATA[Test Method resides in maintest.SPcasereg]]>
    </line>
    <line>
      <![CDATA[Test Status: Pass]]>
    </line>
    <line>
      <![CDATA[Test Method resides in maintest.SPcasereg]]>
    </line>
    <line>
      <![CDATA[Test Status: Pass]]>
    </line>
    <line>
      <![CDATA[Test Method resides in maintest.SPcasereg]]>
    </line>
    <line>
      <![CDATA[Test Status: Pass]]>
    </line>
    <line>
      <![CDATA[Test Method resides in maintest.SPcasereg]]>
    </line>
    <line>
      <![CDATA[Test Status: Pass]]>
    </line>
    <line>
      <![CDATA[Test Method resides in maintest.SPcasereg]]>
    </line>
    <line>
      <![CDATA[Test Status: Pass]]>
    </line>
    <line>
      <![CDATA[Test Method resides in maintest.SPcasereg]]>
    </line>
    <line>
      <![CDATA[Test Status: Pass]]>
    </line>
    <line>
      <![CDATA[Test Method resides in maintest.SPcasereg]]>
    </line>
    <line>
      <![CDATA[Test Status: Pass]]>
    </line>
    <line>
      <![CDATA[Test Method resides in maintest.SPcasereg]]>
    </line>
    <line>
      <![CDATA[Test Status: Pass]]>
    </line>
    <line>
      <![CDATA[Test Method resides in maintest.SPcasereg]]>
    </line>
    <line>
      <![CDATA[Test Status: Pass]]>
    </line>
    <line>
      <![CDATA[Test Method resides in maintest.SPcasereg]]>
    </line>
    <line>
      <![CDATA[Test Status: Pass]]>
    </line>
    <line>
      <![CDATA[Test Method resides in maintest.SPcasereg]]>
    </line>
    <line>
      <![CDATA[Test Status: Pass]]>
    </line>
    <line>
      <![CDATA[Test Method resides in maintest.SPcasereg]]>
    </line>
    <line>
      <![CDATA[Test Status: Pass]]>
    </line>
    <line>
      <![CDATA[Test Method resides in maintest.SPcasereg]]>
    </line>
    <line>
      <![CDATA[Test Status: Pass]]>
    </line>
    <line>
      <![CDATA[Test Method resides in maintest.SPcasereg]]>
    </line>
    <line>
      <![CDATA[Test Status: Pass]]>
    </line>
    <line>
      <![CDATA[Test Method resides in maintest.SPcasereg]]>
    </line>
    <line>
      <![CDATA[Test Status: Pass]]>
    </line>
    <line>
      <![CDATA[Test Method resides in maintest.SPcasereg]]>
    </line>
    <line>
      <![CDATA[Test Status: Pass]]>
    </line>
    <line>
      <![CDATA[Test Method resides in maintest.SPcasereg]]>
    </line>
    <line>
      <![CDATA[Test Status: Pass]]>
    </line>
    <line>
      <![CDATA[Test Method resides in maintest.SPcasereg]]>
    </line>
    <line>
      <![CDATA[Test Status: Pass]]>
    </line>
    <line>
      <![CDATA[Test Method resides in maintest.SPcasereg]]>
    </line>
    <line>
      <![CDATA[Test Status: Pass]]>
    </line>
    <line>
      <![CDATA[Test Method resides in maintest.SPcasereg]]>
    </line>
    <line>
      <![CDATA[Test Status: Pass]]>
    </line>
    <line>
      <![CDATA[Test Method resides in maintest.SPcasereg]]>
    </line>
    <line>
      <![CDATA[Test Status: Pass]]>
    </line>
    <line>
      <![CDATA[Test Method resides in maintest.SPcasereg]]>
    </line>
    <line>
      <![CDATA[Test Status: Pass]]>
    </line>
    <line>
      <![CDATA[Test Method resides in maintest.SPcasereg]]>
    </line>
    <line>
      <![CDATA[Test Status: Pass]]>
    </line>
    <line>
      <![CDATA[Test Method resides in maintest.SPcasereg]]>
    </line>
    <line>
      <![CDATA[Test Status: Pass]]>
    </line>
    <line>
      <![CDATA[Test Method resides in maintest.SPcasereg]]>
    </line>
    <line>
      <![CDATA[Test Status: Pass]]>
    </line>
    <line>
      <![CDATA[Test Method resides in maintest.SPcasereg]]>
    </line>
    <line>
      <![CDATA[Test Status: Pass]]>
    </line>
    <line>
      <![CDATA[Test Method resides in maintest.SPcasereg]]>
    </line>
    <line>
      <![CDATA[Test Status: Pass]]>
    </line>
    <line>
      <![CDATA[Test Method resides in maintest.SPcasereg]]>
    </line>
    <line>
      <![CDATA[Test Status: Pass]]>
    </line>
    <line>
      <![CDATA[Test Method resides in maintest.SPcasereg]]>
    </line>
    <line>
      <![CDATA[Test Status: Pass]]>
    </line>
    <line>
      <![CDATA[Test Method resides in maintest.SPcasereg]]>
    </line>
    <line>
      <![CDATA[Test Status: Pass]]>
    </line>
    <line>
      <![CDATA[Test Method resides in maintest.SPcasereg]]>
    </line>
    <line>
      <![CDATA[Test Status: Pass]]>
    </line>
    <line>
      <![CDATA[Test Method resides in maintest.SPcasereg]]>
    </line>
    <line>
      <![CDATA[Test Status: Pass]]>
    </line>
    <line>
      <![CDATA[Test Method resides in maintest.SPcasereg]]>
    </line>
    <line>
      <![CDATA[Test Status: Pass]]>
    </line>
    <line>
      <![CDATA[Test Method resides in maintest.SPcasereg]]>
    </line>
    <line>
      <![CDATA[Test Status: Pass]]>
    </line>
    <line>
      <![CDATA[Test Method resides in maintest.SPcasereg]]>
    </line>
    <line>
      <![CDATA[Test Status: Pass]]>
    </line>
    <line>
      <![CDATA[Test Method resides in maintest.SPcasereg]]>
    </line>
    <line>
      <![CDATA[Test Status: Pass]]>
    </line>
    <line>
      <![CDATA[Test Method resides in maintest.SPcasereg]]>
    </line>
    <line>
      <![CDATA[Test Status: Pass]]>
    </line>
    <line>
      <![CDATA[Test Method resides in maintest.SPcasereg]]>
    </line>
    <line>
      <![CDATA[Test Status: Pass]]>
    </line>
    <line>
      <![CDATA[Test Method resides in maintest.SPcasereg]]>
    </line>
    <line>
      <![CDATA[Test Status: Pass]]>
    </line>
    <line>
      <![CDATA[Test Method resides in maintest.SPcasereg]]>
    </line>
    <line>
      <![CDATA[Test Status: Pass]]>
    </line>
    <line>
      <![CDATA[Test Method resides in maintest.SPcasereg]]>
    </line>
    <line>
      <![CDATA[Test Status: Pass]]>
    </line>
    <line>
      <![CDATA[Test Method resides in maintest.SPcasereg]]>
    </line>
    <line>
      <![CDATA[Test Status: Pass]]>
    </line>
    <line>
      <![CDATA[Test Method resides in maintest.SPcasereg]]>
    </line>
    <line>
      <![CDATA[Test Status: Pass]]>
    </line>
    <line>
      <![CDATA[Test Method resides in maintest.SPcasereg]]>
    </line>
    <line>
      <![CDATA[Test Status: Pass]]>
    </line>
    <line>
      <![CDATA[Test Method resides in maintest.SPcasereg]]>
    </line>
    <line>
      <![CDATA[Test Status: Pass]]>
    </line>
    <line>
      <![CDATA[Test Method resides in maintest.SPcasereg]]>
    </line>
    <line>
      <![CDATA[Test Status: Pass]]>
    </line>
    <line>
      <![CDATA[Test Method resides in maintest.SPcasereg]]>
    </line>
    <line>
      <![CDATA[Test Status: Pass]]>
    </line>
    <line>
      <![CDATA[Test Method resides in maintest.SPcasereg]]>
    </line>
    <line>
      <![CDATA[Test Status: Pass]]>
    </line>
    <line>
      <![CDATA[Test Method resides in maintest.SPcasereg]]>
    </line>
    <line>
      <![CDATA[Test Status: Pass]]>
    </line>
    <line>
      <![CDATA[Test Method resides in maintest.SPcasereg]]>
    </line>
    <line>
      <![CDATA[Test Status: Pass]]>
    </line>
    <line>
      <![CDATA[Test Method resides in maintest.SPcasereg]]>
    </line>
    <line>
      <![CDATA[Test Status: Pass]]>
    </line>
    <line>
      <![CDATA[Completed executing test insuff]]>
    </line>
  </reporter-output>
  <suite name="regression testing" duration-ms="2047776" started-at="2018-10-12T13:00:45Z" finished-at="2018-10-12T13:34:53Z">
    <groups>
      <group name="spcase registration">
        <method signature="SPcasereg.Login()[pri:0, instance:maintest.SPcasereg@d25987]" name="Login" class="maintest.SPcasereg"/>
        <method signature="SPcasereg.TC_SCPR_004()[pri:0, instance:maintest.SPcasereg@d25987]" name="TC_SCPR_004" class="maintest.SPcasereg"/>
        <method signature="SPcasereg.TC_SPCR_001()[pri:0, instance:maintest.SPcasereg@d25987]" name="TC_SPCR_001" class="maintest.SPcasereg"/>
        <method signature="SPcasereg.TC_SPCR_002()[pri:0, instance:maintest.SPcasereg@d25987]" name="TC_SPCR_002" class="maintest.SPcasereg"/>
        <method signature="SPcasereg.TC_SPCR_003()[pri:0, instance:maintest.SPcasereg@d25987]" name="TC_SPCR_003" class="maintest.SPcasereg"/>
        <method signature="SPcasereg.TC_SPCR_005()[pri:0, instance:maintest.SPcasereg@d25987]" name="TC_SPCR_005" class="maintest.SPcasereg"/>
        <method signature="SPcasereg.TC_SPCR_006()[pri:0, instance:maintest.SPcasereg@d25987]" name="TC_SPCR_006" class="maintest.SPcasereg"/>
        <method signature="SPcasereg.TC_SPCR_007()[pri:0, instance:maintest.SPcasereg@d25987]" name="TC_SPCR_007" class="maintest.SPcasereg"/>
        <method signature="SPcasereg.TC_SPCR_008()[pri:0, instance:maintest.SPcasereg@d25987]" name="TC_SPCR_008" class="maintest.SPcasereg"/>
        <method signature="SPcasereg.TC_SPCR_009()[pri:0, instance:maintest.SPcasereg@d25987]" name="TC_SPCR_009" class="maintest.SPcasereg"/>
        <method signature="SPcasereg.TC_SPCR_010()[pri:0, instance:maintest.SPcasereg@d25987]" name="TC_SPCR_010" class="maintest.SPcasereg"/>
        <method signature="SPcasereg.TC_SPCR_011()[pri:0, instance:maintest.SPcasereg@d25987]" name="TC_SPCR_011" class="maintest.SPcasereg"/>
        <method signature="SPcasereg.TC_SPCR_022()[pri:0, instance:maintest.SPcasereg@d25987]" name="TC_SPCR_022" class="maintest.SPcasereg"/>
        <method signature="SPcasereg.TC_SPCR_023()[pri:0, instance:maintest.SPcasereg@d25987]" name="TC_SPCR_023" class="maintest.SPcasereg"/>
        <method signature="SPcasereg.TC_SPCR_024()[pri:0, instance:maintest.SPcasereg@d25987]" name="TC_SPCR_024" class="maintest.SPcasereg"/>
        <method signature="SPcasereg.TC_SPCR_025()[pri:0, instance:maintest.SPcasereg@d25987]" name="TC_SPCR_025" class="maintest.SPcasereg"/>
        <method signature="SPcasereg.TC_SPCR_026()[pri:0, instance:maintest.SPcasereg@d25987]" name="TC_SPCR_026" class="maintest.SPcasereg"/>
        <method signature="SPcasereg.TC_SPCR_027()[pri:0, instance:maintest.SPcasereg@d25987]" name="TC_SPCR_027" class="maintest.SPcasereg"/>
      </group> <!-- spcase registration -->
      <group name="not applicable">
        <method signature="SPcasereg.TC_SPNAPP_001()[pri:0, instance:maintest.SPcasereg@d25987]" name="TC_SPNAPP_001" class="maintest.SPcasereg"/>
        <method signature="SPcasereg.TC_SPCEP_001()[pri:0, instance:maintest.SPcasereg@d25987]" name="TC_SPCEP_001" class="maintest.SPcasereg"/>
      </group> <!-- not applicable -->
      <group name="insuff">
        <method signature="SPcasereg.Login()[pri:0, instance:maintest.SPcasereg@d25987]" name="Login" class="maintest.SPcasereg"/>
        <method signature="SPcasereg.TC_SPINF_001()[pri:0, instance:maintest.SPcasereg@d25987]" name="TC_SPINF_001" class="maintest.SPcasereg"/>
        <method signature="SPcasereg.TC_SPINF_002()[pri:0, instance:maintest.SPcasereg@d25987]" name="TC_SPINF_002" class="maintest.SPcasereg"/>
        <method signature="SPcasereg.TC_SPINF_003()[pri:0, instance:maintest.SPcasereg@d25987]" name="TC_SPINF_003" class="maintest.SPcasereg"/>
        <method signature="SPcasereg.TC_SPINF_004()[pri:0, instance:maintest.SPcasereg@d25987]" name="TC_SPINF_004" class="maintest.SPcasereg"/>
        <method signature="SPcasereg.TC_SPINF_005()[pri:0, instance:maintest.SPcasereg@d25987]" name="TC_SPINF_005" class="maintest.SPcasereg"/>
        <method signature="SPcasereg.TC_SPINF_006()[pri:0, instance:maintest.SPcasereg@d25987]" name="TC_SPINF_006" class="maintest.SPcasereg"/>
        <method signature="SPcasereg.TC_SPINF_007()[pri:0, instance:maintest.SPcasereg@d25987]" name="TC_SPINF_007" class="maintest.SPcasereg"/>
        <method signature="SPcasereg.TC_SPINF_008()[pri:0, instance:maintest.SPcasereg@d25987]" name="TC_SPINF_008" class="maintest.SPcasereg"/>
        <method signature="SPcasereg.TC_SPINF_009()[pri:0, instance:maintest.SPcasereg@d25987]" name="TC_SPINF_009" class="maintest.SPcasereg"/>
        <method signature="SPcasereg.TC_SPINF_010()[pri:0, instance:maintest.SPcasereg@d25987]" name="TC_SPINF_010" class="maintest.SPcasereg"/>
        <method signature="SPcasereg.TC_SPINF_011()[pri:0, instance:maintest.SPcasereg@d25987]" name="TC_SPINF_011" class="maintest.SPcasereg"/>
        <method signature="SPcasereg.TC_SPINF_014()[pri:0, instance:maintest.SPcasereg@d25987]" name="TC_SPINF_014" class="maintest.SPcasereg"/>
        <method signature="SPcasereg.TC_SPINF_017()[pri:0, instance:maintest.SPcasereg@d25987]" name="TC_SPINF_017" class="maintest.SPcasereg"/>
        <method signature="SPcasereg.TC_SPINF_020()[pri:0, instance:maintest.SPcasereg@d25987]" name="TC_SPINF_020" class="maintest.SPcasereg"/>
        <method signature="SPcasereg.TC_SPINF_023()[pri:0, instance:maintest.SPcasereg@d25987]" name="TC_SPINF_023" class="maintest.SPcasereg"/>
        <method signature="SPcasereg.TC_SPINF_026()[pri:0, instance:maintest.SPcasereg@d25987]" name="TC_SPINF_026" class="maintest.SPcasereg"/>
        <method signature="SPcasereg.TC_SPINF_029()[pri:0, instance:maintest.SPcasereg@d25987]" name="TC_SPINF_029" class="maintest.SPcasereg"/>
        <method signature="SPcasereg.TC_SPINF_032()[pri:0, instance:maintest.SPcasereg@d25987]" name="TC_SPINF_032" class="maintest.SPcasereg"/>
        <method signature="SPcasereg.TC_SPINF_035()[pri:0, instance:maintest.SPcasereg@d25987]" name="TC_SPINF_035" class="maintest.SPcasereg"/>
        <method signature="SPcasereg.TC_SPINF_038()[pri:0, instance:maintest.SPcasereg@d25987]" name="TC_SPINF_038" class="maintest.SPcasereg"/>
        <method signature="SPcasereg.TC_SPINF_012()[pri:0, instance:maintest.SPcasereg@d25987]" name="TC_SPINF_012" class="maintest.SPcasereg"/>
        <method signature="SPcasereg.TC_SPINF_015()[pri:0, instance:maintest.SPcasereg@d25987]" name="TC_SPINF_015" class="maintest.SPcasereg"/>
        <method signature="SPcasereg.TC_SPINF_018()[pri:0, instance:maintest.SPcasereg@d25987]" name="TC_SPINF_018" class="maintest.SPcasereg"/>
        <method signature="SPcasereg.TC_SPINF_021()[pri:0, instance:maintest.SPcasereg@d25987]" name="TC_SPINF_021" class="maintest.SPcasereg"/>
        <method signature="SPcasereg.TC_SPINF_024()[pri:0, instance:maintest.SPcasereg@d25987]" name="TC_SPINF_024" class="maintest.SPcasereg"/>
        <method signature="SPcasereg.TC_SPINF_027()[pri:0, instance:maintest.SPcasereg@d25987]" name="TC_SPINF_027" class="maintest.SPcasereg"/>
        <method signature="SPcasereg.TC_SPINF_030()[pri:0, instance:maintest.SPcasereg@d25987]" name="TC_SPINF_030" class="maintest.SPcasereg"/>
        <method signature="SPcasereg.TC_SPINF_033()[pri:0, instance:maintest.SPcasereg@d25987]" name="TC_SPINF_033" class="maintest.SPcasereg"/>
        <method signature="SPcasereg.TC_SPINF_039()[pri:0, instance:maintest.SPcasereg@d25987]" name="TC_SPINF_039" class="maintest.SPcasereg"/>
      </group> <!-- insuff -->
      <group name="smoketest">
        <method signature="SPcasereg.Login()[pri:0, instance:maintest.SPcasereg@d25987]" name="Login" class="maintest.SPcasereg"/>
        <method signature="SPcasereg.TC_SPCR_001()[pri:0, instance:maintest.SPcasereg@d25987]" name="TC_SPCR_001" class="maintest.SPcasereg"/>
        <method signature="SPcasereg.TC_SPCR_010()[pri:0, instance:maintest.SPcasereg@d25987]" name="TC_SPCR_010" class="maintest.SPcasereg"/>
        <method signature="SPcasereg.TC_SPCR_022()[pri:0, instance:maintest.SPcasereg@d25987]" name="TC_SPCR_022" class="maintest.SPcasereg"/>
        <method signature="SPcasereg.TC_SPCR_023()[pri:0, instance:maintest.SPcasereg@d25987]" name="TC_SPCR_023" class="maintest.SPcasereg"/>
        <method signature="SPcasereg.TC_SPCR_024()[pri:0, instance:maintest.SPcasereg@d25987]" name="TC_SPCR_024" class="maintest.SPcasereg"/>
        <method signature="SPcasereg.TC_SPCR_025()[pri:0, instance:maintest.SPcasereg@d25987]" name="TC_SPCR_025" class="maintest.SPcasereg"/>
        <method signature="SPcasereg.TC_SPCR_026()[pri:0, instance:maintest.SPcasereg@d25987]" name="TC_SPCR_026" class="maintest.SPcasereg"/>
        <method signature="SPcasereg.TC_SPCR_027()[pri:0, instance:maintest.SPcasereg@d25987]" name="TC_SPCR_027" class="maintest.SPcasereg"/>
      </group> <!-- smoketest -->
    </groups>
    <test name="insuff" duration-ms="2047776" started-at="2018-10-12T13:00:45Z" finished-at="2018-10-12T13:34:53Z">
      <class name="maintest.SPcasereg">
        <test-method status="PASS" signature="beforeSuit()[pri:0, instance:maintest.SPcasereg@d25987]" name="beforeSuit" is-config="true" duration-ms="125" started-at="2018-10-12T18:30:45Z" finished-at="2018-10-12T18:30:45Z">
          <reporter-output>
          </reporter-output>
        </test-method> <!-- beforeSuit -->
        <test-method status="PASS" signature="beforetest()[pri:0, instance:maintest.SPcasereg@d25987]" name="beforetest" is-config="true" duration-ms="4300" started-at="2018-10-12T18:30:45Z" finished-at="2018-10-12T18:30:50Z">
          <reporter-output>
          </reporter-output>
        </test-method> <!-- beforetest -->
        <test-method status="PASS" signature="setup(java.lang.reflect.Method)[pri:0, instance:maintest.SPcasereg@d25987]" name="setup" is-config="true" duration-ms="11" started-at="2018-10-12T18:30:50Z" finished-at="2018-10-12T18:30:50Z">
          <params>
            <param index="0">
              <value>
                <![CDATA[public void maintest.SPcasereg.Login() throws java.lang.Exception]]>
              </value>
            </param>
          </params>
          <reporter-output>
          </reporter-output>
        </test-method> <!-- setup -->
        <test-method status="PASS" signature="Login()[pri:0, instance:maintest.SPcasereg@d25987]" name="Login" duration-ms="10912" started-at="2018-10-12T18:30:50Z" finished-at="2018-10-12T18:31:01Z">
          <reporter-output>
            <line>
              <![CDATA[Test Method resides in maintest.SPcasereg]]>
            </line>
            <line>
              <![CDATA[Test Status: Pass]]>
            </line>
          </reporter-output>
        </test-method> <!-- Login -->
        <test-method status="PASS" signature="TC_SPCR_001()[pri:0, instance:maintest.SPcasereg@d25987]" name="TC_SPCR_001" duration-ms="4384" started-at="2018-10-12T18:31:01Z" finished-at="2018-10-12T18:31:05Z">
          <reporter-output>
            <line>
              <![CDATA[Test Method resides in maintest.SPcasereg]]>
            </line>
            <line>
              <![CDATA[Test Status: Pass]]>
            </line>
          </reporter-output>
        </test-method> <!-- TC_SPCR_001 -->
        <test-method status="PASS" signature="setup(java.lang.reflect.Method)[pri:0, instance:maintest.SPcasereg@d25987]" name="setup" is-config="true" duration-ms="0" started-at="2018-10-12T18:31:01Z" finished-at="2018-10-12T18:31:01Z">
          <params>
            <param index="0">
              <value>
                <![CDATA[public void maintest.SPcasereg.TC_SPCR_001() throws java.lang.Exception]]>
              </value>
            </param>
          </params>
          <reporter-output>
          </reporter-output>
        </test-method> <!-- setup -->
        <test-method status="PASS" signature="tearDown(org.testng.ITestResult, java.lang.reflect.Method)[pri:0, instance:maintest.SPcasereg@d25987]" name="tearDown" is-config="true" duration-ms="0" started-at="2018-10-12T18:31:01Z" finished-at="2018-10-12T18:31:01Z">
          <params>
            <param index="0">
              <value>
                <![CDATA[[TestResult name=Login status=SUCCESS method=SPcasereg.Login()[pri:0, instance:maintest.SPcasereg@d25987] output=Test Method resides in maintest.SPcasereg]]]>
              </value>
            </param>
            <param index="1">
              <value>
                <![CDATA[public void maintest.SPcasereg.Login() throws java.lang.Exception]]>
              </value>
            </param>
          </params>
          <reporter-output>
          </reporter-output>
        </test-method> <!-- tearDown -->
        <test-method status="PASS" signature="tearDown(org.testng.ITestResult, java.lang.reflect.Method)[pri:0, instance:maintest.SPcasereg@d25987]" name="tearDown" is-config="true" duration-ms="0" started-at="2018-10-12T18:31:05Z" finished-at="2018-10-12T18:31:05Z">
          <params>
            <param index="0">
              <value>
                <![CDATA[[TestResult name=TC_SPCR_001 status=SUCCESS method=SPcasereg.TC_SPCR_001()[pri:0, instance:maintest.SPcasereg@d25987] output=Test Method resides in maintest.SPcasereg]]]>
              </value>
            </param>
            <param index="1">
              <value>
                <![CDATA[public void maintest.SPcasereg.TC_SPCR_001() throws java.lang.Exception]]>
              </value>
            </param>
          </params>
          <reporter-output>
          </reporter-output>
        </test-method> <!-- tearDown -->
        <test-method status="PASS" signature="TC_SPCR_002()[pri:0, instance:maintest.SPcasereg@d25987]" name="TC_SPCR_002" duration-ms="3258" started-at="2018-10-12T18:31:05Z" finished-at="2018-10-12T18:31:08Z">
          <reporter-output>
            <line>
              <![CDATA[Test Method resides in maintest.SPcasereg]]>
            </line>
            <line>
              <![CDATA[Test Status: Pass]]>
            </line>
          </reporter-output>
        </test-method> <!-- TC_SPCR_002 -->
        <test-method status="PASS" signature="setup(java.lang.reflect.Method)[pri:0, instance:maintest.SPcasereg@d25987]" name="setup" is-config="true" duration-ms="0" started-at="2018-10-12T18:31:05Z" finished-at="2018-10-12T18:31:05Z">
          <params>
            <param index="0">
              <value>
                <![CDATA[public void maintest.SPcasereg.TC_SPCR_002()]]>
              </value>
            </param>
          </params>
          <reporter-output>
          </reporter-output>
        </test-method> <!-- setup -->
        <test-method status="PASS" signature="setup(java.lang.reflect.Method)[pri:0, instance:maintest.SPcasereg@d25987]" name="setup" is-config="true" duration-ms="0" started-at="2018-10-12T18:31:08Z" finished-at="2018-10-12T18:31:08Z">
          <params>
            <param index="0">
              <value>
                <![CDATA[public void maintest.SPcasereg.TC_SPCR_003()]]>
              </value>
            </param>
          </params>
          <reporter-output>
          </reporter-output>
        </test-method> <!-- setup -->
        <test-method status="PASS" signature="TC_SPCR_003()[pri:0, instance:maintest.SPcasereg@d25987]" name="TC_SPCR_003" duration-ms="63" started-at="2018-10-12T18:31:08Z" finished-at="2018-10-12T18:31:08Z">
          <reporter-output>
            <line>
              <![CDATA[Test Method resides in maintest.SPcasereg]]>
            </line>
            <line>
              <![CDATA[Test Status: Pass]]>
            </line>
          </reporter-output>
        </test-method> <!-- TC_SPCR_003 -->
        <test-method status="PASS" signature="tearDown(org.testng.ITestResult, java.lang.reflect.Method)[pri:0, instance:maintest.SPcasereg@d25987]" name="tearDown" is-config="true" duration-ms="0" started-at="2018-10-12T18:31:08Z" finished-at="2018-10-12T18:31:08Z">
          <params>
            <param index="0">
              <value>
                <![CDATA[[TestResult name=TC_SPCR_002 status=SUCCESS method=SPcasereg.TC_SPCR_002()[pri:0, instance:maintest.SPcasereg@d25987] output=Test Method resides in maintest.SPcasereg]]]>
              </value>
            </param>
            <param index="1">
              <value>
                <![CDATA[public void maintest.SPcasereg.TC_SPCR_002()]]>
              </value>
            </param>
          </params>
          <reporter-output>
          </reporter-output>
        </test-method> <!-- tearDown -->
        <test-method status="PASS" signature="tearDown(org.testng.ITestResult, java.lang.reflect.Method)[pri:0, instance:maintest.SPcasereg@d25987]" name="tearDown" is-config="true" duration-ms="16" started-at="2018-10-12T18:31:08Z" finished-at="2018-10-12T18:31:08Z">
          <params>
            <param index="0">
              <value>
                <![CDATA[[TestResult name=TC_SPCR_003 status=SUCCESS method=SPcasereg.TC_SPCR_003()[pri:0, instance:maintest.SPcasereg@d25987] output=Test Method resides in maintest.SPcasereg]]]>
              </value>
            </param>
            <param index="1">
              <value>
                <![CDATA[public void maintest.SPcasereg.TC_SPCR_003()]]>
              </value>
            </param>
          </params>
          <reporter-output>
          </reporter-output>
        </test-method> <!-- tearDown -->
        <test-method status="PASS" signature="TC_SCPR_004()[pri:0, instance:maintest.SPcasereg@d25987]" name="TC_SCPR_004" duration-ms="46" started-at="2018-10-12T18:31:08Z" finished-at="2018-10-12T18:31:08Z">
          <reporter-output>
            <line>
              <![CDATA[Test Method resides in maintest.SPcasereg]]>
            </line>
            <line>
              <![CDATA[Test Status: Pass]]>
            </line>
          </reporter-output>
        </test-method> <!-- TC_SCPR_004 -->
        <test-method status="PASS" signature="setup(java.lang.reflect.Method)[pri:0, instance:maintest.SPcasereg@d25987]" name="setup" is-config="true" duration-ms="0" started-at="2018-10-12T18:31:08Z" finished-at="2018-10-12T18:31:08Z">
          <params>
            <param index="0">
              <value>
                <![CDATA[public void maintest.SPcasereg.TC_SCPR_004()]]>
              </value>
            </param>
          </params>
          <reporter-output>
          </reporter-output>
        </test-method> <!-- setup -->
        <test-method status="PASS" signature="setup(java.lang.reflect.Method)[pri:0, instance:maintest.SPcasereg@d25987]" name="setup" is-config="true" duration-ms="0" started-at="2018-10-12T18:31:08Z" finished-at="2018-10-12T18:31:08Z">
          <params>
            <param index="0">
              <value>
                <![CDATA[public void maintest.SPcasereg.TC_SPCR_005()]]>
              </value>
            </param>
          </params>
          <reporter-output>
          </reporter-output>
        </test-method> <!-- setup -->
        <test-method status="PASS" signature="tearDown(org.testng.ITestResult, java.lang.reflect.Method)[pri:0, instance:maintest.SPcasereg@d25987]" name="tearDown" is-config="true" duration-ms="0" started-at="2018-10-12T18:31:08Z" finished-at="2018-10-12T18:31:08Z">
          <params>
            <param index="0">
              <value>
                <![CDATA[[TestResult name=TC_SCPR_004 status=SUCCESS method=SPcasereg.TC_SCPR_004()[pri:0, instance:maintest.SPcasereg@d25987] output=Test Method resides in maintest.SPcasereg]]]>
              </value>
            </param>
            <param index="1">
              <value>
                <![CDATA[public void maintest.SPcasereg.TC_SCPR_004()]]>
              </value>
            </param>
          </params>
          <reporter-output>
          </reporter-output>
        </test-method> <!-- tearDown -->
        <test-method status="PASS" signature="TC_SPCR_005()[pri:0, instance:maintest.SPcasereg@d25987]" name="TC_SPCR_005" duration-ms="47" started-at="2018-10-12T18:31:08Z" finished-at="2018-10-12T18:31:08Z">
          <reporter-output>
            <line>
              <![CDATA[Test Method resides in maintest.SPcasereg]]>
            </line>
            <line>
              <![CDATA[Test Status: Pass]]>
            </line>
          </reporter-output>
        </test-method> <!-- TC_SPCR_005 -->
        <test-method status="PASS" signature="setup(java.lang.reflect.Method)[pri:0, instance:maintest.SPcasereg@d25987]" name="setup" is-config="true" duration-ms="0" started-at="2018-10-12T18:31:08Z" finished-at="2018-10-12T18:31:08Z">
          <params>
            <param index="0">
              <value>
                <![CDATA[public void maintest.SPcasereg.TC_SPCR_006()]]>
              </value>
            </param>
          </params>
          <reporter-output>
          </reporter-output>
        </test-method> <!-- setup -->
        <test-method status="PASS" signature="tearDown(org.testng.ITestResult, java.lang.reflect.Method)[pri:0, instance:maintest.SPcasereg@d25987]" name="tearDown" is-config="true" duration-ms="0" started-at="2018-10-12T18:31:08Z" finished-at="2018-10-12T18:31:08Z">
          <params>
            <param index="0">
              <value>
                <![CDATA[[TestResult name=TC_SPCR_005 status=SUCCESS method=SPcasereg.TC_SPCR_005()[pri:0, instance:maintest.SPcasereg@d25987] output=Test Method resides in maintest.SPcasereg]]]>
              </value>
            </param>
            <param index="1">
              <value>
                <![CDATA[public void maintest.SPcasereg.TC_SPCR_005()]]>
              </value>
            </param>
          </params>
          <reporter-output>
          </reporter-output>
        </test-method> <!-- tearDown -->
        <test-method status="PASS" signature="TC_SPCR_006()[pri:0, instance:maintest.SPcasereg@d25987]" name="TC_SPCR_006" duration-ms="47" started-at="2018-10-12T18:31:08Z" finished-at="2018-10-12T18:31:08Z">
          <reporter-output>
            <line>
              <![CDATA[Test Method resides in maintest.SPcasereg]]>
            </line>
            <line>
              <![CDATA[Test Status: Pass]]>
            </line>
          </reporter-output>
        </test-method> <!-- TC_SPCR_006 -->
        <test-method status="PASS" signature="TC_SPCR_007()[pri:0, instance:maintest.SPcasereg@d25987]" name="TC_SPCR_007" duration-ms="48" started-at="2018-10-12T18:31:08Z" finished-at="2018-10-12T18:31:08Z">
          <reporter-output>
            <line>
              <![CDATA[Test Method resides in maintest.SPcasereg]]>
            </line>
            <line>
              <![CDATA[Test Status: Pass]]>
            </line>
          </reporter-output>
        </test-method> <!-- TC_SPCR_007 -->
        <test-method status="PASS" signature="tearDown(org.testng.ITestResult, java.lang.reflect.Method)[pri:0, instance:maintest.SPcasereg@d25987]" name="tearDown" is-config="true" duration-ms="0" started-at="2018-10-12T18:31:08Z" finished-at="2018-10-12T18:31:08Z">
          <params>
            <param index="0">
              <value>
                <![CDATA[[TestResult name=TC_SPCR_006 status=SUCCESS method=SPcasereg.TC_SPCR_006()[pri:0, instance:maintest.SPcasereg@d25987] output=Test Method resides in maintest.SPcasereg]]]>
              </value>
            </param>
            <param index="1">
              <value>
                <![CDATA[public void maintest.SPcasereg.TC_SPCR_006()]]>
              </value>
            </param>
          </params>
          <reporter-output>
          </reporter-output>
        </test-method> <!-- tearDown -->
        <test-method status="PASS" signature="setup(java.lang.reflect.Method)[pri:0, instance:maintest.SPcasereg@d25987]" name="setup" is-config="true" duration-ms="0" started-at="2018-10-12T18:31:08Z" finished-at="2018-10-12T18:31:08Z">
          <params>
            <param index="0">
              <value>
                <![CDATA[public void maintest.SPcasereg.TC_SPCR_007()]]>
              </value>
            </param>
          </params>
          <reporter-output>
          </reporter-output>
        </test-method> <!-- setup -->
        <test-method status="PASS" signature="setup(java.lang.reflect.Method)[pri:0, instance:maintest.SPcasereg@d25987]" name="setup" is-config="true" duration-ms="0" started-at="2018-10-12T18:31:08Z" finished-at="2018-10-12T18:31:08Z">
          <params>
            <param index="0">
              <value>
                <![CDATA[public void maintest.SPcasereg.TC_SPCR_008()]]>
              </value>
            </param>
          </params>
          <reporter-output>
          </reporter-output>
        </test-method> <!-- setup -->
        <test-method status="PASS" signature="TC_SPCR_008()[pri:0, instance:maintest.SPcasereg@d25987]" name="TC_SPCR_008" duration-ms="47" started-at="2018-10-12T18:31:08Z" finished-at="2018-10-12T18:31:09Z">
          <reporter-output>
            <line>
              <![CDATA[Test Method resides in maintest.SPcasereg]]>
            </line>
            <line>
              <![CDATA[Test Status: Pass]]>
            </line>
          </reporter-output>
        </test-method> <!-- TC_SPCR_008 -->
        <test-method status="PASS" signature="tearDown(org.testng.ITestResult, java.lang.reflect.Method)[pri:0, instance:maintest.SPcasereg@d25987]" name="tearDown" is-config="true" duration-ms="0" started-at="2018-10-12T18:31:08Z" finished-at="2018-10-12T18:31:08Z">
          <params>
            <param index="0">
              <value>
                <![CDATA[[TestResult name=TC_SPCR_007 status=SUCCESS method=SPcasereg.TC_SPCR_007()[pri:0, instance:maintest.SPcasereg@d25987] output=Test Method resides in maintest.SPcasereg]]]>
              </value>
            </param>
            <param index="1">
              <value>
                <![CDATA[public void maintest.SPcasereg.TC_SPCR_007()]]>
              </value>
            </param>
          </params>
          <reporter-output>
          </reporter-output>
        </test-method> <!-- tearDown -->
        <test-method status="PASS" signature="setup(java.lang.reflect.Method)[pri:0, instance:maintest.SPcasereg@d25987]" name="setup" is-config="true" duration-ms="0" started-at="2018-10-12T18:31:09Z" finished-at="2018-10-12T18:31:09Z">
          <params>
            <param index="0">
              <value>
                <![CDATA[public void maintest.SPcasereg.TC_SPCR_009()]]>
              </value>
            </param>
          </params>
          <reporter-output>
          </reporter-output>
        </test-method> <!-- setup -->
        <test-method status="PASS" signature="tearDown(org.testng.ITestResult, java.lang.reflect.Method)[pri:0, instance:maintest.SPcasereg@d25987]" name="tearDown" is-config="true" duration-ms="0" started-at="2018-10-12T18:31:09Z" finished-at="2018-10-12T18:31:09Z">
          <params>
            <param index="0">
              <value>
                <![CDATA[[TestResult name=TC_SPCR_008 status=SUCCESS method=SPcasereg.TC_SPCR_008()[pri:0, instance:maintest.SPcasereg@d25987] output=Test Method resides in maintest.SPcasereg]]]>
              </value>
            </param>
            <param index="1">
              <value>
                <![CDATA[public void maintest.SPcasereg.TC_SPCR_008()]]>
              </value>
            </param>
          </params>
          <reporter-output>
          </reporter-output>
        </test-method> <!-- tearDown -->
        <test-method status="PASS" signature="TC_SPCR_009()[pri:0, instance:maintest.SPcasereg@d25987]" name="TC_SPCR_009" duration-ms="47" started-at="2018-10-12T18:31:09Z" finished-at="2018-10-12T18:31:09Z">
          <reporter-output>
            <line>
              <![CDATA[Test Method resides in maintest.SPcasereg]]>
            </line>
            <line>
              <![CDATA[Test Status: Pass]]>
            </line>
          </reporter-output>
        </test-method> <!-- TC_SPCR_009 -->
        <test-method status="PASS" signature="setup(java.lang.reflect.Method)[pri:0, instance:maintest.SPcasereg@d25987]" name="setup" is-config="true" duration-ms="0" started-at="2018-10-12T18:31:09Z" finished-at="2018-10-12T18:31:09Z">
          <params>
            <param index="0">
              <value>
                <![CDATA[public void maintest.SPcasereg.TC_SPCR_010() throws java.lang.Exception]]>
              </value>
            </param>
          </params>
          <reporter-output>
          </reporter-output>
        </test-method> <!-- setup -->
        <test-method status="PASS" signature="tearDown(org.testng.ITestResult, java.lang.reflect.Method)[pri:0, instance:maintest.SPcasereg@d25987]" name="tearDown" is-config="true" duration-ms="0" started-at="2018-10-12T18:31:09Z" finished-at="2018-10-12T18:31:09Z">
          <params>
            <param index="0">
              <value>
                <![CDATA[[TestResult name=TC_SPCR_009 status=SUCCESS method=SPcasereg.TC_SPCR_009()[pri:0, instance:maintest.SPcasereg@d25987] output=Test Method resides in maintest.SPcasereg]]]>
              </value>
            </param>
            <param index="1">
              <value>
                <![CDATA[public void maintest.SPcasereg.TC_SPCR_009()]]>
              </value>
            </param>
          </params>
          <reporter-output>
          </reporter-output>
        </test-method> <!-- tearDown -->
        <test-method status="PASS" signature="TC_SPCR_010()[pri:0, instance:maintest.SPcasereg@d25987]" name="TC_SPCR_010" duration-ms="81261" started-at="2018-10-12T18:31:09Z" finished-at="2018-10-12T18:32:30Z">
          <reporter-output>
            <line>
              <![CDATA[Test Method resides in maintest.SPcasereg]]>
            </line>
            <line>
              <![CDATA[Test Status: Pass]]>
            </line>
          </reporter-output>
        </test-method> <!-- TC_SPCR_010 -->
        <test-method status="PASS" signature="tearDown(org.testng.ITestResult, java.lang.reflect.Method)[pri:0, instance:maintest.SPcasereg@d25987]" name="tearDown" is-config="true" duration-ms="0" started-at="2018-10-12T18:32:30Z" finished-at="2018-10-12T18:32:30Z">
          <params>
            <param index="0">
              <value>
                <![CDATA[[TestResult name=TC_SPCR_010 status=SUCCESS method=SPcasereg.TC_SPCR_010()[pri:0, instance:maintest.SPcasereg@d25987] output=Test Method resides in maintest.SPcasereg]]]>
              </value>
            </param>
            <param index="1">
              <value>
                <![CDATA[public void maintest.SPcasereg.TC_SPCR_010() throws java.lang.Exception]]>
              </value>
            </param>
          </params>
          <reporter-output>
          </reporter-output>
        </test-method> <!-- tearDown -->
        <test-method status="PASS" signature="setup(java.lang.reflect.Method)[pri:0, instance:maintest.SPcasereg@d25987]" name="setup" is-config="true" duration-ms="1" started-at="2018-10-12T18:32:30Z" finished-at="2018-10-12T18:32:30Z">
          <params>
            <param index="0">
              <value>
                <![CDATA[public void maintest.SPcasereg.TC_SPCR_011() throws java.lang.Exception]]>
              </value>
            </param>
          </params>
          <reporter-output>
          </reporter-output>
        </test-method> <!-- setup -->
        <test-method status="PASS" signature="TC_SPCR_011()[pri:0, instance:maintest.SPcasereg@d25987]" name="TC_SPCR_011" duration-ms="85323" started-at="2018-10-12T18:32:30Z" finished-at="2018-10-12T18:33:55Z">
          <reporter-output>
            <line>
              <![CDATA[Test Method resides in maintest.SPcasereg]]>
            </line>
            <line>
              <![CDATA[Test Status: Pass]]>
            </line>
          </reporter-output>
        </test-method> <!-- TC_SPCR_011 -->
        <test-method status="PASS" signature="tearDown(org.testng.ITestResult, java.lang.reflect.Method)[pri:0, instance:maintest.SPcasereg@d25987]" name="tearDown" is-config="true" duration-ms="1" started-at="2018-10-12T18:33:55Z" finished-at="2018-10-12T18:33:55Z">
          <params>
            <param index="0">
              <value>
                <![CDATA[[TestResult name=TC_SPCR_011 status=SUCCESS method=SPcasereg.TC_SPCR_011()[pri:0, instance:maintest.SPcasereg@d25987] output=Test Method resides in maintest.SPcasereg]]]>
              </value>
            </param>
            <param index="1">
              <value>
                <![CDATA[public void maintest.SPcasereg.TC_SPCR_011() throws java.lang.Exception]]>
              </value>
            </param>
          </params>
          <reporter-output>
          </reporter-output>
        </test-method> <!-- tearDown -->
        <test-method status="PASS" signature="TC_SPCR_022()[pri:0, instance:maintest.SPcasereg@d25987]" name="TC_SPCR_022" duration-ms="30047" started-at="2018-10-12T18:33:55Z" finished-at="2018-10-12T18:34:25Z">
          <reporter-output>
            <line>
              <![CDATA[Test Method resides in maintest.SPcasereg]]>
            </line>
            <line>
              <![CDATA[Test Status: Pass]]>
            </line>
          </reporter-output>
        </test-method> <!-- TC_SPCR_022 -->
        <test-method status="PASS" signature="setup(java.lang.reflect.Method)[pri:0, instance:maintest.SPcasereg@d25987]" name="setup" is-config="true" duration-ms="0" started-at="2018-10-12T18:33:55Z" finished-at="2018-10-12T18:33:55Z">
          <params>
            <param index="0">
              <value>
                <![CDATA[public void maintest.SPcasereg.TC_SPCR_022() throws java.lang.Exception]]>
              </value>
            </param>
          </params>
          <reporter-output>
          </reporter-output>
        </test-method> <!-- setup -->
        <test-method status="PASS" signature="setup(java.lang.reflect.Method)[pri:0, instance:maintest.SPcasereg@d25987]" name="setup" is-config="true" duration-ms="0" started-at="2018-10-12T18:34:25Z" finished-at="2018-10-12T18:34:25Z">
          <params>
            <param index="0">
              <value>
                <![CDATA[public void maintest.SPcasereg.TC_SPCR_023() throws java.lang.Exception]]>
              </value>
            </param>
          </params>
          <reporter-output>
          </reporter-output>
        </test-method> <!-- setup -->
        <test-method status="PASS" signature="tearDown(org.testng.ITestResult, java.lang.reflect.Method)[pri:0, instance:maintest.SPcasereg@d25987]" name="tearDown" is-config="true" duration-ms="0" started-at="2018-10-12T18:34:25Z" finished-at="2018-10-12T18:34:25Z">
          <params>
            <param index="0">
              <value>
                <![CDATA[[TestResult name=TC_SPCR_022 status=SUCCESS method=SPcasereg.TC_SPCR_022()[pri:0, instance:maintest.SPcasereg@d25987] output=Test Method resides in maintest.SPcasereg]]]>
              </value>
            </param>
            <param index="1">
              <value>
                <![CDATA[public void maintest.SPcasereg.TC_SPCR_022() throws java.lang.Exception]]>
              </value>
            </param>
          </params>
          <reporter-output>
          </reporter-output>
        </test-method> <!-- tearDown -->
        <test-method status="PASS" signature="TC_SPCR_023()[pri:0, instance:maintest.SPcasereg@d25987]" name="TC_SPCR_023" duration-ms="21802" started-at="2018-10-12T18:34:25Z" finished-at="2018-10-12T18:34:47Z">
          <reporter-output>
            <line>
              <![CDATA[Test Method resides in maintest.SPcasereg]]>
            </line>
            <line>
              <![CDATA[Test Status: Pass]]>
            </line>
          </reporter-output>
        </test-method> <!-- TC_SPCR_023 -->
        <test-method status="PASS" signature="tearDown(org.testng.ITestResult, java.lang.reflect.Method)[pri:0, instance:maintest.SPcasereg@d25987]" name="tearDown" is-config="true" duration-ms="0" started-at="2018-10-12T18:34:47Z" finished-at="2018-10-12T18:34:47Z">
          <params>
            <param index="0">
              <value>
                <![CDATA[[TestResult name=TC_SPCR_023 status=SUCCESS method=SPcasereg.TC_SPCR_023()[pri:0, instance:maintest.SPcasereg@d25987] output=Test Method resides in maintest.SPcasereg]]]>
              </value>
            </param>
            <param index="1">
              <value>
                <![CDATA[public void maintest.SPcasereg.TC_SPCR_023() throws java.lang.Exception]]>
              </value>
            </param>
          </params>
          <reporter-output>
          </reporter-output>
        </test-method> <!-- tearDown -->
        <test-method status="PASS" signature="setup(java.lang.reflect.Method)[pri:0, instance:maintest.SPcasereg@d25987]" name="setup" is-config="true" duration-ms="0" started-at="2018-10-12T18:34:47Z" finished-at="2018-10-12T18:34:47Z">
          <params>
            <param index="0">
              <value>
                <![CDATA[public void maintest.SPcasereg.TC_SPCR_024() throws java.lang.Exception]]>
              </value>
            </param>
          </params>
          <reporter-output>
          </reporter-output>
        </test-method> <!-- setup -->
        <test-method status="PASS" signature="TC_SPCR_024()[pri:0, instance:maintest.SPcasereg@d25987]" name="TC_SPCR_024" duration-ms="11759" started-at="2018-10-12T18:34:47Z" finished-at="2018-10-12T18:34:59Z">
          <reporter-output>
            <line>
              <![CDATA[Test Method resides in maintest.SPcasereg]]>
            </line>
            <line>
              <![CDATA[Test Status: Pass]]>
            </line>
          </reporter-output>
        </test-method> <!-- TC_SPCR_024 -->
        <test-method status="PASS" signature="tearDown(org.testng.ITestResult, java.lang.reflect.Method)[pri:0, instance:maintest.SPcasereg@d25987]" name="tearDown" is-config="true" duration-ms="15" started-at="2018-10-12T18:34:59Z" finished-at="2018-10-12T18:34:59Z">
          <params>
            <param index="0">
              <value>
                <![CDATA[[TestResult name=TC_SPCR_024 status=SUCCESS method=SPcasereg.TC_SPCR_024()[pri:0, instance:maintest.SPcasereg@d25987] output=Test Method resides in maintest.SPcasereg]]]>
              </value>
            </param>
            <param index="1">
              <value>
                <![CDATA[public void maintest.SPcasereg.TC_SPCR_024() throws java.lang.Exception]]>
              </value>
            </param>
          </params>
          <reporter-output>
          </reporter-output>
        </test-method> <!-- tearDown -->
        <test-method status="PASS" signature="TC_SPCR_025()[pri:0, instance:maintest.SPcasereg@d25987]" name="TC_SPCR_025" duration-ms="30380" started-at="2018-10-12T18:34:59Z" finished-at="2018-10-12T18:35:29Z">
          <reporter-output>
            <line>
              <![CDATA[Test Method resides in maintest.SPcasereg]]>
            </line>
            <line>
              <![CDATA[Test Status: Pass]]>
            </line>
          </reporter-output>
        </test-method> <!-- TC_SPCR_025 -->
        <test-method status="PASS" signature="setup(java.lang.reflect.Method)[pri:0, instance:maintest.SPcasereg@d25987]" name="setup" is-config="true" duration-ms="0" started-at="2018-10-12T18:34:59Z" finished-at="2018-10-12T18:34:59Z">
          <params>
            <param index="0">
              <value>
                <![CDATA[public void maintest.SPcasereg.TC_SPCR_025() throws java.lang.Exception]]>
              </value>
            </param>
          </params>
          <reporter-output>
          </reporter-output>
        </test-method> <!-- setup -->
        <test-method status="PASS" signature="TC_SPCR_026()[pri:0, instance:maintest.SPcasereg@d25987]" name="TC_SPCR_026" duration-ms="33291" started-at="2018-10-12T18:35:29Z" finished-at="2018-10-12T18:36:02Z">
          <reporter-output>
            <line>
              <![CDATA[Test Method resides in maintest.SPcasereg]]>
            </line>
            <line>
              <![CDATA[Test Status: Pass]]>
            </line>
          </reporter-output>
        </test-method> <!-- TC_SPCR_026 -->
        <test-method status="PASS" signature="tearDown(org.testng.ITestResult, java.lang.reflect.Method)[pri:0, instance:maintest.SPcasereg@d25987]" name="tearDown" is-config="true" duration-ms="0" started-at="2018-10-12T18:35:29Z" finished-at="2018-10-12T18:35:29Z">
          <params>
            <param index="0">
              <value>
                <![CDATA[[TestResult name=TC_SPCR_025 status=SUCCESS method=SPcasereg.TC_SPCR_025()[pri:0, instance:maintest.SPcasereg@d25987] output=Test Method resides in maintest.SPcasereg]]]>
              </value>
            </param>
            <param index="1">
              <value>
                <![CDATA[public void maintest.SPcasereg.TC_SPCR_025() throws java.lang.Exception]]>
              </value>
            </param>
          </params>
          <reporter-output>
          </reporter-output>
        </test-method> <!-- tearDown -->
        <test-method status="PASS" signature="setup(java.lang.reflect.Method)[pri:0, instance:maintest.SPcasereg@d25987]" name="setup" is-config="true" duration-ms="0" started-at="2018-10-12T18:35:29Z" finished-at="2018-10-12T18:35:29Z">
          <params>
            <param index="0">
              <value>
                <![CDATA[public void maintest.SPcasereg.TC_SPCR_026() throws java.lang.Exception]]>
              </value>
            </param>
          </params>
          <reporter-output>
          </reporter-output>
        </test-method> <!-- setup -->
        <test-method status="PASS" signature="TC_SPCR_027()[pri:0, instance:maintest.SPcasereg@d25987]" name="TC_SPCR_027" duration-ms="31910" started-at="2018-10-12T18:36:02Z" finished-at="2018-10-12T18:36:34Z">
          <reporter-output>
            <line>
              <![CDATA[Test Method resides in maintest.SPcasereg]]>
            </line>
            <line>
              <![CDATA[Test Status: Pass]]>
            </line>
          </reporter-output>
        </test-method> <!-- TC_SPCR_027 -->
        <test-method status="PASS" signature="setup(java.lang.reflect.Method)[pri:0, instance:maintest.SPcasereg@d25987]" name="setup" is-config="true" duration-ms="0" started-at="2018-10-12T18:36:02Z" finished-at="2018-10-12T18:36:02Z">
          <params>
            <param index="0">
              <value>
                <![CDATA[public void maintest.SPcasereg.TC_SPCR_027() throws java.lang.Exception]]>
              </value>
            </param>
          </params>
          <reporter-output>
          </reporter-output>
        </test-method> <!-- setup -->
        <test-method status="PASS" signature="tearDown(org.testng.ITestResult, java.lang.reflect.Method)[pri:0, instance:maintest.SPcasereg@d25987]" name="tearDown" is-config="true" duration-ms="0" started-at="2018-10-12T18:36:02Z" finished-at="2018-10-12T18:36:02Z">
          <params>
            <param index="0">
              <value>
                <![CDATA[[TestResult name=TC_SPCR_026 status=SUCCESS method=SPcasereg.TC_SPCR_026()[pri:0, instance:maintest.SPcasereg@d25987] output=Test Method resides in maintest.SPcasereg]]]>
              </value>
            </param>
            <param index="1">
              <value>
                <![CDATA[public void maintest.SPcasereg.TC_SPCR_026() throws java.lang.Exception]]>
              </value>
            </param>
          </params>
          <reporter-output>
          </reporter-output>
        </test-method> <!-- tearDown -->
        <test-method status="PASS" signature="setup(java.lang.reflect.Method)[pri:0, instance:maintest.SPcasereg@d25987]" name="setup" is-config="true" duration-ms="0" started-at="2018-10-12T18:36:34Z" finished-at="2018-10-12T18:36:34Z">
          <params>
            <param index="0">
              <value>
                <![CDATA[public void maintest.SPcasereg.TC_SPINF_001() throws java.lang.Exception]]>
              </value>
            </param>
          </params>
          <reporter-output>
          </reporter-output>
        </test-method> <!-- setup -->
        <test-method status="PASS" signature="TC_SPINF_001()[pri:0, instance:maintest.SPcasereg@d25987]" name="TC_SPINF_001" duration-ms="53956" started-at="2018-10-12T18:36:34Z" finished-at="2018-10-12T18:37:28Z">
          <reporter-output>
            <line>
              <![CDATA[Test Method resides in maintest.SPcasereg]]>
            </line>
            <line>
              <![CDATA[Test Status: Pass]]>
            </line>
          </reporter-output>
        </test-method> <!-- TC_SPINF_001 -->
        <test-method status="PASS" signature="tearDown(org.testng.ITestResult, java.lang.reflect.Method)[pri:0, instance:maintest.SPcasereg@d25987]" name="tearDown" is-config="true" duration-ms="0" started-at="2018-10-12T18:36:34Z" finished-at="2018-10-12T18:36:34Z">
          <params>
            <param index="0">
              <value>
                <![CDATA[[TestResult name=TC_SPCR_027 status=SUCCESS method=SPcasereg.TC_SPCR_027()[pri:0, instance:maintest.SPcasereg@d25987] output=Test Method resides in maintest.SPcasereg]]]>
              </value>
            </param>
            <param index="1">
              <value>
                <![CDATA[public void maintest.SPcasereg.TC_SPCR_027() throws java.lang.Exception]]>
              </value>
            </param>
          </params>
          <reporter-output>
          </reporter-output>
        </test-method> <!-- tearDown -->
        <test-method status="PASS" signature="setup(java.lang.reflect.Method)[pri:0, instance:maintest.SPcasereg@d25987]" name="setup" is-config="true" duration-ms="16" started-at="2018-10-12T18:37:28Z" finished-at="2018-10-12T18:37:28Z">
          <params>
            <param index="0">
              <value>
                <![CDATA[public void maintest.SPcasereg.TC_SPINF_002() throws java.lang.Exception]]>
              </value>
            </param>
          </params>
          <reporter-output>
          </reporter-output>
        </test-method> <!-- setup -->
        <test-method status="PASS" signature="tearDown(org.testng.ITestResult, java.lang.reflect.Method)[pri:0, instance:maintest.SPcasereg@d25987]" name="tearDown" is-config="true" duration-ms="0" started-at="2018-10-12T18:37:28Z" finished-at="2018-10-12T18:37:28Z">
          <params>
            <param index="0">
              <value>
                <![CDATA[[TestResult name=TC_SPINF_001 status=SUCCESS method=SPcasereg.TC_SPINF_001()[pri:0, instance:maintest.SPcasereg@d25987] output=Test Method resides in maintest.SPcasereg]]]>
              </value>
            </param>
            <param index="1">
              <value>
                <![CDATA[public void maintest.SPcasereg.TC_SPINF_001() throws java.lang.Exception]]>
              </value>
            </param>
          </params>
          <reporter-output>
          </reporter-output>
        </test-method> <!-- tearDown -->
        <test-method status="PASS" signature="TC_SPINF_002()[pri:0, instance:maintest.SPcasereg@d25987]" name="TC_SPINF_002" duration-ms="123329" started-at="2018-10-12T18:37:28Z" depends-on-methods="maintest.SPcasereg.TC_SPINF_001" finished-at="2018-10-12T18:39:32Z">
          <reporter-output>
            <line>
              <![CDATA[Test Method resides in maintest.SPcasereg]]>
            </line>
            <line>
              <![CDATA[Test Status: Pass]]>
            </line>
          </reporter-output>
        </test-method> <!-- TC_SPINF_002 -->
        <test-method status="PASS" signature="setup(java.lang.reflect.Method)[pri:0, instance:maintest.SPcasereg@d25987]" name="setup" is-config="true" duration-ms="0" started-at="2018-10-12T18:39:32Z" finished-at="2018-10-12T18:39:32Z">
          <params>
            <param index="0">
              <value>
                <![CDATA[public void maintest.SPcasereg.TC_SPINF_003() throws java.lang.Exception]]>
              </value>
            </param>
          </params>
          <reporter-output>
          </reporter-output>
        </test-method> <!-- setup -->
        <test-method status="PASS" signature="TC_SPINF_003()[pri:0, instance:maintest.SPcasereg@d25987]" name="TC_SPINF_003" duration-ms="126" started-at="2018-10-12T18:39:32Z" depends-on-methods="maintest.SPcasereg.TC_SPINF_001" finished-at="2018-10-12T18:39:32Z">
          <reporter-output>
            <line>
              <![CDATA[Test Method resides in maintest.SPcasereg]]>
            </line>
            <line>
              <![CDATA[Test Status: Pass]]>
            </line>
          </reporter-output>
        </test-method> <!-- TC_SPINF_003 -->
        <test-method status="PASS" signature="tearDown(org.testng.ITestResult, java.lang.reflect.Method)[pri:0, instance:maintest.SPcasereg@d25987]" name="tearDown" is-config="true" duration-ms="0" started-at="2018-10-12T18:39:32Z" finished-at="2018-10-12T18:39:32Z">
          <params>
            <param index="0">
              <value>
                <![CDATA[[TestResult name=TC_SPINF_002 status=SUCCESS method=SPcasereg.TC_SPINF_002()[pri:0, instance:maintest.SPcasereg@d25987] output=Test Method resides in maintest.SPcasereg]]]>
              </value>
            </param>
            <param index="1">
              <value>
                <![CDATA[public void maintest.SPcasereg.TC_SPINF_002() throws java.lang.Exception]]>
              </value>
            </param>
          </params>
          <reporter-output>
          </reporter-output>
        </test-method> <!-- tearDown -->
        <test-method status="PASS" signature="setup(java.lang.reflect.Method)[pri:0, instance:maintest.SPcasereg@d25987]" name="setup" is-config="true" duration-ms="0" started-at="2018-10-12T18:39:32Z" finished-at="2018-10-12T18:39:32Z">
          <params>
            <param index="0">
              <value>
                <![CDATA[public void maintest.SPcasereg.TC_SPINF_004() throws java.lang.Exception]]>
              </value>
            </param>
          </params>
          <reporter-output>
          </reporter-output>
        </test-method> <!-- setup -->
        <test-method status="PASS" signature="tearDown(org.testng.ITestResult, java.lang.reflect.Method)[pri:0, instance:maintest.SPcasereg@d25987]" name="tearDown" is-config="true" duration-ms="0" started-at="2018-10-12T18:39:32Z" finished-at="2018-10-12T18:39:32Z">
          <params>
            <param index="0">
              <value>
                <![CDATA[[TestResult name=TC_SPINF_003 status=SUCCESS method=SPcasereg.TC_SPINF_003()[pri:0, instance:maintest.SPcasereg@d25987] output=Test Method resides in maintest.SPcasereg]]]>
              </value>
            </param>
            <param index="1">
              <value>
                <![CDATA[public void maintest.SPcasereg.TC_SPINF_003() throws java.lang.Exception]]>
              </value>
            </param>
          </params>
          <reporter-output>
          </reporter-output>
        </test-method> <!-- tearDown -->
        <test-method status="PASS" signature="TC_SPINF_004()[pri:0, instance:maintest.SPcasereg@d25987]" name="TC_SPINF_004" duration-ms="3705" started-at="2018-10-12T18:39:32Z" depends-on-methods="maintest.SPcasereg.TC_SPINF_001" finished-at="2018-10-12T18:39:36Z">
          <reporter-output>
            <line>
              <![CDATA[Test Method resides in maintest.SPcasereg]]>
            </line>
            <line>
              <![CDATA[Test Status: Pass]]>
            </line>
          </reporter-output>
        </test-method> <!-- TC_SPINF_004 -->
        <test-method status="PASS" signature="tearDown(org.testng.ITestResult, java.lang.reflect.Method)[pri:0, instance:maintest.SPcasereg@d25987]" name="tearDown" is-config="true" duration-ms="0" started-at="2018-10-12T18:39:36Z" finished-at="2018-10-12T18:39:36Z">
          <params>
            <param index="0">
              <value>
                <![CDATA[[TestResult name=TC_SPINF_004 status=SUCCESS method=SPcasereg.TC_SPINF_004()[pri:0, instance:maintest.SPcasereg@d25987] output=Test Method resides in maintest.SPcasereg]]]>
              </value>
            </param>
            <param index="1">
              <value>
                <![CDATA[public void maintest.SPcasereg.TC_SPINF_004() throws java.lang.Exception]]>
              </value>
            </param>
          </params>
          <reporter-output>
          </reporter-output>
        </test-method> <!-- tearDown -->
        <test-method status="PASS" signature="setup(java.lang.reflect.Method)[pri:0, instance:maintest.SPcasereg@d25987]" name="setup" is-config="true" duration-ms="16" started-at="2018-10-12T18:39:36Z" finished-at="2018-10-12T18:39:36Z">
          <params>
            <param index="0">
              <value>
                <![CDATA[public void maintest.SPcasereg.TC_SPINF_005() throws java.lang.Exception]]>
              </value>
            </param>
          </params>
          <reporter-output>
          </reporter-output>
        </test-method> <!-- setup -->
        <test-method status="PASS" signature="TC_SPINF_005()[pri:0, instance:maintest.SPcasereg@d25987]" name="TC_SPINF_005" duration-ms="36305" started-at="2018-10-12T18:39:36Z" depends-on-methods="maintest.SPcasereg.TC_SPINF_001" finished-at="2018-10-12T18:40:12Z">
          <reporter-output>
            <line>
              <![CDATA[Test Method resides in maintest.SPcasereg]]>
            </line>
            <line>
              <![CDATA[Test Status: Pass]]>
            </line>
          </reporter-output>
        </test-method> <!-- TC_SPINF_005 -->
        <test-method status="PASS" signature="TC_SPINF_006()[pri:0, instance:maintest.SPcasereg@d25987]" name="TC_SPINF_006" duration-ms="44038" started-at="2018-10-12T18:40:12Z" depends-on-methods="maintest.SPcasereg.TC_SPINF_005" finished-at="2018-10-12T18:40:56Z">
          <reporter-output>
            <line>
              <![CDATA[Test Method resides in maintest.SPcasereg]]>
            </line>
            <line>
              <![CDATA[Test Status: Pass]]>
            </line>
          </reporter-output>
        </test-method> <!-- TC_SPINF_006 -->
        <test-method status="PASS" signature="tearDown(org.testng.ITestResult, java.lang.reflect.Method)[pri:0, instance:maintest.SPcasereg@d25987]" name="tearDown" is-config="true" duration-ms="0" started-at="2018-10-12T18:40:12Z" finished-at="2018-10-12T18:40:12Z">
          <params>
            <param index="0">
              <value>
                <![CDATA[[TestResult name=TC_SPINF_005 status=SUCCESS method=SPcasereg.TC_SPINF_005()[pri:0, instance:maintest.SPcasereg@d25987] output=Test Method resides in maintest.SPcasereg]]]>
              </value>
            </param>
            <param index="1">
              <value>
                <![CDATA[public void maintest.SPcasereg.TC_SPINF_005() throws java.lang.Exception]]>
              </value>
            </param>
          </params>
          <reporter-output>
          </reporter-output>
        </test-method> <!-- tearDown -->
        <test-method status="PASS" signature="setup(java.lang.reflect.Method)[pri:0, instance:maintest.SPcasereg@d25987]" name="setup" is-config="true" duration-ms="0" started-at="2018-10-12T18:40:12Z" finished-at="2018-10-12T18:40:12Z">
          <params>
            <param index="0">
              <value>
                <![CDATA[public void maintest.SPcasereg.TC_SPINF_006() throws java.lang.Exception]]>
              </value>
            </param>
          </params>
          <reporter-output>
          </reporter-output>
        </test-method> <!-- setup -->
        <test-method status="PASS" signature="tearDown(org.testng.ITestResult, java.lang.reflect.Method)[pri:0, instance:maintest.SPcasereg@d25987]" name="tearDown" is-config="true" duration-ms="0" started-at="2018-10-12T18:40:56Z" finished-at="2018-10-12T18:40:56Z">
          <params>
            <param index="0">
              <value>
                <![CDATA[[TestResult name=TC_SPINF_006 status=SUCCESS method=SPcasereg.TC_SPINF_006()[pri:0, instance:maintest.SPcasereg@d25987] output=Test Method resides in maintest.SPcasereg]]]>
              </value>
            </param>
            <param index="1">
              <value>
                <![CDATA[public void maintest.SPcasereg.TC_SPINF_006() throws java.lang.Exception]]>
              </value>
            </param>
          </params>
          <reporter-output>
          </reporter-output>
        </test-method> <!-- tearDown -->
        <test-method status="PASS" signature="setup(java.lang.reflect.Method)[pri:0, instance:maintest.SPcasereg@d25987]" name="setup" is-config="true" duration-ms="1" started-at="2018-10-12T18:40:56Z" finished-at="2018-10-12T18:40:56Z">
          <params>
            <param index="0">
              <value>
                <![CDATA[public void maintest.SPcasereg.TC_SPINF_007() throws java.lang.Exception]]>
              </value>
            </param>
          </params>
          <reporter-output>
          </reporter-output>
        </test-method> <!-- setup -->
        <test-method status="PASS" signature="TC_SPINF_007()[pri:0, instance:maintest.SPcasereg@d25987]" name="TC_SPINF_007" duration-ms="49966" started-at="2018-10-12T18:40:56Z" depends-on-methods="maintest.SPcasereg.TC_SPINF_006" finished-at="2018-10-12T18:41:46Z">
          <reporter-output>
            <line>
              <![CDATA[Test Method resides in maintest.SPcasereg]]>
            </line>
            <line>
              <![CDATA[Test Status: Pass]]>
            </line>
          </reporter-output>
        </test-method> <!-- TC_SPINF_007 -->
        <test-method status="PASS" signature="tearDown(org.testng.ITestResult, java.lang.reflect.Method)[pri:0, instance:maintest.SPcasereg@d25987]" name="tearDown" is-config="true" duration-ms="0" started-at="2018-10-12T18:41:46Z" finished-at="2018-10-12T18:41:46Z">
          <params>
            <param index="0">
              <value>
                <![CDATA[[TestResult name=TC_SPINF_007 status=SUCCESS method=SPcasereg.TC_SPINF_007()[pri:0, instance:maintest.SPcasereg@d25987] output=Test Method resides in maintest.SPcasereg]]]>
              </value>
            </param>
            <param index="1">
              <value>
                <![CDATA[public void maintest.SPcasereg.TC_SPINF_007() throws java.lang.Exception]]>
              </value>
            </param>
          </params>
          <reporter-output>
          </reporter-output>
        </test-method> <!-- tearDown -->
        <test-method status="PASS" signature="setup(java.lang.reflect.Method)[pri:0, instance:maintest.SPcasereg@d25987]" name="setup" is-config="true" duration-ms="1" started-at="2018-10-12T18:41:46Z" finished-at="2018-10-12T18:41:46Z">
          <params>
            <param index="0">
              <value>
                <![CDATA[public void maintest.SPcasereg.TC_SPINF_008() throws java.lang.Exception]]>
              </value>
            </param>
          </params>
          <reporter-output>
          </reporter-output>
        </test-method> <!-- setup -->
        <test-method status="PASS" signature="TC_SPINF_008()[pri:0, instance:maintest.SPcasereg@d25987]" name="TC_SPINF_008" duration-ms="9929" started-at="2018-10-12T18:41:46Z" depends-on-methods="maintest.SPcasereg.TC_SPINF_006" finished-at="2018-10-12T18:41:56Z">
          <reporter-output>
            <line>
              <![CDATA[Test Method resides in maintest.SPcasereg]]>
            </line>
            <line>
              <![CDATA[Test Status: Pass]]>
            </line>
          </reporter-output>
        </test-method> <!-- TC_SPINF_008 -->
        <test-method status="PASS" signature="TC_SPINF_009()[pri:0, instance:maintest.SPcasereg@d25987]" name="TC_SPINF_009" duration-ms="3687" started-at="2018-10-12T18:41:56Z" depends-on-methods="maintest.SPcasereg.TC_SPINF_006" finished-at="2018-10-12T18:42:00Z">
          <reporter-output>
            <line>
              <![CDATA[Test Method resides in maintest.SPcasereg]]>
            </line>
            <line>
              <![CDATA[Test Status: Pass]]>
            </line>
          </reporter-output>
        </test-method> <!-- TC_SPINF_009 -->
        <test-method status="PASS" signature="setup(java.lang.reflect.Method)[pri:0, instance:maintest.SPcasereg@d25987]" name="setup" is-config="true" duration-ms="0" started-at="2018-10-12T18:41:56Z" finished-at="2018-10-12T18:41:56Z">
          <params>
            <param index="0">
              <value>
                <![CDATA[public void maintest.SPcasereg.TC_SPINF_009() throws java.lang.Exception]]>
              </value>
            </param>
          </params>
          <reporter-output>
          </reporter-output>
        </test-method> <!-- setup -->
        <test-method status="PASS" signature="tearDown(org.testng.ITestResult, java.lang.reflect.Method)[pri:0, instance:maintest.SPcasereg@d25987]" name="tearDown" is-config="true" duration-ms="0" started-at="2018-10-12T18:41:56Z" finished-at="2018-10-12T18:41:56Z">
          <params>
            <param index="0">
              <value>
                <![CDATA[[TestResult name=TC_SPINF_008 status=SUCCESS method=SPcasereg.TC_SPINF_008()[pri:0, instance:maintest.SPcasereg@d25987] output=Test Method resides in maintest.SPcasereg]]]>
              </value>
            </param>
            <param index="1">
              <value>
                <![CDATA[public void maintest.SPcasereg.TC_SPINF_008() throws java.lang.Exception]]>
              </value>
            </param>
          </params>
          <reporter-output>
          </reporter-output>
        </test-method> <!-- tearDown -->
        <test-method status="PASS" signature="setup(java.lang.reflect.Method)[pri:0, instance:maintest.SPcasereg@d25987]" name="setup" is-config="true" duration-ms="0" started-at="2018-10-12T18:42:00Z" finished-at="2018-10-12T18:42:00Z">
          <params>
            <param index="0">
              <value>
                <![CDATA[public void maintest.SPcasereg.TC_SPINF_010() throws java.lang.Exception]]>
              </value>
            </param>
          </params>
          <reporter-output>
          </reporter-output>
        </test-method> <!-- setup -->
        <test-method status="PASS" signature="tearDown(org.testng.ITestResult, java.lang.reflect.Method)[pri:0, instance:maintest.SPcasereg@d25987]" name="tearDown" is-config="true" duration-ms="0" started-at="2018-10-12T18:42:00Z" finished-at="2018-10-12T18:42:00Z">
          <params>
            <param index="0">
              <value>
                <![CDATA[[TestResult name=TC_SPINF_009 status=SUCCESS method=SPcasereg.TC_SPINF_009()[pri:0, instance:maintest.SPcasereg@d25987] output=Test Method resides in maintest.SPcasereg]]]>
              </value>
            </param>
            <param index="1">
              <value>
                <![CDATA[public void maintest.SPcasereg.TC_SPINF_009() throws java.lang.Exception]]>
              </value>
            </param>
          </params>
          <reporter-output>
          </reporter-output>
        </test-method> <!-- tearDown -->
        <test-method status="PASS" signature="TC_SPINF_010()[pri:0, instance:maintest.SPcasereg@d25987]" name="TC_SPINF_010" duration-ms="54498" started-at="2018-10-12T18:42:00Z" depends-on-methods="maintest.SPcasereg.TC_SPINF_006" finished-at="2018-10-12T18:42:54Z">
          <reporter-output>
            <line>
              <![CDATA[Test Method resides in maintest.SPcasereg]]>
            </line>
            <line>
              <![CDATA[Test Status: Pass]]>
            </line>
          </reporter-output>
        </test-method> <!-- TC_SPINF_010 -->
        <test-method status="PASS" signature="setup(java.lang.reflect.Method)[pri:0, instance:maintest.SPcasereg@d25987]" name="setup" is-config="true" duration-ms="0" started-at="2018-10-12T18:42:54Z" finished-at="2018-10-12T18:42:54Z">
          <params>
            <param index="0">
              <value>
                <![CDATA[public void maintest.SPcasereg.TC_SPINF_011() throws java.lang.Exception]]>
              </value>
            </param>
          </params>
          <reporter-output>
          </reporter-output>
        </test-method> <!-- setup -->
        <test-method status="PASS" signature="tearDown(org.testng.ITestResult, java.lang.reflect.Method)[pri:0, instance:maintest.SPcasereg@d25987]" name="tearDown" is-config="true" duration-ms="0" started-at="2018-10-12T18:42:54Z" finished-at="2018-10-12T18:42:54Z">
          <params>
            <param index="0">
              <value>
                <![CDATA[[TestResult name=TC_SPINF_010 status=SUCCESS method=SPcasereg.TC_SPINF_010()[pri:0, instance:maintest.SPcasereg@d25987] output=Test Method resides in maintest.SPcasereg]]]>
              </value>
            </param>
            <param index="1">
              <value>
                <![CDATA[public void maintest.SPcasereg.TC_SPINF_010() throws java.lang.Exception]]>
              </value>
            </param>
          </params>
          <reporter-output>
          </reporter-output>
        </test-method> <!-- tearDown -->
        <test-method status="PASS" signature="TC_SPINF_011()[pri:0, instance:maintest.SPcasereg@d25987]" name="TC_SPINF_011" duration-ms="57431" started-at="2018-10-12T18:42:54Z" depends-on-methods="maintest.SPcasereg.TC_SPINF_010" finished-at="2018-10-12T18:43:51Z">
          <reporter-output>
            <line>
              <![CDATA[Test Method resides in maintest.SPcasereg]]>
            </line>
            <line>
              <![CDATA[Test Status: Pass]]>
            </line>
          </reporter-output>
        </test-method> <!-- TC_SPINF_011 -->
        <test-method status="PASS" signature="tearDown(org.testng.ITestResult, java.lang.reflect.Method)[pri:0, instance:maintest.SPcasereg@d25987]" name="tearDown" is-config="true" duration-ms="0" started-at="2018-10-12T18:43:51Z" finished-at="2018-10-12T18:43:51Z">
          <params>
            <param index="0">
              <value>
                <![CDATA[[TestResult name=TC_SPINF_011 status=SUCCESS method=SPcasereg.TC_SPINF_011()[pri:0, instance:maintest.SPcasereg@d25987] output=Test Method resides in maintest.SPcasereg]]]>
              </value>
            </param>
            <param index="1">
              <value>
                <![CDATA[public void maintest.SPcasereg.TC_SPINF_011() throws java.lang.Exception]]>
              </value>
            </param>
          </params>
          <reporter-output>
          </reporter-output>
        </test-method> <!-- tearDown -->
        <test-method status="PASS" signature="TC_SPINF_014()[pri:0, instance:maintest.SPcasereg@d25987]" name="TC_SPINF_014" duration-ms="95" started-at="2018-10-12T18:43:51Z" depends-on-methods="maintest.SPcasereg.TC_SPINF_011" finished-at="2018-10-12T18:43:52Z">
          <reporter-output>
            <line>
              <![CDATA[Test Method resides in maintest.SPcasereg]]>
            </line>
            <line>
              <![CDATA[Test Status: Pass]]>
            </line>
          </reporter-output>
        </test-method> <!-- TC_SPINF_014 -->
        <test-method status="PASS" signature="setup(java.lang.reflect.Method)[pri:0, instance:maintest.SPcasereg@d25987]" name="setup" is-config="true" duration-ms="0" started-at="2018-10-12T18:43:51Z" finished-at="2018-10-12T18:43:51Z">
          <params>
            <param index="0">
              <value>
                <![CDATA[public void maintest.SPcasereg.TC_SPINF_014() throws java.lang.Exception]]>
              </value>
            </param>
          </params>
          <reporter-output>
          </reporter-output>
        </test-method> <!-- setup -->
        <test-method status="PASS" signature="tearDown(org.testng.ITestResult, java.lang.reflect.Method)[pri:0, instance:maintest.SPcasereg@d25987]" name="tearDown" is-config="true" duration-ms="0" started-at="2018-10-12T18:43:52Z" finished-at="2018-10-12T18:43:52Z">
          <params>
            <param index="0">
              <value>
                <![CDATA[[TestResult name=TC_SPINF_014 status=SUCCESS method=SPcasereg.TC_SPINF_014()[pri:0, instance:maintest.SPcasereg@d25987] output=Test Method resides in maintest.SPcasereg]]]>
              </value>
            </param>
            <param index="1">
              <value>
                <![CDATA[public void maintest.SPcasereg.TC_SPINF_014() throws java.lang.Exception]]>
              </value>
            </param>
          </params>
          <reporter-output>
          </reporter-output>
        </test-method> <!-- tearDown -->
        <test-method status="PASS" signature="TC_SPINF_017()[pri:0, instance:maintest.SPcasereg@d25987]" name="TC_SPINF_017" duration-ms="47" started-at="2018-10-12T18:43:52Z" depends-on-methods="maintest.SPcasereg.TC_SPINF_011" finished-at="2018-10-12T18:43:52Z">
          <reporter-output>
            <line>
              <![CDATA[Test Method resides in maintest.SPcasereg]]>
            </line>
            <line>
              <![CDATA[Test Status: Pass]]>
            </line>
          </reporter-output>
        </test-method> <!-- TC_SPINF_017 -->
[...]
          </reporter-output>
        </test-method> <!-- setup -->
        <test-method status="PASS" signature="tearDown(org.testng.ITestResult, java.lang.reflect.Method)[pri:0, instance:maintest.SPcasereg@d25987]" name="tearDown" is-config="true" duration-ms="0" started-at="2018-10-12T19:00:28Z" finished-at="2018-10-12T19:00:28Z">
          <params>
            <param index="0">
              <value>
                <![CDATA[[TestResult name=TC_SPCEP_003 status=SUCCESS method=SPcasereg.TC_SPCEP_003()[pri:0, instance:maintest.SPcasereg@d25987] output=Test Method resides in maintest.SPcasereg]]]>
              </value>
            </param>
            <param index="1">
              <value>
                <![CDATA[public void maintest.SPcasereg.TC_SPCEP_003() throws java.lang.Exception]]>
              </value>
            </param>
          </params>
          <reporter-output>
          </reporter-output>
        </test-method> <!-- tearDown -->
        <test-method status="PASS" signature="setup(java.lang.reflect.Method)[pri:0, instance:maintest.SPcasereg@d25987]" name="setup" is-config="true" duration-ms="1" started-at="2018-10-12T19:00:28Z" finished-at="2018-10-12T19:00:28Z">
          <params>
            <param index="0">
              <value>
                <![CDATA[public void maintest.SPcasereg.TC_SPCEP_004() throws java.lang.Exception]]>
              </value>
            </param>
          </params>
          <reporter-output>
          </reporter-output>
        </test-method> <!-- setup -->
        <test-method status="PASS" signature="TC_SPCEP_004()[pri:0, instance:maintest.SPcasereg@d25987]" name="TC_SPCEP_004" duration-ms="809" started-at="2018-10-12T19:00:28Z" depends-on-methods="maintest.SPcasereg.TC_SPCEP_003" finished-at="2018-10-12T19:00:29Z">
          <reporter-output>
            <line>
              <![CDATA[Test Method resides in maintest.SPcasereg]]>
            </line>
            <line>
              <![CDATA[Test Status: Pass]]>
            </line>
          </reporter-output>
        </test-method> <!-- TC_SPCEP_004 -->
        <test-method status="PASS" signature="tearDown(org.testng.ITestResult, java.lang.reflect.Method)[pri:0, instance:maintest.SPcasereg@d25987]" name="tearDown" is-config="true" duration-ms="1" started-at="2018-10-12T19:00:29Z" finished-at="2018-10-12T19:00:29Z">
          <params>
            <param index="0">
              <value>
                <![CDATA[[TestResult name=TC_SPCEP_004 status=SUCCESS method=SPcasereg.TC_SPCEP_004()[pri:0, instance:maintest.SPcasereg@d25987] output=Test Method resides in maintest.SPcasereg]]]>
              </value>
            </param>
            <param index="1">
              <value>
                <![CDATA[public void maintest.SPcasereg.TC_SPCEP_004() throws java.lang.Exception]]>
              </value>
            </param>
          </params>
          <reporter-output>
          </reporter-output>
        </test-method> <!-- tearDown -->
        <test-method status="PASS" signature="setup(java.lang.reflect.Method)[pri:0, instance:maintest.SPcasereg@d25987]" name="setup" is-config="true" duration-ms="1" started-at="2018-10-12T19:00:29Z" finished-at="2018-10-12T19:00:29Z">
          <params>
            <param index="0">
              <value>
                <![CDATA[public void maintest.SPcasereg.TC_SPDOC_001() throws java.lang.Exception]]>
              </value>
            </param>
          </params>
          <reporter-output>
          </reporter-output>
        </test-method> <!-- setup -->
        <test-method status="PASS" signature="TC_SPDOC_001()[pri:0, instance:maintest.SPcasereg@d25987]" name="TC_SPDOC_001" duration-ms="47321" started-at="2018-10-12T19:00:29Z" depends-on-methods="maintest.SPcasereg.TC_SPCEP_003" finished-at="2018-10-12T19:01:16Z">
          <reporter-output>
            <line>
              <![CDATA[Test Method resides in maintest.SPcasereg]]>
            </line>
            <line>
              <![CDATA[Test Status: Pass]]>
            </line>
          </reporter-output>
        </test-method> <!-- TC_SPDOC_001 -->
        <test-method status="PASS" signature="TC_SPDOC_002()[pri:0, instance:maintest.SPcasereg@d25987]" name="TC_SPDOC_002" duration-ms="10494" started-at="2018-10-12T19:01:16Z" depends-on-methods="maintest.SPcasereg.TC_SPDOC_001" finished-at="2018-10-12T19:01:27Z">
          <reporter-output>
            <line>
              <![CDATA[Test Method resides in maintest.SPcasereg]]>
            </line>
            <line>
              <![CDATA[Test Status: Pass]]>
            </line>
          </reporter-output>
        </test-method> <!-- TC_SPDOC_002 -->
        <test-method status="PASS" signature="tearDown(org.testng.ITestResult, java.lang.reflect.Method)[pri:0, instance:maintest.SPcasereg@d25987]" name="tearDown" is-config="true" duration-ms="0" started-at="2018-10-12T19:01:16Z" finished-at="2018-10-12T19:01:16Z">
          <params>
            <param index="0">
              <value>
                <![CDATA[[TestResult name=TC_SPDOC_001 status=SUCCESS method=SPcasereg.TC_SPDOC_001()[pri:0, instance:maintest.SPcasereg@d25987] output=Test Method resides in maintest.SPcasereg]]]>
              </value>
            </param>
            <param index="1">
              <value>
                <![CDATA[public void maintest.SPcasereg.TC_SPDOC_001() throws java.lang.Exception]]>
              </value>
            </param>
          </params>
          <reporter-output>
          </reporter-output>
        </test-method> <!-- tearDown -->
        <test-method status="PASS" signature="setup(java.lang.reflect.Method)[pri:0, instance:maintest.SPcasereg@d25987]" name="setup" is-config="true" duration-ms="0" started-at="2018-10-12T19:01:16Z" finished-at="2018-10-12T19:01:16Z">
          <params>
            <param index="0">
              <value>
                <![CDATA[public void maintest.SPcasereg.TC_SPDOC_002() throws java.lang.Exception]]>
              </value>
            </param>
          </params>
          <reporter-output>
          </reporter-output>
        </test-method> <!-- setup -->
        <test-method status="PASS" signature="setup(java.lang.reflect.Method)[pri:0, instance:maintest.SPcasereg@d25987]" name="setup" is-config="true" duration-ms="0" started-at="2018-10-12T19:01:27Z" finished-at="2018-10-12T19:01:27Z">
          <params>
            <param index="0">
              <value>
                <![CDATA[public void maintest.SPcasereg.TC_SPDOC_003() throws java.lang.Exception]]>
              </value>
            </param>
          </params>
          <reporter-output>
          </reporter-output>
        </test-method> <!-- setup -->
        <test-method status="PASS" signature="TC_SPDOC_003()[pri:0, instance:maintest.SPcasereg@d25987]" name="TC_SPDOC_003" duration-ms="10728" started-at="2018-10-12T19:01:27Z" depends-on-methods="maintest.SPcasereg.TC_SPDOC_002" finished-at="2018-10-12T19:01:37Z">
          <reporter-output>
            <line>
              <![CDATA[Test Method resides in maintest.SPcasereg]]>
            </line>
            <line>
              <![CDATA[Test Status: Pass]]>
            </line>
          </reporter-output>
        </test-method> <!-- TC_SPDOC_003 -->
        <test-method status="PASS" signature="tearDown(org.testng.ITestResult, java.lang.reflect.Method)[pri:0, instance:maintest.SPcasereg@d25987]" name="tearDown" is-config="true" duration-ms="0" started-at="2018-10-12T19:01:27Z" finished-at="2018-10-12T19:01:27Z">
          <params>
            <param index="0">
              <value>
                <![CDATA[[TestResult name=TC_SPDOC_002 status=SUCCESS method=SPcasereg.TC_SPDOC_002()[pri:0, instance:maintest.SPcasereg@d25987] output=Test Method resides in maintest.SPcasereg]]]>
              </value>
            </param>
            <param index="1">
              <value>
                <![CDATA[public void maintest.SPcasereg.TC_SPDOC_002() throws java.lang.Exception]]>
              </value>
            </param>
          </params>
          <reporter-output>
          </reporter-output>
        </test-method> <!-- tearDown -->
        <test-method status="PASS" signature="tearDown(org.testng.ITestResult, java.lang.reflect.Method)[pri:0, instance:maintest.SPcasereg@d25987]" name="tearDown" is-config="true" duration-ms="0" started-at="2018-10-12T19:01:37Z" finished-at="2018-10-12T19:01:37Z">
          <params>
            <param index="0">
              <value>
                <![CDATA[[TestResult name=TC_SPDOC_003 status=SUCCESS method=SPcasereg.TC_SPDOC_003()[pri:0, instance:maintest.SPcasereg@d25987] output=Test Method resides in maintest.SPcasereg]]]>
              </value>
            </param>
            <param index="1">
              <value>
                <![CDATA[public void maintest.SPcasereg.TC_SPDOC_003() throws java.lang.Exception]]>
              </value>
            </param>
          </params>
          <reporter-output>
          </reporter-output>
        </test-method> <!-- tearDown -->
        <test-method status="PASS" signature="TC_SPDOC_004()[pri:0, instance:maintest.SPcasereg@d25987]" name="TC_SPDOC_004" duration-ms="25313" started-at="2018-10-12T19:01:37Z" depends-on-methods="maintest.SPcasereg.TC_SPDOC_003" finished-at="2018-10-12T19:02:03Z">
          <reporter-output>
            <line>
              <![CDATA[Test Method resides in maintest.SPcasereg]]>
            </line>
            <line>
              <![CDATA[Test Status: Pass]]>
            </line>
          </reporter-output>
        </test-method> <!-- TC_SPDOC_004 -->
        <test-method status="PASS" signature="setup(java.lang.reflect.Method)[pri:0, instance:maintest.SPcasereg@d25987]" name="setup" is-config="true" duration-ms="0" started-at="2018-10-12T19:01:37Z" finished-at="2018-10-12T19:01:37Z">
          <params>
            <param index="0">
              <value>
                <![CDATA[public void maintest.SPcasereg.TC_SPDOC_004() throws java.lang.Exception]]>
              </value>
            </param>
          </params>
          <reporter-output>
          </reporter-output>
        </test-method> <!-- setup -->
        <test-method status="PASS" signature="TC_SPDOC_005()[pri:0, instance:maintest.SPcasereg@d25987]" name="TC_SPDOC_005" duration-ms="105950" started-at="2018-10-12T19:02:03Z" depends-on-methods="maintest.SPcasereg.TC_SPDOC_004" finished-at="2018-10-12T19:03:49Z">
          <reporter-output>
            <line>
              <![CDATA[Test Method resides in maintest.SPcasereg]]>
            </line>
            <line>
              <![CDATA[Test Status: Pass]]>
            </line>
          </reporter-output>
        </test-method> <!-- TC_SPDOC_005 -->
        <test-method status="PASS" signature="setup(java.lang.reflect.Method)[pri:0, instance:maintest.SPcasereg@d25987]" name="setup" is-config="true" duration-ms="0" started-at="2018-10-12T19:02:03Z" finished-at="2018-10-12T19:02:03Z">
          <params>
            <param index="0">
              <value>
                <![CDATA[public void maintest.SPcasereg.TC_SPDOC_005() throws java.lang.Exception]]>
              </value>
            </param>
          </params>
          <reporter-output>
          </reporter-output>
        </test-method> <!-- setup -->
        <test-method status="PASS" signature="tearDown(org.testng.ITestResult, java.lang.reflect.Method)[pri:0, instance:maintest.SPcasereg@d25987]" name="tearDown" is-config="true" duration-ms="0" started-at="2018-10-12T19:02:03Z" finished-at="2018-10-12T19:02:03Z">
          <params>
            <param index="0">
              <value>
                <![CDATA[[TestResult name=TC_SPDOC_004 status=SUCCESS method=SPcasereg.TC_SPDOC_004()[pri:0, instance:maintest.SPcasereg@d25987] output=Test Method resides in maintest.SPcasereg]]]>
              </value>
            </param>
            <param index="1">
              <value>
                <![CDATA[public void maintest.SPcasereg.TC_SPDOC_004() throws java.lang.Exception]]>
              </value>
            </param>
          </params>
          <reporter-output>
          </reporter-output>
        </test-method> <!-- tearDown -->
        <test-method status="PASS" signature="tearDown(org.testng.ITestResult, java.lang.reflect.Method)[pri:0, instance:maintest.SPcasereg@d25987]" name="tearDown" is-config="true" duration-ms="1" started-at="2018-10-12T19:03:49Z" finished-at="2018-10-12T19:03:49Z">
          <params>
            <param index="0">
              <value>
                <![CDATA[[TestResult name=TC_SPDOC_005 status=SUCCESS method=SPcasereg.TC_SPDOC_005()[pri:0, instance:maintest.SPcasereg@d25987] output=Test Method resides in maintest.SPcasereg]]]>
              </value>
            </param>
            <param index="1">
              <value>
                <![CDATA[public void maintest.SPcasereg.TC_SPDOC_005() throws java.lang.Exception]]>
              </value>
            </param>
          </params>
          <reporter-output>
          </reporter-output>
        </test-method> <!-- tearDown -->
        <test-method status="PASS" signature="setup(java.lang.reflect.Method)[pri:0, instance:maintest.SPcasereg@d25987]" name="setup" is-config="true" duration-ms="1" started-at="2018-10-12T19:03:49Z" finished-at="2018-10-12T19:03:49Z">
          <params>
            <param index="0">
              <value>
                <![CDATA[public void maintest.SPcasereg.TC_SPDOC_006() throws java.lang.Exception]]>
              </value>
            </param>
          </params>
          <reporter-output>
          </reporter-output>
        </test-method> <!-- setup -->
        <test-method status="PASS" signature="TC_SPDOC_006()[pri:0, instance:maintest.SPcasereg@d25987]" name="TC_SPDOC_006" duration-ms="10052" started-at="2018-10-12T19:03:49Z" depends-on-methods="maintest.SPcasereg.TC_SPDOC_005" finished-at="2018-10-12T19:03:59Z">
          <reporter-output>
            <line>
              <![CDATA[Test Method resides in maintest.SPcasereg]]>
            </line>
            <line>
              <![CDATA[Test Status: Pass]]>
            </line>
          </reporter-output>
        </test-method> <!-- TC_SPDOC_006 -->
        <test-method status="PASS" signature="tearDown(org.testng.ITestResult, java.lang.reflect.Method)[pri:0, instance:maintest.SPcasereg@d25987]" name="tearDown" is-config="true" duration-ms="1" started-at="2018-10-12T19:03:59Z" finished-at="2018-10-12T19:03:59Z">
          <params>
            <param index="0">
              <value>
                <![CDATA[[TestResult name=TC_SPDOC_006 status=SUCCESS method=SPcasereg.TC_SPDOC_006()[pri:0, instance:maintest.SPcasereg@d25987] output=Test Method resides in maintest.SPcasereg]]]>
              </value>
            </param>
            <param index="1">
              <value>
                <![CDATA[public void maintest.SPcasereg.TC_SPDOC_006() throws java.lang.Exception]]>
              </value>
            </param>
          </params>
          <reporter-output>
          </reporter-output>
        </test-method> <!-- tearDown -->
        <test-method status="PASS" signature="setup(java.lang.reflect.Method)[pri:0, instance:maintest.SPcasereg@d25987]" name="setup" is-config="true" duration-ms="0" started-at="2018-10-12T19:03:59Z" finished-at="2018-10-12T19:03:59Z">
          <params>
            <param index="0">
              <value>
                <![CDATA[public void maintest.SPcasereg.TC_SPDOC_007() throws java.lang.Exception]]>
              </value>
            </param>
          </params>
          <reporter-output>
          </reporter-output>
        </test-method> <!-- setup -->
        <test-method status="PASS" signature="TC_SPDOC_007()[pri:0, instance:maintest.SPcasereg@d25987]" name="TC_SPDOC_007" duration-ms="21280" started-at="2018-10-12T19:03:59Z" depends-on-methods="maintest.SPcasereg.TC_SPDOC_006" finished-at="2018-10-12T19:04:20Z">
          <reporter-output>
            <line>
              <![CDATA[Test Method resides in maintest.SPcasereg]]>
            </line>
            <line>
              <![CDATA[Test Status: Pass]]>
            </line>
          </reporter-output>
        </test-method> <!-- TC_SPDOC_007 -->
        <test-method status="PASS" signature="tearDown(org.testng.ITestResult, java.lang.reflect.Method)[pri:0, instance:maintest.SPcasereg@d25987]" name="tearDown" is-config="true" duration-ms="0" started-at="2018-10-12T19:04:20Z" finished-at="2018-10-12T19:04:20Z">
          <params>
            <param index="0">
              <value>
                <![CDATA[[TestResult name=TC_SPDOC_007 status=SUCCESS method=SPcasereg.TC_SPDOC_007()[pri:0, instance:maintest.SPcasereg@d25987] output=Test Method resides in maintest.SPcasereg]]]>
              </value>
            </param>
            <param index="1">
              <value>
                <![CDATA[public void maintest.SPcasereg.TC_SPDOC_007() throws java.lang.Exception]]>
              </value>
            </param>
          </params>
          <reporter-output>
          </reporter-output>
        </test-method> <!-- tearDown -->
        <test-method status="PASS" signature="setup(java.lang.reflect.Method)[pri:0, instance:maintest.SPcasereg@d25987]" name="setup" is-config="true" duration-ms="0" started-at="2018-10-12T19:04:20Z" finished-at="2018-10-12T19:04:20Z">
          <params>
            <param index="0">
              <value>
                <![CDATA[public void maintest.SPcasereg.TC_SPDOC_008() throws java.lang.Exception]]>
              </value>
            </param>
          </params>
          <reporter-output>
          </reporter-output>
        </test-method> <!-- setup -->
        <test-method status="PASS" signature="TC_SPDOC_008()[pri:0, instance:maintest.SPcasereg@d25987]" name="TC_SPDOC_008" duration-ms="33064" started-at="2018-10-12T19:04:20Z" depends-on-methods="maintest.SPcasereg.TC_SPDOC_007" finished-at="2018-10-12T19:04:53Z">
          <reporter-output>
            <line>
              <![CDATA[Test Method resides in maintest.SPcasereg]]>
            </line>
            <line>
              <![CDATA[Test Status: Pass]]>
            </line>
          </reporter-output>
        </test-method> <!-- TC_SPDOC_008 -->
        <test-method status="PASS" signature="tearDown(org.testng.ITestResult, java.lang.reflect.Method)[pri:0, instance:maintest.SPcasereg@d25987]" name="tearDown" is-config="true" duration-ms="0" started-at="2018-10-12T19:04:53Z" finished-at="2018-10-12T19:04:53Z">
          <params>
            <param index="0">
              <value>
                <![CDATA[[TestResult name=TC_SPDOC_008 status=SUCCESS method=SPcasereg.TC_SPDOC_008()[pri:0, instance:maintest.SPcasereg@d25987] output=Test Method resides in maintest.SPcasereg]]]>
              </value>
            </param>
            <param index="1">
              <value>
                <![CDATA[public void maintest.SPcasereg.TC_SPDOC_008() throws java.lang.Exception]]>
              </value>
            </param>
          </params>
          <reporter-output>
          </reporter-output>
        </test-method> <!-- tearDown -->
        <test-method status="PASS" signature="teardown()[pri:0, instance:maintest.SPcasereg@d25987]" name="teardown" is-config="true" duration-ms="0" started-at="2018-10-12T19:04:53Z" finished-at="2018-10-12T19:04:53Z">
          <reporter-output>
          </reporter-output>
        </test-method> <!-- teardown -->
      </class> <!-- maintest.SPcasereg -->
    </test> <!-- insuff -->
  </suite> <!-- regression testing -->
</testng-results>
