<?xml version="1.0" encoding="UTF-8"?>
<testng-results skipped="0" failed="0" total="60" passed="60">
  <reporter-output>
    <line>
      <![CDATA[About to begin executing Test insuff]]>
    </line>
    <line>
      <![CDATA[Test Method resides in maintest.SPcasereg]]>
    </line>
    <line>
      <![CDATA[Test Status: Pass]]>
    </line>
    <line>
      <![CDATA[Test Method resides in maintest.SPcasereg]]>
    </line>
    <line>
      <![CDATA[Test Status: Pass]]>
    </line>
    <line>
      <![CDATA[Test Method resides in maintest.SPcasereg]]>
    </line>
    <line>
      <![CDATA[Test Status: Pass]]>
    </line>
    <line>
      <![CDATA[Test Method resides in maintest.SPcasereg]]>
    </line>
    <line>
      <![CDATA[Test Status: Pass]]>
    </line>
    <line>
      <![CDATA[Test Method resides in maintest.SPcasereg]]>
    </line>
    <line>
      <![CDATA[Test Status: Pass]]>
    </line>
    <line>
      <![CDATA[Test Method resides in maintest.SPcasereg]]>
    </line>
    <line>
      <![CDATA[Test Status: Pass]]>
    </line>
    <line>
      <![CDATA[Test Method resides in maintest.SPcasereg]]>
    </line>
    <line>
      <![CDATA[Test Status: Pass]]>
    </line>
    <line>
      <![CDATA[Test Method resides in maintest.SPcasereg]]>
    </line>
    <line>
      <![CDATA[Test Status: Pass]]>
    </line>
    <line>
      <![CDATA[Test Method resides in maintest.SPcasereg]]>
    </line>
    <line>
      <![CDATA[Test Status: Pass]]>
    </line>
    <line>
      <![CDATA[Test Method resides in maintest.SPcasereg]]>
    </line>
    <line>
      <![CDATA[Test Status: Pass]]>
    </line>
    <line>
      <![CDATA[Test Method resides in maintest.SPcasereg]]>
    </line>
    <line>
      <![CDATA[Test Status: Pass]]>
    </line>
    <line>
      <![CDATA[Test Method resides in maintest.SPcasereg]]>
    </line>
    <line>
      <![CDATA[Test Status: Pass]]>
    </line>
    <line>
      <![CDATA[Test Method resides in maintest.SPcasereg]]>
    </line>
    <line>
      <![CDATA[Test Status: Pass]]>
    </line>
    <line>
      <![CDATA[Test Method resides in maintest.SPcasereg]]>
    </line>
    <line>
      <![CDATA[Test Status: Pass]]>
    </line>
    <line>
      <![CDATA[Test Method resides in maintest.SPcasereg]]>
    </line>
    <line>
      <![CDATA[Test Status: Pass]]>
    </line>
    <line>
      <![CDATA[Test Method resides in maintest.SPcasereg]]>
    </line>
    <line>
      <![CDATA[Test Status: Pass]]>
    </line>
    <line>
      <![CDATA[Test Method resides in maintest.SPcasereg]]>
    </line>
    <line>
      <![CDATA[Test Status: Pass]]>
    </line>
    <line>
      <![CDATA[Test Method resides in maintest.SPcasereg]]>
    </line>
    <line>
      <![CDATA[Test Status: Pass]]>
    </line>
    <line>
      <![CDATA[Test Method resides in maintest.SPcasereg]]>
    </line>
    <line>
      <![CDATA[Test Status: Pass]]>
    </line>
    <line>
      <![CDATA[Test Method resides in maintest.SPcasereg]]>
    </line>
    <line>
      <![CDATA[Test Status: Pass]]>
    </line>
    <line>
      <![CDATA[Test Method resides in maintest.SPcasereg]]>
    </line>
    <line>
      <![CDATA[Test Status: Pass]]>
    </line>
    <line>
      <![CDATA[Test Method resides in maintest.SPcasereg]]>
    </line>
    <line>
      <![CDATA[Test Status: Pass]]>
    </line>
    <line>
      <![CDATA[Test Method resides in maintest.SPcasereg]]>
    </line>
    <line>
      <![CDATA[Test Status: Pass]]>
    </line>
    <line>
      <![CDATA[Test Method resides in maintest.SPcasereg]]>
    </line>
    <line>
      <![CDATA[Test Status: Pass]]>
    </line>
    <line>
      <![CDATA[Test Method resides in maintest.SPcasereg]]>
    </line>
    <line>
      <![CDATA[Test Status: Pass]]>
    </line>
    <line>
      <![CDATA[Test Method resides in maintest.SPcasereg]]>
    </line>
    <line>
      <![CDATA[Test Status: Pass]]>
    </line>
    <line>
      <![CDATA[Test Method resides in maintest.SPcasereg]]>
    </line>
    <line>
      <![CDATA[Test Status: Pass]]>
    </line>
    <line>
      <![CDATA[Test Method resides in maintest.SPcasereg]]>
    </line>
    <line>
      <![CDATA[Test Status: Pass]]>
    </line>
    <line>
      <![CDATA[Test Method resides in maintest.SPcasereg]]>
    </line>
    <line>
      <![CDATA[Test Status: Pass]]>
    </line>
    <line>
      <![CDATA[Test Method resides in maintest.SPcasereg]]>
    </line>
    <line>
      <![CDATA[Test Status: Pass]]>
    </line>
    <line>
      <![CDATA[Test Method resides in maintest.SPcasereg]]>
    </line>
    <line>
      <![CDATA[Test Status: Pass]]>
    </line>
    <line>
      <![CDATA[Test Method resides in maintest.SPcasereg]]>
    </line>
    <line>
      <![CDATA[Test Status: Pass]]>
    </line>
    <line>
      <![CDATA[Test Method resides in maintest.SPcasereg]]>
    </line>
    <line>
      <![CDATA[Test Status: Pass]]>
    </line>
    <line>
      <![CDATA[Test Method resides in maintest.SPcasereg]]>
    </line>
    <line>
      <![CDATA[Test Status: Pass]]>
    </line>
    <line>
      <![CDATA[Test Method resides in maintest.SPcasereg]]>
    </line>
    <line>
      <![CDATA[Test Status: Pass]]>
    </line>
    <line>
      <![CDATA[Test Method resides in maintest.SPcasereg]]>
    </line>
    <line>
      <![CDATA[Test Status: Pass]]>
    </line>
    <line>
      <![CDATA[Test Method resides in maintest.SPcasereg]]>
    </line>
    <line>
      <![CDATA[Test Status: Pass]]>
    </line>
    <line>
      <![CDATA[Test Method resides in maintest.SPcasereg]]>
    </line>
    <line>
      <![CDATA[Test Status: Pass]]>
    </line>
    <line>
      <![CDATA[Test Method resides in maintest.SPcasereg]]>
    </line>
    <line>
      <![CDATA[Test Status: Pass]]>
    </line>
    <line>
      <![CDATA[Test Method resides in maintest.SPcasereg]]>
    </line>
    <line>
      <![CDATA[Test Status: Pass]]>
    </line>
    <line>
      <![CDATA[Test Method resides in maintest.SPcasereg]]>
    </line>
    <line>
      <![CDATA[Test Status: Pass]]>
    </line>
    <line>
      <![CDATA[Test Method resides in maintest.SPcasereg]]>
    </line>
    <line>
      <![CDATA[Test Status: Pass]]>
    </line>
    <line>
      <![CDATA[Test Method resides in maintest.SPcasereg]]>
    </line>
    <line>
      <![CDATA[Test Status: Pass]]>
    </line>
    <line>
      <![CDATA[Test Method resides in maintest.SPcasereg]]>
    </line>
    <line>
      <![CDATA[Test Status: Pass]]>
    </line>
    <line>
      <![CDATA[Test Method resides in maintest.SPcasereg]]>
    </line>
    <line>
      <![CDATA[Test Status: Pass]]>
    </line>
    <line>
      <![CDATA[Test Method resides in maintest.SPcasereg]]>
    </line>
    <line>
      <![CDATA[Test Status: Pass]]>
    </line>
    <line>
      <![CDATA[Test Method resides in maintest.SPcasereg]]>
    </line>
    <line>
      <![CDATA[Test Status: Pass]]>
    </line>
    <line>
      <![CDATA[Test Method resides in maintest.SPcasereg]]>
    </line>
    <line>
      <![CDATA[Test Status: Pass]]>
    </line>
    <line>
      <![CDATA[Test Method resides in maintest.SPcasereg]]>
    </line>
    <line>
      <![CDATA[Test Status: Pass]]>
    </line>
    <line>
      <![CDATA[Test Method resides in maintest.SPcasereg]]>
    </line>
    <line>
      <![CDATA[Test Status: Pass]]>
    </line>
    <line>
      <![CDATA[Test Method resides in maintest.SPcasereg]]>
    </line>
    <line>
      <![CDATA[Test Status: Pass]]>
    </line>
    <line>
      <![CDATA[Test Method resides in maintest.SPcasereg]]>
    </line>
    <line>
      <![CDATA[Test Status: Pass]]>
    </line>
    <line>
      <![CDATA[Test Method resides in maintest.SPcasereg]]>
    </line>
    <line>
      <![CDATA[Test Status: Pass]]>
    </line>
    <line>
      <![CDATA[Test Method resides in maintest.SPcasereg]]>
    </line>
    <line>
      <![CDATA[Test Status: Pass]]>
    </line>
    <line>
      <![CDATA[Test Method resides in maintest.SPcasereg]]>
    </line>
    <line>
      <![CDATA[Test Status: Pass]]>
    </line>
    <line>
      <![CDATA[Test Method resides in maintest.SPcasereg]]>
    </line>
    <line>
      <![CDATA[Test Status: Pass]]>
    </line>
    <line>
      <![CDATA[Test Method resides in maintest.SPcasereg]]>
    </line>
    <line>
      <![CDATA[Test Status: Pass]]>
    </line>
    <line>
      <![CDATA[Test Method resides in maintest.SPcasereg]]>
    </line>
    <line>
      <![CDATA[Test Status: Pass]]>
    </line>
    <line>
      <![CDATA[Test Method resides in maintest.SPcasereg]]>
    </line>
    <line>
      <![CDATA[Test Status: Pass]]>
    </line>
    <line>
      <![CDATA[Test Method resides in maintest.SPcasereg]]>
    </line>
    <line>
      <![CDATA[Test Status: Pass]]>
    </line>
    <line>
      <![CDATA[Completed executing test insuff]]>
    </line>
  </reporter-output>
  <suite name="regression testing" duration-ms="1680743" started-at="2018-10-13T04:49:06Z" finished-at="2018-10-13T05:17:06Z">
    <groups>
      <group name="spcase registration">
        <method signature="SPcasereg.Login()[pri:0, instance:maintest.SPcasereg@101b7af]" name="Login" class="maintest.SPcasereg"/>
        <method signature="SPcasereg.TC_SCPR_004()[pri:0, instance:maintest.SPcasereg@101b7af]" name="TC_SCPR_004" class="maintest.SPcasereg"/>
        <method signature="SPcasereg.TC_SPCR_001()[pri:0, instance:maintest.SPcasereg@101b7af]" name="TC_SPCR_001" class="maintest.SPcasereg"/>
        <method signature="SPcasereg.TC_SPCR_002()[pri:0, instance:maintest.SPcasereg@101b7af]" name="TC_SPCR_002" class="maintest.SPcasereg"/>
        <method signature="SPcasereg.TC_SPCR_003()[pri:0, instance:maintest.SPcasereg@101b7af]" name="TC_SPCR_003" class="maintest.SPcasereg"/>
        <method signature="SPcasereg.TC_SPCR_005()[pri:0, instance:maintest.SPcasereg@101b7af]" name="TC_SPCR_005" class="maintest.SPcasereg"/>
        <method signature="SPcasereg.TC_SPCR_006()[pri:0, instance:maintest.SPcasereg@101b7af]" name="TC_SPCR_006" class="maintest.SPcasereg"/>
        <method signature="SPcasereg.TC_SPCR_007()[pri:0, instance:maintest.SPcasereg@101b7af]" name="TC_SPCR_007" class="maintest.SPcasereg"/>
        <method signature="SPcasereg.TC_SPCR_008()[pri:0, instance:maintest.SPcasereg@101b7af]" name="TC_SPCR_008" class="maintest.SPcasereg"/>
        <method signature="SPcasereg.TC_SPCR_009()[pri:0, instance:maintest.SPcasereg@101b7af]" name="TC_SPCR_009" class="maintest.SPcasereg"/>
        <method signature="SPcasereg.TC_SPCR_010()[pri:0, instance:maintest.SPcasereg@101b7af]" name="TC_SPCR_010" class="maintest.SPcasereg"/>
        <method signature="SPcasereg.TC_SPCR_011()[pri:0, instance:maintest.SPcasereg@101b7af]" name="TC_SPCR_011" class="maintest.SPcasereg"/>
        <method signature="SPcasereg.TC_SPCR_022()[pri:0, instance:maintest.SPcasereg@101b7af]" name="TC_SPCR_022" class="maintest.SPcasereg"/>
        <method signature="SPcasereg.TC_SPCR_023()[pri:0, instance:maintest.SPcasereg@101b7af]" name="TC_SPCR_023" class="maintest.SPcasereg"/>
        <method signature="SPcasereg.TC_SPCR_024()[pri:0, instance:maintest.SPcasereg@101b7af]" name="TC_SPCR_024" class="maintest.SPcasereg"/>
        <method signature="SPcasereg.TC_SPCR_025()[pri:0, instance:maintest.SPcasereg@101b7af]" name="TC_SPCR_025" class="maintest.SPcasereg"/>
        <method signature="SPcasereg.TC_SPCR_026()[pri:0, instance:maintest.SPcasereg@101b7af]" name="TC_SPCR_026" class="maintest.SPcasereg"/>
        <method signature="SPcasereg.TC_SPCR_027()[pri:0, instance:maintest.SPcasereg@101b7af]" name="TC_SPCR_027" class="maintest.SPcasereg"/>
      </group> <!-- spcase registration -->
      <group name="not applicable">
        <method signature="SPcasereg.TC_SPNAPP_001()[pri:0, instance:maintest.SPcasereg@101b7af]" name="TC_SPNAPP_001" class="maintest.SPcasereg"/>
        <method signature="SPcasereg.TC_SPCEP_001()[pri:0, instance:maintest.SPcasereg@101b7af]" name="TC_SPCEP_001" class="maintest.SPcasereg"/>
      </group> <!-- not applicable -->
      <group name="insuff">
        <method signature="SPcasereg.Login()[pri:0, instance:maintest.SPcasereg@101b7af]" name="Login" class="maintest.SPcasereg"/>
        <method signature="SPcasereg.TC_SPINF_001()[pri:0, instance:maintest.SPcasereg@101b7af]" name="TC_SPINF_001" class="maintest.SPcasereg"/>
        <method signature="SPcasereg.TC_SPINF_002()[pri:0, instance:maintest.SPcasereg@101b7af]" name="TC_SPINF_002" class="maintest.SPcasereg"/>
        <method signature="SPcasereg.TC_SPINF_003()[pri:0, instance:maintest.SPcasereg@101b7af]" name="TC_SPINF_003" class="maintest.SPcasereg"/>
        <method signature="SPcasereg.TC_SPINF_004()[pri:0, instance:maintest.SPcasereg@101b7af]" name="TC_SPINF_004" class="maintest.SPcasereg"/>
        <method signature="SPcasereg.TC_SPINF_005()[pri:0, instance:maintest.SPcasereg@101b7af]" name="TC_SPINF_005" class="maintest.SPcasereg"/>
        <method signature="SPcasereg.TC_SPINF_006()[pri:0, instance:maintest.SPcasereg@101b7af]" name="TC_SPINF_006" class="maintest.SPcasereg"/>
        <method signature="SPcasereg.TC_SPINF_007()[pri:0, instance:maintest.SPcasereg@101b7af]" name="TC_SPINF_007" class="maintest.SPcasereg"/>
        <method signature="SPcasereg.TC_SPINF_008()[pri:0, instance:maintest.SPcasereg@101b7af]" name="TC_SPINF_008" class="maintest.SPcasereg"/>
        <method signature="SPcasereg.TC_SPINF_009()[pri:0, instance:maintest.SPcasereg@101b7af]" name="TC_SPINF_009" class="maintest.SPcasereg"/>
        <method signature="SPcasereg.TC_SPINF_010()[pri:0, instance:maintest.SPcasereg@101b7af]" name="TC_SPINF_010" class="maintest.SPcasereg"/>
        <method signature="SPcasereg.TC_SPINF_011()[pri:0, instance:maintest.SPcasereg@101b7af]" name="TC_SPINF_011" class="maintest.SPcasereg"/>
        <method signature="SPcasereg.TC_SPINF_014()[pri:0, instance:maintest.SPcasereg@101b7af]" name="TC_SPINF_014" class="maintest.SPcasereg"/>
        <method signature="SPcasereg.TC_SPINF_017()[pri:0, instance:maintest.SPcasereg@101b7af]" name="TC_SPINF_017" class="maintest.SPcasereg"/>
        <method signature="SPcasereg.TC_SPINF_020()[pri:0, instance:maintest.SPcasereg@101b7af]" name="TC_SPINF_020" class="maintest.SPcasereg"/>
        <method signature="SPcasereg.TC_SPINF_023()[pri:0, instance:maintest.SPcasereg@101b7af]" name="TC_SPINF_023" class="maintest.SPcasereg"/>
        <method signature="SPcasereg.TC_SPINF_026()[pri:0, instance:maintest.SPcasereg@101b7af]" name="TC_SPINF_026" class="maintest.SPcasereg"/>
        <method signature="SPcasereg.TC_SPINF_029()[pri:0, instance:maintest.SPcasereg@101b7af]" name="TC_SPINF_029" class="maintest.SPcasereg"/>
        <method signature="SPcasereg.TC_SPINF_032()[pri:0, instance:maintest.SPcasereg@101b7af]" name="TC_SPINF_032" class="maintest.SPcasereg"/>
        <method signature="SPcasereg.TC_SPINF_035()[pri:0, instance:maintest.SPcasereg@101b7af]" name="TC_SPINF_035" class="maintest.SPcasereg"/>
        <method signature="SPcasereg.TC_SPINF_038()[pri:0, instance:maintest.SPcasereg@101b7af]" name="TC_SPINF_038" class="maintest.SPcasereg"/>
        <method signature="SPcasereg.TC_SPINF_012()[pri:0, instance:maintest.SPcasereg@101b7af]" name="TC_SPINF_012" class="maintest.SPcasereg"/>
        <method signature="SPcasereg.TC_SPINF_015()[pri:0, instance:maintest.SPcasereg@101b7af]" name="TC_SPINF_015" class="maintest.SPcasereg"/>
        <method signature="SPcasereg.TC_SPINF_018()[pri:0, instance:maintest.SPcasereg@101b7af]" name="TC_SPINF_018" class="maintest.SPcasereg"/>
        <method signature="SPcasereg.TC_SPINF_021()[pri:0, instance:maintest.SPcasereg@101b7af]" name="TC_SPINF_021" class="maintest.SPcasereg"/>
        <method signature="SPcasereg.TC_SPINF_024()[pri:0, instance:maintest.SPcasereg@101b7af]" name="TC_SPINF_024" class="maintest.SPcasereg"/>
        <method signature="SPcasereg.TC_SPINF_027()[pri:0, instance:maintest.SPcasereg@101b7af]" name="TC_SPINF_027" class="maintest.SPcasereg"/>
        <method signature="SPcasereg.TC_SPINF_030()[pri:0, instance:maintest.SPcasereg@101b7af]" name="TC_SPINF_030" class="maintest.SPcasereg"/>
        <method signature="SPcasereg.TC_SPINF_033()[pri:0, instance:maintest.SPcasereg@101b7af]" name="TC_SPINF_033" class="maintest.SPcasereg"/>
        <method signature="SPcasereg.TC_SPINF_039()[pri:0, instance:maintest.SPcasereg@101b7af]" name="TC_SPINF_039" class="maintest.SPcasereg"/>
      </group> <!-- insuff -->
      <group name="smoketest">
        <method signature="SPcasereg.Login()[pri:0, instance:maintest.SPcasereg@101b7af]" name="Login" class="maintest.SPcasereg"/>
        <method signature="SPcasereg.TC_SPCR_001()[pri:0, instance:maintest.SPcasereg@101b7af]" name="TC_SPCR_001" class="maintest.SPcasereg"/>
        <method signature="SPcasereg.TC_SPCR_010()[pri:0, instance:maintest.SPcasereg@101b7af]" name="TC_SPCR_010" class="maintest.SPcasereg"/>
        <method signature="SPcasereg.TC_SPCR_022()[pri:0, instance:maintest.SPcasereg@101b7af]" name="TC_SPCR_022" class="maintest.SPcasereg"/>
        <method signature="SPcasereg.TC_SPCR_023()[pri:0, instance:maintest.SPcasereg@101b7af]" name="TC_SPCR_023" class="maintest.SPcasereg"/>
        <method signature="SPcasereg.TC_SPCR_024()[pri:0, instance:maintest.SPcasereg@101b7af]" name="TC_SPCR_024" class="maintest.SPcasereg"/>
        <method signature="SPcasereg.TC_SPCR_025()[pri:0, instance:maintest.SPcasereg@101b7af]" name="TC_SPCR_025" class="maintest.SPcasereg"/>
        <method signature="SPcasereg.TC_SPCR_026()[pri:0, instance:maintest.SPcasereg@101b7af]" name="TC_SPCR_026" class="maintest.SPcasereg"/>
        <method signature="SPcasereg.TC_SPCR_027()[pri:0, instance:maintest.SPcasereg@101b7af]" name="TC_SPCR_027" class="maintest.SPcasereg"/>
      </group> <!-- smoketest -->
    </groups>
    <test name="insuff" duration-ms="1680743" started-at="2018-10-13T04:49:06Z" finished-at="2018-10-13T05:17:06Z">
      <class name="maintest.SPcasereg">
        <test-method status="PASS" signature="beforeSuit()[pri:0, instance:maintest.SPcasereg@101b7af]" name="beforeSuit" is-config="true" duration-ms="233" started-at="2018-10-13T10:19:05Z" finished-at="2018-10-13T10:19:06Z">
          <reporter-output>
          </reporter-output>
        </test-method> <!-- beforeSuit -->
        <test-method status="PASS" signature="beforetest()[pri:0, instance:maintest.SPcasereg@101b7af]" name="beforetest" is-config="true" duration-ms="5767" started-at="2018-10-13T10:19:06Z" finished-at="2018-10-13T10:19:11Z">
          <reporter-output>
          </reporter-output>
        </test-method> <!-- beforetest -->
        <test-method status="PASS" signature="setup(java.lang.reflect.Method)[pri:0, instance:maintest.SPcasereg@101b7af]" name="setup" is-config="true" duration-ms="58" started-at="2018-10-13T10:19:11Z" finished-at="2018-10-13T10:19:11Z">
          <params>
            <param index="0">
              <value>
                <![CDATA[public void maintest.SPcasereg.Login() throws java.lang.Exception]]>
              </value>
            </param>
          </params>
          <reporter-output>
          </reporter-output>
        </test-method> <!-- setup -->
        <test-method status="PASS" signature="Login()[pri:0, instance:maintest.SPcasereg@101b7af]" name="Login" duration-ms="10941" started-at="2018-10-13T10:19:11Z" finished-at="2018-10-13T10:19:22Z">
          <reporter-output>
            <line>
              <![CDATA[Test Method resides in maintest.SPcasereg]]>
            </line>
            <line>
              <![CDATA[Test Status: Pass]]>
            </line>
          </reporter-output>
        </test-method> <!-- Login -->
        <test-method status="PASS" signature="tearDown(org.testng.ITestResult, java.lang.reflect.Method)[pri:0, instance:maintest.SPcasereg@101b7af]" name="tearDown" is-config="true" duration-ms="0" started-at="2018-10-13T10:19:22Z" finished-at="2018-10-13T10:19:22Z">
          <params>
            <param index="0">
              <value>
                <![CDATA[[TestResult name=Login status=SUCCESS method=SPcasereg.Login()[pri:0, instance:maintest.SPcasereg@101b7af] output=Test Method resides in maintest.SPcasereg]]]>
              </value>
            </param>
            <param index="1">
              <value>
                <![CDATA[public void maintest.SPcasereg.Login() throws java.lang.Exception]]>
              </value>
            </param>
          </params>
          <reporter-output>
          </reporter-output>
        </test-method> <!-- tearDown -->
        <test-method status="PASS" signature="TC_SPCR_001()[pri:0, instance:maintest.SPcasereg@101b7af]" name="TC_SPCR_001" duration-ms="6157" started-at="2018-10-13T10:19:22Z" finished-at="2018-10-13T10:19:29Z">
          <reporter-output>
            <line>
              <![CDATA[Test Method resides in maintest.SPcasereg]]>
            </line>
            <line>
              <![CDATA[Test Status: Pass]]>
            </line>
          </reporter-output>
        </test-method> <!-- TC_SPCR_001 -->
        <test-method status="PASS" signature="setup(java.lang.reflect.Method)[pri:0, instance:maintest.SPcasereg@101b7af]" name="setup" is-config="true" duration-ms="0" started-at="2018-10-13T10:19:22Z" finished-at="2018-10-13T10:19:22Z">
          <params>
            <param index="0">
              <value>
                <![CDATA[public void maintest.SPcasereg.TC_SPCR_001() throws java.lang.Exception]]>
              </value>
            </param>
          </params>
          <reporter-output>
          </reporter-output>
        </test-method> <!-- setup -->
        <test-method status="PASS" signature="tearDown(org.testng.ITestResult, java.lang.reflect.Method)[pri:0, instance:maintest.SPcasereg@101b7af]" name="tearDown" is-config="true" duration-ms="0" started-at="2018-10-13T10:19:29Z" finished-at="2018-10-13T10:19:29Z">
          <params>
            <param index="0">
              <value>
                <![CDATA[[TestResult name=TC_SPCR_001 status=SUCCESS method=SPcasereg.TC_SPCR_001()[pri:0, instance:maintest.SPcasereg@101b7af] output=Test Method resides in maintest.SPcasereg]]]>
              </value>
            </param>
            <param index="1">
              <value>
                <![CDATA[public void maintest.SPcasereg.TC_SPCR_001() throws java.lang.Exception]]>
              </value>
            </param>
          </params>
          <reporter-output>
          </reporter-output>
        </test-method> <!-- tearDown -->
        <test-method status="PASS" signature="setup(java.lang.reflect.Method)[pri:0, instance:maintest.SPcasereg@101b7af]" name="setup" is-config="true" duration-ms="0" started-at="2018-10-13T10:19:29Z" finished-at="2018-10-13T10:19:29Z">
          <params>
            <param index="0">
              <value>
                <![CDATA[public void maintest.SPcasereg.TC_SPCR_002()]]>
              </value>
            </param>
          </params>
          <reporter-output>
          </reporter-output>
        </test-method> <!-- setup -->
        <test-method status="PASS" signature="TC_SPCR_002()[pri:0, instance:maintest.SPcasereg@101b7af]" name="TC_SPCR_002" duration-ms="3204" started-at="2018-10-13T10:19:29Z" finished-at="2018-10-13T10:19:32Z">
          <reporter-output>
            <line>
              <![CDATA[Test Method resides in maintest.SPcasereg]]>
            </line>
            <line>
              <![CDATA[Test Status: Pass]]>
            </line>
          </reporter-output>
        </test-method> <!-- TC_SPCR_002 -->
        <test-method status="PASS" signature="tearDown(org.testng.ITestResult, java.lang.reflect.Method)[pri:0, instance:maintest.SPcasereg@101b7af]" name="tearDown" is-config="true" duration-ms="1" started-at="2018-10-13T10:19:32Z" finished-at="2018-10-13T10:19:32Z">
          <params>
            <param index="0">
              <value>
                <![CDATA[[TestResult name=TC_SPCR_002 status=SUCCESS method=SPcasereg.TC_SPCR_002()[pri:0, instance:maintest.SPcasereg@101b7af] output=Test Method resides in maintest.SPcasereg]]]>
              </value>
            </param>
            <param index="1">
              <value>
                <![CDATA[public void maintest.SPcasereg.TC_SPCR_002()]]>
              </value>
            </param>
          </params>
          <reporter-output>
          </reporter-output>
        </test-method> <!-- tearDown -->
        <test-method status="PASS" signature="setup(java.lang.reflect.Method)[pri:0, instance:maintest.SPcasereg@101b7af]" name="setup" is-config="true" duration-ms="1" started-at="2018-10-13T10:19:32Z" finished-at="2018-10-13T10:19:32Z">
          <params>
            <param index="0">
              <value>
                <![CDATA[public void maintest.SPcasereg.TC_SPCR_003()]]>
              </value>
            </param>
          </params>
          <reporter-output>
          </reporter-output>
        </test-method> <!-- setup -->
        <test-method status="PASS" signature="TC_SPCR_003()[pri:0, instance:maintest.SPcasereg@101b7af]" name="TC_SPCR_003" duration-ms="55" started-at="2018-10-13T10:19:32Z" finished-at="2018-10-13T10:19:32Z">
          <reporter-output>
            <line>
              <![CDATA[Test Method resides in maintest.SPcasereg]]>
            </line>
            <line>
              <![CDATA[Test Status: Pass]]>
            </line>
          </reporter-output>
        </test-method> <!-- TC_SPCR_003 -->
        <test-method status="PASS" signature="tearDown(org.testng.ITestResult, java.lang.reflect.Method)[pri:0, instance:maintest.SPcasereg@101b7af]" name="tearDown" is-config="true" duration-ms="1" started-at="2018-10-13T10:19:32Z" finished-at="2018-10-13T10:19:32Z">
          <params>
            <param index="0">
              <value>
                <![CDATA[[TestResult name=TC_SPCR_003 status=SUCCESS method=SPcasereg.TC_SPCR_003()[pri:0, instance:maintest.SPcasereg@101b7af] output=Test Method resides in maintest.SPcasereg]]]>
              </value>
            </param>
            <param index="1">
              <value>
                <![CDATA[public void maintest.SPcasereg.TC_SPCR_003()]]>
              </value>
            </param>
          </params>
          <reporter-output>
          </reporter-output>
        </test-method> <!-- tearDown -->
        <test-method status="PASS" signature="setup(java.lang.reflect.Method)[pri:0, instance:maintest.SPcasereg@101b7af]" name="setup" is-config="true" duration-ms="0" started-at="2018-10-13T10:19:32Z" finished-at="2018-10-13T10:19:32Z">
          <params>
            <param index="0">
              <value>
                <![CDATA[public void maintest.SPcasereg.TC_SCPR_004()]]>
              </value>
            </param>
          </params>
          <reporter-output>
          </reporter-output>
        </test-method> <!-- setup -->
        <test-method status="PASS" signature="TC_SCPR_004()[pri:0, instance:maintest.SPcasereg@101b7af]" name="TC_SCPR_004" duration-ms="56" started-at="2018-10-13T10:19:32Z" finished-at="2018-10-13T10:19:32Z">
          <reporter-output>
            <line>
              <![CDATA[Test Method resides in maintest.SPcasereg]]>
            </line>
            <line>
              <![CDATA[Test Status: Pass]]>
            </line>
          </reporter-output>
        </test-method> <!-- TC_SCPR_004 -->
        <test-method status="PASS" signature="tearDown(org.testng.ITestResult, java.lang.reflect.Method)[pri:0, instance:maintest.SPcasereg@101b7af]" name="tearDown" is-config="true" duration-ms="1" started-at="2018-10-13T10:19:32Z" finished-at="2018-10-13T10:19:32Z">
          <params>
            <param index="0">
              <value>
                <![CDATA[[TestResult name=TC_SCPR_004 status=SUCCESS method=SPcasereg.TC_SCPR_004()[pri:0, instance:maintest.SPcasereg@101b7af] output=Test Method resides in maintest.SPcasereg]]]>
              </value>
            </param>
            <param index="1">
              <value>
                <![CDATA[public void maintest.SPcasereg.TC_SCPR_004()]]>
              </value>
            </param>
          </params>
          <reporter-output>
          </reporter-output>
        </test-method> <!-- tearDown -->
        <test-method status="PASS" signature="setup(java.lang.reflect.Method)[pri:0, instance:maintest.SPcasereg@101b7af]" name="setup" is-config="true" duration-ms="1" started-at="2018-10-13T10:19:32Z" finished-at="2018-10-13T10:19:32Z">
          <params>
            <param index="0">
              <value>
                <![CDATA[public void maintest.SPcasereg.TC_SPCR_005()]]>
              </value>
            </param>
          </params>
          <reporter-output>
          </reporter-output>
        </test-method> <!-- setup -->
        <test-method status="PASS" signature="TC_SPCR_005()[pri:0, instance:maintest.SPcasereg@101b7af]" name="TC_SPCR_005" duration-ms="49" started-at="2018-10-13T10:19:32Z" finished-at="2018-10-13T10:19:32Z">
          <reporter-output>
            <line>
              <![CDATA[Test Method resides in maintest.SPcasereg]]>
            </line>
            <line>
              <![CDATA[Test Status: Pass]]>
            </line>
          </reporter-output>
        </test-method> <!-- TC_SPCR_005 -->
        <test-method status="PASS" signature="setup(java.lang.reflect.Method)[pri:0, instance:maintest.SPcasereg@101b7af]" name="setup" is-config="true" duration-ms="1" started-at="2018-10-13T10:19:32Z" finished-at="2018-10-13T10:19:32Z">
          <params>
            <param index="0">
              <value>
                <![CDATA[public void maintest.SPcasereg.TC_SPCR_006()]]>
              </value>
            </param>
          </params>
          <reporter-output>
          </reporter-output>
        </test-method> <!-- setup -->
        <test-method status="PASS" signature="tearDown(org.testng.ITestResult, java.lang.reflect.Method)[pri:0, instance:maintest.SPcasereg@101b7af]" name="tearDown" is-config="true" duration-ms="0" started-at="2018-10-13T10:19:32Z" finished-at="2018-10-13T10:19:32Z">
          <params>
            <param index="0">
              <value>
                <![CDATA[[TestResult name=TC_SPCR_005 status=SUCCESS method=SPcasereg.TC_SPCR_005()[pri:0, instance:maintest.SPcasereg@101b7af] output=Test Method resides in maintest.SPcasereg]]]>
              </value>
            </param>
            <param index="1">
              <value>
                <![CDATA[public void maintest.SPcasereg.TC_SPCR_005()]]>
              </value>
            </param>
          </params>
          <reporter-output>
          </reporter-output>
        </test-method> <!-- tearDown -->
        <test-method status="PASS" signature="TC_SPCR_006()[pri:0, instance:maintest.SPcasereg@101b7af]" name="TC_SPCR_006" duration-ms="37" started-at="2018-10-13T10:19:32Z" finished-at="2018-10-13T10:19:32Z">
          <reporter-output>
            <line>
              <![CDATA[Test Method resides in maintest.SPcasereg]]>
            </line>
            <line>
              <![CDATA[Test Status: Pass]]>
            </line>
          </reporter-output>
        </test-method> <!-- TC_SPCR_006 -->
        <test-method status="PASS" signature="tearDown(org.testng.ITestResult, java.lang.reflect.Method)[pri:0, instance:maintest.SPcasereg@101b7af]" name="tearDown" is-config="true" duration-ms="0" started-at="2018-10-13T10:19:32Z" finished-at="2018-10-13T10:19:32Z">
          <params>
            <param index="0">
              <value>
                <![CDATA[[TestResult name=TC_SPCR_006 status=SUCCESS method=SPcasereg.TC_SPCR_006()[pri:0, instance:maintest.SPcasereg@101b7af] output=Test Method resides in maintest.SPcasereg]]]>
              </value>
            </param>
            <param index="1">
              <value>
                <![CDATA[public void maintest.SPcasereg.TC_SPCR_006()]]>
              </value>
            </param>
          </params>
          <reporter-output>
          </reporter-output>
        </test-method> <!-- tearDown -->
        <test-method status="PASS" signature="setup(java.lang.reflect.Method)[pri:0, instance:maintest.SPcasereg@101b7af]" name="setup" is-config="true" duration-ms="0" started-at="2018-10-13T10:19:32Z" finished-at="2018-10-13T10:19:32Z">
          <params>
            <param index="0">
              <value>
                <![CDATA[public void maintest.SPcasereg.TC_SPCR_007()]]>
              </value>
            </param>
          </params>
          <reporter-output>
          </reporter-output>
        </test-method> <!-- setup -->
        <test-method status="PASS" signature="TC_SPCR_007()[pri:0, instance:maintest.SPcasereg@101b7af]" name="TC_SPCR_007" duration-ms="40" started-at="2018-10-13T10:19:32Z" finished-at="2018-10-13T10:19:32Z">
          <reporter-output>
            <line>
              <![CDATA[Test Method resides in maintest.SPcasereg]]>
            </line>
            <line>
              <![CDATA[Test Status: Pass]]>
            </line>
          </reporter-output>
        </test-method> <!-- TC_SPCR_007 -->
        <test-method status="PASS" signature="tearDown(org.testng.ITestResult, java.lang.reflect.Method)[pri:0, instance:maintest.SPcasereg@101b7af]" name="tearDown" is-config="true" duration-ms="1" started-at="2018-10-13T10:19:32Z" finished-at="2018-10-13T10:19:32Z">
          <params>
            <param index="0">
              <value>
                <![CDATA[[TestResult name=TC_SPCR_007 status=SUCCESS method=SPcasereg.TC_SPCR_007()[pri:0, instance:maintest.SPcasereg@101b7af] output=Test Method resides in maintest.SPcasereg]]]>
              </value>
            </param>
            <param index="1">
              <value>
                <![CDATA[public void maintest.SPcasereg.TC_SPCR_007()]]>
              </value>
            </param>
          </params>
          <reporter-output>
          </reporter-output>
        </test-method> <!-- tearDown -->
        <test-method status="PASS" signature="TC_SPCR_008()[pri:0, instance:maintest.SPcasereg@101b7af]" name="TC_SPCR_008" duration-ms="37" started-at="2018-10-13T10:19:32Z" finished-at="2018-10-13T10:19:32Z">
          <reporter-output>
            <line>
              <![CDATA[Test Method resides in maintest.SPcasereg]]>
            </line>
            <line>
              <![CDATA[Test Status: Pass]]>
            </line>
          </reporter-output>
        </test-method> <!-- TC_SPCR_008 -->
        <test-method status="PASS" signature="setup(java.lang.reflect.Method)[pri:0, instance:maintest.SPcasereg@101b7af]" name="setup" is-config="true" duration-ms="0" started-at="2018-10-13T10:19:32Z" finished-at="2018-10-13T10:19:32Z">
          <params>
            <param index="0">
              <value>
                <![CDATA[public void maintest.SPcasereg.TC_SPCR_008()]]>
              </value>
            </param>
          </params>
          <reporter-output>
          </reporter-output>
        </test-method> <!-- setup -->
        <test-method status="PASS" signature="tearDown(org.testng.ITestResult, java.lang.reflect.Method)[pri:0, instance:maintest.SPcasereg@101b7af]" name="tearDown" is-config="true" duration-ms="0" started-at="2018-10-13T10:19:32Z" finished-at="2018-10-13T10:19:32Z">
          <params>
            <param index="0">
              <value>
                <![CDATA[[TestResult name=TC_SPCR_008 status=SUCCESS method=SPcasereg.TC_SPCR_008()[pri:0, instance:maintest.SPcasereg@101b7af] output=Test Method resides in maintest.SPcasereg]]]>
              </value>
            </param>
            <param index="1">
              <value>
                <![CDATA[public void maintest.SPcasereg.TC_SPCR_008()]]>
              </value>
            </param>
          </params>
          <reporter-output>
          </reporter-output>
        </test-method> <!-- tearDown -->
        <test-method status="PASS" signature="setup(java.lang.reflect.Method)[pri:0, instance:maintest.SPcasereg@101b7af]" name="setup" is-config="true" duration-ms="1" started-at="2018-10-13T10:19:32Z" finished-at="2018-10-13T10:19:32Z">
          <params>
            <param index="0">
              <value>
                <![CDATA[public void maintest.SPcasereg.TC_SPCR_009()]]>
              </value>
            </param>
          </params>
          <reporter-output>
          </reporter-output>
        </test-method> <!-- setup -->
        <test-method status="PASS" signature="TC_SPCR_009()[pri:0, instance:maintest.SPcasereg@101b7af]" name="TC_SPCR_009" duration-ms="37" started-at="2018-10-13T10:19:32Z" finished-at="2018-10-13T10:19:32Z">
          <reporter-output>
            <line>
              <![CDATA[Test Method resides in maintest.SPcasereg]]>
            </line>
            <line>
              <![CDATA[Test Status: Pass]]>
            </line>
          </reporter-output>
        </test-method> <!-- TC_SPCR_009 -->
        <test-method status="PASS" signature="tearDown(org.testng.ITestResult, java.lang.reflect.Method)[pri:0, instance:maintest.SPcasereg@101b7af]" name="tearDown" is-config="true" duration-ms="0" started-at="2018-10-13T10:19:32Z" finished-at="2018-10-13T10:19:32Z">
          <params>
            <param index="0">
              <value>
                <![CDATA[[TestResult name=TC_SPCR_009 status=SUCCESS method=SPcasereg.TC_SPCR_009()[pri:0, instance:maintest.SPcasereg@101b7af] output=Test Method resides in maintest.SPcasereg]]]>
              </value>
            </param>
            <param index="1">
              <value>
                <![CDATA[public void maintest.SPcasereg.TC_SPCR_009()]]>
              </value>
            </param>
          </params>
          <reporter-output>
          </reporter-output>
        </test-method> <!-- tearDown -->
        <test-method status="PASS" signature="setup(java.lang.reflect.Method)[pri:0, instance:maintest.SPcasereg@101b7af]" name="setup" is-config="true" duration-ms="1" started-at="2018-10-13T10:19:32Z" finished-at="2018-10-13T10:19:32Z">
          <params>
            <param index="0">
              <value>
                <![CDATA[public void maintest.SPcasereg.TC_SPCR_010() throws java.lang.Exception]]>
              </value>
            </param>
          </params>
          <reporter-output>
          </reporter-output>
        </test-method> <!-- setup -->
        <test-method status="PASS" signature="TC_SPCR_010()[pri:0, instance:maintest.SPcasereg@101b7af]" name="TC_SPCR_010" duration-ms="80988" started-at="2018-10-13T10:19:32Z" finished-at="2018-10-13T10:20:53Z">
          <reporter-output>
            <line>
              <![CDATA[Test Method resides in maintest.SPcasereg]]>
            </line>
            <line>
              <![CDATA[Test Status: Pass]]>
            </line>
          </reporter-output>
        </test-method> <!-- TC_SPCR_010 -->
        <test-method status="PASS" signature="tearDown(org.testng.ITestResult, java.lang.reflect.Method)[pri:0, instance:maintest.SPcasereg@101b7af]" name="tearDown" is-config="true" duration-ms="1" started-at="2018-10-13T10:20:53Z" finished-at="2018-10-13T10:20:53Z">
          <params>
            <param index="0">
              <value>
                <![CDATA[[TestResult name=TC_SPCR_010 status=SUCCESS method=SPcasereg.TC_SPCR_010()[pri:0, instance:maintest.SPcasereg@101b7af] output=Test Method resides in maintest.SPcasereg]]]>
              </value>
            </param>
            <param index="1">
              <value>
                <![CDATA[public void maintest.SPcasereg.TC_SPCR_010() throws java.lang.Exception]]>
              </value>
            </param>
          </params>
          <reporter-output>
          </reporter-output>
        </test-method> <!-- tearDown -->
        <test-method status="PASS" signature="TC_SPCR_011()[pri:0, instance:maintest.SPcasereg@101b7af]" name="TC_SPCR_011" duration-ms="80816" started-at="2018-10-13T10:20:53Z" finished-at="2018-10-13T10:22:14Z">
          <reporter-output>
            <line>
              <![CDATA[Test Method resides in maintest.SPcasereg]]>
            </line>
            <line>
              <![CDATA[Test Status: Pass]]>
            </line>
          </reporter-output>
        </test-method> <!-- TC_SPCR_011 -->
        <test-method status="PASS" signature="setup(java.lang.reflect.Method)[pri:0, instance:maintest.SPcasereg@101b7af]" name="setup" is-config="true" duration-ms="0" started-at="2018-10-13T10:20:53Z" finished-at="2018-10-13T10:20:53Z">
          <params>
            <param index="0">
              <value>
                <![CDATA[public void maintest.SPcasereg.TC_SPCR_011() throws java.lang.Exception]]>
              </value>
            </param>
          </params>
          <reporter-output>
          </reporter-output>
        </test-method> <!-- setup -->
        <test-method status="PASS" signature="tearDown(org.testng.ITestResult, java.lang.reflect.Method)[pri:0, instance:maintest.SPcasereg@101b7af]" name="tearDown" is-config="true" duration-ms="0" started-at="2018-10-13T10:22:14Z" finished-at="2018-10-13T10:22:14Z">
          <params>
            <param index="0">
              <value>
                <![CDATA[[TestResult name=TC_SPCR_011 status=SUCCESS method=SPcasereg.TC_SPCR_011()[pri:0, instance:maintest.SPcasereg@101b7af] output=Test Method resides in maintest.SPcasereg]]]>
              </value>
            </param>
            <param index="1">
              <value>
                <![CDATA[public void maintest.SPcasereg.TC_SPCR_011() throws java.lang.Exception]]>
              </value>
            </param>
          </params>
          <reporter-output>
          </reporter-output>
        </test-method> <!-- tearDown -->
        <test-method status="PASS" signature="TC_SPCR_022()[pri:0, instance:maintest.SPcasereg@101b7af]" name="TC_SPCR_022" duration-ms="32770" started-at="2018-10-13T10:22:14Z" finished-at="2018-10-13T10:22:47Z">
          <reporter-output>
            <line>
              <![CDATA[Test Method resides in maintest.SPcasereg]]>
            </line>
            <line>
              <![CDATA[Test Status: Pass]]>
            </line>
          </reporter-output>
        </test-method> <!-- TC_SPCR_022 -->
        <test-method status="PASS" signature="setup(java.lang.reflect.Method)[pri:0, instance:maintest.SPcasereg@101b7af]" name="setup" is-config="true" duration-ms="0" started-at="2018-10-13T10:22:14Z" finished-at="2018-10-13T10:22:14Z">
          <params>
            <param index="0">
              <value>
                <![CDATA[public void maintest.SPcasereg.TC_SPCR_022() throws java.lang.Exception]]>
              </value>
            </param>
          </params>
          <reporter-output>
          </reporter-output>
        </test-method> <!-- setup -->
        <test-method status="PASS" signature="tearDown(org.testng.ITestResult, java.lang.reflect.Method)[pri:0, instance:maintest.SPcasereg@101b7af]" name="tearDown" is-config="true" duration-ms="1" started-at="2018-10-13T10:22:47Z" finished-at="2018-10-13T10:22:47Z">
          <params>
            <param index="0">
              <value>
                <![CDATA[[TestResult name=TC_SPCR_022 status=SUCCESS method=SPcasereg.TC_SPCR_022()[pri:0, instance:maintest.SPcasereg@101b7af] output=Test Method resides in maintest.SPcasereg]]]>
              </value>
            </param>
            <param index="1">
              <value>
                <![CDATA[public void maintest.SPcasereg.TC_SPCR_022() throws java.lang.Exception]]>
              </value>
            </param>
          </params>
          <reporter-output>
          </reporter-output>
        </test-method> <!-- tearDown -->
        <test-method status="PASS" signature="TC_SPCR_023()[pri:0, instance:maintest.SPcasereg@101b7af]" name="TC_SPCR_023" duration-ms="21517" started-at="2018-10-13T10:22:47Z" finished-at="2018-10-13T10:23:08Z">
          <reporter-output>
            <line>
              <![CDATA[Test Method resides in maintest.SPcasereg]]>
            </line>
            <line>
              <![CDATA[Test Status: Pass]]>
            </line>
          </reporter-output>
        </test-method> <!-- TC_SPCR_023 -->
        <test-method status="PASS" signature="setup(java.lang.reflect.Method)[pri:0, instance:maintest.SPcasereg@101b7af]" name="setup" is-config="true" duration-ms="0" started-at="2018-10-13T10:22:47Z" finished-at="2018-10-13T10:22:47Z">
          <params>
            <param index="0">
              <value>
                <![CDATA[public void maintest.SPcasereg.TC_SPCR_023() throws java.lang.Exception]]>
              </value>
            </param>
          </params>
          <reporter-output>
          </reporter-output>
        </test-method> <!-- setup -->
        <test-method status="PASS" signature="tearDown(org.testng.ITestResult, java.lang.reflect.Method)[pri:0, instance:maintest.SPcasereg@101b7af]" name="tearDown" is-config="true" duration-ms="0" started-at="2018-10-13T10:23:08Z" finished-at="2018-10-13T10:23:08Z">
          <params>
            <param index="0">
              <value>
                <![CDATA[[TestResult name=TC_SPCR_023 status=SUCCESS method=SPcasereg.TC_SPCR_023()[pri:0, instance:maintest.SPcasereg@101b7af] output=Test Method resides in maintest.SPcasereg]]]>
              </value>
            </param>
            <param index="1">
              <value>
                <![CDATA[public void maintest.SPcasereg.TC_SPCR_023() throws java.lang.Exception]]>
              </value>
            </param>
          </params>
          <reporter-output>
          </reporter-output>
        </test-method> <!-- tearDown -->
        <test-method status="PASS" signature="setup(java.lang.reflect.Method)[pri:0, instance:maintest.SPcasereg@101b7af]" name="setup" is-config="true" duration-ms="0" started-at="2018-10-13T10:23:08Z" finished-at="2018-10-13T10:23:08Z">
          <params>
            <param index="0">
              <value>
                <![CDATA[public void maintest.SPcasereg.TC_SPCR_024() throws java.lang.Exception]]>
              </value>
            </param>
          </params>
          <reporter-output>
          </reporter-output>
        </test-method> <!-- setup -->
        <test-method status="PASS" signature="TC_SPCR_024()[pri:0, instance:maintest.SPcasereg@101b7af]" name="TC_SPCR_024" duration-ms="10038" started-at="2018-10-13T10:23:08Z" finished-at="2018-10-13T10:23:18Z">
          <reporter-output>
            <line>
              <![CDATA[Test Method resides in maintest.SPcasereg]]>
            </line>
            <line>
              <![CDATA[Test Status: Pass]]>
            </line>
          </reporter-output>
        </test-method> <!-- TC_SPCR_024 -->
        <test-method status="PASS" signature="tearDown(org.testng.ITestResult, java.lang.reflect.Method)[pri:0, instance:maintest.SPcasereg@101b7af]" name="tearDown" is-config="true" duration-ms="0" started-at="2018-10-13T10:23:18Z" finished-at="2018-10-13T10:23:18Z">
          <params>
            <param index="0">
              <value>
                <![CDATA[[TestResult name=TC_SPCR_024 status=SUCCESS method=SPcasereg.TC_SPCR_024()[pri:0, instance:maintest.SPcasereg@101b7af] output=Test Method resides in maintest.SPcasereg]]]>
              </value>
            </param>
            <param index="1">
              <value>
                <![CDATA[public void maintest.SPcasereg.TC_SPCR_024() throws java.lang.Exception]]>
              </value>
            </param>
          </params>
          <reporter-output>
          </reporter-output>
        </test-method> <!-- tearDown -->
        <test-method status="PASS" signature="setup(java.lang.reflect.Method)[pri:0, instance:maintest.SPcasereg@101b7af]" name="setup" is-config="true" duration-ms="1" started-at="2018-10-13T10:23:18Z" finished-at="2018-10-13T10:23:18Z">
          <params>
            <param index="0">
              <value>
                <![CDATA[public void maintest.SPcasereg.TC_SPCR_025() throws java.lang.Exception]]>
              </value>
            </param>
          </params>
          <reporter-output>
          </reporter-output>
        </test-method> <!-- setup -->
        <test-method status="PASS" signature="TC_SPCR_025()[pri:0, instance:maintest.SPcasereg@101b7af]" name="TC_SPCR_025" duration-ms="33436" started-at="2018-10-13T10:23:18Z" finished-at="2018-10-13T10:23:52Z">
          <reporter-output>
            <line>
              <![CDATA[Test Method resides in maintest.SPcasereg]]>
            </line>
            <line>
              <![CDATA[Test Status: Pass]]>
            </line>
          </reporter-output>
        </test-method> <!-- TC_SPCR_025 -->
        <test-method status="PASS" signature="tearDown(org.testng.ITestResult, java.lang.reflect.Method)[pri:0, instance:maintest.SPcasereg@101b7af]" name="tearDown" is-config="true" duration-ms="2" started-at="2018-10-13T10:23:52Z" finished-at="2018-10-13T10:23:52Z">
          <params>
            <param index="0">
              <value>
                <![CDATA[[TestResult name=TC_SPCR_025 status=SUCCESS method=SPcasereg.TC_SPCR_025()[pri:0, instance:maintest.SPcasereg@101b7af] output=Test Method resides in maintest.SPcasereg]]]>
              </value>
            </param>
            <param index="1">
              <value>
                <![CDATA[public void maintest.SPcasereg.TC_SPCR_025() throws java.lang.Exception]]>
              </value>
            </param>
          </params>
          <reporter-output>
          </reporter-output>
        </test-method> <!-- tearDown -->
        <test-method status="PASS" signature="setup(java.lang.reflect.Method)[pri:0, instance:maintest.SPcasereg@101b7af]" name="setup" is-config="true" duration-ms="1" started-at="2018-10-13T10:23:52Z" finished-at="2018-10-13T10:23:52Z">
          <params>
            <param index="0">
              <value>
                <![CDATA[public void maintest.SPcasereg.TC_SPCR_026() throws java.lang.Exception]]>
              </value>
            </param>
          </params>
          <reporter-output>
          </reporter-output>
        </test-method> <!-- setup -->
        <test-method status="PASS" signature="TC_SPCR_026()[pri:0, instance:maintest.SPcasereg@101b7af]" name="TC_SPCR_026" duration-ms="35264" started-at="2018-10-13T10:23:52Z" finished-at="2018-10-13T10:24:27Z">
          <reporter-output>
            <line>
              <![CDATA[Test Method resides in maintest.SPcasereg]]>
            </line>
            <line>
              <![CDATA[Test Status: Pass]]>
            </line>
          </reporter-output>
        </test-method> <!-- TC_SPCR_026 -->
        <test-method status="PASS" signature="tearDown(org.testng.ITestResult, java.lang.reflect.Method)[pri:0, instance:maintest.SPcasereg@101b7af]" name="tearDown" is-config="true" duration-ms="0" started-at="2018-10-13T10:24:27Z" finished-at="2018-10-13T10:24:27Z">
          <params>
            <param index="0">
              <value>
                <![CDATA[[TestResult name=TC_SPCR_026 status=SUCCESS method=SPcasereg.TC_SPCR_026()[pri:0, instance:maintest.SPcasereg@101b7af] output=Test Method resides in maintest.SPcasereg]]]>
              </value>
            </param>
            <param index="1">
              <value>
                <![CDATA[public void maintest.SPcasereg.TC_SPCR_026() throws java.lang.Exception]]>
              </value>
            </param>
          </params>
          <reporter-output>
          </reporter-output>
        </test-method> <!-- tearDown -->
        <test-method status="PASS" signature="setup(java.lang.reflect.Method)[pri:0, instance:maintest.SPcasereg@101b7af]" name="setup" is-config="true" duration-ms="1" started-at="2018-10-13T10:24:27Z" finished-at="2018-10-13T10:24:27Z">
          <params>
            <param index="0">
              <value>
                <![CDATA[public void maintest.SPcasereg.TC_SPCR_027() throws java.lang.Exception]]>
              </value>
            </param>
          </params>
          <reporter-output>
          </reporter-output>
        </test-method> <!-- setup -->
        <test-method status="PASS" signature="TC_SPCR_027()[pri:0, instance:maintest.SPcasereg@101b7af]" name="TC_SPCR_027" duration-ms="28526" started-at="2018-10-13T10:24:27Z" finished-at="2018-10-13T10:24:55Z">
          <reporter-output>
            <line>
              <![CDATA[Test Method resides in maintest.SPcasereg]]>
            </line>
            <line>
              <![CDATA[Test Status: Pass]]>
            </line>
          </reporter-output>
        </test-method> <!-- TC_SPCR_027 -->
        <test-method status="PASS" signature="tearDown(org.testng.ITestResult, java.lang.reflect.Method)[pri:0, instance:maintest.SPcasereg@101b7af]" name="tearDown" is-config="true" duration-ms="1" started-at="2018-10-13T10:24:55Z" finished-at="2018-10-13T10:24:55Z">
          <params>
            <param index="0">
              <value>
                <![CDATA[[TestResult name=TC_SPCR_027 status=SUCCESS method=SPcasereg.TC_SPCR_027()[pri:0, instance:maintest.SPcasereg@101b7af] output=Test Method resides in maintest.SPcasereg]]]>
              </value>
            </param>
            <param index="1">
              <value>
                <![CDATA[public void maintest.SPcasereg.TC_SPCR_027() throws java.lang.Exception]]>
              </value>
            </param>
          </params>
          <reporter-output>
          </reporter-output>
        </test-method> <!-- tearDown -->
        <test-method status="PASS" signature="setup(java.lang.reflect.Method)[pri:0, instance:maintest.SPcasereg@101b7af]" name="setup" is-config="true" duration-ms="1" started-at="2018-10-13T10:24:55Z" finished-at="2018-10-13T10:24:55Z">
          <params>
            <param index="0">
              <value>
                <![CDATA[public void maintest.SPcasereg.TC_SPINF_001() throws java.lang.Exception]]>
              </value>
            </param>
          </params>
          <reporter-output>
          </reporter-output>
        </test-method> <!-- setup -->
        <test-method status="PASS" signature="TC_SPINF_001()[pri:0, instance:maintest.SPcasereg@101b7af]" name="TC_SPINF_001" duration-ms="55661" started-at="2018-10-13T10:24:55Z" finished-at="2018-10-13T10:25:51Z">
          <reporter-output>
            <line>
              <![CDATA[Test Method resides in maintest.SPcasereg]]>
            </line>
            <line>
              <![CDATA[Test Status: Pass]]>
            </line>
          </reporter-output>
        </test-method> <!-- TC_SPINF_001 -->
        <test-method status="PASS" signature="tearDown(org.testng.ITestResult, java.lang.reflect.Method)[pri:0, instance:maintest.SPcasereg@101b7af]" name="tearDown" is-config="true" duration-ms="1" started-at="2018-10-13T10:25:51Z" finished-at="2018-10-13T10:25:51Z">
          <params>
            <param index="0">
              <value>
                <![CDATA[[TestResult name=TC_SPINF_001 status=SUCCESS method=SPcasereg.TC_SPINF_001()[pri:0, instance:maintest.SPcasereg@101b7af] output=Test Method resides in maintest.SPcasereg]]]>
              </value>
            </param>
            <param index="1">
              <value>
                <![CDATA[public void maintest.SPcasereg.TC_SPINF_001() throws java.lang.Exception]]>
              </value>
            </param>
          </params>
          <reporter-output>
          </reporter-output>
        </test-method> <!-- tearDown -->
        <test-method status="PASS" signature="setup(java.lang.reflect.Method)[pri:0, instance:maintest.SPcasereg@101b7af]" name="setup" is-config="true" duration-ms="1" started-at="2018-10-13T10:25:51Z" finished-at="2018-10-13T10:25:51Z">
          <params>
            <param index="0">
              <value>
                <![CDATA[public void maintest.SPcasereg.TC_SPINF_002() throws java.lang.Exception]]>
              </value>
            </param>
          </params>
          <reporter-output>
          </reporter-output>
        </test-method> <!-- setup -->
        <test-method status="PASS" signature="TC_SPINF_002()[pri:0, instance:maintest.SPcasereg@101b7af]" name="TC_SPINF_002" duration-ms="136669" started-at="2018-10-13T10:25:51Z" depends-on-methods="maintest.SPcasereg.TC_SPINF_001" finished-at="2018-10-13T10:28:08Z">
          <reporter-output>
            <line>
              <![CDATA[Test Method resides in maintest.SPcasereg]]>
            </line>
            <line>
              <![CDATA[Test Status: Pass]]>
            </line>
          </reporter-output>
        </test-method> <!-- TC_SPINF_002 -->
        <test-method status="PASS" signature="tearDown(org.testng.ITestResult, java.lang.reflect.Method)[pri:0, instance:maintest.SPcasereg@101b7af]" name="tearDown" is-config="true" duration-ms="0" started-at="2018-10-13T10:28:08Z" finished-at="2018-10-13T10:28:08Z">
          <params>
            <param index="0">
              <value>
                <![CDATA[[TestResult name=TC_SPINF_002 status=SUCCESS method=SPcasereg.TC_SPINF_002()[pri:0, instance:maintest.SPcasereg@101b7af] output=Test Method resides in maintest.SPcasereg]]]>
              </value>
            </param>
            <param index="1">
              <value>
                <![CDATA[public void maintest.SPcasereg.TC_SPINF_002() throws java.lang.Exception]]>
              </value>
            </param>
          </params>
          <reporter-output>
          </reporter-output>
        </test-method> <!-- tearDown -->
        <test-method status="PASS" signature="setup(java.lang.reflect.Method)[pri:0, instance:maintest.SPcasereg@101b7af]" name="setup" is-config="true" duration-ms="1" started-at="2018-10-13T10:28:08Z" finished-at="2018-10-13T10:28:08Z">
          <params>
            <param index="0">
              <value>
                <![CDATA[public void maintest.SPcasereg.TC_SPINF_003() throws java.lang.Exception]]>
              </value>
            </param>
          </params>
          <reporter-output>
          </reporter-output>
        </test-method> <!-- setup -->
        <test-method status="PASS" signature="TC_SPINF_003()[pri:0, instance:maintest.SPcasereg@101b7af]" name="TC_SPINF_003" duration-ms="98" started-at="2018-10-13T10:28:08Z" depends-on-methods="maintest.SPcasereg.TC_SPINF_001" finished-at="2018-10-13T10:28:08Z">
          <reporter-output>
            <line>
              <![CDATA[Test Method resides in maintest.SPcasereg]]>
            </line>
            <line>
              <![CDATA[Test Status: Pass]]>
            </line>
          </reporter-output>
        </test-method> <!-- TC_SPINF_003 -->
        <test-method status="PASS" signature="tearDown(org.testng.ITestResult, java.lang.reflect.Method)[pri:0, instance:maintest.SPcasereg@101b7af]" name="tearDown" is-config="true" duration-ms="0" started-at="2018-10-13T10:28:08Z" finished-at="2018-10-13T10:28:08Z">
          <params>
            <param index="0">
              <value>
                <![CDATA[[TestResult name=TC_SPINF_003 status=SUCCESS method=SPcasereg.TC_SPINF_003()[pri:0, instance:maintest.SPcasereg@101b7af] output=Test Method resides in maintest.SPcasereg]]]>
              </value>
            </param>
            <param index="1">
              <value>
                <![CDATA[public void maintest.SPcasereg.TC_SPINF_003() throws java.lang.Exception]]>
              </value>
            </param>
          </params>
          <reporter-output>
          </reporter-output>
        </test-method> <!-- tearDown -->
        <test-method status="PASS" signature="setup(java.lang.reflect.Method)[pri:0, instance:maintest.SPcasereg@101b7af]" name="setup" is-config="true" duration-ms="0" started-at="2018-10-13T10:28:08Z" finished-at="2018-10-13T10:28:08Z">
          <params>
            <param index="0">
              <value>
                <![CDATA[public void maintest.SPcasereg.TC_SPINF_004() throws java.lang.Exception]]>
              </value>
            </param>
          </params>
          <reporter-output>
          </reporter-output>
        </test-method> <!-- setup -->
        <test-method status="PASS" signature="TC_SPINF_004()[pri:0, instance:maintest.SPcasereg@101b7af]" name="TC_SPINF_004" duration-ms="3646" started-at="2018-10-13T10:28:08Z" depends-on-methods="maintest.SPcasereg.TC_SPINF_001" finished-at="2018-10-13T10:28:12Z">
          <reporter-output>
            <line>
              <![CDATA[Test Method resides in maintest.SPcasereg]]>
            </line>
            <line>
              <![CDATA[Test Status: Pass]]>
            </line>
          </reporter-output>
        </test-method> <!-- TC_SPINF_004 -->
        <test-method status="PASS" signature="tearDown(org.testng.ITestResult, java.lang.reflect.Method)[pri:0, instance:maintest.SPcasereg@101b7af]" name="tearDown" is-config="true" duration-ms="1" started-at="2018-10-13T10:28:12Z" finished-at="2018-10-13T10:28:12Z">
          <params>
            <param index="0">
              <value>
                <![CDATA[[TestResult name=TC_SPINF_004 status=SUCCESS method=SPcasereg.TC_SPINF_004()[pri:0, instance:maintest.SPcasereg@101b7af] output=Test Method resides in maintest.SPcasereg]]]>
              </value>
            </param>
            <param index="1">
              <value>
                <![CDATA[public void maintest.SPcasereg.TC_SPINF_004() throws java.lang.Exception]]>
              </value>
            </param>
          </params>
          <reporter-output>
          </reporter-output>
        </test-method> <!-- tearDown -->
        <test-method status="PASS" signature="TC_SPINF_005()[pri:0, instance:maintest.SPcasereg@101b7af]" name="TC_SPINF_005" duration-ms="31245" started-at="2018-10-13T10:28:12Z" depends-on-methods="maintest.SPcasereg.TC_SPINF_001" finished-at="2018-10-13T10:28:43Z">
          <reporter-output>
            <line>
              <![CDATA[Test Method resides in maintest.SPcasereg]]>
            </line>
            <line>
              <![CDATA[Test Status: Pass]]>
            </line>
          </reporter-output>
        </test-method> <!-- TC_SPINF_005 -->
        <test-method status="PASS" signature="setup(java.lang.reflect.Method)[pri:0, instance:maintest.SPcasereg@101b7af]" name="setup" is-config="true" duration-ms="0" started-at="2018-10-13T10:28:12Z" finished-at="2018-10-13T10:28:12Z">
          <params>
            <param index="0">
              <value>
                <![CDATA[public void maintest.SPcasereg.TC_SPINF_005() throws java.lang.Exception]]>
              </value>
            </param>
          </params>
          <reporter-output>
          </reporter-output>
        </test-method> <!-- setup -->
        <test-method status="PASS" signature="tearDown(org.testng.ITestResult, java.lang.reflect.Method)[pri:0, instance:maintest.SPcasereg@101b7af]" name="tearDown" is-config="true" duration-ms="1" started-at="2018-10-13T10:28:43Z" finished-at="2018-10-13T10:28:43Z">
          <params>
            <param index="0">
              <value>
                <![CDATA[[TestResult name=TC_SPINF_005 status=SUCCESS method=SPcasereg.TC_SPINF_005()[pri:0, instance:maintest.SPcasereg@101b7af] output=Test Method resides in maintest.SPcasereg]]]>
              </value>
            </param>
            <param index="1">
              <value>
                <![CDATA[public void maintest.SPcasereg.TC_SPINF_005() throws java.lang.Exception]]>
              </value>
            </param>
          </params>
          <reporter-output>
          </reporter-output>
        </test-method> <!-- tearDown -->
        <test-method status="PASS" signature="setup(java.lang.reflect.Method)[pri:0, instance:maintest.SPcasereg@101b7af]" name="setup" is-config="true" duration-ms="1" started-at="2018-10-13T10:28:43Z" finished-at="2018-10-13T10:28:43Z">
          <params>
            <param index="0">
              <value>
                <![CDATA[public void maintest.SPcasereg.TC_SPINF_006() throws java.lang.Exception]]>
              </value>
            </param>
          </params>
          <reporter-output>
          </reporter-output>
        </test-method> <!-- setup -->
        <test-method status="PASS" signature="TC_SPINF_006()[pri:0, instance:maintest.SPcasereg@101b7af]" name="TC_SPINF_006" duration-ms="42107" started-at="2018-10-13T10:28:43Z" depends-on-methods="maintest.SPcasereg.TC_SPINF_005" finished-at="2018-10-13T10:29:25Z">
          <reporter-output>
            <line>
              <![CDATA[Test Method resides in maintest.SPcasereg]]>
            </line>
            <line>
              <![CDATA[Test Status: Pass]]>
            </line>
          </reporter-output>
        </test-method> <!-- TC_SPINF_006 -->
        <test-method status="PASS" signature="tearDown(org.testng.ITestResult, java.lang.reflect.Method)[pri:0, instance:maintest.SPcasereg@101b7af]" name="tearDown" is-config="true" duration-ms="0" started-at="2018-10-13T10:29:25Z" finished-at="2018-10-13T10:29:25Z">
          <params>
            <param index="0">
              <value>
                <![CDATA[[TestResult name=TC_SPINF_006 status=SUCCESS method=SPcasereg.TC_SPINF_006()[pri:0, instance:maintest.SPcasereg@101b7af] output=Test Method resides in maintest.SPcasereg]]]>
              </value>
            </param>
            <param index="1">
              <value>
                <![CDATA[public void maintest.SPcasereg.TC_SPINF_006() throws java.lang.Exception]]>
              </value>
            </param>
          </params>
          <reporter-output>
          </reporter-output>
        </test-method> <!-- tearDown -->
        <test-method status="PASS" signature="setup(java.lang.reflect.Method)[pri:0, instance:maintest.SPcasereg@101b7af]" name="setup" is-config="true" duration-ms="1" started-at="2018-10-13T10:29:25Z" finished-at="2018-10-13T10:29:25Z">
          <params>
            <param index="0">
              <value>
                <![CDATA[public void maintest.SPcasereg.TC_SPINF_007() throws java.lang.Exception]]>
              </value>
            </param>
          </params>
          <reporter-output>
          </reporter-output>
        </test-method> <!-- setup -->
        <test-method status="PASS" signature="TC_SPINF_007()[pri:0, instance:maintest.SPcasereg@101b7af]" name="TC_SPINF_007" duration-ms="49131" started-at="2018-10-13T10:29:25Z" depends-on-methods="maintest.SPcasereg.TC_SPINF_006" finished-at="2018-10-13T10:30:14Z">
          <reporter-output>
            <line>
              <![CDATA[Test Method resides in maintest.SPcasereg]]>
            </line>
            <line>
              <![CDATA[Test Status: Pass]]>
            </line>
          </reporter-output>
        </test-method> <!-- TC_SPINF_007 -->
        <test-method status="PASS" signature="tearDown(org.testng.ITestResult, java.lang.reflect.Method)[pri:0, instance:maintest.SPcasereg@101b7af]" name="tearDown" is-config="true" duration-ms="1" started-at="2018-10-13T10:30:14Z" finished-at="2018-10-13T10:30:14Z">
          <params>
            <param index="0">
              <value>
                <![CDATA[[TestResult name=TC_SPINF_007 status=SUCCESS method=SPcasereg.TC_SPINF_007()[pri:0, instance:maintest.SPcasereg@101b7af] output=Test Method resides in maintest.SPcasereg]]]>
              </value>
            </param>
            <param index="1">
              <value>
                <![CDATA[public void maintest.SPcasereg.TC_SPINF_007() throws java.lang.Exception]]>
              </value>
            </param>
          </params>
          <reporter-output>
          </reporter-output>
        </test-method> <!-- tearDown -->
        <test-method status="PASS" signature="TC_SPINF_008()[pri:0, instance:maintest.SPcasereg@101b7af]" name="TC_SPINF_008" duration-ms="9928" started-at="2018-10-13T10:30:14Z" depends-on-methods="maintest.SPcasereg.TC_SPINF_006" finished-at="2018-10-13T10:30:24Z">
          <reporter-output>
            <line>
              <![CDATA[Test Method resides in maintest.SPcasereg]]>
            </line>
            <line>
              <![CDATA[Test Status: Pass]]>
            </line>
          </reporter-output>
        </test-method> <!-- TC_SPINF_008 -->
        <test-method status="PASS" signature="setup(java.lang.reflect.Method)[pri:0, instance:maintest.SPcasereg@101b7af]" name="setup" is-config="true" duration-ms="0" started-at="2018-10-13T10:30:14Z" finished-at="2018-10-13T10:30:14Z">
          <params>
            <param index="0">
              <value>
                <![CDATA[public void maintest.SPcasereg.TC_SPINF_008() throws java.lang.Exception]]>
              </value>
            </param>
          </params>
          <reporter-output>
          </reporter-output>
        </test-method> <!-- setup -->
        <test-method status="PASS" signature="tearDown(org.testng.ITestResult, java.lang.reflect.Method)[pri:0, instance:maintest.SPcasereg@101b7af]" name="tearDown" is-config="true" duration-ms="1" started-at="2018-10-13T10:30:24Z" finished-at="2018-10-13T10:30:24Z">
          <params>
            <param index="0">
              <value>
                <![CDATA[[TestResult name=TC_SPINF_008 status=SUCCESS method=SPcasereg.TC_SPINF_008()[pri:0, instance:maintest.SPcasereg@101b7af] output=Test Method resides in maintest.SPcasereg]]]>
              </value>
            </param>
            <param index="1">
              <value>
                <![CDATA[public void maintest.SPcasereg.TC_SPINF_008() throws java.lang.Exception]]>
              </value>
            </param>
          </params>
          <reporter-output>
          </reporter-output>
        </test-method> <!-- tearDown -->
        <test-method status="PASS" signature="setup(java.lang.reflect.Method)[pri:0, instance:maintest.SPcasereg@101b7af]" name="setup" is-config="true" duration-ms="0" started-at="2018-10-13T10:30:24Z" finished-at="2018-10-13T10:30:24Z">
          <params>
            <param index="0">
              <value>
                <![CDATA[public void maintest.SPcasereg.TC_SPINF_009() throws java.lang.Exception]]>
              </value>
            </param>
          </params>
          <reporter-output>
          </reporter-output>
        </test-method> <!-- setup -->
        <test-method status="PASS" signature="TC_SPINF_009()[pri:0, instance:maintest.SPcasereg@101b7af]" name="TC_SPINF_009" duration-ms="3569" started-at="2018-10-13T10:30:24Z" depends-on-methods="maintest.SPcasereg.TC_SPINF_006" finished-at="2018-10-13T10:30:28Z">
          <reporter-output>
            <line>
              <![CDATA[Test Method resides in maintest.SPcasereg]]>
            </line>
            <line>
              <![CDATA[Test Status: Pass]]>
            </line>
          </reporter-output>
        </test-method> <!-- TC_SPINF_009 -->
        <test-method status="PASS" signature="tearDown(org.testng.ITestResult, java.lang.reflect.Method)[pri:0, instance:maintest.SPcasereg@101b7af]" name="tearDown" is-config="true" duration-ms="0" started-at="2018-10-13T10:30:28Z" finished-at="2018-10-13T10:30:28Z">
          <params>
            <param index="0">
              <value>
                <![CDATA[[TestResult name=TC_SPINF_009 status=SUCCESS method=SPcasereg.TC_SPINF_009()[pri:0, instance:maintest.SPcasereg@101b7af] output=Test Method resides in maintest.SPcasereg]]]>
              </value>
            </param>
            <param index="1">
              <value>
                <![CDATA[public void maintest.SPcasereg.TC_SPINF_009() throws java.lang.Exception]]>
              </value>
            </param>
          </params>
          <reporter-output>
          </reporter-output>
        </test-method> <!-- tearDown -->
        <test-method status="PASS" signature="setup(java.lang.reflect.Method)[pri:0, instance:maintest.SPcasereg@101b7af]" name="setup" is-config="true" duration-ms="0" started-at="2018-10-13T10:30:28Z" finished-at="2018-10-13T10:30:28Z">
          <params>
            <param index="0">
              <value>
                <![CDATA[public void maintest.SPcasereg.TC_SPINF_010() throws java.lang.Exception]]>
              </value>
            </param>
          </params>
          <reporter-output>
          </reporter-output>
        </test-method> <!-- setup -->
        <test-method status="PASS" signature="TC_SPINF_010()[pri:0, instance:maintest.SPcasereg@101b7af]" name="TC_SPINF_010" duration-ms="56008" started-at="2018-10-13T10:30:28Z" depends-on-methods="maintest.SPcasereg.TC_SPINF_006" finished-at="2018-10-13T10:31:24Z">
          <reporter-output>
            <line>
              <![CDATA[Test Method resides in maintest.SPcasereg]]>
            </line>
            <line>
              <![CDATA[Test Status: Pass]]>
            </line>
          </reporter-output>
        </test-method> <!-- TC_SPINF_010 -->
        <test-method status="PASS" signature="tearDown(org.testng.ITestResult, java.lang.reflect.Method)[pri:0, instance:maintest.SPcasereg@101b7af]" name="tearDown" is-config="true" duration-ms="1" started-at="2018-10-13T10:31:24Z" finished-at="2018-10-13T10:31:24Z">
          <params>
            <param index="0">
              <value>
                <![CDATA[[TestResult name=TC_SPINF_010 status=SUCCESS method=SPcasereg.TC_SPINF_010()[pri:0, instance:maintest.SPcasereg@101b7af] output=Test Method resides in maintest.SPcasereg]]]>
              </value>
            </param>
            <param index="1">
              <value>
                <![CDATA[public void maintest.SPcasereg.TC_SPINF_010() throws java.lang.Exception]]>
              </value>
            </param>
          </params>
          <reporter-output>
          </reporter-output>
        </test-method> <!-- tearDown -->
        <test-method status="PASS" signature="setup(java.lang.reflect.Method)[pri:0, instance:maintest.SPcasereg@101b7af]" name="setup" is-config="true" duration-ms="1" started-at="2018-10-13T10:31:24Z" finished-at="2018-10-13T10:31:24Z">
          <params>
            <param index="0">
              <value>
                <![CDATA[public void maintest.SPcasereg.TC_SPINF_011() throws java.lang.Exception]]>
              </value>
            </param>
          </params>
          <reporter-output>
          </reporter-output>
        </test-method> <!-- setup -->
        <test-method status="PASS" signature="TC_SPINF_011()[pri:0, instance:maintest.SPcasereg@101b7af]" name="TC_SPINF_011" duration-ms="57137" started-at="2018-10-13T10:31:24Z" depends-on-methods="maintest.SPcasereg.TC_SPINF_010" finished-at="2018-10-13T10:32:21Z">
          <reporter-output>
            <line>
              <![CDATA[Test Method resides in maintest.SPcasereg]]>
            </line>
            <line>
              <![CDATA[Test Status: Pass]]>
            </line>
          </reporter-output>
        </test-method> <!-- TC_SPINF_011 -->
        <test-method status="PASS" signature="tearDown(org.testng.ITestResult, java.lang.reflect.Method)[pri:0, instance:maintest.SPcasereg@101b7af]" name="tearDown" is-config="true" duration-ms="1" started-at="2018-10-13T10:32:21Z" finished-at="2018-10-13T10:32:21Z">
          <params>
            <param index="0">
              <value>
                <![CDATA[[TestResult name=TC_SPINF_011 status=SUCCESS method=SPcasereg.TC_SPINF_011()[pri:0, instance:maintest.SPcasereg@101b7af] output=Test Method resides in maintest.SPcasereg]]]>
              </value>
            </param>
            <param index="1">
              <value>
                <![CDATA[public void maintest.SPcasereg.TC_SPINF_011() throws java.lang.Exception]]>
              </value>
            </param>
          </params>
          <reporter-output>
          </reporter-output>
        </test-method> <!-- tearDown -->
        <test-method status="PASS" signature="setup(java.lang.reflect.Method)[pri:0, instance:maintest.SPcasereg@101b7af]" name="setup" is-config="true" duration-ms="0" started-at="2018-10-13T10:32:21Z" finished-at="2018-10-13T10:32:21Z">
          <params>
            <param index="0">
              <value>
                <![CDATA[public void maintest.SPcasereg.TC_SPINF_014() throws java.lang.Exception]]>
              </value>
            </param>
          </params>
          <reporter-output>
          </reporter-output>
        </test-method> <!-- setup -->
        <test-method status="PASS" signature="TC_SPINF_014()[pri:0, instance:maintest.SPcasereg@101b7af]" name="TC_SPINF_014" duration-ms="38" started-at="2018-10-13T10:32:21Z" depends-on-methods="maintest.SPcasereg.TC_SPINF_011" finished-at="2018-10-13T10:32:21Z">
          <reporter-output>
            <line>
              <![CDATA[Test Method resides in maintest.SPcasereg]]>
            </line>
            <line>
              <![CDATA[Test Status: Pass]]>
            </line>
          </reporter-output>
        </test-method> <!-- TC_SPINF_014 -->
        <test-method status="PASS" signature="tearDown(org.testng.ITestResult, java.lang.reflect.Method)[pri:0, instance:maintest.SPcasereg@101b7af]" name="tearDown" is-config="true" duration-ms="0" started-at="2018-10-13T10:32:21Z" finished-at="2018-10-13T10:32:21Z">
          <params>
            <param index="0">
              <value>
                <![CDATA[[TestResult name=TC_SPINF_014 status=SUCCESS method=SPcasereg.TC_SPINF_014()[pri:0, instance:maintest.SPcasereg@101b7af] output=Test Method resides in maintest.SPcasereg]]]>
              </value>
            </param>
            <param index="1">
              <value>
                <![CDATA[public void maintest.SPcasereg.TC_SPINF_014() throws java.lang.Exception]]>
              </value>
            </param>
          </params>
          <reporter-output>
          </reporter-output>
        </test-method> <!-- tearDown -->
        <test-method status="PASS" signature="TC_SPINF_017()[pri:0, instance:maintest.SPcasereg@101b7af]" name="TC_SPINF_017" duration-ms="39" started-at="2018-10-13T10:32:21Z" depends-on-methods="maintest.SPcasereg.TC_SPINF_011" finished-at="2018-10-13T10:32:21Z">
          <reporter-output>
            <line>
              <![CDATA[Test Method resides in maintest.SPcasereg]]>
            </line>
            <line>
              <![CDATA[Test Status: Pass]]>
            </line>
          </reporter-output>
        </test-method> <!-- TC_SPINF_017 -->
[...]
              <value>
                <![CDATA[[TestResult name=TC_SPCEP_003 status=SUCCESS method=SPcasereg.TC_SPCEP_003()[pri:0, instance:maintest.SPcasereg@101b7af] output=Test Method resides in maintest.SPcasereg]]]>
              </value>
            </param>
            <param index="1">
              <value>
                <![CDATA[public void maintest.SPcasereg.TC_SPCEP_003() throws java.lang.Exception]]>
              </value>
            </param>
          </params>
          <reporter-output>
          </reporter-output>
        </test-method> <!-- tearDown -->
        <test-method status="PASS" signature="setup(java.lang.reflect.Method)[pri:0, instance:maintest.SPcasereg@101b7af]" name="setup" is-config="true" duration-ms="1" started-at="2018-10-13T10:43:36Z" finished-at="2018-10-13T10:43:36Z">
          <params>
            <param index="0">
              <value>
                <![CDATA[public void maintest.SPcasereg.TC_SPCEP_004() throws java.lang.Exception]]>
              </value>
            </param>
          </params>
          <reporter-output>
          </reporter-output>
        </test-method> <!-- setup -->
        <test-method status="PASS" signature="TC_SPCEP_004()[pri:0, instance:maintest.SPcasereg@101b7af]" name="TC_SPCEP_004" duration-ms="684" started-at="2018-10-13T10:43:36Z" depends-on-methods="maintest.SPcasereg.TC_SPCEP_003" finished-at="2018-10-13T10:43:37Z">
          <reporter-output>
            <line>
              <![CDATA[Test Method resides in maintest.SPcasereg]]>
            </line>
            <line>
              <![CDATA[Test Status: Pass]]>
            </line>
          </reporter-output>
        </test-method> <!-- TC_SPCEP_004 -->
        <test-method status="PASS" signature="tearDown(org.testng.ITestResult, java.lang.reflect.Method)[pri:0, instance:maintest.SPcasereg@101b7af]" name="tearDown" is-config="true" duration-ms="0" started-at="2018-10-13T10:43:37Z" finished-at="2018-10-13T10:43:37Z">
          <params>
            <param index="0">
              <value>
                <![CDATA[[TestResult name=TC_SPCEP_004 status=SUCCESS method=SPcasereg.TC_SPCEP_004()[pri:0, instance:maintest.SPcasereg@101b7af] output=Test Method resides in maintest.SPcasereg]]]>
              </value>
            </param>
            <param index="1">
              <value>
                <![CDATA[public void maintest.SPcasereg.TC_SPCEP_004() throws java.lang.Exception]]>
              </value>
            </param>
          </params>
          <reporter-output>
          </reporter-output>
        </test-method> <!-- tearDown -->
        <test-method status="PASS" signature="setup(java.lang.reflect.Method)[pri:0, instance:maintest.SPcasereg@101b7af]" name="setup" is-config="true" duration-ms="1" started-at="2018-10-13T10:43:37Z" finished-at="2018-10-13T10:43:37Z">
          <params>
            <param index="0">
              <value>
                <![CDATA[public void maintest.SPcasereg.TC_SPDOC_001() throws java.lang.Exception]]>
              </value>
            </param>
          </params>
          <reporter-output>
          </reporter-output>
        </test-method> <!-- setup -->
        <test-method status="PASS" signature="TC_SPDOC_001()[pri:0, instance:maintest.SPcasereg@101b7af]" name="TC_SPDOC_001" duration-ms="43794" started-at="2018-10-13T10:43:37Z" depends-on-methods="maintest.SPcasereg.TC_SPCEP_003" finished-at="2018-10-13T10:44:20Z">
          <reporter-output>
            <line>
              <![CDATA[Test Method resides in maintest.SPcasereg]]>
            </line>
            <line>
              <![CDATA[Test Status: Pass]]>
            </line>
          </reporter-output>
        </test-method> <!-- TC_SPDOC_001 -->
        <test-method status="PASS" signature="tearDown(org.testng.ITestResult, java.lang.reflect.Method)[pri:0, instance:maintest.SPcasereg@101b7af]" name="tearDown" is-config="true" duration-ms="1" started-at="2018-10-13T10:44:21Z" finished-at="2018-10-13T10:44:21Z">
          <params>
            <param index="0">
              <value>
                <![CDATA[[TestResult name=TC_SPDOC_001 status=SUCCESS method=SPcasereg.TC_SPDOC_001()[pri:0, instance:maintest.SPcasereg@101b7af] output=Test Method resides in maintest.SPcasereg]]]>
              </value>
            </param>
            <param index="1">
              <value>
                <![CDATA[public void maintest.SPcasereg.TC_SPDOC_001() throws java.lang.Exception]]>
              </value>
            </param>
          </params>
          <reporter-output>
          </reporter-output>
        </test-method> <!-- tearDown -->
        <test-method status="PASS" signature="setup(java.lang.reflect.Method)[pri:0, instance:maintest.SPcasereg@101b7af]" name="setup" is-config="true" duration-ms="1" started-at="2018-10-13T10:44:21Z" finished-at="2018-10-13T10:44:21Z">
          <params>
            <param index="0">
              <value>
                <![CDATA[public void maintest.SPcasereg.TC_SPDOC_002() throws java.lang.Exception]]>
              </value>
            </param>
          </params>
          <reporter-output>
          </reporter-output>
        </test-method> <!-- setup -->
        <test-method status="PASS" signature="TC_SPDOC_002()[pri:0, instance:maintest.SPcasereg@101b7af]" name="TC_SPDOC_002" duration-ms="10537" started-at="2018-10-13T10:44:21Z" depends-on-methods="maintest.SPcasereg.TC_SPDOC_001" finished-at="2018-10-13T10:44:31Z">
          <reporter-output>
            <line>
              <![CDATA[Test Method resides in maintest.SPcasereg]]>
            </line>
            <line>
              <![CDATA[Test Status: Pass]]>
            </line>
          </reporter-output>
        </test-method> <!-- TC_SPDOC_002 -->
        <test-method status="PASS" signature="tearDown(org.testng.ITestResult, java.lang.reflect.Method)[pri:0, instance:maintest.SPcasereg@101b7af]" name="tearDown" is-config="true" duration-ms="1" started-at="2018-10-13T10:44:31Z" finished-at="2018-10-13T10:44:31Z">
          <params>
            <param index="0">
              <value>
                <![CDATA[[TestResult name=TC_SPDOC_002 status=SUCCESS method=SPcasereg.TC_SPDOC_002()[pri:0, instance:maintest.SPcasereg@101b7af] output=Test Method resides in maintest.SPcasereg]]]>
              </value>
            </param>
            <param index="1">
              <value>
                <![CDATA[public void maintest.SPcasereg.TC_SPDOC_002() throws java.lang.Exception]]>
              </value>
            </param>
          </params>
          <reporter-output>
          </reporter-output>
        </test-method> <!-- tearDown -->
        <test-method status="PASS" signature="TC_SPDOC_003()[pri:0, instance:maintest.SPcasereg@101b7af]" name="TC_SPDOC_003" duration-ms="10687" started-at="2018-10-13T10:44:31Z" depends-on-methods="maintest.SPcasereg.TC_SPDOC_002" finished-at="2018-10-13T10:44:42Z">
          <reporter-output>
            <line>
              <![CDATA[Test Method resides in maintest.SPcasereg]]>
            </line>
            <line>
              <![CDATA[Test Status: Pass]]>
            </line>
          </reporter-output>
        </test-method> <!-- TC_SPDOC_003 -->
        <test-method status="PASS" signature="setup(java.lang.reflect.Method)[pri:0, instance:maintest.SPcasereg@101b7af]" name="setup" is-config="true" duration-ms="0" started-at="2018-10-13T10:44:31Z" finished-at="2018-10-13T10:44:31Z">
          <params>
            <param index="0">
              <value>
                <![CDATA[public void maintest.SPcasereg.TC_SPDOC_003() throws java.lang.Exception]]>
              </value>
            </param>
          </params>
          <reporter-output>
          </reporter-output>
        </test-method> <!-- setup -->
        <test-method status="PASS" signature="tearDown(org.testng.ITestResult, java.lang.reflect.Method)[pri:0, instance:maintest.SPcasereg@101b7af]" name="tearDown" is-config="true" duration-ms="0" started-at="2018-10-13T10:44:42Z" finished-at="2018-10-13T10:44:42Z">
          <params>
            <param index="0">
              <value>
                <![CDATA[[TestResult name=TC_SPDOC_003 status=SUCCESS method=SPcasereg.TC_SPDOC_003()[pri:0, instance:maintest.SPcasereg@101b7af] output=Test Method resides in maintest.SPcasereg]]]>
              </value>
            </param>
            <param index="1">
              <value>
                <![CDATA[public void maintest.SPcasereg.TC_SPDOC_003() throws java.lang.Exception]]>
              </value>
            </param>
          </params>
          <reporter-output>
          </reporter-output>
        </test-method> <!-- tearDown -->
        <test-method status="PASS" signature="setup(java.lang.reflect.Method)[pri:0, instance:maintest.SPcasereg@101b7af]" name="setup" is-config="true" duration-ms="1" started-at="2018-10-13T10:44:42Z" finished-at="2018-10-13T10:44:42Z">
          <params>
            <param index="0">
              <value>
                <![CDATA[public void maintest.SPcasereg.TC_SPDOC_004() throws java.lang.Exception]]>
              </value>
            </param>
          </params>
          <reporter-output>
          </reporter-output>
        </test-method> <!-- setup -->
        <test-method status="PASS" signature="TC_SPDOC_004()[pri:0, instance:maintest.SPcasereg@101b7af]" name="TC_SPDOC_004" duration-ms="21601" started-at="2018-10-13T10:44:42Z" depends-on-methods="maintest.SPcasereg.TC_SPDOC_003" finished-at="2018-10-13T10:45:03Z">
          <reporter-output>
            <line>
              <![CDATA[Test Method resides in maintest.SPcasereg]]>
            </line>
            <line>
              <![CDATA[Test Status: Pass]]>
            </line>
          </reporter-output>
        </test-method> <!-- TC_SPDOC_004 -->
        <test-method status="PASS" signature="tearDown(org.testng.ITestResult, java.lang.reflect.Method)[pri:0, instance:maintest.SPcasereg@101b7af]" name="tearDown" is-config="true" duration-ms="1" started-at="2018-10-13T10:45:03Z" finished-at="2018-10-13T10:45:03Z">
          <params>
            <param index="0">
              <value>
                <![CDATA[[TestResult name=TC_SPDOC_004 status=SUCCESS method=SPcasereg.TC_SPDOC_004()[pri:0, instance:maintest.SPcasereg@101b7af] output=Test Method resides in maintest.SPcasereg]]]>
              </value>
            </param>
            <param index="1">
              <value>
                <![CDATA[public void maintest.SPcasereg.TC_SPDOC_004() throws java.lang.Exception]]>
              </value>
            </param>
          </params>
          <reporter-output>
          </reporter-output>
        </test-method> <!-- tearDown -->
        <test-method status="PASS" signature="setup(java.lang.reflect.Method)[pri:0, instance:maintest.SPcasereg@101b7af]" name="setup" is-config="true" duration-ms="1" started-at="2018-10-13T10:45:03Z" finished-at="2018-10-13T10:45:03Z">
          <params>
            <param index="0">
              <value>
                <![CDATA[public void maintest.SPcasereg.TC_SPDOC_005() throws java.lang.Exception]]>
              </value>
            </param>
          </params>
          <reporter-output>
          </reporter-output>
        </test-method> <!-- setup -->
        <test-method status="PASS" signature="TC_SPDOC_005()[pri:0, instance:maintest.SPcasereg@101b7af]" name="TC_SPDOC_005" duration-ms="104834" started-at="2018-10-13T10:45:03Z" depends-on-methods="maintest.SPcasereg.TC_SPDOC_004" finished-at="2018-10-13T10:46:48Z">
          <reporter-output>
            <line>
              <![CDATA[Test Method resides in maintest.SPcasereg]]>
            </line>
            <line>
              <![CDATA[Test Status: Pass]]>
            </line>
          </reporter-output>
        </test-method> <!-- TC_SPDOC_005 -->
        <test-method status="PASS" signature="tearDown(org.testng.ITestResult, java.lang.reflect.Method)[pri:0, instance:maintest.SPcasereg@101b7af]" name="tearDown" is-config="true" duration-ms="1" started-at="2018-10-13T10:46:48Z" finished-at="2018-10-13T10:46:48Z">
          <params>
            <param index="0">
              <value>
                <![CDATA[[TestResult name=TC_SPDOC_005 status=SUCCESS method=SPcasereg.TC_SPDOC_005()[pri:0, instance:maintest.SPcasereg@101b7af] output=Test Method resides in maintest.SPcasereg]]]>
              </value>
            </param>
            <param index="1">
              <value>
                <![CDATA[public void maintest.SPcasereg.TC_SPDOC_005() throws java.lang.Exception]]>
              </value>
            </param>
          </params>
          <reporter-output>
          </reporter-output>
        </test-method> <!-- tearDown -->
        <test-method status="PASS" signature="setup(java.lang.reflect.Method)[pri:0, instance:maintest.SPcasereg@101b7af]" name="setup" is-config="true" duration-ms="1" started-at="2018-10-13T10:46:48Z" finished-at="2018-10-13T10:46:48Z">
          <params>
            <param index="0">
              <value>
                <![CDATA[public void maintest.SPcasereg.TC_SPDOC_006() throws java.lang.Exception]]>
              </value>
            </param>
          </params>
          <reporter-output>
          </reporter-output>
        </test-method> <!-- setup -->
        <test-method status="PASS" signature="TC_SPDOC_006()[pri:0, instance:maintest.SPcasereg@101b7af]" name="TC_SPDOC_006" duration-ms="4549" started-at="2018-10-13T10:46:48Z" depends-on-methods="maintest.SPcasereg.TC_SPDOC_005" finished-at="2018-10-13T10:46:53Z">
          <reporter-output>
            <line>
              <![CDATA[Test Method resides in maintest.SPcasereg]]>
            </line>
            <line>
              <![CDATA[Test Status: Pass]]>
            </line>
          </reporter-output>
        </test-method> <!-- TC_SPDOC_006 -->
        <test-method status="PASS" signature="tearDown(org.testng.ITestResult, java.lang.reflect.Method)[pri:0, instance:maintest.SPcasereg@101b7af]" name="tearDown" is-config="true" duration-ms="0" started-at="2018-10-13T10:46:53Z" finished-at="2018-10-13T10:46:53Z">
          <params>
            <param index="0">
              <value>
                <![CDATA[[TestResult name=TC_SPDOC_006 status=SUCCESS method=SPcasereg.TC_SPDOC_006()[pri:0, instance:maintest.SPcasereg@101b7af] output=Test Method resides in maintest.SPcasereg]]]>
              </value>
            </param>
            <param index="1">
              <value>
                <![CDATA[public void maintest.SPcasereg.TC_SPDOC_006() throws java.lang.Exception]]>
              </value>
            </param>
          </params>
          <reporter-output>
          </reporter-output>
        </test-method> <!-- tearDown -->
        <test-method status="PASS" signature="setup(java.lang.reflect.Method)[pri:0, instance:maintest.SPcasereg@101b7af]" name="setup" is-config="true" duration-ms="1" started-at="2018-10-13T10:46:53Z" finished-at="2018-10-13T10:46:53Z">
          <params>
            <param index="0">
              <value>
                <![CDATA[public void maintest.SPcasereg.TC_SPDOC_007() throws java.lang.Exception]]>
              </value>
            </param>
          </params>
          <reporter-output>
          </reporter-output>
        </test-method> <!-- setup -->
        <test-method status="PASS" signature="TC_SPDOC_007()[pri:0, instance:maintest.SPcasereg@101b7af]" name="TC_SPDOC_007" duration-ms="5570" started-at="2018-10-13T10:46:53Z" depends-on-methods="maintest.SPcasereg.TC_SPDOC_006" finished-at="2018-10-13T10:46:58Z">
          <reporter-output>
            <line>
              <![CDATA[Test Method resides in maintest.SPcasereg]]>
            </line>
            <line>
              <![CDATA[Test Status: Pass]]>
            </line>
          </reporter-output>
        </test-method> <!-- TC_SPDOC_007 -->
        <test-method status="PASS" signature="tearDown(org.testng.ITestResult, java.lang.reflect.Method)[pri:0, instance:maintest.SPcasereg@101b7af]" name="tearDown" is-config="true" duration-ms="1" started-at="2018-10-13T10:46:58Z" finished-at="2018-10-13T10:46:58Z">
          <params>
            <param index="0">
              <value>
                <![CDATA[[TestResult name=TC_SPDOC_007 status=SUCCESS method=SPcasereg.TC_SPDOC_007()[pri:0, instance:maintest.SPcasereg@101b7af] output=Test Method resides in maintest.SPcasereg]]]>
              </value>
            </param>
            <param index="1">
              <value>
                <![CDATA[public void maintest.SPcasereg.TC_SPDOC_007() throws java.lang.Exception]]>
              </value>
            </param>
          </params>
          <reporter-output>
          </reporter-output>
        </test-method> <!-- tearDown -->
        <test-method status="PASS" signature="setup(java.lang.reflect.Method)[pri:0, instance:maintest.SPcasereg@101b7af]" name="setup" is-config="true" duration-ms="1" started-at="2018-10-13T10:46:58Z" finished-at="2018-10-13T10:46:58Z">
          <params>
            <param index="0">
              <value>
                <![CDATA[public void maintest.SPcasereg.TC_SPDOC_008() throws java.lang.Exception]]>
              </value>
            </param>
          </params>
          <reporter-output>
          </reporter-output>
        </test-method> <!-- setup -->
        <test-method status="PASS" signature="TC_SPDOC_008()[pri:0, instance:maintest.SPcasereg@101b7af]" name="TC_SPDOC_008" duration-ms="7285" started-at="2018-10-13T10:46:58Z" depends-on-methods="maintest.SPcasereg.TC_SPDOC_007" finished-at="2018-10-13T10:47:06Z">
          <reporter-output>
            <line>
              <![CDATA[Test Method resides in maintest.SPcasereg]]>
            </line>
            <line>
              <![CDATA[Test Status: Pass]]>
            </line>
          </reporter-output>
        </test-method> <!-- TC_SPDOC_008 -->
        <test-method status="PASS" signature="teardown()[pri:0, instance:maintest.SPcasereg@101b7af]" name="teardown" is-config="true" duration-ms="695" started-at="2018-10-13T10:47:06Z" finished-at="2018-10-13T10:47:06Z">
          <reporter-output>
          </reporter-output>
        </test-method> <!-- teardown -->
        <test-method status="PASS" signature="tearDown(org.testng.ITestResult, java.lang.reflect.Method)[pri:0, instance:maintest.SPcasereg@101b7af]" name="tearDown" is-config="true" duration-ms="0" started-at="2018-10-13T10:47:06Z" finished-at="2018-10-13T10:47:06Z">
          <params>
            <param index="0">
              <value>
                <![CDATA[[TestResult name=TC_SPDOC_008 status=SUCCESS method=SPcasereg.TC_SPDOC_008()[pri:0, instance:maintest.SPcasereg@101b7af] output=Test Method resides in maintest.SPcasereg]]]>
              </value>
            </param>
            <param index="1">
              <value>
                <![CDATA[public void maintest.SPcasereg.TC_SPDOC_008() throws java.lang.Exception]]>
              </value>
            </param>
          </params>
          <reporter-output>
          </reporter-output>
        </test-method> <!-- tearDown -->
        <test-method status="PASS" signature="afterSuite()[pri:0, instance:maintest.SPcasereg@101b7af]" name="afterSuite" is-config="true" duration-ms="419" started-at="2018-10-13T10:47:06Z" finished-at="2018-10-13T10:47:07Z">
          <reporter-output>
          </reporter-output>
        </test-method> <!-- afterSuite -->
      </class> <!-- maintest.SPcasereg -->
    </test> <!-- insuff -->
  </suite> <!-- regression testing -->
</testng-results>
