<?xml version="1.0" encoding="UTF-8"?>
<testng-results skipped="0" failed="0" total="8" passed="8">
  <reporter-output>
    <line>
      <![CDATA[About to begin executing Test Default test]]>
    </line>
    <line>
      <![CDATA[Test Method resides in maintest.Basic]]>
    </line>
    <line>
      <![CDATA[Test Status: Pass]]>
    </line>
    <line>
      <![CDATA[Test Method resides in maintest.Basic]]>
    </line>
    <line>
      <![CDATA[Test Status: Pass]]>
    </line>
    <line>
      <![CDATA[Test Method resides in maintest.Basic]]>
    </line>
    <line>
      <![CDATA[Test Status: Pass]]>
    </line>
    <line>
      <![CDATA[Test Method resides in maintest.Basic]]>
    </line>
    <line>
      <![CDATA[Test Status: Pass]]>
    </line>
    <line>
      <![CDATA[Test Method resides in maintest.Basic]]>
    </line>
    <line>
      <![CDATA[Test Status: Pass]]>
    </line>
    <line>
      <![CDATA[Test Method resides in maintest.Basic]]>
    </line>
    <line>
      <![CDATA[Test Status: Pass]]>
    </line>
    <line>
      <![CDATA[Test Method resides in maintest.Basic]]>
    </line>
    <line>
      <![CDATA[Test Status: Pass]]>
    </line>
    <line>
      <![CDATA[Test Method resides in maintest.Basic]]>
    </line>
    <line>
      <![CDATA[Test Status: Pass]]>
    </line>
    <line>
      <![CDATA[Completed executing test Default test]]>
    </line>
  </reporter-output>
  <suite name="Default suite" duration-ms="203386" started-at="2018-10-09T12:35:40Z" finished-at="2018-10-09T12:39:03Z">
    <groups>
    </groups>
    <test name="Default test" duration-ms="203386" started-at="2018-10-09T12:35:40Z" finished-at="2018-10-09T12:39:03Z">
      <class name="maintest.Basic">
        <test-method status="PASS" signature="beforeSuit()[pri:0, instance:maintest.Basic@18355a8]" name="beforeSuit" is-config="true" duration-ms="125" started-at="2018-10-09T18:05:39Z" finished-at="2018-10-09T18:05:40Z">
          <reporter-output>
          </reporter-output>
        </test-method> <!-- beforeSuit -->
        <test-method status="PASS" signature="beforetest()[pri:0, instance:maintest.Basic@18355a8]" name="beforetest" is-config="true" duration-ms="4149" started-at="2018-10-09T18:05:40Z" finished-at="2018-10-09T18:05:44Z">
          <reporter-output>
          </reporter-output>
        </test-method> <!-- beforetest -->
        <test-method status="PASS" signature="setup(java.lang.reflect.Method)[pri:0, instance:maintest.Basic@18355a8]" name="setup" is-config="true" duration-ms="9" started-at="2018-10-09T18:05:44Z" finished-at="2018-10-09T18:05:44Z">
          <params>
            <param index="0">
              <value>
                <![CDATA[public void maintest.Basic.TC_SPDOC_001() throws java.lang.Exception]]>
              </value>
            </param>
          </params>
          <reporter-output>
          </reporter-output>
        </test-method> <!-- setup -->
        <test-method status="PASS" signature="TC_SPDOC_001()[pri:0, instance:maintest.Basic@18355a8]" name="TC_SPDOC_001" duration-ms="47370" started-at="2018-10-09T18:05:44Z" finished-at="2018-10-09T18:06:31Z">
          <reporter-output>
            <line>
              <![CDATA[Test Method resides in maintest.Basic]]>
            </line>
            <line>
              <![CDATA[Test Status: Pass]]>
            </line>
          </reporter-output>
        </test-method> <!-- TC_SPDOC_001 -->
        <test-method status="PASS" signature="tearDown(org.testng.ITestResult, java.lang.reflect.Method)[pri:0, instance:maintest.Basic@18355a8]" name="tearDown" is-config="true" duration-ms="0" started-at="2018-10-09T18:06:31Z" finished-at="2018-10-09T18:06:31Z">
          <params>
            <param index="0">
              <value>
                <![CDATA[[TestResult name=TC_SPDOC_001 status=SUCCESS method=Basic.TC_SPDOC_001()[pri:0, instance:maintest.Basic@18355a8] output=Test Method resides in maintest.Basic]]]>
              </value>
            </param>
            <param index="1">
              <value>
                <![CDATA[public void maintest.Basic.TC_SPDOC_001() throws java.lang.Exception]]>
              </value>
            </param>
          </params>
          <reporter-output>
          </reporter-output>
        </test-method> <!-- tearDown -->
        <test-method status="PASS" signature="TC_SPDOC_002()[pri:0, instance:maintest.Basic@18355a8]" name="TC_SPDOC_002" duration-ms="10454" started-at="2018-10-09T18:06:31Z" finished-at="2018-10-09T18:06:42Z">
          <reporter-output>
            <line>
              <![CDATA[Test Method resides in maintest.Basic]]>
            </line>
            <line>
              <![CDATA[Test Status: Pass]]>
            </line>
          </reporter-output>
        </test-method> <!-- TC_SPDOC_002 -->
        <test-method status="PASS" signature="setup(java.lang.reflect.Method)[pri:0, instance:maintest.Basic@18355a8]" name="setup" is-config="true" duration-ms="0" started-at="2018-10-09T18:06:31Z" finished-at="2018-10-09T18:06:31Z">
          <params>
            <param index="0">
              <value>
                <![CDATA[public void maintest.Basic.TC_SPDOC_002() throws java.lang.Exception]]>
              </value>
            </param>
          </params>
          <reporter-output>
          </reporter-output>
        </test-method> <!-- setup -->
        <test-method status="PASS" signature="TC_SPDOC_003()[pri:0, instance:maintest.Basic@18355a8]" name="TC_SPDOC_003" duration-ms="10735" started-at="2018-10-09T18:06:42Z" finished-at="2018-10-09T18:06:52Z">
          <reporter-output>
            <line>
              <![CDATA[Test Method resides in maintest.Basic]]>
            </line>
            <line>
              <![CDATA[Test Status: Pass]]>
            </line>
          </reporter-output>
        </test-method> <!-- TC_SPDOC_003 -->
        <test-method status="PASS" signature="tearDown(org.testng.ITestResult, java.lang.reflect.Method)[pri:0, instance:maintest.Basic@18355a8]" name="tearDown" is-config="true" duration-ms="0" started-at="2018-10-09T18:06:42Z" finished-at="2018-10-09T18:06:42Z">
          <params>
            <param index="0">
              <value>
                <![CDATA[[TestResult name=TC_SPDOC_002 status=SUCCESS method=Basic.TC_SPDOC_002()[pri:0, instance:maintest.Basic@18355a8] output=Test Method resides in maintest.Basic]]]>
              </value>
            </param>
            <param index="1">
              <value>
                <![CDATA[public void maintest.Basic.TC_SPDOC_002() throws java.lang.Exception]]>
              </value>
            </param>
          </params>
          <reporter-output>
          </reporter-output>
        </test-method> <!-- tearDown -->
        <test-method status="PASS" signature="setup(java.lang.reflect.Method)[pri:0, instance:maintest.Basic@18355a8]" name="setup" is-config="true" duration-ms="0" started-at="2018-10-09T18:06:42Z" finished-at="2018-10-09T18:06:42Z">
          <params>
            <param index="0">
              <value>
                <![CDATA[public void maintest.Basic.TC_SPDOC_003() throws java.lang.Exception]]>
              </value>
            </param>
          </params>
          <reporter-output>
          </reporter-output>
        </test-method> <!-- setup -->
        <test-method status="PASS" signature="tearDown(org.testng.ITestResult, java.lang.reflect.Method)[pri:0, instance:maintest.Basic@18355a8]" name="tearDown" is-config="true" duration-ms="1" started-at="2018-10-09T18:06:52Z" finished-at="2018-10-09T18:06:52Z">
          <params>
            <param index="0">
              <value>
                <![CDATA[[TestResult name=TC_SPDOC_003 status=SUCCESS method=Basic.TC_SPDOC_003()[pri:0, instance:maintest.Basic@18355a8] output=Test Method resides in maintest.Basic]]]>
              </value>
            </param>
            <param index="1">
              <value>
                <![CDATA[public void maintest.Basic.TC_SPDOC_003() throws java.lang.Exception]]>
              </value>
            </param>
          </params>
          <reporter-output>
          </reporter-output>
        </test-method> <!-- tearDown -->
        <test-method status="PASS" signature="TC_SPDOC_004()[pri:0, instance:maintest.Basic@18355a8]" name="TC_SPDOC_004" duration-ms="22446" started-at="2018-10-09T18:06:52Z" finished-at="2018-10-09T18:07:15Z">
          <reporter-output>
            <line>
              <![CDATA[Test Method resides in maintest.Basic]]>
            </line>
            <line>
              <![CDATA[Test Status: Pass]]>
            </line>
          </reporter-output>
        </test-method> <!-- TC_SPDOC_004 -->
        <test-method status="PASS" signature="setup(java.lang.reflect.Method)[pri:0, instance:maintest.Basic@18355a8]" name="setup" is-config="true" duration-ms="0" started-at="2018-10-09T18:06:52Z" finished-at="2018-10-09T18:06:52Z">
          <params>
            <param index="0">
              <value>
                <![CDATA[public void maintest.Basic.TC_SPDOC_004() throws java.lang.Exception]]>
              </value>
            </param>
          </params>
          <reporter-output>
          </reporter-output>
        </test-method> <!-- setup -->
        <test-method status="PASS" signature="TC_SPDOC_005()[pri:0, instance:maintest.Basic@18355a8]" name="TC_SPDOC_005" duration-ms="89821" started-at="2018-10-09T18:07:15Z" finished-at="2018-10-09T18:08:45Z">
          <reporter-output>
            <line>
              <![CDATA[Test Method resides in maintest.Basic]]>
            </line>
            <line>
              <![CDATA[Test Status: Pass]]>
            </line>
          </reporter-output>
        </test-method> <!-- TC_SPDOC_005 -->
        <test-method status="PASS" signature="setup(java.lang.reflect.Method)[pri:0, instance:maintest.Basic@18355a8]" name="setup" is-config="true" duration-ms="0" started-at="2018-10-09T18:07:15Z" finished-at="2018-10-09T18:07:15Z">
          <params>
            <param index="0">
              <value>
                <![CDATA[public void maintest.Basic.TC_SPDOC_005() throws java.lang.Exception]]>
              </value>
            </param>
          </params>
          <reporter-output>
          </reporter-output>
        </test-method> <!-- setup -->
        <test-method status="PASS" signature="tearDown(org.testng.ITestResult, java.lang.reflect.Method)[pri:0, instance:maintest.Basic@18355a8]" name="tearDown" is-config="true" duration-ms="0" started-at="2018-10-09T18:07:15Z" finished-at="2018-10-09T18:07:15Z">
          <params>
            <param index="0">
              <value>
                <![CDATA[[TestResult name=TC_SPDOC_004 status=SUCCESS method=Basic.TC_SPDOC_004()[pri:0, instance:maintest.Basic@18355a8] output=Test Method resides in maintest.Basic]]]>
              </value>
            </param>
            <param index="1">
              <value>
                <![CDATA[public void maintest.Basic.TC_SPDOC_004() throws java.lang.Exception]]>
              </value>
            </param>
          </params>
          <reporter-output>
          </reporter-output>
        </test-method> <!-- tearDown -->
        <test-method status="PASS" signature="tearDown(org.testng.ITestResult, java.lang.reflect.Method)[pri:0, instance:maintest.Basic@18355a8]" name="tearDown" is-config="true" duration-ms="1" started-at="2018-10-09T18:08:45Z" finished-at="2018-10-09T18:08:45Z">
          <params>
            <param index="0">
              <value>
                <![CDATA[[TestResult name=TC_SPDOC_005 status=SUCCESS method=Basic.TC_SPDOC_005()[pri:0, instance:maintest.Basic@18355a8] output=Test Method resides in maintest.Basic]]]>
              </value>
            </param>
            <param index="1">
              <value>
                <![CDATA[public void maintest.Basic.TC_SPDOC_005() throws java.lang.Exception]]>
              </value>
            </param>
          </params>
          <reporter-output>
          </reporter-output>
        </test-method> <!-- tearDown -->
        <test-method status="PASS" signature="TC_SPDOC_006()[pri:0, instance:maintest.Basic@18355a8]" name="TC_SPDOC_006" duration-ms="4593" started-at="2018-10-09T18:08:45Z" finished-at="2018-10-09T18:08:49Z">
          <reporter-output>
            <line>
              <![CDATA[Test Method resides in maintest.Basic]]>
            </line>
            <line>
              <![CDATA[Test Status: Pass]]>
            </line>
          </reporter-output>
        </test-method> <!-- TC_SPDOC_006 -->
        <test-method status="PASS" signature="setup(java.lang.reflect.Method)[pri:0, instance:maintest.Basic@18355a8]" name="setup" is-config="true" duration-ms="0" started-at="2018-10-09T18:08:45Z" finished-at="2018-10-09T18:08:45Z">
          <params>
            <param index="0">
              <value>
                <![CDATA[public void maintest.Basic.TC_SPDOC_006() throws java.lang.Exception]]>
              </value>
            </param>
          </params>
          <reporter-output>
          </reporter-output>
        </test-method> <!-- setup -->
        <test-method status="PASS" signature="setup(java.lang.reflect.Method)[pri:0, instance:maintest.Basic@18355a8]" name="setup" is-config="true" duration-ms="0" started-at="2018-10-09T18:08:49Z" finished-at="2018-10-09T18:08:49Z">
          <params>
            <param index="0">
              <value>
                <![CDATA[public void maintest.Basic.TC_SPDOC_007() throws java.lang.Exception]]>
              </value>
            </param>
          </params>
          <reporter-output>
          </reporter-output>
        </test-method> <!-- setup -->
        <test-method status="PASS" signature="TC_SPDOC_007()[pri:0, instance:maintest.Basic@18355a8]" name="TC_SPDOC_007" duration-ms="5689" started-at="2018-10-09T18:08:49Z" finished-at="2018-10-09T18:08:55Z">
          <reporter-output>
            <line>
              <![CDATA[Test Method resides in maintest.Basic]]>
            </line>
            <line>
              <![CDATA[Test Status: Pass]]>
            </line>
          </reporter-output>
        </test-method> <!-- TC_SPDOC_007 -->
        <test-method status="PASS" signature="tearDown(org.testng.ITestResult, java.lang.reflect.Method)[pri:0, instance:maintest.Basic@18355a8]" name="tearDown" is-config="true" duration-ms="0" started-at="2018-10-09T18:08:49Z" finished-at="2018-10-09T18:08:49Z">
          <params>
            <param index="0">
              <value>
                <![CDATA[[TestResult name=TC_SPDOC_006 status=SUCCESS method=Basic.TC_SPDOC_006()[pri:0, instance:maintest.Basic@18355a8] output=Test Method resides in maintest.Basic]]]>
              </value>
            </param>
            <param index="1">
              <value>
                <![CDATA[public void maintest.Basic.TC_SPDOC_006() throws java.lang.Exception]]>
              </value>
            </param>
          </params>
          <reporter-output>
          </reporter-output>
        </test-method> <!-- tearDown -->
        <test-method status="PASS" signature="tearDown(org.testng.ITestResult, java.lang.reflect.Method)[pri:0, instance:maintest.Basic@18355a8]" name="tearDown" is-config="true" duration-ms="0" started-at="2018-10-09T18:08:55Z" finished-at="2018-10-09T18:08:55Z">
          <params>
            <param index="0">
              <value>
                <![CDATA[[TestResult name=TC_SPDOC_007 status=SUCCESS method=Basic.TC_SPDOC_007()[pri:0, instance:maintest.Basic@18355a8] output=Test Method resides in maintest.Basic]]]>
              </value>
            </param>
            <param index="1">
              <value>
                <![CDATA[public void maintest.Basic.TC_SPDOC_007() throws java.lang.Exception]]>
              </value>
            </param>
          </params>
          <reporter-output>
          </reporter-output>
        </test-method> <!-- tearDown -->
        <test-method status="PASS" signature="TC_SPDOC_008()[pri:0, instance:maintest.Basic@18355a8]" name="TC_SPDOC_008" duration-ms="7438" started-at="2018-10-09T18:08:55Z" finished-at="2018-10-09T18:09:02Z">
          <reporter-output>
            <line>
              <![CDATA[Test Method resides in maintest.Basic]]>
            </line>
            <line>
              <![CDATA[Test Status: Pass]]>
            </line>
          </reporter-output>
        </test-method> <!-- TC_SPDOC_008 -->
        <test-method status="PASS" signature="setup(java.lang.reflect.Method)[pri:0, instance:maintest.Basic@18355a8]" name="setup" is-config="true" duration-ms="0" started-at="2018-10-09T18:08:55Z" finished-at="2018-10-09T18:08:55Z">
          <params>
            <param index="0">
              <value>
                <![CDATA[public void maintest.Basic.TC_SPDOC_008() throws java.lang.Exception]]>
              </value>
            </param>
          </params>
          <reporter-output>
          </reporter-output>
        </test-method> <!-- setup -->
        <test-method status="PASS" signature="tearDown(org.testng.ITestResult, java.lang.reflect.Method)[pri:0, instance:maintest.Basic@18355a8]" name="tearDown" is-config="true" duration-ms="0" started-at="2018-10-09T18:09:02Z" finished-at="2018-10-09T18:09:02Z">
          <params>
            <param index="0">
              <value>
                <![CDATA[[TestResult name=TC_SPDOC_008 status=SUCCESS method=Basic.TC_SPDOC_008()[pri:0, instance:maintest.Basic@18355a8] output=Test Method resides in maintest.Basic]]]>
              </value>
            </param>
            <param index="1">
              <value>
                <![CDATA[public void maintest.Basic.TC_SPDOC_008() throws java.lang.Exception]]>
              </value>
            </param>
          </params>
          <reporter-output>
          </reporter-output>
        </test-method> <!-- tearDown -->
        <test-method status="PASS" signature="teardown()[pri:0, instance:maintest.Basic@18355a8]" name="teardown" is-config="true" duration-ms="660" started-at="2018-10-09T18:09:02Z" finished-at="2018-10-09T18:09:03Z">
          <reporter-output>
          </reporter-output>
        </test-method> <!-- teardown -->
        <test-method status="PASS" signature="afterSuite()[pri:0, instance:maintest.Basic@18355a8]" name="afterSuite" is-config="true" duration-ms="491" started-at="2018-10-09T18:09:03Z" finished-at="2018-10-09T18:09:03Z">
          <reporter-output>
          </reporter-output>
        </test-method> <!-- afterSuite -->
      </class> <!-- maintest.Basic -->
    </test> <!-- Default test -->
  </suite> <!-- Default suite -->
</testng-results>
