<?xml version="1.0" encoding="UTF-8"?>
<testng-results skipped="0" failed="0" total="1" passed="1">
  <reporter-output>
    <line>
      <![CDATA[About to begin executing Test Default test]]>
    </line>
    <line>
      <![CDATA[Test Method resides in maintest.Basic]]>
    </line>
    <line>
      <![CDATA[Test Status: Pass]]>
    </line>
    <line>
      <![CDATA[Completed executing test Default test]]>
    </line>
  </reporter-output>
  <suite name="Default suite" duration-ms="34446" started-at="2018-09-26T13:10:24Z" finished-at="2018-09-26T13:10:59Z">
    <groups>
    </groups>
    <test name="Default test" duration-ms="34446" started-at="2018-09-26T13:10:24Z" finished-at="2018-09-26T13:10:59Z">
      <class name="maintest.Basic">
        <test-method status="PASS" signature="beforeSuit()[pri:0, instance:maintest.Basic@17e1b0c]" name="beforeSuit" is-config="true" duration-ms="187" started-at="2018-09-26T18:40:24Z" finished-at="2018-09-26T18:40:24Z">
          <reporter-output>
          </reporter-output>
        </test-method> <!-- beforeSuit -->
        <test-method status="PASS" signature="beforetest()[pri:0, instance:maintest.Basic@17e1b0c]" name="beforetest" is-config="true" duration-ms="4522" started-at="2018-09-26T18:40:24Z" finished-at="2018-09-26T18:40:29Z">
          <reporter-output>
          </reporter-output>
        </test-method> <!-- beforetest -->
        <test-method status="PASS" signature="setup(java.lang.reflect.Method)[pri:0, instance:maintest.Basic@17e1b0c]" name="setup" is-config="true" duration-ms="14" started-at="2018-09-26T18:40:29Z" finished-at="2018-09-26T18:40:29Z">
          <params>
            <param index="0">
              <value>
                <![CDATA[public void maintest.Basic.TC_SPINF_012() throws java.lang.Exception]]>
              </value>
            </param>
          </params>
          <reporter-output>
          </reporter-output>
        </test-method> <!-- setup -->
        <test-method status="PASS" signature="TC_SPINF_012()[pri:0, instance:maintest.Basic@17e1b0c]" name="TC_SPINF_012" duration-ms="29887" started-at="2018-09-26T18:40:29Z" finished-at="2018-09-26T18:40:59Z">
          <reporter-output>
            <line>
              <![CDATA[Test Method resides in maintest.Basic]]>
            </line>
            <line>
              <![CDATA[Test Status: Pass]]>
            </line>
          </reporter-output>
        </test-method> <!-- TC_SPINF_012 -->
        <test-method status="PASS" signature="tearDown(org.testng.ITestResult, java.lang.reflect.Method)[pri:0, instance:maintest.Basic@17e1b0c]" name="tearDown" is-config="true" duration-ms="0" started-at="2018-09-26T18:40:59Z" finished-at="2018-09-26T18:40:59Z">
          <params>
            <param index="0">
              <value>
                <![CDATA[[TestResult name=TC_SPINF_012 status=SUCCESS method=Basic.TC_SPINF_012()[pri:0, instance:maintest.Basic@17e1b0c] output=Test Method resides in maintest.Basic]]]>
              </value>
            </param>
            <param index="1">
              <value>
                <![CDATA[public void maintest.Basic.TC_SPINF_012() throws java.lang.Exception]]>
              </value>
            </param>
          </params>
          <reporter-output>
          </reporter-output>
        </test-method> <!-- tearDown -->
        <test-method status="PASS" signature="teardown()[pri:0, instance:maintest.Basic@17e1b0c]" name="teardown" is-config="true" duration-ms="0" started-at="2018-09-26T18:40:59Z" finished-at="2018-09-26T18:40:59Z">
          <reporter-output>
          </reporter-output>
        </test-method> <!-- teardown -->
        <test-method status="PASS" signature="afterSuite()[pri:0, instance:maintest.Basic@17e1b0c]" name="afterSuite" is-config="true" duration-ms="306" started-at="2018-09-26T18:40:59Z" finished-at="2018-09-26T18:40:59Z">
          <reporter-output>
          </reporter-output>
        </test-method> <!-- afterSuite -->
      </class> <!-- maintest.Basic -->
    </test> <!-- Default test -->
  </suite> <!-- Default suite -->
</testng-results>
