<?xml version="1.0" encoding="UTF-8"?>
<testng-results skipped="0" failed="0" total="10" passed="10">
  <reporter-output>
    <line>
      <![CDATA[About to begin executing Test caseregistration]]>
    </line>
    <line>
      <![CDATA[Test Method resides in maintest.SPcasereg]]>
    </line>
    <line>
      <![CDATA[Test Status: Pass]]>
    </line>
    <line>
      <![CDATA[Test Method resides in maintest.SPcasereg]]>
    </line>
    <line>
      <![CDATA[Test Status: Pass]]>
    </line>
    <line>
      <![CDATA[Test Method resides in maintest.SPcasereg]]>
    </line>
    <line>
      <![CDATA[Test Status: Pass]]>
    </line>
    <line>
      <![CDATA[Test Method resides in maintest.SPcasereg]]>
    </line>
    <line>
      <![CDATA[Test Status: Pass]]>
    </line>
    <line>
      <![CDATA[Test Method resides in maintest.SPcasereg]]>
    </line>
    <line>
      <![CDATA[Test Status: Pass]]>
    </line>
    <line>
      <![CDATA[Test Method resides in maintest.SPcasereg]]>
    </line>
    <line>
      <![CDATA[Test Status: Pass]]>
    </line>
    <line>
      <![CDATA[Test Method resides in maintest.SPcasereg]]>
    </line>
    <line>
      <![CDATA[Test Status: Pass]]>
    </line>
    <line>
      <![CDATA[Test Method resides in maintest.SPcasereg]]>
    </line>
    <line>
      <![CDATA[Test Status: Pass]]>
    </line>
    <line>
      <![CDATA[Test Method resides in maintest.SPcasereg]]>
    </line>
    <line>
      <![CDATA[Test Status: Pass]]>
    </line>
    <line>
      <![CDATA[Test Method resides in maintest.SPcasereg]]>
    </line>
    <line>
      <![CDATA[Test Status: Pass]]>
    </line>
    <line>
      <![CDATA[Completed executing test caseregistration]]>
    </line>
  </reporter-output>
  <suite name="regression testing" duration-ms="74204" started-at="2018-09-25T13:19:54Z" finished-at="2018-09-25T13:21:08Z">
    <groups>
      <group name="s3">
        <method signature="SPcasereg.Login()[pri:0, instance:maintest.SPcasereg@320068]" name="Login" class="maintest.SPcasereg"/>
        <method signature="SPcasereg.TC_SPINF_12()[pri:0, instance:maintest.SPcasereg@320068]" name="TC_SPINF_12" class="maintest.SPcasereg"/>
        <method signature="SPcasereg.TC_SPINF_15()[pri:0, instance:maintest.SPcasereg@320068]" name="TC_SPINF_15" class="maintest.SPcasereg"/>
        <method signature="SPcasereg.TC_SPINF_18()[pri:0, instance:maintest.SPcasereg@320068]" name="TC_SPINF_18" class="maintest.SPcasereg"/>
        <method signature="SPcasereg.TC_SPINF_21()[pri:0, instance:maintest.SPcasereg@320068]" name="TC_SPINF_21" class="maintest.SPcasereg"/>
        <method signature="SPcasereg.TC_SPINF_24()[pri:0, instance:maintest.SPcasereg@320068]" name="TC_SPINF_24" class="maintest.SPcasereg"/>
        <method signature="SPcasereg.TC_SPINF_27()[pri:0, instance:maintest.SPcasereg@320068]" name="TC_SPINF_27" class="maintest.SPcasereg"/>
        <method signature="SPcasereg.TC_SPINF_30()[pri:0, instance:maintest.SPcasereg@320068]" name="TC_SPINF_30" class="maintest.SPcasereg"/>
        <method signature="SPcasereg.TC_SPINF_33()[pri:0, instance:maintest.SPcasereg@320068]" name="TC_SPINF_33" class="maintest.SPcasereg"/>
        <method signature="SPcasereg.TC_SPINF_38()[pri:0, instance:maintest.SPcasereg@320068]" name="TC_SPINF_38" class="maintest.SPcasereg"/>
      </group> <!-- s3 -->
      <group name="spcase registration">
        <method signature="SPcasereg.Login()[pri:0, instance:maintest.SPcasereg@320068]" name="Login" class="maintest.SPcasereg"/>
      </group> <!-- spcase registration -->
      <group name="insuff">
        <method signature="SPcasereg.Login()[pri:0, instance:maintest.SPcasereg@320068]" name="Login" class="maintest.SPcasereg"/>
        <method signature="SPcasereg.TC_SPINF_12()[pri:0, instance:maintest.SPcasereg@320068]" name="TC_SPINF_12" class="maintest.SPcasereg"/>
        <method signature="SPcasereg.TC_SPINF_15()[pri:0, instance:maintest.SPcasereg@320068]" name="TC_SPINF_15" class="maintest.SPcasereg"/>
        <method signature="SPcasereg.TC_SPINF_18()[pri:0, instance:maintest.SPcasereg@320068]" name="TC_SPINF_18" class="maintest.SPcasereg"/>
        <method signature="SPcasereg.TC_SPINF_21()[pri:0, instance:maintest.SPcasereg@320068]" name="TC_SPINF_21" class="maintest.SPcasereg"/>
        <method signature="SPcasereg.TC_SPINF_24()[pri:0, instance:maintest.SPcasereg@320068]" name="TC_SPINF_24" class="maintest.SPcasereg"/>
        <method signature="SPcasereg.TC_SPINF_27()[pri:0, instance:maintest.SPcasereg@320068]" name="TC_SPINF_27" class="maintest.SPcasereg"/>
        <method signature="SPcasereg.TC_SPINF_30()[pri:0, instance:maintest.SPcasereg@320068]" name="TC_SPINF_30" class="maintest.SPcasereg"/>
        <method signature="SPcasereg.TC_SPINF_33()[pri:0, instance:maintest.SPcasereg@320068]" name="TC_SPINF_33" class="maintest.SPcasereg"/>
        <method signature="SPcasereg.TC_SPINF_38()[pri:0, instance:maintest.SPcasereg@320068]" name="TC_SPINF_38" class="maintest.SPcasereg"/>
      </group> <!-- insuff -->
      <group name="smoketest">
        <method signature="SPcasereg.Login()[pri:0, instance:maintest.SPcasereg@320068]" name="Login" class="maintest.SPcasereg"/>
      </group> <!-- smoketest -->
    </groups>
    <test name="caseregistration" duration-ms="74204" started-at="2018-09-25T13:19:54Z" finished-at="2018-09-25T13:21:08Z">
      <class name="maintest.SPcasereg">
        <test-method status="PASS" signature="beforeSuit()[pri:0, instance:maintest.SPcasereg@320068]" name="beforeSuit" is-config="true" duration-ms="173" started-at="2018-09-25T18:49:54Z" finished-at="2018-09-25T18:49:54Z">
          <reporter-output>
          </reporter-output>
        </test-method> <!-- beforeSuit -->
        <test-method status="PASS" signature="beforetest()[pri:0, instance:maintest.SPcasereg@320068]" name="beforetest" is-config="true" duration-ms="4250" started-at="2018-09-25T18:49:54Z" finished-at="2018-09-25T18:49:58Z">
          <reporter-output>
          </reporter-output>
        </test-method> <!-- beforetest -->
        <test-method status="PASS" signature="setup(java.lang.reflect.Method)[pri:0, instance:maintest.SPcasereg@320068]" name="setup" is-config="true" duration-ms="15" started-at="2018-09-25T18:49:58Z" finished-at="2018-09-25T18:49:58Z">
          <params>
            <param index="0">
              <value>
                <![CDATA[public void maintest.SPcasereg.Login() throws java.lang.Exception]]>
              </value>
            </param>
          </params>
          <reporter-output>
          </reporter-output>
        </test-method> <!-- setup -->
        <test-method status="PASS" signature="Login()[pri:0, instance:maintest.SPcasereg@320068]" name="Login" duration-ms="7397" started-at="2018-09-25T18:49:58Z" finished-at="2018-09-25T18:50:06Z">
          <reporter-output>
            <line>
              <![CDATA[Test Method resides in maintest.SPcasereg]]>
            </line>
            <line>
              <![CDATA[Test Status: Pass]]>
            </line>
          </reporter-output>
        </test-method> <!-- Login -->
        <test-method status="PASS" signature="tearDown(org.testng.ITestResult, java.lang.reflect.Method)[pri:0, instance:maintest.SPcasereg@320068]" name="tearDown" is-config="true" duration-ms="1" started-at="2018-09-25T18:50:06Z" finished-at="2018-09-25T18:50:06Z">
          <params>
            <param index="0">
              <value>
                <![CDATA[[TestResult name=Login status=SUCCESS method=SPcasereg.Login()[pri:0, instance:maintest.SPcasereg@320068] output=Test Method resides in maintest.SPcasereg]]]>
              </value>
            </param>
            <param index="1">
              <value>
                <![CDATA[public void maintest.SPcasereg.Login() throws java.lang.Exception]]>
              </value>
            </param>
          </params>
          <reporter-output>
          </reporter-output>
        </test-method> <!-- tearDown -->
        <test-method status="PASS" signature="setup(java.lang.reflect.Method)[pri:0, instance:maintest.SPcasereg@320068]" name="setup" is-config="true" duration-ms="1" started-at="2018-09-25T18:50:06Z" finished-at="2018-09-25T18:50:06Z">
          <params>
            <param index="0">
              <value>
                <![CDATA[public void maintest.SPcasereg.TC_SPINF_12() throws java.lang.Exception]]>
              </value>
            </param>
          </params>
          <reporter-output>
          </reporter-output>
        </test-method> <!-- setup -->
        <test-method status="PASS" signature="TC_SPINF_12()[pri:0, instance:maintest.SPcasereg@320068]" name="TC_SPINF_12" duration-ms="18680" started-at="2018-09-25T18:50:06Z" finished-at="2018-09-25T18:50:24Z">
          <reporter-output>
            <line>
              <![CDATA[Test Method resides in maintest.SPcasereg]]>
            </line>
            <line>
              <![CDATA[Test Status: Pass]]>
            </line>
          </reporter-output>
        </test-method> <!-- TC_SPINF_12 -->
        <test-method status="PASS" signature="setup(java.lang.reflect.Method)[pri:0, instance:maintest.SPcasereg@320068]" name="setup" is-config="true" duration-ms="0" started-at="2018-09-25T18:50:24Z" finished-at="2018-09-25T18:50:24Z">
          <params>
            <param index="0">
              <value>
                <![CDATA[public void maintest.SPcasereg.TC_SPINF_15() throws java.lang.Exception]]>
              </value>
            </param>
          </params>
          <reporter-output>
          </reporter-output>
        </test-method> <!-- setup -->
        <test-method status="PASS" signature="tearDown(org.testng.ITestResult, java.lang.reflect.Method)[pri:0, instance:maintest.SPcasereg@320068]" name="tearDown" is-config="true" duration-ms="0" started-at="2018-09-25T18:50:24Z" finished-at="2018-09-25T18:50:24Z">
          <params>
            <param index="0">
              <value>
                <![CDATA[[TestResult name=TC_SPINF_12 status=SUCCESS method=SPcasereg.TC_SPINF_12()[pri:0, instance:maintest.SPcasereg@320068] output=Test Method resides in maintest.SPcasereg]]]>
              </value>
            </param>
            <param index="1">
              <value>
                <![CDATA[public void maintest.SPcasereg.TC_SPINF_12() throws java.lang.Exception]]>
              </value>
            </param>
          </params>
          <reporter-output>
          </reporter-output>
        </test-method> <!-- tearDown -->
        <test-method status="PASS" signature="TC_SPINF_15()[pri:0, instance:maintest.SPcasereg@320068]" name="TC_SPINF_15" duration-ms="6517" started-at="2018-09-25T18:50:24Z" finished-at="2018-09-25T18:50:31Z">
          <reporter-output>
            <line>
              <![CDATA[Test Method resides in maintest.SPcasereg]]>
            </line>
            <line>
              <![CDATA[Test Status: Pass]]>
            </line>
          </reporter-output>
        </test-method> <!-- TC_SPINF_15 -->
        <test-method status="PASS" signature="tearDown(org.testng.ITestResult, java.lang.reflect.Method)[pri:0, instance:maintest.SPcasereg@320068]" name="tearDown" is-config="true" duration-ms="0" started-at="2018-09-25T18:50:31Z" finished-at="2018-09-25T18:50:31Z">
          <params>
            <param index="0">
              <value>
                <![CDATA[[TestResult name=TC_SPINF_15 status=SUCCESS method=SPcasereg.TC_SPINF_15()[pri:0, instance:maintest.SPcasereg@320068] output=Test Method resides in maintest.SPcasereg]]]>
              </value>
            </param>
            <param index="1">
              <value>
                <![CDATA[public void maintest.SPcasereg.TC_SPINF_15() throws java.lang.Exception]]>
              </value>
            </param>
          </params>
          <reporter-output>
          </reporter-output>
        </test-method> <!-- tearDown -->
        <test-method status="PASS" signature="setup(java.lang.reflect.Method)[pri:0, instance:maintest.SPcasereg@320068]" name="setup" is-config="true" duration-ms="0" started-at="2018-09-25T18:50:31Z" finished-at="2018-09-25T18:50:31Z">
          <params>
            <param index="0">
              <value>
                <![CDATA[public void maintest.SPcasereg.TC_SPINF_18() throws java.lang.Exception]]>
              </value>
            </param>
          </params>
          <reporter-output>
          </reporter-output>
        </test-method> <!-- setup -->
        <test-method status="PASS" signature="TC_SPINF_18()[pri:0, instance:maintest.SPcasereg@320068]" name="TC_SPINF_18" duration-ms="6311" started-at="2018-09-25T18:50:31Z" finished-at="2018-09-25T18:50:37Z">
          <reporter-output>
            <line>
              <![CDATA[Test Method resides in maintest.SPcasereg]]>
            </line>
            <line>
              <![CDATA[Test Status: Pass]]>
            </line>
          </reporter-output>
        </test-method> <!-- TC_SPINF_18 -->
        <test-method status="PASS" signature="tearDown(org.testng.ITestResult, java.lang.reflect.Method)[pri:0, instance:maintest.SPcasereg@320068]" name="tearDown" is-config="true" duration-ms="0" started-at="2018-09-25T18:50:37Z" finished-at="2018-09-25T18:50:37Z">
          <params>
            <param index="0">
              <value>
                <![CDATA[[TestResult name=TC_SPINF_18 status=SUCCESS method=SPcasereg.TC_SPINF_18()[pri:0, instance:maintest.SPcasereg@320068] output=Test Method resides in maintest.SPcasereg]]]>
              </value>
            </param>
            <param index="1">
              <value>
                <![CDATA[public void maintest.SPcasereg.TC_SPINF_18() throws java.lang.Exception]]>
              </value>
            </param>
          </params>
          <reporter-output>
          </reporter-output>
        </test-method> <!-- tearDown -->
        <test-method status="PASS" signature="setup(java.lang.reflect.Method)[pri:0, instance:maintest.SPcasereg@320068]" name="setup" is-config="true" duration-ms="0" started-at="2018-09-25T18:50:37Z" finished-at="2018-09-25T18:50:37Z">
          <params>
            <param index="0">
              <value>
                <![CDATA[public void maintest.SPcasereg.TC_SPINF_21() throws java.lang.Exception]]>
              </value>
            </param>
          </params>
          <reporter-output>
          </reporter-output>
        </test-method> <!-- setup -->
        <test-method status="PASS" signature="TC_SPINF_21()[pri:0, instance:maintest.SPcasereg@320068]" name="TC_SPINF_21" duration-ms="5242" started-at="2018-09-25T18:50:37Z" finished-at="2018-09-25T18:50:42Z">
          <reporter-output>
            <line>
              <![CDATA[Test Method resides in maintest.SPcasereg]]>
            </line>
            <line>
              <![CDATA[Test Status: Pass]]>
            </line>
          </reporter-output>
        </test-method> <!-- TC_SPINF_21 -->
        <test-method status="PASS" signature="tearDown(org.testng.ITestResult, java.lang.reflect.Method)[pri:0, instance:maintest.SPcasereg@320068]" name="tearDown" is-config="true" duration-ms="1" started-at="2018-09-25T18:50:42Z" finished-at="2018-09-25T18:50:42Z">
          <params>
            <param index="0">
              <value>
                <![CDATA[[TestResult name=TC_SPINF_21 status=SUCCESS method=SPcasereg.TC_SPINF_21()[pri:0, instance:maintest.SPcasereg@320068] output=Test Method resides in maintest.SPcasereg]]]>
              </value>
            </param>
            <param index="1">
              <value>
                <![CDATA[public void maintest.SPcasereg.TC_SPINF_21() throws java.lang.Exception]]>
              </value>
            </param>
          </params>
          <reporter-output>
          </reporter-output>
        </test-method> <!-- tearDown -->
        <test-method status="PASS" signature="TC_SPINF_38()[pri:0, instance:maintest.SPcasereg@320068]" name="TC_SPINF_38" duration-ms="5784" started-at="2018-09-25T18:50:42Z" finished-at="2018-09-25T18:50:48Z">
          <reporter-output>
            <line>
              <![CDATA[Test Method resides in maintest.SPcasereg]]>
            </line>
            <line>
              <![CDATA[Test Status: Pass]]>
            </line>
          </reporter-output>
        </test-method> <!-- TC_SPINF_38 -->
        <test-method status="PASS" signature="setup(java.lang.reflect.Method)[pri:0, instance:maintest.SPcasereg@320068]" name="setup" is-config="true" duration-ms="0" started-at="2018-09-25T18:50:42Z" finished-at="2018-09-25T18:50:42Z">
          <params>
            <param index="0">
              <value>
                <![CDATA[public void maintest.SPcasereg.TC_SPINF_38() throws java.lang.Exception]]>
              </value>
            </param>
          </params>
          <reporter-output>
          </reporter-output>
        </test-method> <!-- setup -->
        <test-method status="PASS" signature="tearDown(org.testng.ITestResult, java.lang.reflect.Method)[pri:0, instance:maintest.SPcasereg@320068]" name="tearDown" is-config="true" duration-ms="0" started-at="2018-09-25T18:50:48Z" finished-at="2018-09-25T18:50:48Z">
          <params>
            <param index="0">
              <value>
                <![CDATA[[TestResult name=TC_SPINF_38 status=SUCCESS method=SPcasereg.TC_SPINF_38()[pri:0, instance:maintest.SPcasereg@320068] output=Test Method resides in maintest.SPcasereg]]]>
              </value>
            </param>
            <param index="1">
              <value>
                <![CDATA[public void maintest.SPcasereg.TC_SPINF_38() throws java.lang.Exception]]>
              </value>
            </param>
          </params>
          <reporter-output>
          </reporter-output>
        </test-method> <!-- tearDown -->
        <test-method status="PASS" signature="setup(java.lang.reflect.Method)[pri:0, instance:maintest.SPcasereg@320068]" name="setup" is-config="true" duration-ms="1" started-at="2018-09-25T18:50:48Z" finished-at="2018-09-25T18:50:48Z">
          <params>
            <param index="0">
              <value>
                <![CDATA[public void maintest.SPcasereg.TC_SPINF_27() throws java.lang.Exception]]>
              </value>
            </param>
          </params>
          <reporter-output>
          </reporter-output>
        </test-method> <!-- setup -->
        <test-method status="PASS" signature="TC_SPINF_27()[pri:0, instance:maintest.SPcasereg@320068]" name="TC_SPINF_27" duration-ms="4979" started-at="2018-09-25T18:50:48Z" finished-at="2018-09-25T18:50:53Z">
          <reporter-output>
            <line>
              <![CDATA[Test Method resides in maintest.SPcasereg]]>
            </line>
            <line>
              <![CDATA[Test Status: Pass]]>
            </line>
          </reporter-output>
        </test-method> <!-- TC_SPINF_27 -->
        <test-method status="PASS" signature="setup(java.lang.reflect.Method)[pri:0, instance:maintest.SPcasereg@320068]" name="setup" is-config="true" duration-ms="1" started-at="2018-09-25T18:50:53Z" finished-at="2018-09-25T18:50:53Z">
          <params>
            <param index="0">
              <value>
                <![CDATA[public void maintest.SPcasereg.TC_SPINF_33() throws java.lang.Exception]]>
              </value>
            </param>
          </params>
          <reporter-output>
          </reporter-output>
        </test-method> <!-- setup -->
        <test-method status="PASS" signature="tearDown(org.testng.ITestResult, java.lang.reflect.Method)[pri:0, instance:maintest.SPcasereg@320068]" name="tearDown" is-config="true" duration-ms="0" started-at="2018-09-25T18:50:53Z" finished-at="2018-09-25T18:50:53Z">
          <params>
            <param index="0">
              <value>
                <![CDATA[[TestResult name=TC_SPINF_27 status=SUCCESS method=SPcasereg.TC_SPINF_27()[pri:0, instance:maintest.SPcasereg@320068] output=Test Method resides in maintest.SPcasereg]]]>
              </value>
            </param>
            <param index="1">
              <value>
                <![CDATA[public void maintest.SPcasereg.TC_SPINF_27() throws java.lang.Exception]]>
              </value>
            </param>
          </params>
          <reporter-output>
          </reporter-output>
        </test-method> <!-- tearDown -->
        <test-method status="PASS" signature="TC_SPINF_33()[pri:0, instance:maintest.SPcasereg@320068]" name="TC_SPINF_33" duration-ms="5344" started-at="2018-09-25T18:50:53Z" finished-at="2018-09-25T18:50:59Z">
          <reporter-output>
            <line>
              <![CDATA[Test Method resides in maintest.SPcasereg]]>
            </line>
            <line>
              <![CDATA[Test Status: Pass]]>
            </line>
          </reporter-output>
        </test-method> <!-- TC_SPINF_33 -->
        <test-method status="PASS" signature="tearDown(org.testng.ITestResult, java.lang.reflect.Method)[pri:0, instance:maintest.SPcasereg@320068]" name="tearDown" is-config="true" duration-ms="1" started-at="2018-09-25T18:50:59Z" finished-at="2018-09-25T18:50:59Z">
          <params>
            <param index="0">
              <value>
                <![CDATA[[TestResult name=TC_SPINF_33 status=SUCCESS method=SPcasereg.TC_SPINF_33()[pri:0, instance:maintest.SPcasereg@320068] output=Test Method resides in maintest.SPcasereg]]]>
              </value>
            </param>
            <param index="1">
              <value>
                <![CDATA[public void maintest.SPcasereg.TC_SPINF_33() throws java.lang.Exception]]>
              </value>
            </param>
          </params>
          <reporter-output>
          </reporter-output>
        </test-method> <!-- tearDown -->
        <test-method status="PASS" signature="TC_SPINF_30()[pri:0, instance:maintest.SPcasereg@320068]" name="TC_SPINF_30" duration-ms="4943" started-at="2018-09-25T18:50:59Z" finished-at="2018-09-25T18:51:03Z">
          <reporter-output>
            <line>
              <![CDATA[Test Method resides in maintest.SPcasereg]]>
            </line>
            <line>
              <![CDATA[Test Status: Pass]]>
            </line>
          </reporter-output>
        </test-method> <!-- TC_SPINF_30 -->
        <test-method status="PASS" signature="setup(java.lang.reflect.Method)[pri:0, instance:maintest.SPcasereg@320068]" name="setup" is-config="true" duration-ms="0" started-at="2018-09-25T18:50:59Z" finished-at="2018-09-25T18:50:59Z">
          <params>
            <param index="0">
              <value>
                <![CDATA[public void maintest.SPcasereg.TC_SPINF_30() throws java.lang.Exception]]>
              </value>
            </param>
          </params>
          <reporter-output>
          </reporter-output>
        </test-method> <!-- setup -->
        <test-method status="PASS" signature="tearDown(org.testng.ITestResult, java.lang.reflect.Method)[pri:0, instance:maintest.SPcasereg@320068]" name="tearDown" is-config="true" duration-ms="1" started-at="2018-09-25T18:51:03Z" finished-at="2018-09-25T18:51:03Z">
          <params>
            <param index="0">
              <value>
                <![CDATA[[TestResult name=TC_SPINF_30 status=SUCCESS method=SPcasereg.TC_SPINF_30()[pri:0, instance:maintest.SPcasereg@320068] output=Test Method resides in maintest.SPcasereg]]]>
              </value>
            </param>
            <param index="1">
              <value>
                <![CDATA[public void maintest.SPcasereg.TC_SPINF_30() throws java.lang.Exception]]>
              </value>
            </param>
          </params>
          <reporter-output>
          </reporter-output>
        </test-method> <!-- tearDown -->
        <test-method status="PASS" signature="TC_SPINF_24()[pri:0, instance:maintest.SPcasereg@320068]" name="TC_SPINF_24" duration-ms="4709" started-at="2018-09-25T18:51:03Z" finished-at="2018-09-25T18:51:08Z">
          <reporter-output>
            <line>
              <![CDATA[Test Method resides in maintest.SPcasereg]]>
            </line>
            <line>
              <![CDATA[Test Status: Pass]]>
            </line>
          </reporter-output>
        </test-method> <!-- TC_SPINF_24 -->
        <test-method status="PASS" signature="setup(java.lang.reflect.Method)[pri:0, instance:maintest.SPcasereg@320068]" name="setup" is-config="true" duration-ms="0" started-at="2018-09-25T18:51:03Z" finished-at="2018-09-25T18:51:03Z">
          <params>
            <param index="0">
              <value>
                <![CDATA[public void maintest.SPcasereg.TC_SPINF_24() throws java.lang.Exception]]>
              </value>
            </param>
          </params>
          <reporter-output>
          </reporter-output>
        </test-method> <!-- setup -->
        <test-method status="PASS" signature="tearDown(org.testng.ITestResult, java.lang.reflect.Method)[pri:0, instance:maintest.SPcasereg@320068]" name="tearDown" is-config="true" duration-ms="0" started-at="2018-09-25T18:51:08Z" finished-at="2018-09-25T18:51:08Z">
          <params>
            <param index="0">
              <value>
                <![CDATA[[TestResult name=TC_SPINF_24 status=SUCCESS method=SPcasereg.TC_SPINF_24()[pri:0, instance:maintest.SPcasereg@320068] output=Test Method resides in maintest.SPcasereg]]]>
              </value>
            </param>
            <param index="1">
              <value>
                <![CDATA[public void maintest.SPcasereg.TC_SPINF_24() throws java.lang.Exception]]>
              </value>
            </param>
          </params>
          <reporter-output>
          </reporter-output>
        </test-method> <!-- tearDown -->
        <test-method status="PASS" signature="teardown()[pri:0, instance:maintest.SPcasereg@320068]" name="teardown" is-config="true" duration-ms="0" started-at="2018-09-25T18:51:08Z" finished-at="2018-09-25T18:51:08Z">
          <reporter-output>
          </reporter-output>
        </test-method> <!-- teardown -->
        <test-method status="PASS" signature="afterSuite()[pri:0, instance:maintest.SPcasereg@320068]" name="afterSuite" is-config="true" duration-ms="341" started-at="2018-09-25T18:51:08Z" finished-at="2018-09-25T18:51:09Z">
          <reporter-output>
          </reporter-output>
        </test-method> <!-- afterSuite -->
      </class> <!-- maintest.SPcasereg -->
    </test> <!-- caseregistration -->
  </suite> <!-- regression testing -->
</testng-results>
