<?xml version="1.0" encoding="UTF-8"?>
<testng-results skipped="0" failed="0" total="3" passed="3">
  <reporter-output>
    <line>
      <![CDATA[About to begin executing Test Default test]]>
    </line>
    <line>
      <![CDATA[Test Method resides in maintest.Basic]]>
    </line>
    <line>
      <![CDATA[Test Status: Pass]]>
    </line>
    <line>
      <![CDATA[Test Method resides in maintest.Basic]]>
    </line>
    <line>
      <![CDATA[Test Status: Pass]]>
    </line>
    <line>
      <![CDATA[Test Method resides in maintest.Basic]]>
    </line>
    <line>
      <![CDATA[Test Status: Pass]]>
    </line>
    <line>
      <![CDATA[Completed executing test Default test]]>
    </line>
  </reporter-output>
  <suite name="Default suite" duration-ms="43605" started-at="2018-09-20T12:11:44Z" finished-at="2018-09-20T12:12:28Z">
    <groups>
      <group name="insuff">
        <method signature="Basic.TC_SPINF_003()[pri:0, instance:maintest.Basic@6d64ab]" name="TC_SPINF_003" class="maintest.Basic"/>
      </group> <!-- insuff -->
      <group name="smoketest">
        <method signature="Basic.TC_SPINF_003()[pri:0, instance:maintest.Basic@6d64ab]" name="TC_SPINF_003" class="maintest.Basic"/>
      </group> <!-- smoketest -->
    </groups>
    <test name="Default test" duration-ms="43605" started-at="2018-09-20T12:11:44Z" finished-at="2018-09-20T12:12:28Z">
      <class name="maintest.Basic">
        <test-method status="PASS" signature="beforeSuit()[pri:0, instance:maintest.Basic@6d64ab]" name="beforeSuit" is-config="true" duration-ms="168" started-at="2018-09-20T17:41:44Z" finished-at="2018-09-20T17:41:44Z">
          <reporter-output>
          </reporter-output>
        </test-method> <!-- beforeSuit -->
        <test-method status="PASS" signature="beforetest()[pri:0, instance:maintest.Basic@6d64ab]" name="beforetest" is-config="true" duration-ms="5360" started-at="2018-09-20T17:41:44Z" finished-at="2018-09-20T17:41:50Z">
          <reporter-output>
          </reporter-output>
        </test-method> <!-- beforetest -->
        <test-method status="PASS" signature="setup(java.lang.reflect.Method)[pri:0, instance:maintest.Basic@6d64ab]" name="setup" is-config="true" duration-ms="16" started-at="2018-09-20T17:41:50Z" finished-at="2018-09-20T17:41:50Z">
          <params>
            <param index="0">
              <value>
                <![CDATA[public void maintest.Basic.Login() throws java.lang.Exception]]>
              </value>
            </param>
          </params>
          <reporter-output>
          </reporter-output>
        </test-method> <!-- setup -->
        <test-method status="PASS" signature="Login()[pri:0, instance:maintest.Basic@6d64ab]" name="Login" duration-ms="27123" started-at="2018-09-20T17:41:50Z" finished-at="2018-09-20T17:42:17Z">
          <reporter-output>
            <line>
              <![CDATA[Test Method resides in maintest.Basic]]>
            </line>
            <line>
              <![CDATA[Test Status: Pass]]>
            </line>
          </reporter-output>
        </test-method> <!-- Login -->
        <test-method status="PASS" signature="tearDown(org.testng.ITestResult, java.lang.reflect.Method)[pri:0, instance:maintest.Basic@6d64ab]" name="tearDown" is-config="true" duration-ms="0" started-at="2018-09-20T17:42:17Z" finished-at="2018-09-20T17:42:17Z">
          <params>
            <param index="0">
              <value>
                <![CDATA[[TestResult name=Login status=SUCCESS method=Basic.Login()[pri:0, instance:maintest.Basic@6d64ab] output=Test Method resides in maintest.Basic]]]>
              </value>
            </param>
            <param index="1">
              <value>
                <![CDATA[public void maintest.Basic.Login() throws java.lang.Exception]]>
              </value>
            </param>
          </params>
          <reporter-output>
          </reporter-output>
        </test-method> <!-- tearDown -->
        <test-method status="PASS" signature="setup(java.lang.reflect.Method)[pri:0, instance:maintest.Basic@6d64ab]" name="setup" is-config="true" duration-ms="1" started-at="2018-09-20T17:42:17Z" finished-at="2018-09-20T17:42:17Z">
          <params>
            <param index="0">
              <value>
                <![CDATA[public void maintest.Basic.TC_SPINF_002() throws java.lang.Exception]]>
              </value>
            </param>
          </params>
          <reporter-output>
          </reporter-output>
        </test-method> <!-- setup -->
        <test-method status="PASS" signature="TC_SPINF_002()[pri:0, instance:maintest.Basic@6d64ab]" name="TC_SPINF_002" duration-ms="10961" started-at="2018-09-20T17:42:17Z" finished-at="2018-09-20T17:42:28Z">
          <reporter-output>
            <line>
              <![CDATA[Test Method resides in maintest.Basic]]>
            </line>
            <line>
              <![CDATA[Test Status: Pass]]>
            </line>
          </reporter-output>
        </test-method> <!-- TC_SPINF_002 -->
        <test-method status="PASS" signature="tearDown(org.testng.ITestResult, java.lang.reflect.Method)[pri:0, instance:maintest.Basic@6d64ab]" name="tearDown" is-config="true" duration-ms="0" started-at="2018-09-20T17:42:28Z" finished-at="2018-09-20T17:42:28Z">
          <params>
            <param index="0">
              <value>
                <![CDATA[[TestResult name=TC_SPINF_002 status=SUCCESS method=Basic.TC_SPINF_002()[pri:0, instance:maintest.Basic@6d64ab] output=Test Method resides in maintest.Basic]]]>
              </value>
            </param>
            <param index="1">
              <value>
                <![CDATA[public void maintest.Basic.TC_SPINF_002() throws java.lang.Exception]]>
              </value>
            </param>
          </params>
          <reporter-output>
          </reporter-output>
        </test-method> <!-- tearDown -->
        <test-method status="PASS" signature="setup(java.lang.reflect.Method)[pri:0, instance:maintest.Basic@6d64ab]" name="setup" is-config="true" duration-ms="0" started-at="2018-09-20T17:42:28Z" finished-at="2018-09-20T17:42:28Z">
          <params>
            <param index="0">
              <value>
                <![CDATA[public void maintest.Basic.TC_SPINF_003() throws java.lang.Exception]]>
              </value>
            </param>
          </params>
          <reporter-output>
          </reporter-output>
        </test-method> <!-- setup -->
        <test-method status="PASS" signature="TC_SPINF_003()[pri:0, instance:maintest.Basic@6d64ab]" name="TC_SPINF_003" duration-ms="127" started-at="2018-09-20T17:42:28Z" depends-on-methods="maintest.Basic.TC_SPINF_002" finished-at="2018-09-20T17:42:28Z">
          <reporter-output>
            <line>
              <![CDATA[Test Method resides in maintest.Basic]]>
            </line>
            <line>
              <![CDATA[Test Status: Pass]]>
            </line>
          </reporter-output>
        </test-method> <!-- TC_SPINF_003 -->
        <test-method status="PASS" signature="teardown()[pri:0, instance:maintest.Basic@6d64ab]" name="teardown" is-config="true" duration-ms="0" started-at="2018-09-20T17:42:28Z" finished-at="2018-09-20T17:42:28Z">
          <reporter-output>
          </reporter-output>
        </test-method> <!-- teardown -->
        <test-method status="PASS" signature="tearDown(org.testng.ITestResult, java.lang.reflect.Method)[pri:0, instance:maintest.Basic@6d64ab]" name="tearDown" is-config="true" duration-ms="0" started-at="2018-09-20T17:42:28Z" finished-at="2018-09-20T17:42:28Z">
          <params>
            <param index="0">
              <value>
                <![CDATA[[TestResult name=TC_SPINF_003 status=SUCCESS method=Basic.TC_SPINF_003()[pri:0, instance:maintest.Basic@6d64ab] output=Test Method resides in maintest.Basic]]]>
              </value>
            </param>
            <param index="1">
              <value>
                <![CDATA[public void maintest.Basic.TC_SPINF_003() throws java.lang.Exception]]>
              </value>
            </param>
          </params>
          <reporter-output>
          </reporter-output>
        </test-method> <!-- tearDown -->
        <test-method status="PASS" signature="afterSuite()[pri:0, instance:maintest.Basic@6d64ab]" name="afterSuite" is-config="true" duration-ms="307" started-at="2018-09-20T17:42:28Z" finished-at="2018-09-20T17:42:28Z">
          <reporter-output>
          </reporter-output>
        </test-method> <!-- afterSuite -->
      </class> <!-- maintest.Basic -->
    </test> <!-- Default test -->
  </suite> <!-- Default suite -->
</testng-results>
