<?xml version="1.0" encoding="UTF-8"?>
<testng-results skipped="0" failed="0" total="60" passed="60">
  <reporter-output>
    <line>
      <![CDATA[About to begin executing Test insuff]]>
    </line>
    <line>
      <![CDATA[Test Method resides in maintest.SPcasereg]]>
    </line>
    <line>
      <![CDATA[Test Status: Pass]]>
    </line>
    <line>
      <![CDATA[Test Method resides in maintest.SPcasereg]]>
    </line>
    <line>
      <![CDATA[Test Status: Pass]]>
    </line>
    <line>
      <![CDATA[Test Method resides in maintest.SPcasereg]]>
    </line>
    <line>
      <![CDATA[Test Status: Pass]]>
    </line>
    <line>
      <![CDATA[Test Method resides in maintest.SPcasereg]]>
    </line>
    <line>
      <![CDATA[Test Status: Pass]]>
    </line>
    <line>
      <![CDATA[Test Method resides in maintest.SPcasereg]]>
    </line>
    <line>
      <![CDATA[Test Status: Pass]]>
    </line>
    <line>
      <![CDATA[Test Method resides in maintest.SPcasereg]]>
    </line>
    <line>
      <![CDATA[Test Status: Pass]]>
    </line>
    <line>
      <![CDATA[Test Method resides in maintest.SPcasereg]]>
    </line>
    <line>
      <![CDATA[Test Status: Pass]]>
    </line>
    <line>
      <![CDATA[Test Method resides in maintest.SPcasereg]]>
    </line>
    <line>
      <![CDATA[Test Status: Pass]]>
    </line>
    <line>
      <![CDATA[Test Method resides in maintest.SPcasereg]]>
    </line>
    <line>
      <![CDATA[Test Status: Pass]]>
    </line>
    <line>
      <![CDATA[Test Method resides in maintest.SPcasereg]]>
    </line>
    <line>
      <![CDATA[Test Status: Pass]]>
    </line>
    <line>
      <![CDATA[Test Method resides in maintest.SPcasereg]]>
    </line>
    <line>
      <![CDATA[Test Status: Pass]]>
    </line>
    <line>
      <![CDATA[Test Method resides in maintest.SPcasereg]]>
    </line>
    <line>
      <![CDATA[Test Status: Pass]]>
    </line>
    <line>
      <![CDATA[Test Method resides in maintest.SPcasereg]]>
    </line>
    <line>
      <![CDATA[Test Status: Pass]]>
    </line>
    <line>
      <![CDATA[Test Method resides in maintest.SPcasereg]]>
    </line>
    <line>
      <![CDATA[Test Status: Pass]]>
    </line>
    <line>
      <![CDATA[Test Method resides in maintest.SPcasereg]]>
    </line>
    <line>
      <![CDATA[Test Status: Pass]]>
    </line>
    <line>
      <![CDATA[Test Method resides in maintest.SPcasereg]]>
    </line>
    <line>
      <![CDATA[Test Status: Pass]]>
    </line>
    <line>
      <![CDATA[Test Method resides in maintest.SPcasereg]]>
    </line>
    <line>
      <![CDATA[Test Status: Pass]]>
    </line>
    <line>
      <![CDATA[Test Method resides in maintest.SPcasereg]]>
    </line>
    <line>
      <![CDATA[Test Status: Pass]]>
    </line>
    <line>
      <![CDATA[Test Method resides in maintest.SPcasereg]]>
    </line>
    <line>
      <![CDATA[Test Status: Pass]]>
    </line>
    <line>
      <![CDATA[Test Method resides in maintest.SPcasereg]]>
    </line>
    <line>
      <![CDATA[Test Status: Pass]]>
    </line>
    <line>
      <![CDATA[Test Method resides in maintest.SPcasereg]]>
    </line>
    <line>
      <![CDATA[Test Status: Pass]]>
    </line>
    <line>
      <![CDATA[Test Method resides in maintest.SPcasereg]]>
    </line>
    <line>
      <![CDATA[Test Status: Pass]]>
    </line>
    <line>
      <![CDATA[Test Method resides in maintest.SPcasereg]]>
    </line>
    <line>
      <![CDATA[Test Status: Pass]]>
    </line>
    <line>
      <![CDATA[Test Method resides in maintest.SPcasereg]]>
    </line>
    <line>
      <![CDATA[Test Status: Pass]]>
    </line>
    <line>
      <![CDATA[Test Method resides in maintest.SPcasereg]]>
    </line>
    <line>
      <![CDATA[Test Status: Pass]]>
    </line>
    <line>
      <![CDATA[Test Method resides in maintest.SPcasereg]]>
    </line>
    <line>
      <![CDATA[Test Status: Pass]]>
    </line>
    <line>
      <![CDATA[Test Method resides in maintest.SPcasereg]]>
    </line>
    <line>
      <![CDATA[Test Status: Pass]]>
    </line>
    <line>
      <![CDATA[Test Method resides in maintest.SPcasereg]]>
    </line>
    <line>
      <![CDATA[Test Status: Pass]]>
    </line>
    <line>
      <![CDATA[Test Method resides in maintest.SPcasereg]]>
    </line>
    <line>
      <![CDATA[Test Status: Pass]]>
    </line>
    <line>
      <![CDATA[Test Method resides in maintest.SPcasereg]]>
    </line>
    <line>
      <![CDATA[Test Status: Pass]]>
    </line>
    <line>
      <![CDATA[Test Method resides in maintest.SPcasereg]]>
    </line>
    <line>
      <![CDATA[Test Status: Pass]]>
    </line>
    <line>
      <![CDATA[Test Method resides in maintest.SPcasereg]]>
    </line>
    <line>
      <![CDATA[Test Status: Pass]]>
    </line>
    <line>
      <![CDATA[Test Method resides in maintest.SPcasereg]]>
    </line>
    <line>
      <![CDATA[Test Status: Pass]]>
    </line>
    <line>
      <![CDATA[Test Method resides in maintest.SPcasereg]]>
    </line>
    <line>
      <![CDATA[Test Status: Pass]]>
    </line>
    <line>
      <![CDATA[Test Method resides in maintest.SPcasereg]]>
    </line>
    <line>
      <![CDATA[Test Status: Pass]]>
    </line>
    <line>
      <![CDATA[Test Method resides in maintest.SPcasereg]]>
    </line>
    <line>
      <![CDATA[Test Status: Pass]]>
    </line>
    <line>
      <![CDATA[Test Method resides in maintest.SPcasereg]]>
    </line>
    <line>
      <![CDATA[Test Status: Pass]]>
    </line>
    <line>
      <![CDATA[Test Method resides in maintest.SPcasereg]]>
    </line>
    <line>
      <![CDATA[Test Status: Pass]]>
    </line>
    <line>
      <![CDATA[Test Method resides in maintest.SPcasereg]]>
    </line>
    <line>
      <![CDATA[Test Status: Pass]]>
    </line>
    <line>
      <![CDATA[Test Method resides in maintest.SPcasereg]]>
    </line>
    <line>
      <![CDATA[Test Status: Pass]]>
    </line>
    <line>
      <![CDATA[Test Method resides in maintest.SPcasereg]]>
    </line>
    <line>
      <![CDATA[Test Status: Pass]]>
    </line>
    <line>
      <![CDATA[Test Method resides in maintest.SPcasereg]]>
    </line>
    <line>
      <![CDATA[Test Status: Pass]]>
    </line>
    <line>
      <![CDATA[Test Method resides in maintest.SPcasereg]]>
    </line>
    <line>
      <![CDATA[Test Status: Pass]]>
    </line>
    <line>
      <![CDATA[Test Method resides in maintest.SPcasereg]]>
    </line>
    <line>
      <![CDATA[Test Status: Pass]]>
    </line>
    <line>
      <![CDATA[Test Method resides in maintest.SPcasereg]]>
    </line>
    <line>
      <![CDATA[Test Status: Pass]]>
    </line>
    <line>
      <![CDATA[Test Method resides in maintest.SPcasereg]]>
    </line>
    <line>
      <![CDATA[Test Status: Pass]]>
    </line>
    <line>
      <![CDATA[Test Method resides in maintest.SPcasereg]]>
    </line>
    <line>
      <![CDATA[Test Status: Pass]]>
    </line>
    <line>
      <![CDATA[Test Method resides in maintest.SPcasereg]]>
    </line>
    <line>
      <![CDATA[Test Status: Pass]]>
    </line>
    <line>
      <![CDATA[Test Method resides in maintest.SPcasereg]]>
    </line>
    <line>
      <![CDATA[Test Status: Pass]]>
    </line>
    <line>
      <![CDATA[Test Method resides in maintest.SPcasereg]]>
    </line>
    <line>
      <![CDATA[Test Status: Pass]]>
    </line>
    <line>
      <![CDATA[Test Method resides in maintest.SPcasereg]]>
    </line>
    <line>
      <![CDATA[Test Status: Pass]]>
    </line>
    <line>
      <![CDATA[Test Method resides in maintest.SPcasereg]]>
    </line>
    <line>
      <![CDATA[Test Status: Pass]]>
    </line>
    <line>
      <![CDATA[Test Method resides in maintest.SPcasereg]]>
    </line>
    <line>
      <![CDATA[Test Status: Pass]]>
    </line>
    <line>
      <![CDATA[Test Method resides in maintest.SPcasereg]]>
    </line>
    <line>
      <![CDATA[Test Status: Pass]]>
    </line>
    <line>
      <![CDATA[Test Method resides in maintest.SPcasereg]]>
    </line>
    <line>
      <![CDATA[Test Status: Pass]]>
    </line>
    <line>
      <![CDATA[Test Method resides in maintest.SPcasereg]]>
    </line>
    <line>
      <![CDATA[Test Status: Pass]]>
    </line>
    <line>
      <![CDATA[Test Method resides in maintest.SPcasereg]]>
    </line>
    <line>
      <![CDATA[Test Status: Pass]]>
    </line>
    <line>
      <![CDATA[Test Method resides in maintest.SPcasereg]]>
    </line>
    <line>
      <![CDATA[Test Status: Pass]]>
    </line>
    <line>
      <![CDATA[Test Method resides in maintest.SPcasereg]]>
    </line>
    <line>
      <![CDATA[Test Status: Pass]]>
    </line>
    <line>
      <![CDATA[Test Method resides in maintest.SPcasereg]]>
    </line>
    <line>
      <![CDATA[Test Status: Pass]]>
    </line>
    <line>
      <![CDATA[Completed executing test insuff]]>
    </line>
  </reporter-output>
  <suite name="regression testing" duration-ms="2041043" started-at="2018-10-16T08:14:20Z" finished-at="2018-10-16T08:48:21Z">
    <groups>
      <group name="spcase registration">
        <method signature="SPcasereg.Login()[pri:0, instance:maintest.SPcasereg@653222]" name="Login" class="maintest.SPcasereg"/>
        <method signature="SPcasereg.TC_SCPR_004()[pri:0, instance:maintest.SPcasereg@653222]" name="TC_SCPR_004" class="maintest.SPcasereg"/>
        <method signature="SPcasereg.TC_SPCR_001()[pri:0, instance:maintest.SPcasereg@653222]" name="TC_SPCR_001" class="maintest.SPcasereg"/>
        <method signature="SPcasereg.TC_SPCR_002()[pri:0, instance:maintest.SPcasereg@653222]" name="TC_SPCR_002" class="maintest.SPcasereg"/>
        <method signature="SPcasereg.TC_SPCR_003()[pri:0, instance:maintest.SPcasereg@653222]" name="TC_SPCR_003" class="maintest.SPcasereg"/>
        <method signature="SPcasereg.TC_SPCR_005()[pri:0, instance:maintest.SPcasereg@653222]" name="TC_SPCR_005" class="maintest.SPcasereg"/>
        <method signature="SPcasereg.TC_SPCR_006()[pri:0, instance:maintest.SPcasereg@653222]" name="TC_SPCR_006" class="maintest.SPcasereg"/>
        <method signature="SPcasereg.TC_SPCR_007()[pri:0, instance:maintest.SPcasereg@653222]" name="TC_SPCR_007" class="maintest.SPcasereg"/>
        <method signature="SPcasereg.TC_SPCR_008()[pri:0, instance:maintest.SPcasereg@653222]" name="TC_SPCR_008" class="maintest.SPcasereg"/>
        <method signature="SPcasereg.TC_SPCR_009()[pri:0, instance:maintest.SPcasereg@653222]" name="TC_SPCR_009" class="maintest.SPcasereg"/>
        <method signature="SPcasereg.TC_SPCR_010()[pri:0, instance:maintest.SPcasereg@653222]" name="TC_SPCR_010" class="maintest.SPcasereg"/>
        <method signature="SPcasereg.TC_SPCR_011()[pri:0, instance:maintest.SPcasereg@653222]" name="TC_SPCR_011" class="maintest.SPcasereg"/>
        <method signature="SPcasereg.TC_SPCR_022()[pri:0, instance:maintest.SPcasereg@653222]" name="TC_SPCR_022" class="maintest.SPcasereg"/>
        <method signature="SPcasereg.TC_SPCR_023()[pri:0, instance:maintest.SPcasereg@653222]" name="TC_SPCR_023" class="maintest.SPcasereg"/>
        <method signature="SPcasereg.TC_SPCR_024()[pri:0, instance:maintest.SPcasereg@653222]" name="TC_SPCR_024" class="maintest.SPcasereg"/>
        <method signature="SPcasereg.TC_SPCR_025()[pri:0, instance:maintest.SPcasereg@653222]" name="TC_SPCR_025" class="maintest.SPcasereg"/>
        <method signature="SPcasereg.TC_SPCR_026()[pri:0, instance:maintest.SPcasereg@653222]" name="TC_SPCR_026" class="maintest.SPcasereg"/>
        <method signature="SPcasereg.TC_SPCR_027()[pri:0, instance:maintest.SPcasereg@653222]" name="TC_SPCR_027" class="maintest.SPcasereg"/>
      </group> <!-- spcase registration -->
      <group name="not applicable">
        <method signature="SPcasereg.TC_SPNAPP_001()[pri:0, instance:maintest.SPcasereg@653222]" name="TC_SPNAPP_001" class="maintest.SPcasereg"/>
        <method signature="SPcasereg.TC_SPCEP_001()[pri:0, instance:maintest.SPcasereg@653222]" name="TC_SPCEP_001" class="maintest.SPcasereg"/>
      </group> <!-- not applicable -->
      <group name="insuff">
        <method signature="SPcasereg.Login()[pri:0, instance:maintest.SPcasereg@653222]" name="Login" class="maintest.SPcasereg"/>
        <method signature="SPcasereg.TC_SPINF_001()[pri:0, instance:maintest.SPcasereg@653222]" name="TC_SPINF_001" class="maintest.SPcasereg"/>
        <method signature="SPcasereg.TC_SPINF_002()[pri:0, instance:maintest.SPcasereg@653222]" name="TC_SPINF_002" class="maintest.SPcasereg"/>
        <method signature="SPcasereg.TC_SPINF_003()[pri:0, instance:maintest.SPcasereg@653222]" name="TC_SPINF_003" class="maintest.SPcasereg"/>
        <method signature="SPcasereg.TC_SPINF_004()[pri:0, instance:maintest.SPcasereg@653222]" name="TC_SPINF_004" class="maintest.SPcasereg"/>
        <method signature="SPcasereg.TC_SPINF_005()[pri:0, instance:maintest.SPcasereg@653222]" name="TC_SPINF_005" class="maintest.SPcasereg"/>
        <method signature="SPcasereg.TC_SPINF_006()[pri:0, instance:maintest.SPcasereg@653222]" name="TC_SPINF_006" class="maintest.SPcasereg"/>
        <method signature="SPcasereg.TC_SPINF_007()[pri:0, instance:maintest.SPcasereg@653222]" name="TC_SPINF_007" class="maintest.SPcasereg"/>
        <method signature="SPcasereg.TC_SPINF_008()[pri:0, instance:maintest.SPcasereg@653222]" name="TC_SPINF_008" class="maintest.SPcasereg"/>
        <method signature="SPcasereg.TC_SPINF_009()[pri:0, instance:maintest.SPcasereg@653222]" name="TC_SPINF_009" class="maintest.SPcasereg"/>
        <method signature="SPcasereg.TC_SPINF_010()[pri:0, instance:maintest.SPcasereg@653222]" name="TC_SPINF_010" class="maintest.SPcasereg"/>
        <method signature="SPcasereg.TC_SPINF_011()[pri:0, instance:maintest.SPcasereg@653222]" name="TC_SPINF_011" class="maintest.SPcasereg"/>
        <method signature="SPcasereg.TC_SPINF_014()[pri:0, instance:maintest.SPcasereg@653222]" name="TC_SPINF_014" class="maintest.SPcasereg"/>
        <method signature="SPcasereg.TC_SPINF_017()[pri:0, instance:maintest.SPcasereg@653222]" name="TC_SPINF_017" class="maintest.SPcasereg"/>
        <method signature="SPcasereg.TC_SPINF_020()[pri:0, instance:maintest.SPcasereg@653222]" name="TC_SPINF_020" class="maintest.SPcasereg"/>
        <method signature="SPcasereg.TC_SPINF_023()[pri:0, instance:maintest.SPcasereg@653222]" name="TC_SPINF_023" class="maintest.SPcasereg"/>
        <method signature="SPcasereg.TC_SPINF_026()[pri:0, instance:maintest.SPcasereg@653222]" name="TC_SPINF_026" class="maintest.SPcasereg"/>
        <method signature="SPcasereg.TC_SPINF_029()[pri:0, instance:maintest.SPcasereg@653222]" name="TC_SPINF_029" class="maintest.SPcasereg"/>
        <method signature="SPcasereg.TC_SPINF_032()[pri:0, instance:maintest.SPcasereg@653222]" name="TC_SPINF_032" class="maintest.SPcasereg"/>
        <method signature="SPcasereg.TC_SPINF_035()[pri:0, instance:maintest.SPcasereg@653222]" name="TC_SPINF_035" class="maintest.SPcasereg"/>
        <method signature="SPcasereg.TC_SPINF_038()[pri:0, instance:maintest.SPcasereg@653222]" name="TC_SPINF_038" class="maintest.SPcasereg"/>
        <method signature="SPcasereg.TC_SPINF_012()[pri:0, instance:maintest.SPcasereg@653222]" name="TC_SPINF_012" class="maintest.SPcasereg"/>
        <method signature="SPcasereg.TC_SPINF_015()[pri:0, instance:maintest.SPcasereg@653222]" name="TC_SPINF_015" class="maintest.SPcasereg"/>
        <method signature="SPcasereg.TC_SPINF_018()[pri:0, instance:maintest.SPcasereg@653222]" name="TC_SPINF_018" class="maintest.SPcasereg"/>
        <method signature="SPcasereg.TC_SPINF_021()[pri:0, instance:maintest.SPcasereg@653222]" name="TC_SPINF_021" class="maintest.SPcasereg"/>
        <method signature="SPcasereg.TC_SPINF_024()[pri:0, instance:maintest.SPcasereg@653222]" name="TC_SPINF_024" class="maintest.SPcasereg"/>
        <method signature="SPcasereg.TC_SPINF_027()[pri:0, instance:maintest.SPcasereg@653222]" name="TC_SPINF_027" class="maintest.SPcasereg"/>
        <method signature="SPcasereg.TC_SPINF_030()[pri:0, instance:maintest.SPcasereg@653222]" name="TC_SPINF_030" class="maintest.SPcasereg"/>
        <method signature="SPcasereg.TC_SPINF_033()[pri:0, instance:maintest.SPcasereg@653222]" name="TC_SPINF_033" class="maintest.SPcasereg"/>
        <method signature="SPcasereg.TC_SPINF_039()[pri:0, instance:maintest.SPcasereg@653222]" name="TC_SPINF_039" class="maintest.SPcasereg"/>
      </group> <!-- insuff -->
      <group name="smoketest">
        <method signature="SPcasereg.Login()[pri:0, instance:maintest.SPcasereg@653222]" name="Login" class="maintest.SPcasereg"/>
        <method signature="SPcasereg.TC_SPCR_001()[pri:0, instance:maintest.SPcasereg@653222]" name="TC_SPCR_001" class="maintest.SPcasereg"/>
        <method signature="SPcasereg.TC_SPCR_010()[pri:0, instance:maintest.SPcasereg@653222]" name="TC_SPCR_010" class="maintest.SPcasereg"/>
        <method signature="SPcasereg.TC_SPCR_022()[pri:0, instance:maintest.SPcasereg@653222]" name="TC_SPCR_022" class="maintest.SPcasereg"/>
        <method signature="SPcasereg.TC_SPCR_023()[pri:0, instance:maintest.SPcasereg@653222]" name="TC_SPCR_023" class="maintest.SPcasereg"/>
        <method signature="SPcasereg.TC_SPCR_024()[pri:0, instance:maintest.SPcasereg@653222]" name="TC_SPCR_024" class="maintest.SPcasereg"/>
        <method signature="SPcasereg.TC_SPCR_025()[pri:0, instance:maintest.SPcasereg@653222]" name="TC_SPCR_025" class="maintest.SPcasereg"/>
        <method signature="SPcasereg.TC_SPCR_026()[pri:0, instance:maintest.SPcasereg@653222]" name="TC_SPCR_026" class="maintest.SPcasereg"/>
        <method signature="SPcasereg.TC_SPCR_027()[pri:0, instance:maintest.SPcasereg@653222]" name="TC_SPCR_027" class="maintest.SPcasereg"/>
      </group> <!-- smoketest -->
    </groups>
    <test name="insuff" duration-ms="2041043" started-at="2018-10-16T08:14:20Z" finished-at="2018-10-16T08:48:21Z">
      <class name="maintest.SPcasereg">
        <test-method status="PASS" signature="beforeSuit()[pri:0, instance:maintest.SPcasereg@653222]" name="beforeSuit" is-config="true" duration-ms="132" started-at="2018-10-16T13:44:20Z" finished-at="2018-10-16T13:44:20Z">
          <reporter-output>
          </reporter-output>
        </test-method> <!-- beforeSuit -->
        <test-method status="PASS" signature="beforetest()[pri:0, instance:maintest.SPcasereg@653222]" name="beforetest" is-config="true" duration-ms="4412" started-at="2018-10-16T13:44:20Z" finished-at="2018-10-16T13:44:25Z">
          <reporter-output>
          </reporter-output>
        </test-method> <!-- beforetest -->
        <test-method status="PASS" signature="setup(java.lang.reflect.Method)[pri:0, instance:maintest.SPcasereg@653222]" name="setup" is-config="true" duration-ms="14" started-at="2018-10-16T13:44:25Z" finished-at="2018-10-16T13:44:25Z">
          <params>
            <param index="0">
              <value>
                <![CDATA[public void maintest.SPcasereg.Login() throws java.lang.Exception]]>
              </value>
            </param>
          </params>
          <reporter-output>
          </reporter-output>
        </test-method> <!-- setup -->
        <test-method status="PASS" signature="Login()[pri:0, instance:maintest.SPcasereg@653222]" name="Login" duration-ms="9178" started-at="2018-10-16T13:44:25Z" finished-at="2018-10-16T13:44:34Z">
          <reporter-output>
            <line>
              <![CDATA[Test Method resides in maintest.SPcasereg]]>
            </line>
            <line>
              <![CDATA[Test Status: Pass]]>
            </line>
          </reporter-output>
        </test-method> <!-- Login -->
        <test-method status="PASS" signature="tearDown(org.testng.ITestResult, java.lang.reflect.Method)[pri:0, instance:maintest.SPcasereg@653222]" name="tearDown" is-config="true" duration-ms="0" started-at="2018-10-16T13:44:34Z" finished-at="2018-10-16T13:44:34Z">
          <params>
            <param index="0">
              <value>
                <![CDATA[[TestResult name=Login status=SUCCESS method=SPcasereg.Login()[pri:0, instance:maintest.SPcasereg@653222] output=Test Method resides in maintest.SPcasereg]]]>
              </value>
            </param>
            <param index="1">
              <value>
                <![CDATA[public void maintest.SPcasereg.Login() throws java.lang.Exception]]>
              </value>
            </param>
          </params>
          <reporter-output>
          </reporter-output>
        </test-method> <!-- tearDown -->
        <test-method status="PASS" signature="TC_SPCR_001()[pri:0, instance:maintest.SPcasereg@653222]" name="TC_SPCR_001" duration-ms="4765" started-at="2018-10-16T13:44:34Z" finished-at="2018-10-16T13:44:39Z">
          <reporter-output>
            <line>
              <![CDATA[Test Method resides in maintest.SPcasereg]]>
            </line>
            <line>
              <![CDATA[Test Status: Pass]]>
            </line>
          </reporter-output>
        </test-method> <!-- TC_SPCR_001 -->
        <test-method status="PASS" signature="setup(java.lang.reflect.Method)[pri:0, instance:maintest.SPcasereg@653222]" name="setup" is-config="true" duration-ms="0" started-at="2018-10-16T13:44:34Z" finished-at="2018-10-16T13:44:34Z">
          <params>
            <param index="0">
              <value>
                <![CDATA[public void maintest.SPcasereg.TC_SPCR_001() throws java.lang.Exception]]>
              </value>
            </param>
          </params>
          <reporter-output>
          </reporter-output>
        </test-method> <!-- setup -->
        <test-method status="PASS" signature="tearDown(org.testng.ITestResult, java.lang.reflect.Method)[pri:0, instance:maintest.SPcasereg@653222]" name="tearDown" is-config="true" duration-ms="1" started-at="2018-10-16T13:44:39Z" finished-at="2018-10-16T13:44:39Z">
          <params>
            <param index="0">
              <value>
                <![CDATA[[TestResult name=TC_SPCR_001 status=SUCCESS method=SPcasereg.TC_SPCR_001()[pri:0, instance:maintest.SPcasereg@653222] output=Test Method resides in maintest.SPcasereg]]]>
              </value>
            </param>
            <param index="1">
              <value>
                <![CDATA[public void maintest.SPcasereg.TC_SPCR_001() throws java.lang.Exception]]>
              </value>
            </param>
          </params>
          <reporter-output>
          </reporter-output>
        </test-method> <!-- tearDown -->
        <test-method status="PASS" signature="setup(java.lang.reflect.Method)[pri:0, instance:maintest.SPcasereg@653222]" name="setup" is-config="true" duration-ms="0" started-at="2018-10-16T13:44:39Z" finished-at="2018-10-16T13:44:39Z">
          <params>
            <param index="0">
              <value>
                <![CDATA[public void maintest.SPcasereg.TC_SPCR_002()]]>
              </value>
            </param>
          </params>
          <reporter-output>
          </reporter-output>
        </test-method> <!-- setup -->
        <test-method status="PASS" signature="TC_SPCR_002()[pri:0, instance:maintest.SPcasereg@653222]" name="TC_SPCR_002" duration-ms="3216" started-at="2018-10-16T13:44:39Z" finished-at="2018-10-16T13:44:42Z">
          <reporter-output>
            <line>
              <![CDATA[Test Method resides in maintest.SPcasereg]]>
            </line>
            <line>
              <![CDATA[Test Status: Pass]]>
            </line>
          </reporter-output>
        </test-method> <!-- TC_SPCR_002 -->
        <test-method status="PASS" signature="tearDown(org.testng.ITestResult, java.lang.reflect.Method)[pri:0, instance:maintest.SPcasereg@653222]" name="tearDown" is-config="true" duration-ms="1" started-at="2018-10-16T13:44:42Z" finished-at="2018-10-16T13:44:42Z">
          <params>
            <param index="0">
              <value>
                <![CDATA[[TestResult name=TC_SPCR_002 status=SUCCESS method=SPcasereg.TC_SPCR_002()[pri:0, instance:maintest.SPcasereg@653222] output=Test Method resides in maintest.SPcasereg]]]>
              </value>
            </param>
            <param index="1">
              <value>
                <![CDATA[public void maintest.SPcasereg.TC_SPCR_002()]]>
              </value>
            </param>
          </params>
          <reporter-output>
          </reporter-output>
        </test-method> <!-- tearDown -->
        <test-method status="PASS" signature="setup(java.lang.reflect.Method)[pri:0, instance:maintest.SPcasereg@653222]" name="setup" is-config="true" duration-ms="0" started-at="2018-10-16T13:44:42Z" finished-at="2018-10-16T13:44:42Z">
          <params>
            <param index="0">
              <value>
                <![CDATA[public void maintest.SPcasereg.TC_SPCR_003()]]>
              </value>
            </param>
          </params>
          <reporter-output>
          </reporter-output>
        </test-method> <!-- setup -->
        <test-method status="PASS" signature="TC_SPCR_003()[pri:0, instance:maintest.SPcasereg@653222]" name="TC_SPCR_003" duration-ms="43" started-at="2018-10-16T13:44:42Z" finished-at="2018-10-16T13:44:42Z">
          <reporter-output>
            <line>
              <![CDATA[Test Method resides in maintest.SPcasereg]]>
            </line>
            <line>
              <![CDATA[Test Status: Pass]]>
            </line>
          </reporter-output>
        </test-method> <!-- TC_SPCR_003 -->
        <test-method status="PASS" signature="tearDown(org.testng.ITestResult, java.lang.reflect.Method)[pri:0, instance:maintest.SPcasereg@653222]" name="tearDown" is-config="true" duration-ms="0" started-at="2018-10-16T13:44:42Z" finished-at="2018-10-16T13:44:42Z">
          <params>
            <param index="0">
              <value>
                <![CDATA[[TestResult name=TC_SPCR_003 status=SUCCESS method=SPcasereg.TC_SPCR_003()[pri:0, instance:maintest.SPcasereg@653222] output=Test Method resides in maintest.SPcasereg]]]>
              </value>
            </param>
            <param index="1">
              <value>
                <![CDATA[public void maintest.SPcasereg.TC_SPCR_003()]]>
              </value>
            </param>
          </params>
          <reporter-output>
          </reporter-output>
        </test-method> <!-- tearDown -->
        <test-method status="PASS" signature="setup(java.lang.reflect.Method)[pri:0, instance:maintest.SPcasereg@653222]" name="setup" is-config="true" duration-ms="0" started-at="2018-10-16T13:44:42Z" finished-at="2018-10-16T13:44:42Z">
          <params>
            <param index="0">
              <value>
                <![CDATA[public void maintest.SPcasereg.TC_SCPR_004()]]>
              </value>
            </param>
          </params>
          <reporter-output>
          </reporter-output>
        </test-method> <!-- setup -->
        <test-method status="PASS" signature="TC_SCPR_004()[pri:0, instance:maintest.SPcasereg@653222]" name="TC_SCPR_004" duration-ms="47" started-at="2018-10-16T13:44:42Z" finished-at="2018-10-16T13:44:42Z">
          <reporter-output>
            <line>
              <![CDATA[Test Method resides in maintest.SPcasereg]]>
            </line>
            <line>
              <![CDATA[Test Status: Pass]]>
            </line>
          </reporter-output>
        </test-method> <!-- TC_SCPR_004 -->
        <test-method status="PASS" signature="setup(java.lang.reflect.Method)[pri:0, instance:maintest.SPcasereg@653222]" name="setup" is-config="true" duration-ms="1" started-at="2018-10-16T13:44:42Z" finished-at="2018-10-16T13:44:42Z">
          <params>
            <param index="0">
              <value>
                <![CDATA[public void maintest.SPcasereg.TC_SPCR_005()]]>
              </value>
            </param>
          </params>
          <reporter-output>
          </reporter-output>
        </test-method> <!-- setup -->
        <test-method status="PASS" signature="tearDown(org.testng.ITestResult, java.lang.reflect.Method)[pri:0, instance:maintest.SPcasereg@653222]" name="tearDown" is-config="true" duration-ms="0" started-at="2018-10-16T13:44:42Z" finished-at="2018-10-16T13:44:42Z">
          <params>
            <param index="0">
              <value>
                <![CDATA[[TestResult name=TC_SCPR_004 status=SUCCESS method=SPcasereg.TC_SCPR_004()[pri:0, instance:maintest.SPcasereg@653222] output=Test Method resides in maintest.SPcasereg]]]>
              </value>
            </param>
            <param index="1">
              <value>
                <![CDATA[public void maintest.SPcasereg.TC_SCPR_004()]]>
              </value>
            </param>
          </params>
          <reporter-output>
          </reporter-output>
        </test-method> <!-- tearDown -->
        <test-method status="PASS" signature="TC_SPCR_005()[pri:0, instance:maintest.SPcasereg@653222]" name="TC_SPCR_005" duration-ms="37" started-at="2018-10-16T13:44:42Z" finished-at="2018-10-16T13:44:42Z">
          <reporter-output>
            <line>
              <![CDATA[Test Method resides in maintest.SPcasereg]]>
            </line>
            <line>
              <![CDATA[Test Status: Pass]]>
            </line>
          </reporter-output>
        </test-method> <!-- TC_SPCR_005 -->
        <test-method status="PASS" signature="setup(java.lang.reflect.Method)[pri:0, instance:maintest.SPcasereg@653222]" name="setup" is-config="true" duration-ms="1" started-at="2018-10-16T13:44:42Z" finished-at="2018-10-16T13:44:42Z">
          <params>
            <param index="0">
              <value>
                <![CDATA[public void maintest.SPcasereg.TC_SPCR_006()]]>
              </value>
            </param>
          </params>
          <reporter-output>
          </reporter-output>
        </test-method> <!-- setup -->
        <test-method status="PASS" signature="tearDown(org.testng.ITestResult, java.lang.reflect.Method)[pri:0, instance:maintest.SPcasereg@653222]" name="tearDown" is-config="true" duration-ms="0" started-at="2018-10-16T13:44:42Z" finished-at="2018-10-16T13:44:42Z">
          <params>
            <param index="0">
              <value>
                <![CDATA[[TestResult name=TC_SPCR_005 status=SUCCESS method=SPcasereg.TC_SPCR_005()[pri:0, instance:maintest.SPcasereg@653222] output=Test Method resides in maintest.SPcasereg]]]>
              </value>
            </param>
            <param index="1">
              <value>
                <![CDATA[public void maintest.SPcasereg.TC_SPCR_005()]]>
              </value>
            </param>
          </params>
          <reporter-output>
          </reporter-output>
        </test-method> <!-- tearDown -->
        <test-method status="PASS" signature="TC_SPCR_006()[pri:0, instance:maintest.SPcasereg@653222]" name="TC_SPCR_006" duration-ms="36" started-at="2018-10-16T13:44:42Z" finished-at="2018-10-16T13:44:42Z">
          <reporter-output>
            <line>
              <![CDATA[Test Method resides in maintest.SPcasereg]]>
            </line>
            <line>
              <![CDATA[Test Status: Pass]]>
            </line>
          </reporter-output>
        </test-method> <!-- TC_SPCR_006 -->
        <test-method status="PASS" signature="tearDown(org.testng.ITestResult, java.lang.reflect.Method)[pri:0, instance:maintest.SPcasereg@653222]" name="tearDown" is-config="true" duration-ms="1" started-at="2018-10-16T13:44:42Z" finished-at="2018-10-16T13:44:42Z">
          <params>
            <param index="0">
              <value>
                <![CDATA[[TestResult name=TC_SPCR_006 status=SUCCESS method=SPcasereg.TC_SPCR_006()[pri:0, instance:maintest.SPcasereg@653222] output=Test Method resides in maintest.SPcasereg]]]>
              </value>
            </param>
            <param index="1">
              <value>
                <![CDATA[public void maintest.SPcasereg.TC_SPCR_006()]]>
              </value>
            </param>
          </params>
          <reporter-output>
          </reporter-output>
        </test-method> <!-- tearDown -->
        <test-method status="PASS" signature="TC_SPCR_007()[pri:0, instance:maintest.SPcasereg@653222]" name="TC_SPCR_007" duration-ms="37" started-at="2018-10-16T13:44:42Z" finished-at="2018-10-16T13:44:42Z">
          <reporter-output>
            <line>
              <![CDATA[Test Method resides in maintest.SPcasereg]]>
            </line>
            <line>
              <![CDATA[Test Status: Pass]]>
            </line>
          </reporter-output>
        </test-method> <!-- TC_SPCR_007 -->
        <test-method status="PASS" signature="setup(java.lang.reflect.Method)[pri:0, instance:maintest.SPcasereg@653222]" name="setup" is-config="true" duration-ms="0" started-at="2018-10-16T13:44:42Z" finished-at="2018-10-16T13:44:42Z">
          <params>
            <param index="0">
              <value>
                <![CDATA[public void maintest.SPcasereg.TC_SPCR_007()]]>
              </value>
            </param>
          </params>
          <reporter-output>
          </reporter-output>
        </test-method> <!-- setup -->
        <test-method status="PASS" signature="tearDown(org.testng.ITestResult, java.lang.reflect.Method)[pri:0, instance:maintest.SPcasereg@653222]" name="tearDown" is-config="true" duration-ms="1" started-at="2018-10-16T13:44:42Z" finished-at="2018-10-16T13:44:42Z">
          <params>
            <param index="0">
              <value>
                <![CDATA[[TestResult name=TC_SPCR_007 status=SUCCESS method=SPcasereg.TC_SPCR_007()[pri:0, instance:maintest.SPcasereg@653222] output=Test Method resides in maintest.SPcasereg]]]>
              </value>
            </param>
            <param index="1">
              <value>
                <![CDATA[public void maintest.SPcasereg.TC_SPCR_007()]]>
              </value>
            </param>
          </params>
          <reporter-output>
          </reporter-output>
        </test-method> <!-- tearDown -->
        <test-method status="PASS" signature="setup(java.lang.reflect.Method)[pri:0, instance:maintest.SPcasereg@653222]" name="setup" is-config="true" duration-ms="0" started-at="2018-10-16T13:44:42Z" finished-at="2018-10-16T13:44:42Z">
          <params>
            <param index="0">
              <value>
                <![CDATA[public void maintest.SPcasereg.TC_SPCR_008()]]>
              </value>
            </param>
          </params>
          <reporter-output>
          </reporter-output>
        </test-method> <!-- setup -->
        <test-method status="PASS" signature="TC_SPCR_008()[pri:0, instance:maintest.SPcasereg@653222]" name="TC_SPCR_008" duration-ms="36" started-at="2018-10-16T13:44:42Z" finished-at="2018-10-16T13:44:42Z">
          <reporter-output>
            <line>
              <![CDATA[Test Method resides in maintest.SPcasereg]]>
            </line>
            <line>
              <![CDATA[Test Status: Pass]]>
            </line>
          </reporter-output>
        </test-method> <!-- TC_SPCR_008 -->
        <test-method status="PASS" signature="tearDown(org.testng.ITestResult, java.lang.reflect.Method)[pri:0, instance:maintest.SPcasereg@653222]" name="tearDown" is-config="true" duration-ms="1" started-at="2018-10-16T13:44:42Z" finished-at="2018-10-16T13:44:42Z">
          <params>
            <param index="0">
              <value>
                <![CDATA[[TestResult name=TC_SPCR_008 status=SUCCESS method=SPcasereg.TC_SPCR_008()[pri:0, instance:maintest.SPcasereg@653222] output=Test Method resides in maintest.SPcasereg]]]>
              </value>
            </param>
            <param index="1">
              <value>
                <![CDATA[public void maintest.SPcasereg.TC_SPCR_008()]]>
              </value>
            </param>
          </params>
          <reporter-output>
          </reporter-output>
        </test-method> <!-- tearDown -->
        <test-method status="PASS" signature="TC_SPCR_009()[pri:0, instance:maintest.SPcasereg@653222]" name="TC_SPCR_009" duration-ms="37" started-at="2018-10-16T13:44:42Z" finished-at="2018-10-16T13:44:42Z">
          <reporter-output>
            <line>
              <![CDATA[Test Method resides in maintest.SPcasereg]]>
            </line>
            <line>
              <![CDATA[Test Status: Pass]]>
            </line>
          </reporter-output>
        </test-method> <!-- TC_SPCR_009 -->
        <test-method status="PASS" signature="setup(java.lang.reflect.Method)[pri:0, instance:maintest.SPcasereg@653222]" name="setup" is-config="true" duration-ms="0" started-at="2018-10-16T13:44:42Z" finished-at="2018-10-16T13:44:42Z">
          <params>
            <param index="0">
              <value>
                <![CDATA[public void maintest.SPcasereg.TC_SPCR_009()]]>
              </value>
            </param>
          </params>
          <reporter-output>
          </reporter-output>
        </test-method> <!-- setup -->
        <test-method status="PASS" signature="tearDown(org.testng.ITestResult, java.lang.reflect.Method)[pri:0, instance:maintest.SPcasereg@653222]" name="tearDown" is-config="true" duration-ms="0" started-at="2018-10-16T13:44:42Z" finished-at="2018-10-16T13:44:42Z">
          <params>
            <param index="0">
              <value>
                <![CDATA[[TestResult name=TC_SPCR_009 status=SUCCESS method=SPcasereg.TC_SPCR_009()[pri:0, instance:maintest.SPcasereg@653222] output=Test Method resides in maintest.SPcasereg]]]>
              </value>
            </param>
            <param index="1">
              <value>
                <![CDATA[public void maintest.SPcasereg.TC_SPCR_009()]]>
              </value>
            </param>
          </params>
          <reporter-output>
          </reporter-output>
        </test-method> <!-- tearDown -->
        <test-method status="PASS" signature="TC_SPCR_010()[pri:0, instance:maintest.SPcasereg@653222]" name="TC_SPCR_010" duration-ms="88420" started-at="2018-10-16T13:44:42Z" finished-at="2018-10-16T13:46:11Z">
          <reporter-output>
            <line>
              <![CDATA[Test Method resides in maintest.SPcasereg]]>
            </line>
            <line>
              <![CDATA[Test Status: Pass]]>
            </line>
          </reporter-output>
        </test-method> <!-- TC_SPCR_010 -->
        <test-method status="PASS" signature="setup(java.lang.reflect.Method)[pri:0, instance:maintest.SPcasereg@653222]" name="setup" is-config="true" duration-ms="0" started-at="2018-10-16T13:44:42Z" finished-at="2018-10-16T13:44:42Z">
          <params>
            <param index="0">
              <value>
                <![CDATA[public void maintest.SPcasereg.TC_SPCR_010() throws java.lang.Exception]]>
              </value>
            </param>
          </params>
          <reporter-output>
          </reporter-output>
        </test-method> <!-- setup -->
        <test-method status="PASS" signature="tearDown(org.testng.ITestResult, java.lang.reflect.Method)[pri:0, instance:maintest.SPcasereg@653222]" name="tearDown" is-config="true" duration-ms="0" started-at="2018-10-16T13:46:11Z" finished-at="2018-10-16T13:46:11Z">
          <params>
            <param index="0">
              <value>
                <![CDATA[[TestResult name=TC_SPCR_010 status=SUCCESS method=SPcasereg.TC_SPCR_010()[pri:0, instance:maintest.SPcasereg@653222] output=Test Method resides in maintest.SPcasereg]]]>
              </value>
            </param>
            <param index="1">
              <value>
                <![CDATA[public void maintest.SPcasereg.TC_SPCR_010() throws java.lang.Exception]]>
              </value>
            </param>
          </params>
          <reporter-output>
          </reporter-output>
        </test-method> <!-- tearDown -->
        <test-method status="PASS" signature="setup(java.lang.reflect.Method)[pri:0, instance:maintest.SPcasereg@653222]" name="setup" is-config="true" duration-ms="0" started-at="2018-10-16T13:46:11Z" finished-at="2018-10-16T13:46:11Z">
          <params>
            <param index="0">
              <value>
                <![CDATA[public void maintest.SPcasereg.TC_SPCR_011() throws java.lang.Exception]]>
              </value>
            </param>
          </params>
          <reporter-output>
          </reporter-output>
        </test-method> <!-- setup -->
        <test-method status="PASS" signature="TC_SPCR_011()[pri:0, instance:maintest.SPcasereg@653222]" name="TC_SPCR_011" duration-ms="80314" started-at="2018-10-16T13:46:11Z" finished-at="2018-10-16T13:47:31Z">
          <reporter-output>
            <line>
              <![CDATA[Test Method resides in maintest.SPcasereg]]>
            </line>
            <line>
              <![CDATA[Test Status: Pass]]>
            </line>
          </reporter-output>
        </test-method> <!-- TC_SPCR_011 -->
        <test-method status="PASS" signature="TC_SPCR_022()[pri:0, instance:maintest.SPcasereg@653222]" name="TC_SPCR_022" duration-ms="29402" started-at="2018-10-16T13:47:31Z" finished-at="2018-10-16T13:48:00Z">
          <reporter-output>
            <line>
              <![CDATA[Test Method resides in maintest.SPcasereg]]>
            </line>
            <line>
              <![CDATA[Test Status: Pass]]>
            </line>
          </reporter-output>
        </test-method> <!-- TC_SPCR_022 -->
        <test-method status="PASS" signature="tearDown(org.testng.ITestResult, java.lang.reflect.Method)[pri:0, instance:maintest.SPcasereg@653222]" name="tearDown" is-config="true" duration-ms="0" started-at="2018-10-16T13:47:31Z" finished-at="2018-10-16T13:47:31Z">
          <params>
            <param index="0">
              <value>
                <![CDATA[[TestResult name=TC_SPCR_011 status=SUCCESS method=SPcasereg.TC_SPCR_011()[pri:0, instance:maintest.SPcasereg@653222] output=Test Method resides in maintest.SPcasereg]]]>
              </value>
            </param>
            <param index="1">
              <value>
                <![CDATA[public void maintest.SPcasereg.TC_SPCR_011() throws java.lang.Exception]]>
              </value>
            </param>
          </params>
          <reporter-output>
          </reporter-output>
        </test-method> <!-- tearDown -->
        <test-method status="PASS" signature="setup(java.lang.reflect.Method)[pri:0, instance:maintest.SPcasereg@653222]" name="setup" is-config="true" duration-ms="0" started-at="2018-10-16T13:47:31Z" finished-at="2018-10-16T13:47:31Z">
          <params>
            <param index="0">
              <value>
                <![CDATA[public void maintest.SPcasereg.TC_SPCR_022() throws java.lang.Exception]]>
              </value>
            </param>
          </params>
          <reporter-output>
          </reporter-output>
        </test-method> <!-- setup -->
        <test-method status="PASS" signature="tearDown(org.testng.ITestResult, java.lang.reflect.Method)[pri:0, instance:maintest.SPcasereg@653222]" name="tearDown" is-config="true" duration-ms="0" started-at="2018-10-16T13:48:00Z" finished-at="2018-10-16T13:48:00Z">
          <params>
            <param index="0">
              <value>
                <![CDATA[[TestResult name=TC_SPCR_022 status=SUCCESS method=SPcasereg.TC_SPCR_022()[pri:0, instance:maintest.SPcasereg@653222] output=Test Method resides in maintest.SPcasereg]]]>
              </value>
            </param>
            <param index="1">
              <value>
                <![CDATA[public void maintest.SPcasereg.TC_SPCR_022() throws java.lang.Exception]]>
              </value>
            </param>
          </params>
          <reporter-output>
          </reporter-output>
        </test-method> <!-- tearDown -->
        <test-method status="PASS" signature="TC_SPCR_023()[pri:0, instance:maintest.SPcasereg@653222]" name="TC_SPCR_023" duration-ms="21212" started-at="2018-10-16T13:48:00Z" finished-at="2018-10-16T13:48:21Z">
          <reporter-output>
            <line>
              <![CDATA[Test Method resides in maintest.SPcasereg]]>
            </line>
            <line>
              <![CDATA[Test Status: Pass]]>
            </line>
          </reporter-output>
        </test-method> <!-- TC_SPCR_023 -->
        <test-method status="PASS" signature="setup(java.lang.reflect.Method)[pri:0, instance:maintest.SPcasereg@653222]" name="setup" is-config="true" duration-ms="0" started-at="2018-10-16T13:48:00Z" finished-at="2018-10-16T13:48:00Z">
          <params>
            <param index="0">
              <value>
                <![CDATA[public void maintest.SPcasereg.TC_SPCR_023() throws java.lang.Exception]]>
              </value>
            </param>
          </params>
          <reporter-output>
          </reporter-output>
        </test-method> <!-- setup -->
        <test-method status="PASS" signature="tearDown(org.testng.ITestResult, java.lang.reflect.Method)[pri:0, instance:maintest.SPcasereg@653222]" name="tearDown" is-config="true" duration-ms="0" started-at="2018-10-16T13:48:21Z" finished-at="2018-10-16T13:48:21Z">
          <params>
            <param index="0">
              <value>
                <![CDATA[[TestResult name=TC_SPCR_023 status=SUCCESS method=SPcasereg.TC_SPCR_023()[pri:0, instance:maintest.SPcasereg@653222] output=Test Method resides in maintest.SPcasereg]]]>
              </value>
            </param>
            <param index="1">
              <value>
                <![CDATA[public void maintest.SPcasereg.TC_SPCR_023() throws java.lang.Exception]]>
              </value>
            </param>
          </params>
          <reporter-output>
          </reporter-output>
        </test-method> <!-- tearDown -->
        <test-method status="PASS" signature="setup(java.lang.reflect.Method)[pri:0, instance:maintest.SPcasereg@653222]" name="setup" is-config="true" duration-ms="0" started-at="2018-10-16T13:48:21Z" finished-at="2018-10-16T13:48:21Z">
          <params>
            <param index="0">
              <value>
                <![CDATA[public void maintest.SPcasereg.TC_SPCR_024() throws java.lang.Exception]]>
              </value>
            </param>
          </params>
          <reporter-output>
          </reporter-output>
        </test-method> <!-- setup -->
        <test-method status="PASS" signature="TC_SPCR_024()[pri:0, instance:maintest.SPcasereg@653222]" name="TC_SPCR_024" duration-ms="8531" started-at="2018-10-16T13:48:21Z" finished-at="2018-10-16T13:48:30Z">
          <reporter-output>
            <line>
              <![CDATA[Test Method resides in maintest.SPcasereg]]>
            </line>
            <line>
              <![CDATA[Test Status: Pass]]>
            </line>
          </reporter-output>
        </test-method> <!-- TC_SPCR_024 -->
        <test-method status="PASS" signature="tearDown(org.testng.ITestResult, java.lang.reflect.Method)[pri:0, instance:maintest.SPcasereg@653222]" name="tearDown" is-config="true" duration-ms="1" started-at="2018-10-16T13:48:30Z" finished-at="2018-10-16T13:48:30Z">
          <params>
            <param index="0">
              <value>
                <![CDATA[[TestResult name=TC_SPCR_024 status=SUCCESS method=SPcasereg.TC_SPCR_024()[pri:0, instance:maintest.SPcasereg@653222] output=Test Method resides in maintest.SPcasereg]]]>
              </value>
            </param>
            <param index="1">
              <value>
                <![CDATA[public void maintest.SPcasereg.TC_SPCR_024() throws java.lang.Exception]]>
              </value>
            </param>
          </params>
          <reporter-output>
          </reporter-output>
        </test-method> <!-- tearDown -->
        <test-method status="PASS" signature="setup(java.lang.reflect.Method)[pri:0, instance:maintest.SPcasereg@653222]" name="setup" is-config="true" duration-ms="1" started-at="2018-10-16T13:48:30Z" finished-at="2018-10-16T13:48:30Z">
          <params>
            <param index="0">
              <value>
                <![CDATA[public void maintest.SPcasereg.TC_SPCR_025() throws java.lang.Exception]]>
              </value>
            </param>
          </params>
          <reporter-output>
          </reporter-output>
        </test-method> <!-- setup -->
        <test-method status="PASS" signature="TC_SPCR_025()[pri:0, instance:maintest.SPcasereg@653222]" name="TC_SPCR_025" duration-ms="29838" started-at="2018-10-16T13:48:30Z" finished-at="2018-10-16T13:49:00Z">
          <reporter-output>
            <line>
              <![CDATA[Test Method resides in maintest.SPcasereg]]>
            </line>
            <line>
              <![CDATA[Test Status: Pass]]>
            </line>
          </reporter-output>
        </test-method> <!-- TC_SPCR_025 -->
        <test-method status="PASS" signature="tearDown(org.testng.ITestResult, java.lang.reflect.Method)[pri:0, instance:maintest.SPcasereg@653222]" name="tearDown" is-config="true" duration-ms="1" started-at="2018-10-16T13:49:00Z" finished-at="2018-10-16T13:49:00Z">
          <params>
            <param index="0">
              <value>
                <![CDATA[[TestResult name=TC_SPCR_025 status=SUCCESS method=SPcasereg.TC_SPCR_025()[pri:0, instance:maintest.SPcasereg@653222] output=Test Method resides in maintest.SPcasereg]]]>
              </value>
            </param>
            <param index="1">
              <value>
                <![CDATA[public void maintest.SPcasereg.TC_SPCR_025() throws java.lang.Exception]]>
              </value>
            </param>
          </params>
          <reporter-output>
          </reporter-output>
        </test-method> <!-- tearDown -->
        <test-method status="PASS" signature="setup(java.lang.reflect.Method)[pri:0, instance:maintest.SPcasereg@653222]" name="setup" is-config="true" duration-ms="0" started-at="2018-10-16T13:49:00Z" finished-at="2018-10-16T13:49:00Z">
          <params>
            <param index="0">
              <value>
                <![CDATA[public void maintest.SPcasereg.TC_SPCR_026() throws java.lang.Exception]]>
              </value>
            </param>
          </params>
          <reporter-output>
          </reporter-output>
        </test-method> <!-- setup -->
        <test-method status="PASS" signature="TC_SPCR_026()[pri:0, instance:maintest.SPcasereg@653222]" name="TC_SPCR_026" duration-ms="35568" started-at="2018-10-16T13:49:00Z" finished-at="2018-10-16T13:49:35Z">
          <reporter-output>
            <line>
              <![CDATA[Test Method resides in maintest.SPcasereg]]>
            </line>
            <line>
              <![CDATA[Test Status: Pass]]>
            </line>
          </reporter-output>
        </test-method> <!-- TC_SPCR_026 -->
        <test-method status="PASS" signature="tearDown(org.testng.ITestResult, java.lang.reflect.Method)[pri:0, instance:maintest.SPcasereg@653222]" name="tearDown" is-config="true" duration-ms="1" started-at="2018-10-16T13:49:35Z" finished-at="2018-10-16T13:49:35Z">
          <params>
            <param index="0">
              <value>
                <![CDATA[[TestResult name=TC_SPCR_026 status=SUCCESS method=SPcasereg.TC_SPCR_026()[pri:0, instance:maintest.SPcasereg@653222] output=Test Method resides in maintest.SPcasereg]]]>
              </value>
            </param>
            <param index="1">
              <value>
                <![CDATA[public void maintest.SPcasereg.TC_SPCR_026() throws java.lang.Exception]]>
              </value>
            </param>
          </params>
          <reporter-output>
          </reporter-output>
        </test-method> <!-- tearDown -->
        <test-method status="PASS" signature="setup(java.lang.reflect.Method)[pri:0, instance:maintest.SPcasereg@653222]" name="setup" is-config="true" duration-ms="1" started-at="2018-10-16T13:49:35Z" finished-at="2018-10-16T13:49:35Z">
          <params>
            <param index="0">
              <value>
                <![CDATA[public void maintest.SPcasereg.TC_SPCR_027() throws java.lang.Exception]]>
              </value>
            </param>
          </params>
          <reporter-output>
          </reporter-output>
        </test-method> <!-- setup -->
        <test-method status="PASS" signature="TC_SPCR_027()[pri:0, instance:maintest.SPcasereg@653222]" name="TC_SPCR_027" duration-ms="29471" started-at="2018-10-16T13:49:35Z" finished-at="2018-10-16T13:50:05Z">
          <reporter-output>
            <line>
              <![CDATA[Test Method resides in maintest.SPcasereg]]>
            </line>
            <line>
              <![CDATA[Test Status: Pass]]>
            </line>
          </reporter-output>
        </test-method> <!-- TC_SPCR_027 -->
        <test-method status="PASS" signature="tearDown(org.testng.ITestResult, java.lang.reflect.Method)[pri:0, instance:maintest.SPcasereg@653222]" name="tearDown" is-config="true" duration-ms="0" started-at="2018-10-16T13:50:05Z" finished-at="2018-10-16T13:50:05Z">
          <params>
            <param index="0">
              <value>
                <![CDATA[[TestResult name=TC_SPCR_027 status=SUCCESS method=SPcasereg.TC_SPCR_027()[pri:0, instance:maintest.SPcasereg@653222] output=Test Method resides in maintest.SPcasereg]]]>
              </value>
            </param>
            <param index="1">
              <value>
                <![CDATA[public void maintest.SPcasereg.TC_SPCR_027() throws java.lang.Exception]]>
              </value>
            </param>
          </params>
          <reporter-output>
          </reporter-output>
        </test-method> <!-- tearDown -->
        <test-method status="PASS" signature="setup(java.lang.reflect.Method)[pri:0, instance:maintest.SPcasereg@653222]" name="setup" is-config="true" duration-ms="1" started-at="2018-10-16T13:50:05Z" finished-at="2018-10-16T13:50:05Z">
          <params>
            <param index="0">
              <value>
                <![CDATA[public void maintest.SPcasereg.TC_SPINF_001() throws java.lang.Exception]]>
              </value>
            </param>
          </params>
          <reporter-output>
          </reporter-output>
        </test-method> <!-- setup -->
        <test-method status="PASS" signature="TC_SPINF_001()[pri:0, instance:maintest.SPcasereg@653222]" name="TC_SPINF_001" duration-ms="54610" started-at="2018-10-16T13:50:05Z" finished-at="2018-10-16T13:50:59Z">
          <reporter-output>
            <line>
              <![CDATA[Test Method resides in maintest.SPcasereg]]>
            </line>
            <line>
              <![CDATA[Test Status: Pass]]>
            </line>
          </reporter-output>
        </test-method> <!-- TC_SPINF_001 -->
        <test-method status="PASS" signature="tearDown(org.testng.ITestResult, java.lang.reflect.Method)[pri:0, instance:maintest.SPcasereg@653222]" name="tearDown" is-config="true" duration-ms="1" started-at="2018-10-16T13:50:59Z" finished-at="2018-10-16T13:50:59Z">
          <params>
            <param index="0">
              <value>
                <![CDATA[[TestResult name=TC_SPINF_001 status=SUCCESS method=SPcasereg.TC_SPINF_001()[pri:0, instance:maintest.SPcasereg@653222] output=Test Method resides in maintest.SPcasereg]]]>
              </value>
            </param>
            <param index="1">
              <value>
                <![CDATA[public void maintest.SPcasereg.TC_SPINF_001() throws java.lang.Exception]]>
              </value>
            </param>
          </params>
          <reporter-output>
          </reporter-output>
        </test-method> <!-- tearDown -->
        <test-method status="PASS" signature="setup(java.lang.reflect.Method)[pri:0, instance:maintest.SPcasereg@653222]" name="setup" is-config="true" duration-ms="1" started-at="2018-10-16T13:50:59Z" finished-at="2018-10-16T13:50:59Z">
          <params>
            <param index="0">
              <value>
                <![CDATA[public void maintest.SPcasereg.TC_SPINF_002() throws java.lang.Exception]]>
              </value>
            </param>
          </params>
          <reporter-output>
          </reporter-output>
        </test-method> <!-- setup -->
        <test-method status="PASS" signature="TC_SPINF_002()[pri:0, instance:maintest.SPcasereg@653222]" name="TC_SPINF_002" duration-ms="124599" started-at="2018-10-16T13:50:59Z" depends-on-methods="maintest.SPcasereg.TC_SPINF_001" finished-at="2018-10-16T13:53:04Z">
          <reporter-output>
            <line>
              <![CDATA[Test Method resides in maintest.SPcasereg]]>
            </line>
            <line>
              <![CDATA[Test Status: Pass]]>
            </line>
          </reporter-output>
        </test-method> <!-- TC_SPINF_002 -->
        <test-method status="PASS" signature="tearDown(org.testng.ITestResult, java.lang.reflect.Method)[pri:0, instance:maintest.SPcasereg@653222]" name="tearDown" is-config="true" duration-ms="1" started-at="2018-10-16T13:53:04Z" finished-at="2018-10-16T13:53:04Z">
          <params>
            <param index="0">
              <value>
                <![CDATA[[TestResult name=TC_SPINF_002 status=SUCCESS method=SPcasereg.TC_SPINF_002()[pri:0, instance:maintest.SPcasereg@653222] output=Test Method resides in maintest.SPcasereg]]]>
              </value>
            </param>
            <param index="1">
              <value>
                <![CDATA[public void maintest.SPcasereg.TC_SPINF_002() throws java.lang.Exception]]>
              </value>
            </param>
          </params>
          <reporter-output>
          </reporter-output>
        </test-method> <!-- tearDown -->
        <test-method status="PASS" signature="setup(java.lang.reflect.Method)[pri:0, instance:maintest.SPcasereg@653222]" name="setup" is-config="true" duration-ms="1" started-at="2018-10-16T13:53:04Z" finished-at="2018-10-16T13:53:04Z">
          <params>
            <param index="0">
              <value>
                <![CDATA[public void maintest.SPcasereg.TC_SPINF_003() throws java.lang.Exception]]>
              </value>
            </param>
          </params>
          <reporter-output>
          </reporter-output>
        </test-method> <!-- setup -->
        <test-method status="PASS" signature="TC_SPINF_003()[pri:0, instance:maintest.SPcasereg@653222]" name="TC_SPINF_003" duration-ms="124" started-at="2018-10-16T13:53:04Z" depends-on-methods="maintest.SPcasereg.TC_SPINF_001" finished-at="2018-10-16T13:53:04Z">
          <reporter-output>
            <line>
              <![CDATA[Test Method resides in maintest.SPcasereg]]>
            </line>
            <line>
              <![CDATA[Test Status: Pass]]>
            </line>
          </reporter-output>
        </test-method> <!-- TC_SPINF_003 -->
        <test-method status="PASS" signature="tearDown(org.testng.ITestResult, java.lang.reflect.Method)[pri:0, instance:maintest.SPcasereg@653222]" name="tearDown" is-config="true" duration-ms="0" started-at="2018-10-16T13:53:04Z" finished-at="2018-10-16T13:53:04Z">
          <params>
            <param index="0">
              <value>
                <![CDATA[[TestResult name=TC_SPINF_003 status=SUCCESS method=SPcasereg.TC_SPINF_003()[pri:0, instance:maintest.SPcasereg@653222] output=Test Method resides in maintest.SPcasereg]]]>
              </value>
            </param>
            <param index="1">
              <value>
                <![CDATA[public void maintest.SPcasereg.TC_SPINF_003() throws java.lang.Exception]]>
              </value>
            </param>
          </params>
          <reporter-output>
          </reporter-output>
        </test-method> <!-- tearDown -->
        <test-method status="PASS" signature="setup(java.lang.reflect.Method)[pri:0, instance:maintest.SPcasereg@653222]" name="setup" is-config="true" duration-ms="0" started-at="2018-10-16T13:53:04Z" finished-at="2018-10-16T13:53:04Z">
          <params>
            <param index="0">
              <value>
                <![CDATA[public void maintest.SPcasereg.TC_SPINF_004() throws java.lang.Exception]]>
              </value>
            </param>
          </params>
          <reporter-output>
          </reporter-output>
        </test-method> <!-- setup -->
        <test-method status="PASS" signature="TC_SPINF_004()[pri:0, instance:maintest.SPcasereg@653222]" name="TC_SPINF_004" duration-ms="3636" started-at="2018-10-16T13:53:04Z" depends-on-methods="maintest.SPcasereg.TC_SPINF_001" finished-at="2018-10-16T13:53:08Z">
          <reporter-output>
            <line>
              <![CDATA[Test Method resides in maintest.SPcasereg]]>
            </line>
            <line>
              <![CDATA[Test Status: Pass]]>
            </line>
          </reporter-output>
        </test-method> <!-- TC_SPINF_004 -->
        <test-method status="PASS" signature="tearDown(org.testng.ITestResult, java.lang.reflect.Method)[pri:0, instance:maintest.SPcasereg@653222]" name="tearDown" is-config="true" duration-ms="0" started-at="2018-10-16T13:53:08Z" finished-at="2018-10-16T13:53:08Z">
          <params>
            <param index="0">
              <value>
                <![CDATA[[TestResult name=TC_SPINF_004 status=SUCCESS method=SPcasereg.TC_SPINF_004()[pri:0, instance:maintest.SPcasereg@653222] output=Test Method resides in maintest.SPcasereg]]]>
              </value>
            </param>
            <param index="1">
              <value>
                <![CDATA[public void maintest.SPcasereg.TC_SPINF_004() throws java.lang.Exception]]>
              </value>
            </param>
          </params>
          <reporter-output>
          </reporter-output>
        </test-method> <!-- tearDown -->
        <test-method status="PASS" signature="setup(java.lang.reflect.Method)[pri:0, instance:maintest.SPcasereg@653222]" name="setup" is-config="true" duration-ms="1" started-at="2018-10-16T13:53:08Z" finished-at="2018-10-16T13:53:08Z">
          <params>
            <param index="0">
              <value>
                <![CDATA[public void maintest.SPcasereg.TC_SPINF_005() throws java.lang.Exception]]>
              </value>
            </param>
          </params>
          <reporter-output>
          </reporter-output>
        </test-method> <!-- setup -->
        <test-method status="PASS" signature="TC_SPINF_005()[pri:0, instance:maintest.SPcasereg@653222]" name="TC_SPINF_005" duration-ms="36666" started-at="2018-10-16T13:53:08Z" depends-on-methods="maintest.SPcasereg.TC_SPINF_001" finished-at="2018-10-16T13:53:45Z">
          <reporter-output>
            <line>
              <![CDATA[Test Method resides in maintest.SPcasereg]]>
            </line>
            <line>
              <![CDATA[Test Status: Pass]]>
            </line>
          </reporter-output>
        </test-method> <!-- TC_SPINF_005 -->
        <test-method status="PASS" signature="tearDown(org.testng.ITestResult, java.lang.reflect.Method)[pri:0, instance:maintest.SPcasereg@653222]" name="tearDown" is-config="true" duration-ms="1" started-at="2018-10-16T13:53:45Z" finished-at="2018-10-16T13:53:45Z">
          <params>
            <param index="0">
              <value>
                <![CDATA[[TestResult name=TC_SPINF_005 status=SUCCESS method=SPcasereg.TC_SPINF_005()[pri:0, instance:maintest.SPcasereg@653222] output=Test Method resides in maintest.SPcasereg]]]>
              </value>
            </param>
            <param index="1">
              <value>
                <![CDATA[public void maintest.SPcasereg.TC_SPINF_005() throws java.lang.Exception]]>
              </value>
            </param>
          </params>
          <reporter-output>
          </reporter-output>
        </test-method> <!-- tearDown -->
        <test-method status="PASS" signature="setup(java.lang.reflect.Method)[pri:0, instance:maintest.SPcasereg@653222]" name="setup" is-config="true" duration-ms="1" started-at="2018-10-16T13:53:45Z" finished-at="2018-10-16T13:53:45Z">
          <params>
            <param index="0">
              <value>
                <![CDATA[public void maintest.SPcasereg.TC_SPINF_006() throws java.lang.Exception]]>
              </value>
            </param>
          </params>
          <reporter-output>
          </reporter-output>
        </test-method> <!-- setup -->
        <test-method status="PASS" signature="TC_SPINF_006()[pri:0, instance:maintest.SPcasereg@653222]" name="TC_SPINF_006" duration-ms="42206" started-at="2018-10-16T13:53:45Z" depends-on-methods="maintest.SPcasereg.TC_SPINF_005" finished-at="2018-10-16T13:54:27Z">
          <reporter-output>
            <line>
              <![CDATA[Test Method resides in maintest.SPcasereg]]>
            </line>
            <line>
              <![CDATA[Test Status: Pass]]>
            </line>
          </reporter-output>
        </test-method> <!-- TC_SPINF_006 -->
        <test-method status="PASS" signature="tearDown(org.testng.ITestResult, java.lang.reflect.Method)[pri:0, instance:maintest.SPcasereg@653222]" name="tearDown" is-config="true" duration-ms="1" started-at="2018-10-16T13:54:27Z" finished-at="2018-10-16T13:54:27Z">
          <params>
            <param index="0">
              <value>
                <![CDATA[[TestResult name=TC_SPINF_006 status=SUCCESS method=SPcasereg.TC_SPINF_006()[pri:0, instance:maintest.SPcasereg@653222] output=Test Method resides in maintest.SPcasereg]]]>
              </value>
            </param>
            <param index="1">
              <value>
                <![CDATA[public void maintest.SPcasereg.TC_SPINF_006() throws java.lang.Exception]]>
              </value>
            </param>
          </params>
          <reporter-output>
          </reporter-output>
        </test-method> <!-- tearDown -->
        <test-method status="PASS" signature="setup(java.lang.reflect.Method)[pri:0, instance:maintest.SPcasereg@653222]" name="setup" is-config="true" duration-ms="1" started-at="2018-10-16T13:54:27Z" finished-at="2018-10-16T13:54:27Z">
          <params>
            <param index="0">
              <value>
                <![CDATA[public void maintest.SPcasereg.TC_SPINF_007() throws java.lang.Exception]]>
              </value>
            </param>
          </params>
          <reporter-output>
          </reporter-output>
        </test-method> <!-- setup -->
        <test-method status="PASS" signature="TC_SPINF_007()[pri:0, instance:maintest.SPcasereg@653222]" name="TC_SPINF_007" duration-ms="49833" started-at="2018-10-16T13:54:27Z" depends-on-methods="maintest.SPcasereg.TC_SPINF_006" finished-at="2018-10-16T13:55:17Z">
          <reporter-output>
            <line>
              <![CDATA[Test Method resides in maintest.SPcasereg]]>
            </line>
            <line>
              <![CDATA[Test Status: Pass]]>
            </line>
          </reporter-output>
        </test-method> <!-- TC_SPINF_007 -->
        <test-method status="PASS" signature="tearDown(org.testng.ITestResult, java.lang.reflect.Method)[pri:0, instance:maintest.SPcasereg@653222]" name="tearDown" is-config="true" duration-ms="1" started-at="2018-10-16T13:55:17Z" finished-at="2018-10-16T13:55:17Z">
          <params>
            <param index="0">
              <value>
                <![CDATA[[TestResult name=TC_SPINF_007 status=SUCCESS method=SPcasereg.TC_SPINF_007()[pri:0, instance:maintest.SPcasereg@653222] output=Test Method resides in maintest.SPcasereg]]]>
              </value>
            </param>
            <param index="1">
              <value>
                <![CDATA[public void maintest.SPcasereg.TC_SPINF_007() throws java.lang.Exception]]>
              </value>
            </param>
          </params>
          <reporter-output>
          </reporter-output>
        </test-method> <!-- tearDown -->
        <test-method status="PASS" signature="TC_SPINF_008()[pri:0, instance:maintest.SPcasereg@653222]" name="TC_SPINF_008" duration-ms="9839" started-at="2018-10-16T13:55:17Z" depends-on-methods="maintest.SPcasereg.TC_SPINF_006" finished-at="2018-10-16T13:55:26Z">
          <reporter-output>
            <line>
              <![CDATA[Test Method resides in maintest.SPcasereg]]>
            </line>
            <line>
              <![CDATA[Test Status: Pass]]>
            </line>
          </reporter-output>
        </test-method> <!-- TC_SPINF_008 -->
        <test-method status="PASS" signature="setup(java.lang.reflect.Method)[pri:0, instance:maintest.SPcasereg@653222]" name="setup" is-config="true" duration-ms="0" started-at="2018-10-16T13:55:17Z" finished-at="2018-10-16T13:55:17Z">
          <params>
            <param index="0">
              <value>
                <![CDATA[public void maintest.SPcasereg.TC_SPINF_008() throws java.lang.Exception]]>
              </value>
            </param>
          </params>
          <reporter-output>
          </reporter-output>
        </test-method> <!-- setup -->
        <test-method status="PASS" signature="tearDown(org.testng.ITestResult, java.lang.reflect.Method)[pri:0, instance:maintest.SPcasereg@653222]" name="tearDown" is-config="true" duration-ms="0" started-at="2018-10-16T13:55:26Z" finished-at="2018-10-16T13:55:26Z">
          <params>
            <param index="0">
              <value>
                <![CDATA[[TestResult name=TC_SPINF_008 status=SUCCESS method=SPcasereg.TC_SPINF_008()[pri:0, instance:maintest.SPcasereg@653222] output=Test Method resides in maintest.SPcasereg]]]>
              </value>
            </param>
            <param index="1">
              <value>
                <![CDATA[public void maintest.SPcasereg.TC_SPINF_008() throws java.lang.Exception]]>
              </value>
            </param>
          </params>
          <reporter-output>
          </reporter-output>
        </test-method> <!-- tearDown -->
        <test-method status="PASS" signature="TC_SPINF_009()[pri:0, instance:maintest.SPcasereg@653222]" name="TC_SPINF_009" duration-ms="3577" started-at="2018-10-16T13:55:26Z" depends-on-methods="maintest.SPcasereg.TC_SPINF_006" finished-at="2018-10-16T13:55:30Z">
          <reporter-output>
            <line>
              <![CDATA[Test Method resides in maintest.SPcasereg]]>
            </line>
            <line>
              <![CDATA[Test Status: Pass]]>
            </line>
          </reporter-output>
        </test-method> <!-- TC_SPINF_009 -->
        <test-method status="PASS" signature="setup(java.lang.reflect.Method)[pri:0, instance:maintest.SPcasereg@653222]" name="setup" is-config="true" duration-ms="0" started-at="2018-10-16T13:55:26Z" finished-at="2018-10-16T13:55:26Z">
          <params>
            <param index="0">
              <value>
                <![CDATA[public void maintest.SPcasereg.TC_SPINF_009() throws java.lang.Exception]]>
              </value>
            </param>
          </params>
          <reporter-output>
          </reporter-output>
        </test-method> <!-- setup -->
        <test-method status="PASS" signature="tearDown(org.testng.ITestResult, java.lang.reflect.Method)[pri:0, instance:maintest.SPcasereg@653222]" name="tearDown" is-config="true" duration-ms="1" started-at="2018-10-16T13:55:30Z" finished-at="2018-10-16T13:55:30Z">
          <params>
            <param index="0">
              <value>
                <![CDATA[[TestResult name=TC_SPINF_009 status=SUCCESS method=SPcasereg.TC_SPINF_009()[pri:0, instance:maintest.SPcasereg@653222] output=Test Method resides in maintest.SPcasereg]]]>
              </value>
            </param>
            <param index="1">
              <value>
                <![CDATA[public void maintest.SPcasereg.TC_SPINF_009() throws java.lang.Exception]]>
              </value>
            </param>
          </params>
          <reporter-output>
          </reporter-output>
        </test-method> <!-- tearDown -->
        <test-method status="PASS" signature="setup(java.lang.reflect.Method)[pri:0, instance:maintest.SPcasereg@653222]" name="setup" is-config="true" duration-ms="1" started-at="2018-10-16T13:55:30Z" finished-at="2018-10-16T13:55:30Z">
          <params>
            <param index="0">
              <value>
                <![CDATA[public void maintest.SPcasereg.TC_SPINF_010() throws java.lang.Exception]]>
              </value>
            </param>
          </params>
          <reporter-output>
          </reporter-output>
        </test-method> <!-- setup -->
        <test-method status="PASS" signature="TC_SPINF_010()[pri:0, instance:maintest.SPcasereg@653222]" name="TC_SPINF_010" duration-ms="53690" started-at="2018-10-16T13:55:30Z" depends-on-methods="maintest.SPcasereg.TC_SPINF_006" finished-at="2018-10-16T13:56:24Z">
          <reporter-output>
            <line>
              <![CDATA[Test Method resides in maintest.SPcasereg]]>
            </line>
            <line>
              <![CDATA[Test Status: Pass]]>
            </line>
          </reporter-output>
        </test-method> <!-- TC_SPINF_010 -->
        <test-method status="PASS" signature="tearDown(org.testng.ITestResult, java.lang.reflect.Method)[pri:0, instance:maintest.SPcasereg@653222]" name="tearDown" is-config="true" duration-ms="1" started-at="2018-10-16T13:56:24Z" finished-at="2018-10-16T13:56:24Z">
          <params>
            <param index="0">
              <value>
                <![CDATA[[TestResult name=TC_SPINF_010 status=SUCCESS method=SPcasereg.TC_SPINF_010()[pri:0, instance:maintest.SPcasereg@653222] output=Test Method resides in maintest.SPcasereg]]]>
              </value>
            </param>
            <param index="1">
              <value>
                <![CDATA[public void maintest.SPcasereg.TC_SPINF_010() throws java.lang.Exception]]>
              </value>
            </param>
          </params>
          <reporter-output>
          </reporter-output>
        </test-method> <!-- tearDown -->
        <test-method status="PASS" signature="setup(java.lang.reflect.Method)[pri:0, instance:maintest.SPcasereg@653222]" name="setup" is-config="true" duration-ms="1" started-at="2018-10-16T13:56:24Z" finished-at="2018-10-16T13:56:24Z">
          <params>
            <param index="0">
              <value>
                <![CDATA[public void maintest.SPcasereg.TC_SPINF_011() throws java.lang.Exception]]>
              </value>
            </param>
          </params>
          <reporter-output>
          </reporter-output>
        </test-method> <!-- setup -->
        <test-method status="PASS" signature="TC_SPINF_011()[pri:0, instance:maintest.SPcasereg@653222]" name="TC_SPINF_011" duration-ms="58623" started-at="2018-10-16T13:56:24Z" depends-on-methods="maintest.SPcasereg.TC_SPINF_010" finished-at="2018-10-16T13:57:22Z">
          <reporter-output>
            <line>
              <![CDATA[Test Method resides in maintest.SPcasereg]]>
            </line>
            <line>
              <![CDATA[Test Status: Pass]]>
            </line>
          </reporter-output>
        </test-method> <!-- TC_SPINF_011 -->
        <test-method status="PASS" signature="tearDown(org.testng.ITestResult, java.lang.reflect.Method)[pri:0, instance:maintest.SPcasereg@653222]" name="tearDown" is-config="true" duration-ms="1" started-at="2018-10-16T13:57:22Z" finished-at="2018-10-16T13:57:22Z">
          <params>
            <param index="0">
              <value>
                <![CDATA[[TestResult name=TC_SPINF_011 status=SUCCESS method=SPcasereg.TC_SPINF_011()[pri:0, instance:maintest.SPcasereg@653222] output=Test Method resides in maintest.SPcasereg]]]>
              </value>
            </param>
            <param index="1">
              <value>
                <![CDATA[public void maintest.SPcasereg.TC_SPINF_011() throws java.lang.Exception]]>
              </value>
            </param>
          </params>
          <reporter-output>
          </reporter-output>
        </test-method> <!-- tearDown -->
        <test-method status="PASS" signature="TC_SPINF_014()[pri:0, instance:maintest.SPcasereg@653222]" name="TC_SPINF_014" duration-ms="38" started-at="2018-10-16T13:57:22Z" depends-on-methods="maintest.SPcasereg.TC_SPINF_011" finished-at="2018-10-16T13:57:22Z">
          <reporter-output>
            <line>
              <![CDATA[Test Method resides in maintest.SPcasereg]]>
            </line>
            <line>
              <![CDATA[Test Status: Pass]]>
            </line>
          </reporter-output>
        </test-method> <!-- TC_SPINF_014 -->
        <test-method status="PASS" signature="setup(java.lang.reflect.Method)[pri:0, instance:maintest.SPcasereg@653222]" name="setup" is-config="true" duration-ms="0" started-at="2018-10-16T13:57:22Z" finished-at="2018-10-16T13:57:22Z">
          <params>
            <param index="0">
              <value>
                <![CDATA[public void maintest.SPcasereg.TC_SPINF_014() throws java.lang.Exception]]>
              </value>
            </param>
          </params>
          <reporter-output>
          </reporter-output>
        </test-method> <!-- setup -->
        <test-method status="PASS" signature="tearDown(org.testng.ITestResult, java.lang.reflect.Method)[pri:0, instance:maintest.SPcasereg@653222]" name="tearDown" is-config="true" duration-ms="0" started-at="2018-10-16T13:57:22Z" finished-at="2018-10-16T13:57:22Z">
          <params>
            <param index="0">
              <value>
                <![CDATA[[TestResult name=TC_SPINF_014 status=SUCCESS method=SPcasereg.TC_SPINF_014()[pri:0, instance:maintest.SPcasereg@653222] output=Test Method resides in maintest.SPcasereg]]]>
              </value>
            </param>
            <param index="1">
              <value>
                <![CDATA[public void maintest.SPcasereg.TC_SPINF_014() throws java.lang.Exception]]>
              </value>
            </param>
          </params>
          <reporter-output>
          </reporter-output>
        </test-method> <!-- tearDown -->
        <test-method status="PASS" signature="setup(java.lang.reflect.Method)[pri:0, instance:maintest.SPcasereg@653222]" name="setup" is-config="true" duration-ms="0" started-at="2018-10-16T13:57:22Z" finished-at="2018-10-16T13:57:22Z">
          <params>
            <param index="0">
              <value>
                <![CDATA[public void maintest.SPcasereg.TC_SPINF_017() throws java.lang.Exception]]>
              </value>
            </param>
          </params>
          <reporter-output>
          </reporter-output>
        </test-method> <!-- setup -->
[...]
          <params>
            <param index="0">
              <value>
                <![CDATA[[TestResult name=TC_SPCEP_003 status=SUCCESS method=SPcasereg.TC_SPCEP_003()[pri:0, instance:maintest.SPcasereg@653222] output=Test Method resides in maintest.SPcasereg]]]>
              </value>
            </param>
            <param index="1">
              <value>
                <![CDATA[public void maintest.SPcasereg.TC_SPCEP_003() throws java.lang.Exception]]>
              </value>
            </param>
          </params>
          <reporter-output>
          </reporter-output>
        </test-method> <!-- tearDown -->
        <test-method status="PASS" signature="TC_SPCEP_004()[pri:0, instance:maintest.SPcasereg@653222]" name="TC_SPCEP_004" duration-ms="738" started-at="2018-10-16T14:14:40Z" depends-on-methods="maintest.SPcasereg.TC_SPCEP_003" finished-at="2018-10-16T14:14:41Z">
          <reporter-output>
            <line>
              <![CDATA[Test Method resides in maintest.SPcasereg]]>
            </line>
            <line>
              <![CDATA[Test Status: Pass]]>
            </line>
          </reporter-output>
        </test-method> <!-- TC_SPCEP_004 -->
        <test-method status="PASS" signature="setup(java.lang.reflect.Method)[pri:0, instance:maintest.SPcasereg@653222]" name="setup" is-config="true" duration-ms="0" started-at="2018-10-16T14:14:40Z" finished-at="2018-10-16T14:14:40Z">
          <params>
            <param index="0">
              <value>
                <![CDATA[public void maintest.SPcasereg.TC_SPCEP_004() throws java.lang.Exception]]>
              </value>
            </param>
          </params>
          <reporter-output>
          </reporter-output>
        </test-method> <!-- setup -->
        <test-method status="PASS" signature="tearDown(org.testng.ITestResult, java.lang.reflect.Method)[pri:0, instance:maintest.SPcasereg@653222]" name="tearDown" is-config="true" duration-ms="1" started-at="2018-10-16T14:14:41Z" finished-at="2018-10-16T14:14:41Z">
          <params>
            <param index="0">
              <value>
                <![CDATA[[TestResult name=TC_SPCEP_004 status=SUCCESS method=SPcasereg.TC_SPCEP_004()[pri:0, instance:maintest.SPcasereg@653222] output=Test Method resides in maintest.SPcasereg]]]>
              </value>
            </param>
            <param index="1">
              <value>
                <![CDATA[public void maintest.SPcasereg.TC_SPCEP_004() throws java.lang.Exception]]>
              </value>
            </param>
          </params>
          <reporter-output>
          </reporter-output>
        </test-method> <!-- tearDown -->
        <test-method status="PASS" signature="setup(java.lang.reflect.Method)[pri:0, instance:maintest.SPcasereg@653222]" name="setup" is-config="true" duration-ms="1" started-at="2018-10-16T14:14:41Z" finished-at="2018-10-16T14:14:41Z">
          <params>
            <param index="0">
              <value>
                <![CDATA[public void maintest.SPcasereg.TC_SPDOC_001() throws java.lang.Exception]]>
              </value>
            </param>
          </params>
          <reporter-output>
          </reporter-output>
        </test-method> <!-- setup -->
        <test-method status="PASS" signature="TC_SPDOC_001()[pri:0, instance:maintest.SPcasereg@653222]" name="TC_SPDOC_001" duration-ms="45998" started-at="2018-10-16T14:14:41Z" depends-on-methods="maintest.SPcasereg.TC_SPCEP_003" finished-at="2018-10-16T14:15:27Z">
          <reporter-output>
            <line>
              <![CDATA[Test Method resides in maintest.SPcasereg]]>
            </line>
            <line>
              <![CDATA[Test Status: Pass]]>
            </line>
          </reporter-output>
        </test-method> <!-- TC_SPDOC_001 -->
        <test-method status="PASS" signature="tearDown(org.testng.ITestResult, java.lang.reflect.Method)[pri:0, instance:maintest.SPcasereg@653222]" name="tearDown" is-config="true" duration-ms="0" started-at="2018-10-16T14:15:27Z" finished-at="2018-10-16T14:15:27Z">
          <params>
            <param index="0">
              <value>
                <![CDATA[[TestResult name=TC_SPDOC_001 status=SUCCESS method=SPcasereg.TC_SPDOC_001()[pri:0, instance:maintest.SPcasereg@653222] output=Test Method resides in maintest.SPcasereg]]]>
              </value>
            </param>
            <param index="1">
              <value>
                <![CDATA[public void maintest.SPcasereg.TC_SPDOC_001() throws java.lang.Exception]]>
              </value>
            </param>
          </params>
          <reporter-output>
          </reporter-output>
        </test-method> <!-- tearDown -->
        <test-method status="PASS" signature="setup(java.lang.reflect.Method)[pri:0, instance:maintest.SPcasereg@653222]" name="setup" is-config="true" duration-ms="1" started-at="2018-10-16T14:15:27Z" finished-at="2018-10-16T14:15:27Z">
          <params>
            <param index="0">
              <value>
                <![CDATA[public void maintest.SPcasereg.TC_SPDOC_002() throws java.lang.Exception]]>
              </value>
            </param>
          </params>
          <reporter-output>
          </reporter-output>
        </test-method> <!-- setup -->
        <test-method status="PASS" signature="TC_SPDOC_002()[pri:0, instance:maintest.SPcasereg@653222]" name="TC_SPDOC_002" duration-ms="10514" started-at="2018-10-16T14:15:27Z" depends-on-methods="maintest.SPcasereg.TC_SPDOC_001" finished-at="2018-10-16T14:15:38Z">
          <reporter-output>
            <line>
              <![CDATA[Test Method resides in maintest.SPcasereg]]>
            </line>
            <line>
              <![CDATA[Test Status: Pass]]>
            </line>
          </reporter-output>
        </test-method> <!-- TC_SPDOC_002 -->
        <test-method status="PASS" signature="tearDown(org.testng.ITestResult, java.lang.reflect.Method)[pri:0, instance:maintest.SPcasereg@653222]" name="tearDown" is-config="true" duration-ms="1" started-at="2018-10-16T14:15:38Z" finished-at="2018-10-16T14:15:38Z">
          <params>
            <param index="0">
              <value>
                <![CDATA[[TestResult name=TC_SPDOC_002 status=SUCCESS method=SPcasereg.TC_SPDOC_002()[pri:0, instance:maintest.SPcasereg@653222] output=Test Method resides in maintest.SPcasereg]]]>
              </value>
            </param>
            <param index="1">
              <value>
                <![CDATA[public void maintest.SPcasereg.TC_SPDOC_002() throws java.lang.Exception]]>
              </value>
            </param>
          </params>
          <reporter-output>
          </reporter-output>
        </test-method> <!-- tearDown -->
        <test-method status="PASS" signature="setup(java.lang.reflect.Method)[pri:0, instance:maintest.SPcasereg@653222]" name="setup" is-config="true" duration-ms="0" started-at="2018-10-16T14:15:38Z" finished-at="2018-10-16T14:15:38Z">
          <params>
            <param index="0">
              <value>
                <![CDATA[public void maintest.SPcasereg.TC_SPDOC_003() throws java.lang.Exception]]>
              </value>
            </param>
          </params>
          <reporter-output>
          </reporter-output>
        </test-method> <!-- setup -->
        <test-method status="PASS" signature="TC_SPDOC_003()[pri:0, instance:maintest.SPcasereg@653222]" name="TC_SPDOC_003" duration-ms="10564" started-at="2018-10-16T14:15:38Z" depends-on-methods="maintest.SPcasereg.TC_SPDOC_002" finished-at="2018-10-16T14:15:48Z">
          <reporter-output>
            <line>
              <![CDATA[Test Method resides in maintest.SPcasereg]]>
            </line>
            <line>
              <![CDATA[Test Status: Pass]]>
            </line>
          </reporter-output>
        </test-method> <!-- TC_SPDOC_003 -->
        <test-method status="PASS" signature="tearDown(org.testng.ITestResult, java.lang.reflect.Method)[pri:0, instance:maintest.SPcasereg@653222]" name="tearDown" is-config="true" duration-ms="1" started-at="2018-10-16T14:15:48Z" finished-at="2018-10-16T14:15:48Z">
          <params>
            <param index="0">
              <value>
                <![CDATA[[TestResult name=TC_SPDOC_003 status=SUCCESS method=SPcasereg.TC_SPDOC_003()[pri:0, instance:maintest.SPcasereg@653222] output=Test Method resides in maintest.SPcasereg]]]>
              </value>
            </param>
            <param index="1">
              <value>
                <![CDATA[public void maintest.SPcasereg.TC_SPDOC_003() throws java.lang.Exception]]>
              </value>
            </param>
          </params>
          <reporter-output>
          </reporter-output>
        </test-method> <!-- tearDown -->
        <test-method status="PASS" signature="setup(java.lang.reflect.Method)[pri:0, instance:maintest.SPcasereg@653222]" name="setup" is-config="true" duration-ms="1" started-at="2018-10-16T14:15:48Z" finished-at="2018-10-16T14:15:48Z">
          <params>
            <param index="0">
              <value>
                <![CDATA[public void maintest.SPcasereg.TC_SPDOC_004() throws java.lang.Exception]]>
              </value>
            </param>
          </params>
          <reporter-output>
          </reporter-output>
        </test-method> <!-- setup -->
        <test-method status="PASS" signature="TC_SPDOC_004()[pri:0, instance:maintest.SPcasereg@653222]" name="TC_SPDOC_004" duration-ms="23482" started-at="2018-10-16T14:15:48Z" depends-on-methods="maintest.SPcasereg.TC_SPDOC_003" finished-at="2018-10-16T14:16:12Z">
          <reporter-output>
            <line>
              <![CDATA[Test Method resides in maintest.SPcasereg]]>
            </line>
            <line>
              <![CDATA[Test Status: Pass]]>
            </line>
          </reporter-output>
        </test-method> <!-- TC_SPDOC_004 -->
        <test-method status="PASS" signature="tearDown(org.testng.ITestResult, java.lang.reflect.Method)[pri:0, instance:maintest.SPcasereg@653222]" name="tearDown" is-config="true" duration-ms="1" started-at="2018-10-16T14:16:12Z" finished-at="2018-10-16T14:16:12Z">
          <params>
            <param index="0">
              <value>
                <![CDATA[[TestResult name=TC_SPDOC_004 status=SUCCESS method=SPcasereg.TC_SPDOC_004()[pri:0, instance:maintest.SPcasereg@653222] output=Test Method resides in maintest.SPcasereg]]]>
              </value>
            </param>
            <param index="1">
              <value>
                <![CDATA[public void maintest.SPcasereg.TC_SPDOC_004() throws java.lang.Exception]]>
              </value>
            </param>
          </params>
          <reporter-output>
          </reporter-output>
        </test-method> <!-- tearDown -->
        <test-method status="PASS" signature="TC_SPDOC_005()[pri:0, instance:maintest.SPcasereg@653222]" name="TC_SPDOC_005" duration-ms="111997" started-at="2018-10-16T14:16:12Z" depends-on-methods="maintest.SPcasereg.TC_SPDOC_004" finished-at="2018-10-16T14:18:04Z">
          <reporter-output>
            <line>
              <![CDATA[Test Method resides in maintest.SPcasereg]]>
            </line>
            <line>
              <![CDATA[Test Status: Pass]]>
            </line>
          </reporter-output>
        </test-method> <!-- TC_SPDOC_005 -->
        <test-method status="PASS" signature="setup(java.lang.reflect.Method)[pri:0, instance:maintest.SPcasereg@653222]" name="setup" is-config="true" duration-ms="0" started-at="2018-10-16T14:16:12Z" finished-at="2018-10-16T14:16:12Z">
          <params>
            <param index="0">
              <value>
                <![CDATA[public void maintest.SPcasereg.TC_SPDOC_005() throws java.lang.Exception]]>
              </value>
            </param>
          </params>
          <reporter-output>
          </reporter-output>
        </test-method> <!-- setup -->
        <test-method status="PASS" signature="tearDown(org.testng.ITestResult, java.lang.reflect.Method)[pri:0, instance:maintest.SPcasereg@653222]" name="tearDown" is-config="true" duration-ms="0" started-at="2018-10-16T14:18:04Z" finished-at="2018-10-16T14:18:04Z">
          <params>
            <param index="0">
              <value>
                <![CDATA[[TestResult name=TC_SPDOC_005 status=SUCCESS method=SPcasereg.TC_SPDOC_005()[pri:0, instance:maintest.SPcasereg@653222] output=Test Method resides in maintest.SPcasereg]]]>
              </value>
            </param>
            <param index="1">
              <value>
                <![CDATA[public void maintest.SPcasereg.TC_SPDOC_005() throws java.lang.Exception]]>
              </value>
            </param>
          </params>
          <reporter-output>
          </reporter-output>
        </test-method> <!-- tearDown -->
        <test-method status="PASS" signature="setup(java.lang.reflect.Method)[pri:0, instance:maintest.SPcasereg@653222]" name="setup" is-config="true" duration-ms="1" started-at="2018-10-16T14:18:04Z" finished-at="2018-10-16T14:18:04Z">
          <params>
            <param index="0">
              <value>
                <![CDATA[public void maintest.SPcasereg.TC_SPDOC_006() throws java.lang.Exception]]>
              </value>
            </param>
          </params>
          <reporter-output>
          </reporter-output>
        </test-method> <!-- setup -->
        <test-method status="PASS" signature="TC_SPDOC_006()[pri:0, instance:maintest.SPcasereg@653222]" name="TC_SPDOC_006" duration-ms="4517" started-at="2018-10-16T14:18:04Z" depends-on-methods="maintest.SPcasereg.TC_SPDOC_005" finished-at="2018-10-16T14:18:08Z">
          <reporter-output>
            <line>
              <![CDATA[Test Method resides in maintest.SPcasereg]]>
            </line>
            <line>
              <![CDATA[Test Status: Pass]]>
            </line>
          </reporter-output>
        </test-method> <!-- TC_SPDOC_006 -->
        <test-method status="PASS" signature="tearDown(org.testng.ITestResult, java.lang.reflect.Method)[pri:0, instance:maintest.SPcasereg@653222]" name="tearDown" is-config="true" duration-ms="0" started-at="2018-10-16T14:18:08Z" finished-at="2018-10-16T14:18:08Z">
          <params>
            <param index="0">
              <value>
                <![CDATA[[TestResult name=TC_SPDOC_006 status=SUCCESS method=SPcasereg.TC_SPDOC_006()[pri:0, instance:maintest.SPcasereg@653222] output=Test Method resides in maintest.SPcasereg]]]>
              </value>
            </param>
            <param index="1">
              <value>
                <![CDATA[public void maintest.SPcasereg.TC_SPDOC_006() throws java.lang.Exception]]>
              </value>
            </param>
          </params>
          <reporter-output>
          </reporter-output>
        </test-method> <!-- tearDown -->
        <test-method status="PASS" signature="TC_SPDOC_007()[pri:0, instance:maintest.SPcasereg@653222]" name="TC_SPDOC_007" duration-ms="5285" started-at="2018-10-16T14:18:08Z" depends-on-methods="maintest.SPcasereg.TC_SPDOC_006" finished-at="2018-10-16T14:18:13Z">
          <reporter-output>
            <line>
              <![CDATA[Test Method resides in maintest.SPcasereg]]>
            </line>
            <line>
              <![CDATA[Test Status: Pass]]>
            </line>
          </reporter-output>
        </test-method> <!-- TC_SPDOC_007 -->
        <test-method status="PASS" signature="setup(java.lang.reflect.Method)[pri:0, instance:maintest.SPcasereg@653222]" name="setup" is-config="true" duration-ms="0" started-at="2018-10-16T14:18:08Z" finished-at="2018-10-16T14:18:08Z">
          <params>
            <param index="0">
              <value>
                <![CDATA[public void maintest.SPcasereg.TC_SPDOC_007() throws java.lang.Exception]]>
              </value>
            </param>
          </params>
          <reporter-output>
          </reporter-output>
        </test-method> <!-- setup -->
        <test-method status="PASS" signature="tearDown(org.testng.ITestResult, java.lang.reflect.Method)[pri:0, instance:maintest.SPcasereg@653222]" name="tearDown" is-config="true" duration-ms="1" started-at="2018-10-16T14:18:13Z" finished-at="2018-10-16T14:18:13Z">
          <params>
            <param index="0">
              <value>
                <![CDATA[[TestResult name=TC_SPDOC_007 status=SUCCESS method=SPcasereg.TC_SPDOC_007()[pri:0, instance:maintest.SPcasereg@653222] output=Test Method resides in maintest.SPcasereg]]]>
              </value>
            </param>
            <param index="1">
              <value>
                <![CDATA[public void maintest.SPcasereg.TC_SPDOC_007() throws java.lang.Exception]]>
              </value>
            </param>
          </params>
          <reporter-output>
          </reporter-output>
        </test-method> <!-- tearDown -->
        <test-method status="PASS" signature="setup(java.lang.reflect.Method)[pri:0, instance:maintest.SPcasereg@653222]" name="setup" is-config="true" duration-ms="1" started-at="2018-10-16T14:18:13Z" finished-at="2018-10-16T14:18:13Z">
          <params>
            <param index="0">
              <value>
                <![CDATA[public void maintest.SPcasereg.TC_SPDOC_008() throws java.lang.Exception]]>
              </value>
            </param>
          </params>
          <reporter-output>
          </reporter-output>
        </test-method> <!-- setup -->
        <test-method status="PASS" signature="TC_SPDOC_008()[pri:0, instance:maintest.SPcasereg@653222]" name="TC_SPDOC_008" duration-ms="7165" started-at="2018-10-16T14:18:13Z" depends-on-methods="maintest.SPcasereg.TC_SPDOC_007" finished-at="2018-10-16T14:18:21Z">
          <reporter-output>
            <line>
              <![CDATA[Test Method resides in maintest.SPcasereg]]>
            </line>
            <line>
              <![CDATA[Test Status: Pass]]>
            </line>
          </reporter-output>
        </test-method> <!-- TC_SPDOC_008 -->
        <test-method status="PASS" signature="tearDown(org.testng.ITestResult, java.lang.reflect.Method)[pri:0, instance:maintest.SPcasereg@653222]" name="tearDown" is-config="true" duration-ms="1" started-at="2018-10-16T14:18:21Z" finished-at="2018-10-16T14:18:21Z">
          <params>
            <param index="0">
              <value>
                <![CDATA[[TestResult name=TC_SPDOC_008 status=SUCCESS method=SPcasereg.TC_SPDOC_008()[pri:0, instance:maintest.SPcasereg@653222] output=Test Method resides in maintest.SPcasereg]]]>
              </value>
            </param>
            <param index="1">
              <value>
                <![CDATA[public void maintest.SPcasereg.TC_SPDOC_008() throws java.lang.Exception]]>
              </value>
            </param>
          </params>
          <reporter-output>
          </reporter-output>
        </test-method> <!-- tearDown -->
        <test-method status="PASS" signature="teardown()[pri:0, instance:maintest.SPcasereg@653222]" name="teardown" is-config="true" duration-ms="664" started-at="2018-10-16T14:18:21Z" finished-at="2018-10-16T14:18:21Z">
          <reporter-output>
          </reporter-output>
        </test-method> <!-- teardown -->
        <test-method status="PASS" signature="afterSuite()[pri:0, instance:maintest.SPcasereg@653222]" name="afterSuite" is-config="true" duration-ms="378" started-at="2018-10-16T14:18:21Z" finished-at="2018-10-16T14:18:22Z">
          <reporter-output>
          </reporter-output>
        </test-method> <!-- afterSuite -->
      </class> <!-- maintest.SPcasereg -->
    </test> <!-- insuff -->
  </suite> <!-- regression testing -->
</testng-results>
