<?xml version="1.0" encoding="UTF-8"?>
<testng-results skipped="0" failed="0" ignored="1" total="41" passed="40">
  <reporter-output>
    <line>
      <![CDATA[About to begin executing Test FullFlow]]>
    </line>
    <line>
      <![CDATA[Test Method resides in maintest.ClientCaseReg]]>
    </line>
    <line>
      <![CDATA[Test Status: Pass]]>
    </line>
    <line>
      <![CDATA[Test Method resides in maintest.ClientCaseReg]]>
    </line>
    <line>
      <![CDATA[Test Status: Pass]]>
    </line>
    <line>
      <![CDATA[Test Method resides in maintest.ClientCaseReg]]>
    </line>
    <line>
      <![CDATA[Test Status: Pass]]>
    </line>
    <line>
      <![CDATA[Test Method resides in maintest.ClientCaseReg]]>
    </line>
    <line>
      <![CDATA[Test Status: Pass]]>
    </line>
    <line>
      <![CDATA[Test Method resides in maintest.ClientCaseReg]]>
    </line>
    <line>
      <![CDATA[Test Status: Pass]]>
    </line>
    <line>
      <![CDATA[Test Method resides in maintest.ClientCaseReg]]>
    </line>
    <line>
      <![CDATA[Test Status: Pass]]>
    </line>
    <line>
      <![CDATA[Test Method resides in maintest.ClientCaseReg]]>
    </line>
    <line>
      <![CDATA[Test Status: Pass]]>
    </line>
    <line>
      <![CDATA[Test Method resides in maintest.ClientCaseReg]]>
    </line>
    <line>
      <![CDATA[Test Status: Pass]]>
    </line>
    <line>
      <![CDATA[Test Method resides in maintest.ClientCaseReg]]>
    </line>
    <line>
      <![CDATA[Test Status: Pass]]>
    </line>
    <line>
      <![CDATA[Test Method resides in maintest.ClientCaseReg]]>
    </line>
    <line>
      <![CDATA[Test Status: Pass]]>
    </line>
    <line>
      <![CDATA[Test Method resides in maintest.ClientCaseReg]]>
    </line>
    <line>
      <![CDATA[Test Status: Pass]]>
    </line>
    <line>
      <![CDATA[Test Method resides in maintest.ClientCaseReg]]>
    </line>
    <line>
      <![CDATA[Test Status: Pass]]>
    </line>
    <line>
      <![CDATA[Test Method resides in maintest.ClientCaseReg]]>
    </line>
    <line>
      <![CDATA[Test Status: Pass]]>
    </line>
    <line>
      <![CDATA[Test Method resides in maintest.ClientCaseReg]]>
    </line>
    <line>
      <![CDATA[Test Status: Pass]]>
    </line>
    <line>
      <![CDATA[Test Method resides in maintest.ClientCaseReg]]>
    </line>
    <line>
      <![CDATA[Test Status: Pass]]>
    </line>
    <line>
      <![CDATA[Test Method resides in maintest.ClientCaseReg]]>
    </line>
    <line>
      <![CDATA[Test Status: Pass]]>
    </line>
    <line>
      <![CDATA[Test Method resides in maintest.ClientCaseReg]]>
    </line>
    <line>
      <![CDATA[Test Status: Pass]]>
    </line>
    <line>
      <![CDATA[Test Method resides in maintest.ClientCaseReg]]>
    </line>
    <line>
      <![CDATA[Test Status: Pass]]>
    </line>
    <line>
      <![CDATA[Test Method resides in maintest.ClientCaseReg]]>
    </line>
    <line>
      <![CDATA[Test Status: Pass]]>
    </line>
    <line>
      <![CDATA[Test Method resides in maintest.ClientCaseReg]]>
    </line>
    <line>
      <![CDATA[Test Status: Pass]]>
    </line>
    <line>
      <![CDATA[Test Method resides in maintest.ClientCaseReg]]>
    </line>
    <line>
      <![CDATA[Test Status: Pass]]>
    </line>
    <line>
      <![CDATA[Test Method resides in maintest.ClientCaseReg]]>
    </line>
    <line>
      <![CDATA[Test Status: Pass]]>
    </line>
    <line>
      <![CDATA[Test Method resides in maintest.ClientCaseReg]]>
    </line>
    <line>
      <![CDATA[Test Status: Pass]]>
    </line>
    <line>
      <![CDATA[Test Method resides in maintest.ClientCaseReg]]>
    </line>
    <line>
      <![CDATA[Test Status: Pass]]>
    </line>
    <line>
      <![CDATA[Test Method resides in maintest.ClientCaseReg]]>
    </line>
    <line>
      <![CDATA[Test Status: Pass]]>
    </line>
    <line>
      <![CDATA[Test Method resides in maintest.ClientCaseReg]]>
    </line>
    <line>
      <![CDATA[Test Status: Pass]]>
    </line>
    <line>
      <![CDATA[Test Method resides in maintest.ClientCaseReg]]>
    </line>
    <line>
      <![CDATA[Test Status: Pass]]>
    </line>
    <line>
      <![CDATA[Test Method resides in maintest.ClientCaseReg]]>
    </line>
    <line>
      <![CDATA[Test Status: Pass]]>
    </line>
    <line>
      <![CDATA[Test Method resides in maintest.ClientCaseReg]]>
    </line>
    <line>
      <![CDATA[Test Status: Pass]]>
    </line>
    <line>
      <![CDATA[Test Method resides in maintest.ClientCaseReg]]>
    </line>
    <line>
      <![CDATA[Test Status: Pass]]>
    </line>
    <line>
      <![CDATA[Test Method resides in maintest.ClientCaseReg]]>
    </line>
    <line>
      <![CDATA[Test Status: Pass]]>
    </line>
    <line>
      <![CDATA[Test Method resides in maintest.ClientCaseReg]]>
    </line>
    <line>
      <![CDATA[Test Status: Pass]]>
    </line>
    <line>
      <![CDATA[Test Method resides in maintest.ClientCaseReg]]>
    </line>
    <line>
      <![CDATA[Test Status: Pass]]>
    </line>
    <line>
      <![CDATA[Test Method resides in maintest.ClientCaseReg]]>
    </line>
    <line>
      <![CDATA[Test Status: Pass]]>
    </line>
    <line>
      <![CDATA[Test Method resides in maintest.ClientCaseReg]]>
    </line>
    <line>
      <![CDATA[Test Status: Pass]]>
    </line>
    <line>
      <![CDATA[Test Method resides in maintest.ClientCaseReg]]>
    </line>
    <line>
      <![CDATA[Test Status: Pass]]>
    </line>
    <line>
      <![CDATA[Test Method resides in maintest.ClientCaseReg]]>
    </line>
    <line>
      <![CDATA[Test Status: Pass]]>
    </line>
    <line>
      <![CDATA[Test Method resides in maintest.ClientCaseReg]]>
    </line>
    <line>
      <![CDATA[Test Status: Pass]]>
    </line>
    <line>
      <![CDATA[Test Method resides in maintest.ClientCaseReg]]>
    </line>
    <line>
      <![CDATA[Test Status: Pass]]>
    </line>
    <line>
      <![CDATA[Test Method resides in maintest.ClientCaseReg]]>
    </line>
    <line>
      <![CDATA[Test Status: Pass]]>
    </line>
  </reporter-output>
  <suite name="regression testing" duration-ms="3012875" started-at="2018-11-14T06:50:04Z" finished-at="2018-11-14T07:40:17Z">
    <groups>
    </groups>
    <test name="FullFlow" duration-ms="3012875" started-at="2018-11-14T06:50:04Z" finished-at="2018-11-14T07:40:17Z">
      <class name="maintest.ClientCaseReg">
        <test-method status="PASS" signature="beforeSuit()[pri:0, instance:maintest.ClientCaseReg@f777e8]" name="beforeSuit" is-config="true" duration-ms="156" started-at="2018-11-14T06:50:04Z" finished-at="2018-11-14T06:50:04Z">
          <reporter-output>
          </reporter-output>
        </test-method> <!-- beforeSuit -->
        <test-method status="PASS" signature="beforetest()[pri:0, instance:maintest.ClientCaseReg@f777e8]" name="beforetest" is-config="true" duration-ms="4685" started-at="2018-11-14T06:50:04Z" finished-at="2018-11-14T06:50:09Z">
          <reporter-output>
          </reporter-output>
        </test-method> <!-- beforetest -->
        <test-method status="PASS" signature="setup(java.lang.reflect.Method)[pri:0, instance:maintest.ClientCaseReg@f777e8]" name="setup" is-config="true" duration-ms="16" started-at="2018-11-14T06:50:09Z" finished-at="2018-11-14T06:50:09Z">
          <params>
            <param index="0">
              <value>
                <![CDATA[public void maintest.ClientCaseReg.login() throws java.lang.Exception]]>
              </value>
            </param>
          </params>
          <reporter-output>
          </reporter-output>
        </test-method> <!-- setup -->
        <test-method status="PASS" signature="login()[pri:1, instance:maintest.ClientCaseReg@f777e8]" name="login" duration-ms="6305" started-at="2018-11-14T06:50:09Z" finished-at="2018-11-14T06:50:15Z">
          <reporter-output>
            <line>
              <![CDATA[Test Method resides in maintest.ClientCaseReg]]>
            </line>
            <line>
              <![CDATA[Test Status: Pass]]>
            </line>
          </reporter-output>
        </test-method> <!-- login -->
        <test-method status="PASS" signature="tearDown(org.testng.ITestResult, java.lang.reflect.Method)[pri:0, instance:maintest.ClientCaseReg@f777e8]" name="tearDown" is-config="true" duration-ms="0" started-at="2018-11-14T06:50:15Z" finished-at="2018-11-14T06:50:15Z">
          <params>
            <param index="0">
              <value>
                <![CDATA[[TestResult name=login status=SUCCESS method=ClientCaseReg.login()[pri:1, instance:maintest.ClientCaseReg@f777e8] output=Test Method resides in maintest.ClientCaseReg]]]>
              </value>
            </param>
            <param index="1">
              <value>
                <![CDATA[public void maintest.ClientCaseReg.login() throws java.lang.Exception]]>
              </value>
            </param>
          </params>
          <reporter-output>
          </reporter-output>
        </test-method> <!-- tearDown -->
        <test-method status="PASS" signature="caseregistration()[pri:2, instance:maintest.ClientCaseReg@f777e8]" name="caseregistration" duration-ms="104394" started-at="2018-11-14T06:50:15Z" depends-on-methods="maintest.ClientCaseReg.login" finished-at="2018-11-14T06:52:00Z">
          <reporter-output>
            <line>
              <![CDATA[Test Method resides in maintest.ClientCaseReg]]>
            </line>
            <line>
              <![CDATA[Test Status: Pass]]>
            </line>
          </reporter-output>
        </test-method> <!-- caseregistration -->
        <test-method status="PASS" signature="setup(java.lang.reflect.Method)[pri:0, instance:maintest.ClientCaseReg@f777e8]" name="setup" is-config="true" duration-ms="0" started-at="2018-11-14T06:50:15Z" finished-at="2018-11-14T06:50:15Z">
          <params>
            <param index="0">
              <value>
                <![CDATA[public void maintest.ClientCaseReg.caseregistration() throws java.lang.Exception]]>
              </value>
            </param>
          </params>
          <reporter-output>
          </reporter-output>
        </test-method> <!-- setup -->
        <test-method status="PASS" signature="tearDown(org.testng.ITestResult, java.lang.reflect.Method)[pri:0, instance:maintest.ClientCaseReg@f777e8]" name="tearDown" is-config="true" duration-ms="0" started-at="2018-11-14T06:52:00Z" finished-at="2018-11-14T06:52:00Z">
          <params>
            <param index="0">
              <value>
                <![CDATA[[TestResult name=caseregistration status=SUCCESS method=ClientCaseReg.caseregistration()[pri:2, instance:maintest.ClientCaseReg@f777e8] output=Test Method resides in maintest.ClientCaseReg]]]>
              </value>
            </param>
            <param index="1">
              <value>
                <![CDATA[public void maintest.ClientCaseReg.caseregistration() throws java.lang.Exception]]>
              </value>
            </param>
          </params>
          <reporter-output>
          </reporter-output>
        </test-method> <!-- tearDown -->
        <test-method status="PASS" signature="setup(java.lang.reflect.Method)[pri:0, instance:maintest.ClientCaseReg@f777e8]" name="setup" is-config="true" duration-ms="0" started-at="2018-11-14T06:52:00Z" finished-at="2018-11-14T06:52:00Z">
          <params>
            <param index="0">
              <value>
                <![CDATA[public void maintest.ClientCaseReg.dataEntryAssign() throws java.lang.Exception]]>
              </value>
            </param>
          </params>
          <reporter-output>
          </reporter-output>
        </test-method> <!-- setup -->
        <test-method status="PASS" signature="dataEntryAssign()[pri:3, instance:maintest.ClientCaseReg@f777e8]" name="dataEntryAssign" duration-ms="78826" started-at="2018-11-14T06:52:00Z" depends-on-methods="maintest.ClientCaseReg.caseregistration" finished-at="2018-11-14T06:53:18Z">
          <reporter-output>
            <line>
              <![CDATA[Test Method resides in maintest.ClientCaseReg]]>
            </line>
            <line>
              <![CDATA[Test Status: Pass]]>
            </line>
          </reporter-output>
        </test-method> <!-- dataEntryAssign -->
        <test-method status="PASS" signature="tearDown(org.testng.ITestResult, java.lang.reflect.Method)[pri:0, instance:maintest.ClientCaseReg@f777e8]" name="tearDown" is-config="true" duration-ms="0" started-at="2018-11-14T06:53:18Z" finished-at="2018-11-14T06:53:18Z">
          <params>
            <param index="0">
              <value>
                <![CDATA[[TestResult name=dataEntryAssign status=SUCCESS method=ClientCaseReg.dataEntryAssign()[pri:3, instance:maintest.ClientCaseReg@f777e8] output=Test Method resides in maintest.ClientCaseReg]]]>
              </value>
            </param>
            <param index="1">
              <value>
                <![CDATA[public void maintest.ClientCaseReg.dataEntryAssign() throws java.lang.Exception]]>
              </value>
            </param>
          </params>
          <reporter-output>
          </reporter-output>
        </test-method> <!-- tearDown -->
        <test-method status="PASS" signature="dataEntry()[pri:4, instance:maintest.ClientCaseReg@f777e8]" name="dataEntry" duration-ms="502622" started-at="2018-11-14T06:53:18Z" depends-on-methods="maintest.ClientCaseReg.dataEntryAssign" finished-at="2018-11-14T07:01:41Z">
          <reporter-output>
            <line>
              <![CDATA[Test Method resides in maintest.ClientCaseReg]]>
            </line>
            <line>
              <![CDATA[Test Status: Pass]]>
            </line>
          </reporter-output>
        </test-method> <!-- dataEntry -->
        <test-method status="PASS" signature="setup(java.lang.reflect.Method)[pri:0, instance:maintest.ClientCaseReg@f777e8]" name="setup" is-config="true" duration-ms="0" started-at="2018-11-14T06:53:18Z" finished-at="2018-11-14T06:53:18Z">
          <params>
            <param index="0">
              <value>
                <![CDATA[public void maintest.ClientCaseReg.dataEntry() throws java.lang.Exception]]>
              </value>
            </param>
          </params>
          <reporter-output>
          </reporter-output>
        </test-method> <!-- setup -->
        <test-method status="PASS" signature="setup(java.lang.reflect.Method)[pri:0, instance:maintest.ClientCaseReg@f777e8]" name="setup" is-config="true" duration-ms="0" started-at="2018-11-14T07:01:41Z" finished-at="2018-11-14T07:01:41Z">
          <params>
            <param index="0">
              <value>
                <![CDATA[public void maintest.ClientCaseReg.dataEntryQCAssign() throws java.lang.Exception]]>
              </value>
            </param>
          </params>
          <reporter-output>
          </reporter-output>
        </test-method> <!-- setup -->
        <test-method status="PASS" signature="tearDown(org.testng.ITestResult, java.lang.reflect.Method)[pri:0, instance:maintest.ClientCaseReg@f777e8]" name="tearDown" is-config="true" duration-ms="0" started-at="2018-11-14T07:01:41Z" finished-at="2018-11-14T07:01:41Z">
          <params>
            <param index="0">
              <value>
                <![CDATA[[TestResult name=dataEntry status=SUCCESS method=ClientCaseReg.dataEntry()[pri:4, instance:maintest.ClientCaseReg@f777e8] output=Test Method resides in maintest.ClientCaseReg]]]>
              </value>
            </param>
            <param index="1">
              <value>
                <![CDATA[public void maintest.ClientCaseReg.dataEntry() throws java.lang.Exception]]>
              </value>
            </param>
          </params>
          <reporter-output>
          </reporter-output>
        </test-method> <!-- tearDown -->
        <test-method status="PASS" signature="dataEntryQCAssign()[pri:5, instance:maintest.ClientCaseReg@f777e8]" name="dataEntryQCAssign" duration-ms="56320" started-at="2018-11-14T07:01:41Z" depends-on-methods="maintest.ClientCaseReg.dataEntry" finished-at="2018-11-14T07:02:37Z">
          <reporter-output>
            <line>
              <![CDATA[Test Method resides in maintest.ClientCaseReg]]>
            </line>
            <line>
              <![CDATA[Test Status: Pass]]>
            </line>
          </reporter-output>
        </test-method> <!-- dataEntryQCAssign -->
        <test-method status="PASS" signature="tearDown(org.testng.ITestResult, java.lang.reflect.Method)[pri:0, instance:maintest.ClientCaseReg@f777e8]" name="tearDown" is-config="true" duration-ms="1" started-at="2018-11-14T07:02:37Z" finished-at="2018-11-14T07:02:37Z">
          <params>
            <param index="0">
              <value>
                <![CDATA[[TestResult name=dataEntryQCAssign status=SUCCESS method=ClientCaseReg.dataEntryQCAssign()[pri:5, instance:maintest.ClientCaseReg@f777e8] output=Test Method resides in maintest.ClientCaseReg]]]>
              </value>
            </param>
            <param index="1">
              <value>
                <![CDATA[public void maintest.ClientCaseReg.dataEntryQCAssign() throws java.lang.Exception]]>
              </value>
            </param>
          </params>
          <reporter-output>
          </reporter-output>
        </test-method> <!-- tearDown -->
        <test-method status="PASS" signature="setup(java.lang.reflect.Method)[pri:0, instance:maintest.ClientCaseReg@f777e8]" name="setup" is-config="true" duration-ms="1" started-at="2018-11-14T07:02:37Z" finished-at="2018-11-14T07:02:37Z">
          <params>
            <param index="0">
              <value>
                <![CDATA[public void maintest.ClientCaseReg.AddressDEQC() throws java.lang.Exception]]>
              </value>
            </param>
          </params>
          <reporter-output>
          </reporter-output>
        </test-method> <!-- setup -->
        <test-method status="PASS" signature="AddressDEQC()[pri:6, instance:maintest.ClientCaseReg@f777e8]" name="AddressDEQC" duration-ms="35948" started-at="2018-11-14T07:02:37Z" depends-on-methods="maintest.ClientCaseReg.dataEntryQCAssign" finished-at="2018-11-14T07:03:13Z">
          <reporter-output>
            <line>
              <![CDATA[Test Method resides in maintest.ClientCaseReg]]>
            </line>
            <line>
              <![CDATA[Test Status: Pass]]>
            </line>
          </reporter-output>
        </test-method> <!-- AddressDEQC -->
        <test-method status="PASS" signature="tearDown(org.testng.ITestResult, java.lang.reflect.Method)[pri:0, instance:maintest.ClientCaseReg@f777e8]" name="tearDown" is-config="true" duration-ms="0" started-at="2018-11-14T07:03:13Z" finished-at="2018-11-14T07:03:13Z">
          <params>
            <param index="0">
              <value>
                <![CDATA[[TestResult name=AddressDEQC status=SUCCESS method=ClientCaseReg.AddressDEQC()[pri:6, instance:maintest.ClientCaseReg@f777e8] output=Test Method resides in maintest.ClientCaseReg]]]>
              </value>
            </param>
            <param index="1">
              <value>
                <![CDATA[public void maintest.ClientCaseReg.AddressDEQC() throws java.lang.Exception]]>
              </value>
            </param>
          </params>
          <reporter-output>
          </reporter-output>
        </test-method> <!-- tearDown -->
        <test-method status="PASS" signature="setup(java.lang.reflect.Method)[pri:0, instance:maintest.ClientCaseReg@f777e8]" name="setup" is-config="true" duration-ms="1" started-at="2018-11-14T07:03:13Z" finished-at="2018-11-14T07:03:13Z">
          <params>
            <param index="0">
              <value>
                <![CDATA[public void maintest.ClientCaseReg.EducationDEQC() throws java.lang.Exception]]>
              </value>
            </param>
          </params>
          <reporter-output>
          </reporter-output>
        </test-method> <!-- setup -->
        <test-method status="PASS" signature="EducationDEQC()[pri:7, instance:maintest.ClientCaseReg@f777e8]" name="EducationDEQC" duration-ms="28937" started-at="2018-11-14T07:03:13Z" depends-on-methods="maintest.ClientCaseReg.dataEntryQCAssign" finished-at="2018-11-14T07:03:42Z">
          <reporter-output>
            <line>
              <![CDATA[Test Method resides in maintest.ClientCaseReg]]>
            </line>
            <line>
              <![CDATA[Test Status: Pass]]>
            </line>
          </reporter-output>
        </test-method> <!-- EducationDEQC -->
        <test-method status="PASS" signature="tearDown(org.testng.ITestResult, java.lang.reflect.Method)[pri:0, instance:maintest.ClientCaseReg@f777e8]" name="tearDown" is-config="true" duration-ms="0" started-at="2018-11-14T07:03:42Z" finished-at="2018-11-14T07:03:42Z">
          <params>
            <param index="0">
              <value>
                <![CDATA[[TestResult name=EducationDEQC status=SUCCESS method=ClientCaseReg.EducationDEQC()[pri:7, instance:maintest.ClientCaseReg@f777e8] output=Test Method resides in maintest.ClientCaseReg]]]>
              </value>
            </param>
            <param index="1">
              <value>
                <![CDATA[public void maintest.ClientCaseReg.EducationDEQC() throws java.lang.Exception]]>
              </value>
            </param>
          </params>
          <reporter-output>
          </reporter-output>
        </test-method> <!-- tearDown -->
        <test-method status="PASS" signature="setup(java.lang.reflect.Method)[pri:0, instance:maintest.ClientCaseReg@f777e8]" name="setup" is-config="true" duration-ms="1" started-at="2018-11-14T07:03:42Z" finished-at="2018-11-14T07:03:42Z">
          <params>
            <param index="0">
              <value>
                <![CDATA[public void maintest.ClientCaseReg.EmploymentDEQC() throws java.lang.Exception]]>
              </value>
            </param>
          </params>
          <reporter-output>
          </reporter-output>
        </test-method> <!-- setup -->
        <test-method status="PASS" signature="EmploymentDEQC()[pri:8, instance:maintest.ClientCaseReg@f777e8]" name="EmploymentDEQC" duration-ms="27734" started-at="2018-11-14T07:03:42Z" depends-on-methods="maintest.ClientCaseReg.dataEntryQCAssign" finished-at="2018-11-14T07:04:10Z">
          <reporter-output>
            <line>
              <![CDATA[Test Method resides in maintest.ClientCaseReg]]>
            </line>
            <line>
              <![CDATA[Test Status: Pass]]>
            </line>
          </reporter-output>
        </test-method> <!-- EmploymentDEQC -->
        <test-method status="PASS" signature="tearDown(org.testng.ITestResult, java.lang.reflect.Method)[pri:0, instance:maintest.ClientCaseReg@f777e8]" name="tearDown" is-config="true" duration-ms="1" started-at="2018-11-14T07:04:10Z" finished-at="2018-11-14T07:04:10Z">
          <params>
            <param index="0">
              <value>
                <![CDATA[[TestResult name=EmploymentDEQC status=SUCCESS method=ClientCaseReg.EmploymentDEQC()[pri:8, instance:maintest.ClientCaseReg@f777e8] output=Test Method resides in maintest.ClientCaseReg]]]>
              </value>
            </param>
            <param index="1">
              <value>
                <![CDATA[public void maintest.ClientCaseReg.EmploymentDEQC() throws java.lang.Exception]]>
              </value>
            </param>
          </params>
          <reporter-output>
          </reporter-output>
        </test-method> <!-- tearDown -->
        <test-method status="PASS" signature="ReferenceDEQC()[pri:9, instance:maintest.ClientCaseReg@f777e8]" name="ReferenceDEQC" duration-ms="13210" started-at="2018-11-14T07:04:10Z" depends-on-methods="maintest.ClientCaseReg.dataEntryQCAssign" finished-at="2018-11-14T07:04:23Z">
          <reporter-output>
            <line>
              <![CDATA[Test Method resides in maintest.ClientCaseReg]]>
            </line>
            <line>
              <![CDATA[Test Status: Pass]]>
            </line>
          </reporter-output>
        </test-method> <!-- ReferenceDEQC -->
        <test-method status="PASS" signature="setup(java.lang.reflect.Method)[pri:0, instance:maintest.ClientCaseReg@f777e8]" name="setup" is-config="true" duration-ms="0" started-at="2018-11-14T07:04:10Z" finished-at="2018-11-14T07:04:10Z">
          <params>
            <param index="0">
              <value>
                <![CDATA[public void maintest.ClientCaseReg.ReferenceDEQC() throws java.lang.Exception]]>
              </value>
            </param>
          </params>
          <reporter-output>
          </reporter-output>
        </test-method> <!-- setup -->
        <test-method status="PASS" signature="tearDown(org.testng.ITestResult, java.lang.reflect.Method)[pri:0, instance:maintest.ClientCaseReg@f777e8]" name="tearDown" is-config="true" duration-ms="0" started-at="2018-11-14T07:04:23Z" finished-at="2018-11-14T07:04:23Z">
          <params>
            <param index="0">
              <value>
                <![CDATA[[TestResult name=ReferenceDEQC status=SUCCESS method=ClientCaseReg.ReferenceDEQC()[pri:9, instance:maintest.ClientCaseReg@f777e8] output=Test Method resides in maintest.ClientCaseReg]]]>
              </value>
            </param>
            <param index="1">
              <value>
                <![CDATA[public void maintest.ClientCaseReg.ReferenceDEQC() throws java.lang.Exception]]>
              </value>
            </param>
          </params>
          <reporter-output>
          </reporter-output>
        </test-method> <!-- tearDown -->
        <test-method status="PASS" signature="setup(java.lang.reflect.Method)[pri:0, instance:maintest.ClientCaseReg@f777e8]" name="setup" is-config="true" duration-ms="1" started-at="2018-11-14T07:04:23Z" finished-at="2018-11-14T07:04:23Z">
          <params>
            <param index="0">
              <value>
                <![CDATA[public void maintest.ClientCaseReg.DataBaseDEQC() throws java.lang.Exception]]>
              </value>
            </param>
          </params>
          <reporter-output>
          </reporter-output>
        </test-method> <!-- setup -->
        <test-method status="PASS" signature="DataBaseDEQC()[pri:10, instance:maintest.ClientCaseReg@f777e8]" name="DataBaseDEQC" duration-ms="13473" started-at="2018-11-14T07:04:23Z" depends-on-methods="maintest.ClientCaseReg.dataEntryQCAssign" finished-at="2018-11-14T07:04:37Z">
          <reporter-output>
            <line>
              <![CDATA[Test Method resides in maintest.ClientCaseReg]]>
            </line>
            <line>
              <![CDATA[Test Status: Pass]]>
            </line>
          </reporter-output>
        </test-method> <!-- DataBaseDEQC -->
        <test-method status="PASS" signature="tearDown(org.testng.ITestResult, java.lang.reflect.Method)[pri:0, instance:maintest.ClientCaseReg@f777e8]" name="tearDown" is-config="true" duration-ms="0" started-at="2018-11-14T07:04:37Z" finished-at="2018-11-14T07:04:37Z">
          <params>
            <param index="0">
              <value>
                <![CDATA[[TestResult name=DataBaseDEQC status=SUCCESS method=ClientCaseReg.DataBaseDEQC()[pri:10, instance:maintest.ClientCaseReg@f777e8] output=Test Method resides in maintest.ClientCaseReg]]]>
              </value>
            </param>
            <param index="1">
              <value>
                <![CDATA[public void maintest.ClientCaseReg.DataBaseDEQC() throws java.lang.Exception]]>
              </value>
            </param>
          </params>
          <reporter-output>
          </reporter-output>
        </test-method> <!-- tearDown -->
        <test-method status="PASS" signature="setup(java.lang.reflect.Method)[pri:0, instance:maintest.ClientCaseReg@f777e8]" name="setup" is-config="true" duration-ms="1" started-at="2018-11-14T07:04:37Z" finished-at="2018-11-14T07:04:37Z">
          <params>
            <param index="0">
              <value>
                <![CDATA[public void maintest.ClientCaseReg.CriminalDEQC() throws java.lang.Exception]]>
              </value>
            </param>
          </params>
          <reporter-output>
          </reporter-output>
        </test-method> <!-- setup -->
        <test-method status="PASS" signature="CriminalDEQC()[pri:11, instance:maintest.ClientCaseReg@f777e8]" name="CriminalDEQC" duration-ms="31750" started-at="2018-11-14T07:04:37Z" depends-on-methods="maintest.ClientCaseReg.dataEntryQCAssign" finished-at="2018-11-14T07:05:09Z">
          <reporter-output>
            <line>
              <![CDATA[Test Method resides in maintest.ClientCaseReg]]>
            </line>
            <line>
              <![CDATA[Test Status: Pass]]>
            </line>
          </reporter-output>
        </test-method> <!-- CriminalDEQC -->
        <test-method status="PASS" signature="tearDown(org.testng.ITestResult, java.lang.reflect.Method)[pri:0, instance:maintest.ClientCaseReg@f777e8]" name="tearDown" is-config="true" duration-ms="0" started-at="2018-11-14T07:05:09Z" finished-at="2018-11-14T07:05:09Z">
          <params>
            <param index="0">
              <value>
                <![CDATA[[TestResult name=CriminalDEQC status=SUCCESS method=ClientCaseReg.CriminalDEQC()[pri:11, instance:maintest.ClientCaseReg@f777e8] output=Test Method resides in maintest.ClientCaseReg]]]>
              </value>
            </param>
            <param index="1">
              <value>
                <![CDATA[public void maintest.ClientCaseReg.CriminalDEQC() throws java.lang.Exception]]>
              </value>
            </param>
          </params>
          <reporter-output>
          </reporter-output>
        </test-method> <!-- tearDown -->
        <test-method status="PASS" signature="setup(java.lang.reflect.Method)[pri:0, instance:maintest.ClientCaseReg@f777e8]" name="setup" is-config="true" duration-ms="1" started-at="2018-11-14T07:05:09Z" finished-at="2018-11-14T07:05:09Z">
          <params>
            <param index="0">
              <value>
                <![CDATA[public void maintest.ClientCaseReg.CreditDEQC() throws java.lang.Exception]]>
              </value>
            </param>
          </params>
          <reporter-output>
          </reporter-output>
        </test-method> <!-- setup -->
        <test-method status="PASS" signature="CreditDEQC()[pri:12, instance:maintest.ClientCaseReg@f777e8]" name="CreditDEQC" duration-ms="11895" started-at="2018-11-14T07:05:09Z" depends-on-methods="maintest.ClientCaseReg.dataEntryQCAssign" finished-at="2018-11-14T07:05:20Z">
          <reporter-output>
            <line>
              <![CDATA[Test Method resides in maintest.ClientCaseReg]]>
            </line>
            <line>
              <![CDATA[Test Status: Pass]]>
            </line>
          </reporter-output>
        </test-method> <!-- CreditDEQC -->
        <test-method status="PASS" signature="tearDown(org.testng.ITestResult, java.lang.reflect.Method)[pri:0, instance:maintest.ClientCaseReg@f777e8]" name="tearDown" is-config="true" duration-ms="1" started-at="2018-11-14T07:05:20Z" finished-at="2018-11-14T07:05:20Z">
          <params>
            <param index="0">
              <value>
                <![CDATA[[TestResult name=CreditDEQC status=SUCCESS method=ClientCaseReg.CreditDEQC()[pri:12, instance:maintest.ClientCaseReg@f777e8] output=Test Method resides in maintest.ClientCaseReg]]]>
              </value>
            </param>
            <param index="1">
              <value>
                <![CDATA[public void maintest.ClientCaseReg.CreditDEQC() throws java.lang.Exception]]>
              </value>
            </param>
          </params>
          <reporter-output>
          </reporter-output>
        </test-method> <!-- tearDown -->
        <test-method status="PASS" signature="setup(java.lang.reflect.Method)[pri:0, instance:maintest.ClientCaseReg@f777e8]" name="setup" is-config="true" duration-ms="1" started-at="2018-11-14T07:05:20Z" finished-at="2018-11-14T07:05:20Z">
          <params>
            <param index="0">
              <value>
                <![CDATA[public void maintest.ClientCaseReg.CourtDEQC() throws java.lang.Exception]]>
              </value>
            </param>
          </params>
          <reporter-output>
          </reporter-output>
        </test-method> <!-- setup -->
        <test-method status="PASS" signature="CourtDEQC()[pri:13, instance:maintest.ClientCaseReg@f777e8]" name="CourtDEQC" duration-ms="30715" started-at="2018-11-14T07:05:20Z" depends-on-methods="maintest.ClientCaseReg.dataEntryQCAssign" finished-at="2018-11-14T07:05:51Z">
          <reporter-output>
            <line>
              <![CDATA[Test Method resides in maintest.ClientCaseReg]]>
            </line>
            <line>
              <![CDATA[Test Status: Pass]]>
            </line>
          </reporter-output>
        </test-method> <!-- CourtDEQC -->
        <test-method status="PASS" signature="tearDown(org.testng.ITestResult, java.lang.reflect.Method)[pri:0, instance:maintest.ClientCaseReg@f777e8]" name="tearDown" is-config="true" duration-ms="1" started-at="2018-11-14T07:05:51Z" finished-at="2018-11-14T07:05:51Z">
          <params>
            <param index="0">
              <value>
                <![CDATA[[TestResult name=CourtDEQC status=SUCCESS method=ClientCaseReg.CourtDEQC()[pri:13, instance:maintest.ClientCaseReg@f777e8] output=Test Method resides in maintest.ClientCaseReg]]]>
              </value>
            </param>
            <param index="1">
              <value>
                <![CDATA[public void maintest.ClientCaseReg.CourtDEQC() throws java.lang.Exception]]>
              </value>
            </param>
          </params>
          <reporter-output>
          </reporter-output>
        </test-method> <!-- tearDown -->
        <test-method status="PASS" signature="setup(java.lang.reflect.Method)[pri:0, instance:maintest.ClientCaseReg@f777e8]" name="setup" is-config="true" duration-ms="1" started-at="2018-11-14T07:05:51Z" finished-at="2018-11-14T07:05:51Z">
          <params>
            <param index="0">
              <value>
                <![CDATA[public void maintest.ClientCaseReg.IdDEQC() throws java.lang.Exception]]>
              </value>
            </param>
          </params>
          <reporter-output>
          </reporter-output>
        </test-method> <!-- setup -->
        <test-method status="PASS" signature="IdDEQC()[pri:14, instance:maintest.ClientCaseReg@f777e8]" name="IdDEQC" duration-ms="26915" started-at="2018-11-14T07:05:51Z" depends-on-methods="maintest.ClientCaseReg.dataEntryQCAssign" finished-at="2018-11-14T07:06:18Z">
          <reporter-output>
            <line>
              <![CDATA[Test Method resides in maintest.ClientCaseReg]]>
            </line>
            <line>
              <![CDATA[Test Status: Pass]]>
            </line>
          </reporter-output>
        </test-method> <!-- IdDEQC -->
        <test-method status="PASS" signature="tearDown(org.testng.ITestResult, java.lang.reflect.Method)[pri:0, instance:maintest.ClientCaseReg@f777e8]" name="tearDown" is-config="true" duration-ms="1" started-at="2018-11-14T07:06:18Z" finished-at="2018-11-14T07:06:18Z">
          <params>
            <param index="0">
              <value>
                <![CDATA[[TestResult name=IdDEQC status=SUCCESS method=ClientCaseReg.IdDEQC()[pri:14, instance:maintest.ClientCaseReg@f777e8] output=Test Method resides in maintest.ClientCaseReg]]]>
              </value>
            </param>
            <param index="1">
              <value>
                <![CDATA[public void maintest.ClientCaseReg.IdDEQC() throws java.lang.Exception]]>
              </value>
            </param>
          </params>
          <reporter-output>
          </reporter-output>
        </test-method> <!-- tearDown -->
        <test-method status="PASS" signature="VerificationSupervisor()[pri:15, instance:maintest.ClientCaseReg@f777e8]" name="VerificationSupervisor" duration-ms="36760" started-at="2018-11-14T07:06:18Z" depends-on-methods="maintest.ClientCaseReg.IdDEQC" finished-at="2018-11-14T07:06:55Z">
          <reporter-output>
            <line>
              <![CDATA[Test Method resides in maintest.ClientCaseReg]]>
            </line>
            <line>
              <![CDATA[Test Status: Pass]]>
            </line>
          </reporter-output>
        </test-method> <!-- VerificationSupervisor -->
        <test-method status="PASS" signature="setup(java.lang.reflect.Method)[pri:0, instance:maintest.ClientCaseReg@f777e8]" name="setup" is-config="true" duration-ms="0" started-at="2018-11-14T07:06:18Z" finished-at="2018-11-14T07:06:18Z">
          <params>
            <param index="0">
              <value>
                <![CDATA[public void maintest.ClientCaseReg.VerificationSupervisor() throws java.lang.Exception]]>
              </value>
            </param>
          </params>
          <reporter-output>
          </reporter-output>
        </test-method> <!-- setup -->
        <test-method status="PASS" signature="tearDown(org.testng.ITestResult, java.lang.reflect.Method)[pri:0, instance:maintest.ClientCaseReg@f777e8]" name="tearDown" is-config="true" duration-ms="1" started-at="2018-11-14T07:06:55Z" finished-at="2018-11-14T07:06:55Z">
          <params>
            <param index="0">
              <value>
                <![CDATA[[TestResult name=VerificationSupervisor status=SUCCESS method=ClientCaseReg.VerificationSupervisor()[pri:15, instance:maintest.ClientCaseReg@f777e8] output=Test Method resides in maintest.ClientCaseReg]]]>
              </value>
            </param>
            <param index="1">
              <value>
                <![CDATA[public void maintest.ClientCaseReg.VerificationSupervisor() throws java.lang.Exception]]>
              </value>
            </param>
          </params>
          <reporter-output>
          </reporter-output>
        </test-method> <!-- tearDown -->
        <test-method status="PASS" signature="setup(java.lang.reflect.Method)[pri:0, instance:maintest.ClientCaseReg@f777e8]" name="setup" is-config="true" duration-ms="1" started-at="2018-11-14T07:06:55Z" finished-at="2018-11-14T07:06:55Z">
          <params>
            <param index="0">
              <value>
                <![CDATA[public void maintest.ClientCaseReg.VerificationIntiation() throws java.lang.Exception]]>
              </value>
            </param>
          </params>
          <reporter-output>
          </reporter-output>
        </test-method> <!-- setup -->
        <test-method status="PASS" signature="VerificationIntiation()[pri:16, instance:maintest.ClientCaseReg@f777e8]" name="VerificationIntiation" duration-ms="515765" started-at="2018-11-14T07:06:55Z" depends-on-methods="maintest.ClientCaseReg.VerificationSupervisor" finished-at="2018-11-14T07:15:31Z">
          <reporter-output>
            <line>
              <![CDATA[Test Method resides in maintest.ClientCaseReg]]>
            </line>
            <line>
              <![CDATA[Test Status: Pass]]>
            </line>
          </reporter-output>
        </test-method> <!-- VerificationIntiation -->
        <test-method status="PASS" signature="AddressVerification()[pri:17, instance:maintest.ClientCaseReg@f777e8]" name="AddressVerification" duration-ms="162712" started-at="2018-11-14T07:15:31Z" depends-on-methods="maintest.ClientCaseReg.VerificationIntiation" finished-at="2018-11-14T07:18:13Z">
          <reporter-output>
            <line>
              <![CDATA[Test Method resides in maintest.ClientCaseReg]]>
            </line>
            <line>
              <![CDATA[Test Status: Pass]]>
            </line>
          </reporter-output>
        </test-method> <!-- AddressVerification -->
        <test-method status="PASS" signature="tearDown(org.testng.ITestResult, java.lang.reflect.Method)[pri:0, instance:maintest.ClientCaseReg@f777e8]" name="tearDown" is-config="true" duration-ms="0" started-at="2018-11-14T07:15:31Z" finished-at="2018-11-14T07:15:31Z">
          <params>
            <param index="0">
              <value>
                <![CDATA[[TestResult name=VerificationIntiation status=SUCCESS method=ClientCaseReg.VerificationIntiation()[pri:16, instance:maintest.ClientCaseReg@f777e8] output=Test Method resides in maintest.ClientCaseReg]]]>
              </value>
            </param>
            <param index="1">
              <value>
                <![CDATA[public void maintest.ClientCaseReg.VerificationIntiation() throws java.lang.Exception]]>
              </value>
            </param>
          </params>
          <reporter-output>
          </reporter-output>
        </test-method> <!-- tearDown -->
        <test-method status="PASS" signature="setup(java.lang.reflect.Method)[pri:0, instance:maintest.ClientCaseReg@f777e8]" name="setup" is-config="true" duration-ms="0" started-at="2018-11-14T07:15:31Z" finished-at="2018-11-14T07:15:31Z">
          <params>
            <param index="0">
              <value>
                <![CDATA[public void maintest.ClientCaseReg.AddressVerification() throws java.lang.Exception]]>
              </value>
            </param>
          </params>
          <reporter-output>
          </reporter-output>
        </test-method> <!-- setup -->
        <test-method status="PASS" signature="tearDown(org.testng.ITestResult, java.lang.reflect.Method)[pri:0, instance:maintest.ClientCaseReg@f777e8]" name="tearDown" is-config="true" duration-ms="1" started-at="2018-11-14T07:18:13Z" finished-at="2018-11-14T07:18:13Z">
          <params>
            <param index="0">
              <value>
                <![CDATA[[TestResult name=AddressVerification status=SUCCESS method=ClientCaseReg.AddressVerification()[pri:17, instance:maintest.ClientCaseReg@f777e8] output=Test Method resides in maintest.ClientCaseReg]]]>
              </value>
            </param>
            <param index="1">
              <value>
                <![CDATA[public void maintest.ClientCaseReg.AddressVerification() throws java.lang.Exception]]>
              </value>
            </param>
          </params>
          <reporter-output>
          </reporter-output>
        </test-method> <!-- tearDown -->
        <test-method status="PASS" signature="setup(java.lang.reflect.Method)[pri:0, instance:maintest.ClientCaseReg@f777e8]" name="setup" is-config="true" duration-ms="1" started-at="2018-11-14T07:18:13Z" finished-at="2018-11-14T07:18:13Z">
          <params>
            <param index="0">
              <value>
                <![CDATA[public void maintest.ClientCaseReg.EducationVerification() throws java.lang.Exception]]>
              </value>
            </param>
          </params>
          <reporter-output>
          </reporter-output>
        </test-method> <!-- setup -->
        <test-method status="PASS" signature="EducationVerification()[pri:18, instance:maintest.ClientCaseReg@f777e8]" name="EducationVerification" duration-ms="108298" started-at="2018-11-14T07:18:13Z" depends-on-methods="maintest.ClientCaseReg.VerificationIntiation" finished-at="2018-11-14T07:20:02Z">
          <reporter-output>
            <line>
              <![CDATA[Test Method resides in maintest.ClientCaseReg]]>
            </line>
            <line>
              <![CDATA[Test Status: Pass]]>
            </line>
          </reporter-output>
        </test-method> <!-- EducationVerification -->
        <test-method status="PASS" signature="tearDown(org.testng.ITestResult, java.lang.reflect.Method)[pri:0, instance:maintest.ClientCaseReg@f777e8]" name="tearDown" is-config="true" duration-ms="1" started-at="2018-11-14T07:20:02Z" finished-at="2018-11-14T07:20:02Z">
          <params>
            <param index="0">
              <value>
                <![CDATA[[TestResult name=EducationVerification status=SUCCESS method=ClientCaseReg.EducationVerification()[pri:18, instance:maintest.ClientCaseReg@f777e8] output=Test Method resides in maintest.ClientCaseReg]]]>
              </value>
            </param>
            <param index="1">
              <value>
                <![CDATA[public void maintest.ClientCaseReg.EducationVerification() throws java.lang.Exception]]>
              </value>
            </param>
          </params>
          <reporter-output>
          </reporter-output>
        </test-method> <!-- tearDown -->
        <test-method status="PASS" signature="setup(java.lang.reflect.Method)[pri:0, instance:maintest.ClientCaseReg@f777e8]" name="setup" is-config="true" duration-ms="0" started-at="2018-11-14T07:20:02Z" finished-at="2018-11-14T07:20:02Z">
          <params>
            <param index="0">
              <value>
                <![CDATA[public void maintest.ClientCaseReg.EmploymentVerification() throws java.lang.Exception]]>
              </value>
            </param>
          </params>
          <reporter-output>
          </reporter-output>
        </test-method> <!-- setup -->
        <test-method status="PASS" signature="EmploymentVerification()[pri:19, instance:maintest.ClientCaseReg@f777e8]" name="EmploymentVerification" duration-ms="101433" started-at="2018-11-14T07:20:02Z" depends-on-methods="maintest.ClientCaseReg.VerificationIntiation" finished-at="2018-11-14T07:21:43Z">
          <reporter-output>
            <line>
              <![CDATA[Test Method resides in maintest.ClientCaseReg]]>
            </line>
            <line>
              <![CDATA[Test Status: Pass]]>
            </line>
          </reporter-output>
        </test-method> <!-- EmploymentVerification -->
        <test-method status="PASS" signature="tearDown(org.testng.ITestResult, java.lang.reflect.Method)[pri:0, instance:maintest.ClientCaseReg@f777e8]" name="tearDown" is-config="true" duration-ms="1" started-at="2018-11-14T07:21:43Z" finished-at="2018-11-14T07:21:43Z">
          <params>
            <param index="0">
              <value>
                <![CDATA[[TestResult name=EmploymentVerification status=SUCCESS method=ClientCaseReg.EmploymentVerification()[pri:19, instance:maintest.ClientCaseReg@f777e8] output=Test Method resides in maintest.ClientCaseReg]]]>
              </value>
            </param>
            <param index="1">
              <value>
                <![CDATA[public void maintest.ClientCaseReg.EmploymentVerification() throws java.lang.Exception]]>
              </value>
            </param>
          </params>
          <reporter-output>
          </reporter-output>
        </test-method> <!-- tearDown -->
        <test-method status="PASS" signature="ReferenceVerification()[pri:20, instance:maintest.ClientCaseReg@f777e8]" name="ReferenceVerification" duration-ms="54685" started-at="2018-11-14T07:21:43Z" depends-on-methods="maintest.ClientCaseReg.VerificationIntiation" finished-at="2018-11-14T07:22:38Z">
          <reporter-output>
            <line>
              <![CDATA[Test Method resides in maintest.ClientCaseReg]]>
            </line>
            <line>
              <![CDATA[Test Status: Pass]]>
            </line>
          </reporter-output>
        </test-method> <!-- ReferenceVerification -->
        <test-method status="PASS" signature="setup(java.lang.reflect.Method)[pri:0, instance:maintest.ClientCaseReg@f777e8]" name="setup" is-config="true" duration-ms="0" started-at="2018-11-14T07:21:43Z" finished-at="2018-11-14T07:21:43Z">
          <params>
            <param index="0">
              <value>
                <![CDATA[public void maintest.ClientCaseReg.ReferenceVerification() throws java.lang.Exception]]>
              </value>
            </param>
          </params>
          <reporter-output>
          </reporter-output>
        </test-method> <!-- setup -->
        <test-method status="PASS" signature="tearDown(org.testng.ITestResult, java.lang.reflect.Method)[pri:0, instance:maintest.ClientCaseReg@f777e8]" name="tearDown" is-config="true" duration-ms="1" started-at="2018-11-14T07:22:38Z" finished-at="2018-11-14T07:22:38Z">
          <params>
            <param index="0">
              <value>
                <![CDATA[[TestResult name=ReferenceVerification status=SUCCESS method=ClientCaseReg.ReferenceVerification()[pri:20, instance:maintest.ClientCaseReg@f777e8] output=Test Method resides in maintest.ClientCaseReg]]]>
              </value>
            </param>
            <param index="1">
              <value>
                <![CDATA[public void maintest.ClientCaseReg.ReferenceVerification() throws java.lang.Exception]]>
              </value>
            </param>
          </params>
          <reporter-output>
          </reporter-output>
        </test-method> <!-- tearDown -->
        <test-method status="PASS" signature="setup(java.lang.reflect.Method)[pri:0, instance:maintest.ClientCaseReg@f777e8]" name="setup" is-config="true" duration-ms="1" started-at="2018-11-14T07:22:38Z" finished-at="2018-11-14T07:22:38Z">
          <params>
            <param index="0">
              <value>
                <![CDATA[public void maintest.ClientCaseReg.DatabaseVerification() throws java.lang.Exception]]>
              </value>
            </param>
          </params>
          <reporter-output>
          </reporter-output>
        </test-method> <!-- setup -->
        <test-method status="PASS" signature="DatabaseVerification()[pri:21, instance:maintest.ClientCaseReg@f777e8]" name="DatabaseVerification" duration-ms="67731" started-at="2018-11-14T07:22:38Z" depends-on-methods="maintest.ClientCaseReg.VerificationIntiation" finished-at="2018-11-14T07:23:45Z">
          <reporter-output>
            <line>
              <![CDATA[Test Method resides in maintest.ClientCaseReg]]>
            </line>
            <line>
              <![CDATA[Test Status: Pass]]>
            </line>
          </reporter-output>
        </test-method> <!-- DatabaseVerification -->
        <test-method status="PASS" signature="tearDown(org.testng.ITestResult, java.lang.reflect.Method)[pri:0, instance:maintest.ClientCaseReg@f777e8]" name="tearDown" is-config="true" duration-ms="1" started-at="2018-11-14T07:23:45Z" finished-at="2018-11-14T07:23:45Z">
          <params>
            <param index="0">
              <value>
                <![CDATA[[TestResult name=DatabaseVerification status=SUCCESS method=ClientCaseReg.DatabaseVerification()[pri:21, instance:maintest.ClientCaseReg@f777e8] output=Test Method resides in maintest.ClientCaseReg]]]>
              </value>
            </param>
            <param index="1">
              <value>
                <![CDATA[public void maintest.ClientCaseReg.DatabaseVerification() throws java.lang.Exception]]>
              </value>
            </param>
          </params>
          <reporter-output>
          </reporter-output>
        </test-method> <!-- tearDown -->
        <test-method status="PASS" signature="setup(java.lang.reflect.Method)[pri:0, instance:maintest.ClientCaseReg@f777e8]" name="setup" is-config="true" duration-ms="1" started-at="2018-11-14T07:23:45Z" finished-at="2018-11-14T07:23:45Z">
          <params>
            <param index="0">
              <value>
                <![CDATA[public void maintest.ClientCaseReg.CriminalVerification() throws java.lang.Exception]]>
              </value>
            </param>
          </params>
          <reporter-output>
          </reporter-output>
        </test-method> <!-- setup -->
        <test-method status="PASS" signature="CriminalVerification()[pri:22, instance:maintest.ClientCaseReg@f777e8]" name="CriminalVerification" duration-ms="95769" started-at="2018-11-14T07:23:45Z" depends-on-methods="maintest.ClientCaseReg.VerificationIntiation" finished-at="2018-11-14T07:25:21Z">
          <reporter-output>
            <line>
              <![CDATA[Test Method resides in maintest.ClientCaseReg]]>
            </line>
            <line>
              <![CDATA[Test Status: Pass]]>
            </line>
          </reporter-output>
        </test-method> <!-- CriminalVerification -->
        <test-method status="PASS" signature="tearDown(org.testng.ITestResult, java.lang.reflect.Method)[pri:0, instance:maintest.ClientCaseReg@f777e8]" name="tearDown" is-config="true" duration-ms="0" started-at="2018-11-14T07:25:21Z" finished-at="2018-11-14T07:25:21Z">
          <params>
            <param index="0">
              <value>
                <![CDATA[[TestResult name=CriminalVerification status=SUCCESS method=ClientCaseReg.CriminalVerification()[pri:22, instance:maintest.ClientCaseReg@f777e8] output=Test Method resides in maintest.ClientCaseReg]]]>
              </value>
            </param>
            <param index="1">
              <value>
                <![CDATA[public void maintest.ClientCaseReg.CriminalVerification() throws java.lang.Exception]]>
              </value>
            </param>
          </params>
          <reporter-output>
          </reporter-output>
        </test-method> <!-- tearDown -->
        <test-method status="PASS" signature="CreditVerification()[pri:23, instance:maintest.ClientCaseReg@f777e8]" name="CreditVerification" duration-ms="53096" started-at="2018-11-14T07:25:21Z" depends-on-methods="maintest.ClientCaseReg.VerificationIntiation" finished-at="2018-11-14T07:26:14Z">
          <reporter-output>
            <line>
              <![CDATA[Test Method resides in maintest.ClientCaseReg]]>
            </line>
            <line>
              <![CDATA[Test Status: Pass]]>
            </line>
          </reporter-output>
        </test-method> <!-- CreditVerification -->
        <test-method status="PASS" signature="setup(java.lang.reflect.Method)[pri:0, instance:maintest.ClientCaseReg@f777e8]" name="setup" is-config="true" duration-ms="0" started-at="2018-11-14T07:25:21Z" finished-at="2018-11-14T07:25:21Z">
          <params>
            <param index="0">
              <value>
                <![CDATA[public void maintest.ClientCaseReg.CreditVerification() throws java.lang.Exception]]>
              </value>
            </param>
          </params>
          <reporter-output>
          </reporter-output>
        </test-method> <!-- setup -->
        <test-method status="PASS" signature="tearDown(org.testng.ITestResult, java.lang.reflect.Method)[pri:0, instance:maintest.ClientCaseReg@f777e8]" name="tearDown" is-config="true" duration-ms="1" started-at="2018-11-14T07:26:14Z" finished-at="2018-11-14T07:26:14Z">
          <params>
            <param index="0">
              <value>
                <![CDATA[[TestResult name=CreditVerification status=SUCCESS method=ClientCaseReg.CreditVerification()[pri:23, instance:maintest.ClientCaseReg@f777e8] output=Test Method resides in maintest.ClientCaseReg]]]>
              </value>
            </param>
            <param index="1">
              <value>
                <![CDATA[public void maintest.ClientCaseReg.CreditVerification() throws java.lang.Exception]]>
              </value>
            </param>
          </params>
          <reporter-output>
          </reporter-output>
        </test-method> <!-- tearDown -->
        <test-method status="PASS" signature="setup(java.lang.reflect.Method)[pri:0, instance:maintest.ClientCaseReg@f777e8]" name="setup" is-config="true" duration-ms="0" started-at="2018-11-14T07:26:14Z" finished-at="2018-11-14T07:26:14Z">
          <params>
            <param index="0">
              <value>
                <![CDATA[public void maintest.ClientCaseReg.CourtVerification() throws java.lang.Exception]]>
              </value>
            </param>
          </params>
          <reporter-output>
          </reporter-output>
        </test-method> <!-- setup -->
        <test-method status="PASS" signature="CourtVerification()[pri:24, instance:maintest.ClientCaseReg@f777e8]" name="CourtVerification" duration-ms="107304" started-at="2018-11-14T07:26:14Z" depends-on-methods="maintest.ClientCaseReg.VerificationIntiation" finished-at="2018-11-14T07:28:02Z">
          <reporter-output>
            <line>
              <![CDATA[Test Method resides in maintest.ClientCaseReg]]>
            </line>
            <line>
              <![CDATA[Test Status: Pass]]>
            </line>
          </reporter-output>
        </test-method> <!-- CourtVerification -->
        <test-method status="PASS" signature="tearDown(org.testng.ITestResult, java.lang.reflect.Method)[pri:0, instance:maintest.ClientCaseReg@f777e8]" name="tearDown" is-config="true" duration-ms="0" started-at="2018-11-14T07:28:02Z" finished-at="2018-11-14T07:28:02Z">
          <params>
            <param index="0">
              <value>
                <![CDATA[[TestResult name=CourtVerification status=SUCCESS method=ClientCaseReg.CourtVerification()[pri:24, instance:maintest.ClientCaseReg@f777e8] output=Test Method resides in maintest.ClientCaseReg]]]>
              </value>
            </param>
            <param index="1">
              <value>
                <![CDATA[public void maintest.ClientCaseReg.CourtVerification() throws java.lang.Exception]]>
              </value>
            </param>
          </params>
          <reporter-output>
          </reporter-output>
        </test-method> <!-- tearDown -->
        <test-method status="PASS" signature="setup(java.lang.reflect.Method)[pri:0, instance:maintest.ClientCaseReg@f777e8]" name="setup" is-config="true" duration-ms="1" started-at="2018-11-14T07:28:02Z" finished-at="2018-11-14T07:28:02Z">
          <params>
            <param index="0">
              <value>
                <![CDATA[public void maintest.ClientCaseReg.IDVerification() throws java.lang.Exception]]>
              </value>
            </param>
          </params>
          <reporter-output>
          </reporter-output>
        </test-method> <!-- setup -->
        <test-method status="PASS" signature="IDVerification()[pri:25, instance:maintest.ClientCaseReg@f777e8]" name="IDVerification" duration-ms="88901" started-at="2018-11-14T07:28:02Z" depends-on-methods="maintest.ClientCaseReg.VerificationIntiation" finished-at="2018-11-14T07:29:31Z">
          <reporter-output>
            <line>
              <![CDATA[Test Method resides in maintest.ClientCaseReg]]>
            </line>
            <line>
              <![CDATA[Test Status: Pass]]>
            </line>
          </reporter-output>
        </test-method> <!-- IDVerification -->
        <test-method status="PASS" signature="tearDown(org.testng.ITestResult, java.lang.reflect.Method)[pri:0, instance:maintest.ClientCaseReg@f777e8]" name="tearDown" is-config="true" duration-ms="1" started-at="2018-11-14T07:29:31Z" finished-at="2018-11-14T07:29:31Z">
          <params>
            <param index="0">
              <value>
                <![CDATA[[TestResult name=IDVerification status=SUCCESS method=ClientCaseReg.IDVerification()[pri:25, instance:maintest.ClientCaseReg@f777e8] output=Test Method resides in maintest.ClientCaseReg]]]>
              </value>
            </param>
            <param index="1">
              <value>
                <![CDATA[public void maintest.ClientCaseReg.IDVerification() throws java.lang.Exception]]>
              </value>
            </param>
          </params>
          <reporter-output>
          </reporter-output>
        </test-method> <!-- tearDown -->
        <test-method status="PASS" signature="setup(java.lang.reflect.Method)[pri:0, instance:maintest.ClientCaseReg@f777e8]" name="setup" is-config="true" duration-ms="1" started-at="2018-11-14T07:29:31Z" finished-at="2018-11-14T07:29:31Z">
          <params>
            <param index="0">
              <value>
                <![CDATA[public void maintest.ClientCaseReg.DrugVerification() throws java.lang.Exception]]>
              </value>
            </param>
          </params>
          <reporter-output>
          </reporter-output>
        </test-method> <!-- setup -->
        <test-method status="PASS" signature="DrugVerification()[pri:26, instance:maintest.ClientCaseReg@f777e8]" name="DrugVerification" duration-ms="66595" started-at="2018-11-14T07:29:31Z" depends-on-methods="maintest.ClientCaseReg.VerificationIntiation" finished-at="2018-11-14T07:30:37Z">
          <reporter-output>
            <line>
              <![CDATA[Test Method resides in maintest.ClientCaseReg]]>
            </line>
            <line>
              <![CDATA[Test Status: Pass]]>
            </line>
          </reporter-output>
        </test-method> <!-- DrugVerification -->
        <test-method status="PASS" signature="tearDown(org.testng.ITestResult, java.lang.reflect.Method)[pri:0, instance:maintest.ClientCaseReg@f777e8]" name="tearDown" is-config="true" duration-ms="1" started-at="2018-11-14T07:30:37Z" finished-at="2018-11-14T07:30:37Z">
          <params>
            <param index="0">
              <value>
                <![CDATA[[TestResult name=DrugVerification status=SUCCESS method=ClientCaseReg.DrugVerification()[pri:26, instance:maintest.ClientCaseReg@f777e8] output=Test Method resides in maintest.ClientCaseReg]]]>
              </value>
            </param>
            <param index="1">
              <value>
                <![CDATA[public void maintest.ClientCaseReg.DrugVerification() throws java.lang.Exception]]>
              </value>
            </param>
          </params>
          <reporter-output>
          </reporter-output>
        </test-method> <!-- tearDown -->
        <test-method status="PASS" signature="ReportGenerationSupervision()[pri:27, instance:maintest.ClientCaseReg@f777e8]" name="ReportGenerationSupervision" duration-ms="63529" started-at="2018-11-14T07:30:37Z" depends-on-methods="maintest.ClientCaseReg.DrugVerification" finished-at="2018-11-14T07:31:41Z">
          <reporter-output>
            <line>
              <![CDATA[Test Method resides in maintest.ClientCaseReg]]>
            </line>
            <line>
              <![CDATA[Test Status: Pass]]>
            </line>
          </reporter-output>
        </test-method> <!-- ReportGenerationSupervision -->
        <test-method status="PASS" signature="setup(java.lang.reflect.Method)[pri:0, instance:maintest.ClientCaseReg@f777e8]" name="setup" is-config="true" duration-ms="0" started-at="2018-11-14T07:30:37Z" finished-at="2018-11-14T07:30:37Z">
          <params>
            <param index="0">
              <value>
                <![CDATA[public void maintest.ClientCaseReg.ReportGenerationSupervision() throws java.lang.Exception]]>
              </value>
            </param>
          </params>
          <reporter-output>
          </reporter-output>
        </test-method> <!-- setup -->
        <test-method status="PASS" signature="tearDown(org.testng.ITestResult, java.lang.reflect.Method)[pri:0, instance:maintest.ClientCaseReg@f777e8]" name="tearDown" is-config="true" duration-ms="1" started-at="2018-11-14T07:31:41Z" finished-at="2018-11-14T07:31:41Z">
          <params>
            <param index="0">
              <value>
                <![CDATA[[TestResult name=ReportGenerationSupervision status=SUCCESS method=ClientCaseReg.ReportGenerationSupervision()[pri:27, instance:maintest.ClientCaseReg@f777e8] output=Test Method resides in maintest.ClientCaseReg]]]>
              </value>
            </param>
            <param index="1">
              <value>
                <![CDATA[public void maintest.ClientCaseReg.ReportGenerationSupervision() throws java.lang.Exception]]>
              </value>
            </param>
          </params>
          <reporter-output>
          </reporter-output>
        </test-method> <!-- tearDown -->
        <test-method status="PASS" signature="setup(java.lang.reflect.Method)[pri:0, instance:maintest.ClientCaseReg@f777e8]" name="setup" is-config="true" duration-ms="1" started-at="2018-11-14T07:31:41Z" finished-at="2018-11-14T07:31:41Z">
          <params>
            <param index="0">
              <value>
                <![CDATA[public void maintest.ClientCaseReg.AddressReportGeneration() throws java.lang.Exception]]>
              </value>
            </param>
          </params>
          <reporter-output>
          </reporter-output>
        </test-method> <!-- setup -->
        <test-method status="PASS" signature="AddressReportGeneration()[pri:28, instance:maintest.ClientCaseReg@f777e8]" name="AddressReportGeneration" duration-ms="81091" started-at="2018-11-14T07:31:41Z" depends-on-methods="maintest.ClientCaseReg.ReportGenerationSupervision" finished-at="2018-11-14T07:33:02Z">
          <reporter-output>
            <line>
              <![CDATA[Test Method resides in maintest.ClientCaseReg]]>
            </line>
            <line>
              <![CDATA[Test Status: Pass]]>
            </line>
          </reporter-output>
        </test-method> <!-- AddressReportGeneration -->
        <test-method status="PASS" signature="tearDown(org.testng.ITestResult, java.lang.reflect.Method)[pri:0, instance:maintest.ClientCaseReg@f777e8]" name="tearDown" is-config="true" duration-ms="1" started-at="2018-11-14T07:33:02Z" finished-at="2018-11-14T07:33:02Z">
          <params>
            <param index="0">
              <value>
                <![CDATA[[TestResult name=AddressReportGeneration status=SUCCESS method=ClientCaseReg.AddressReportGeneration()[pri:28, instance:maintest.ClientCaseReg@f777e8] output=Test Method resides in maintest.ClientCaseReg]]]>
              </value>
            </param>
            <param index="1">
              <value>
                <![CDATA[public void maintest.ClientCaseReg.AddressReportGeneration() throws java.lang.Exception]]>
              </value>
            </param>
          </params>
          <reporter-output>
          </reporter-output>
        </test-method> <!-- tearDown -->
        <test-method status="PASS" signature="setup(java.lang.reflect.Method)[pri:0, instance:maintest.ClientCaseReg@f777e8]" name="setup" is-config="true" duration-ms="1" started-at="2018-11-14T07:33:02Z" finished-at="2018-11-14T07:33:02Z">
          <params>
            <param index="0">
              <value>
                <![CDATA[public void maintest.ClientCaseReg.EducationReportGeneration() throws java.lang.Exception]]>
              </value>
            </param>
          </params>
          <reporter-output>
          </reporter-output>
        </test-method> <!-- setup -->
        <test-method status="PASS" signature="EducationReportGeneration()[pri:29, instance:maintest.ClientCaseReg@f777e8]" name="EducationReportGeneration" duration-ms="61771" started-at="2018-11-14T07:33:02Z" depends-on-methods="maintest.ClientCaseReg.ReportGenerationSupervision" finished-at="2018-11-14T07:34:04Z">
          <reporter-output>
            <line>
              <![CDATA[Test Method resides in maintest.ClientCaseReg]]>
            </line>
            <line>
              <![CDATA[Test Status: Pass]]>
            </line>
          </reporter-output>
        </test-method> <!-- EducationReportGeneration -->
        <test-method status="PASS" signature="tearDown(org.testng.ITestResult, java.lang.reflect.Method)[pri:0, instance:maintest.ClientCaseReg@f777e8]" name="tearDown" is-config="true" duration-ms="1" started-at="2018-11-14T07:34:04Z" finished-at="2018-11-14T07:34:04Z">
          <params>
            <param index="0">
              <value>
                <![CDATA[[TestResult name=EducationReportGeneration status=SUCCESS method=ClientCaseReg.EducationReportGeneration()[pri:29, instance:maintest.ClientCaseReg@f777e8] output=Test Method resides in maintest.ClientCaseReg]]]>
              </value>
            </param>
            <param index="1">
              <value>
                <![CDATA[public void maintest.ClientCaseReg.EducationReportGeneration() throws java.lang.Exception]]>
              </value>
            </param>
          </params>
          <reporter-output>
          </reporter-output>
        </test-method> <!-- tearDown -->
        <test-method status="PASS" signature="setup(java.lang.reflect.Method)[pri:0, instance:maintest.ClientCaseReg@f777e8]" name="setup" is-config="true" duration-ms="1" started-at="2018-11-14T07:34:04Z" finished-at="2018-11-14T07:34:04Z">
          <params>
            <param index="0">
              <value>
                <![CDATA[public void maintest.ClientCaseReg.EmploymentReportGeneration() throws java.lang.Exception]]>
              </value>
            </param>
          </params>
          <reporter-output>
          </reporter-output>
        </test-method> <!-- setup -->
        <test-method status="PASS" signature="EmploymentReportGeneration()[pri:30, instance:maintest.ClientCaseReg@f777e8]" name="EmploymentReportGeneration" duration-ms="79303" started-at="2018-11-14T07:34:04Z" depends-on-methods="maintest.ClientCaseReg.ReportGenerationSupervision" finished-at="2018-11-14T07:35:23Z">
          <reporter-output>
            <line>
              <![CDATA[Test Method resides in maintest.ClientCaseReg]]>
            </line>
            <line>
              <![CDATA[Test Status: Pass]]>
            </line>
          </reporter-output>
        </test-method> <!-- EmploymentReportGeneration -->
        <test-method status="PASS" signature="tearDown(org.testng.ITestResult, java.lang.reflect.Method)[pri:0, instance:maintest.ClientCaseReg@f777e8]" name="tearDown" is-config="true" duration-ms="1" started-at="2018-11-14T07:35:23Z" finished-at="2018-11-14T07:35:23Z">
          <params>
            <param index="0">
              <value>
                <![CDATA[[TestResult name=EmploymentReportGeneration status=SUCCESS method=ClientCaseReg.EmploymentReportGeneration()[pri:30, instance:maintest.ClientCaseReg@f777e8] output=Test Method resides in maintest.ClientCaseReg]]]>
              </value>
            </param>
            <param index="1">
              <value>
                <![CDATA[public void maintest.ClientCaseReg.EmploymentReportGeneration() throws java.lang.Exception]]>
              </value>
            </param>
          </params>
          <reporter-output>
          </reporter-output>
        </test-method> <!-- tearDown -->
        <test-method status="PASS" signature="ReferenceReportGeneration()[pri:31, instance:maintest.ClientCaseReg@f777e8]" name="ReferenceReportGeneration" duration-ms="9985" started-at="2018-11-14T07:35:23Z" depends-on-methods="maintest.ClientCaseReg.ReportGenerationSupervision" finished-at="2018-11-14T07:35:33Z">
          <reporter-output>
            <line>
              <![CDATA[Test Method resides in maintest.ClientCaseReg]]>
            </line>
            <line>
              <![CDATA[Test Status: Pass]]>
            </line>
          </reporter-output>
        </test-method> <!-- ReferenceReportGeneration -->
        <test-method status="PASS" signature="setup(java.lang.reflect.Method)[pri:0, instance:maintest.ClientCaseReg@f777e8]" name="setup" is-config="true" duration-ms="0" started-at="2018-11-14T07:35:23Z" finished-at="2018-11-14T07:35:23Z">
          <params>
            <param index="0">
              <value>
                <![CDATA[public void maintest.ClientCaseReg.ReferenceReportGeneration() throws java.lang.Exception]]>
              </value>
            </param>
          </params>
          <reporter-output>
          </reporter-output>
        </test-method> <!-- setup -->
        <test-method status="PASS" signature="tearDown(org.testng.ITestResult, java.lang.reflect.Method)[pri:0, instance:maintest.ClientCaseReg@f777e8]" name="tearDown" is-config="true" duration-ms="0" started-at="2018-11-14T07:35:33Z" finished-at="2018-11-14T07:35:33Z">
          <params>
            <param index="0">
              <value>
                <![CDATA[[TestResult name=ReferenceReportGeneration status=SUCCESS method=ClientCaseReg.ReferenceReportGeneration()[pri:31, instance:maintest.ClientCaseReg@f777e8] output=Test Method resides in maintest.ClientCaseReg]]]>
              </value>
            </param>
            <param index="1">
              <value>
                <![CDATA[public void maintest.ClientCaseReg.ReferenceReportGeneration() throws java.lang.Exception]]>
              </value>
            </param>
          </params>
          <reporter-output>
          </reporter-output>
        </test-method> <!-- tearDown -->
        <test-method status="PASS" signature="setup(java.lang.reflect.Method)[pri:0, instance:maintest.ClientCaseReg@f777e8]" name="setup" is-config="true" duration-ms="0" started-at="2018-11-14T07:35:33Z" finished-at="2018-11-14T07:35:33Z">
          <params>
            <param index="0">
              <value>
                <![CDATA[public void maintest.ClientCaseReg.DatabaseReportGeneration() throws java.lang.Exception]]>
              </value>
            </param>
          </params>
          <reporter-output>
          </reporter-output>
        </test-method> <!-- setup -->
        <test-method status="PASS" signature="DatabaseReportGeneration()[pri:32, instance:maintest.ClientCaseReg@f777e8]" name="DatabaseReportGeneration" duration-ms="2077" started-at="2018-11-14T07:35:33Z" depends-on-methods="maintest.ClientCaseReg.ReportGenerationSupervision" finished-at="2018-11-14T07:35:35Z">
          <reporter-output>
            <line>
              <![CDATA[Test Method resides in maintest.ClientCaseReg]]>
            </line>
            <line>
              <![CDATA[Test Status: Pass]]>
            </line>
          </reporter-output>
        </test-method> <!-- DatabaseReportGeneration -->
        <test-method status="PASS" signature="tearDown(org.testng.ITestResult, java.lang.reflect.Method)[pri:0, instance:maintest.ClientCaseReg@f777e8]" name="tearDown" is-config="true" duration-ms="0" started-at="2018-11-14T07:35:35Z" finished-at="2018-11-14T07:35:35Z">
          <params>
            <param index="0">
              <value>
                <![CDATA[[TestResult name=DatabaseReportGeneration status=SUCCESS method=ClientCaseReg.DatabaseReportGeneration()[pri:32, instance:maintest.ClientCaseReg@f777e8] output=Test Method resides in maintest.ClientCaseReg]]]>
              </value>
            </param>
            <param index="1">
              <value>
                <![CDATA[public void maintest.ClientCaseReg.DatabaseReportGeneration() throws java.lang.Exception]]>
              </value>
            </param>
          </params>
          <reporter-output>
          </reporter-output>
        </test-method> <!-- tearDown -->
        <test-method status="PASS" signature="setup(java.lang.reflect.Method)[pri:0, instance:maintest.ClientCaseReg@f777e8]" name="setup" is-config="true" duration-ms="0" started-at="2018-11-14T07:35:35Z" finished-at="2018-11-14T07:35:35Z">
          <params>
            <param index="0">
              <value>
                <![CDATA[public void maintest.ClientCaseReg.CriminalReportGeneration() throws java.lang.Exception]]>
              </value>
            </param>
          </params>
          <reporter-output>
          </reporter-output>
        </test-method> <!-- setup -->
        <test-method status="PASS" signature="CriminalReportGeneration()[pri:33, instance:maintest.ClientCaseReg@f777e8]" name="CriminalReportGeneration" duration-ms="46180" started-at="2018-11-14T07:35:35Z" depends-on-methods="maintest.ClientCaseReg.ReportGenerationSupervision" finished-at="2018-11-14T07:36:21Z">
          <reporter-output>
            <line>
              <![CDATA[Test Method resides in maintest.ClientCaseReg]]>
            </line>
            <line>
              <![CDATA[Test Status: Pass]]>
            </line>
          </reporter-output>
        </test-method> <!-- CriminalReportGeneration -->
        <test-method status="PASS" signature="setup(java.lang.reflect.Method)[pri:0, instance:maintest.ClientCaseReg@f777e8]" name="setup" is-config="true" duration-ms="0" started-at="2018-11-14T07:36:21Z" finished-at="2018-11-14T07:36:21Z">
          <params>
            <param index="0">
              <value>
                <![CDATA[public void maintest.ClientCaseReg.CreditReportGeneration() throws java.lang.Exception]]>
              </value>
            </param>
          </params>
          <reporter-output>
          </reporter-output>
        </test-method> <!-- setup -->
        <test-method status="PASS" signature="tearDown(org.testng.ITestResult, java.lang.reflect.Method)[pri:0, instance:maintest.ClientCaseReg@f777e8]" name="tearDown" is-config="true" duration-ms="0" started-at="2018-11-14T07:36:21Z" finished-at="2018-11-14T07:36:21Z">
          <params>
            <param index="0">
              <value>
                <![CDATA[[TestResult name=CriminalReportGeneration status=SUCCESS method=ClientCaseReg.CriminalReportGeneration()[pri:33, instance:maintest.ClientCaseReg@f777e8] output=Test Method resides in maintest.ClientCaseReg]]]>
              </value>
            </param>
            <param index="1">
              <value>
                <![CDATA[public void maintest.ClientCaseReg.CriminalReportGeneration() throws java.lang.Exception]]>
              </value>
            </param>
          </params>
          <reporter-output>
          </reporter-output>
        </test-method> <!-- tearDown -->
        <test-method status="PASS" signature="CreditReportGeneration()[pri:34, instance:maintest.ClientCaseReg@f777e8]" name="CreditReportGeneration" duration-ms="18261" started-at="2018-11-14T07:36:21Z" depends-on-methods="maintest.ClientCaseReg.ReportGenerationSupervision" finished-at="2018-11-14T07:36:39Z">
          <reporter-output>
            <line>
              <![CDATA[Test Method resides in maintest.ClientCaseReg]]>
            </line>
            <line>
              <![CDATA[Test Status: Pass]]>
            </line>
          </reporter-output>
        </test-method> <!-- CreditReportGeneration -->
        <test-method status="PASS" signature="tearDown(org.testng.ITestResult, java.lang.reflect.Method)[pri:0, instance:maintest.ClientCaseReg@f777e8]" name="tearDown" is-config="true" duration-ms="1" started-at="2018-11-14T07:36:39Z" finished-at="2018-11-14T07:36:39Z">
          <params>
            <param index="0">
              <value>
                <![CDATA[[TestResult name=CreditReportGeneration status=SUCCESS method=ClientCaseReg.CreditReportGeneration()[pri:34, instance:maintest.ClientCaseReg@f777e8] output=Test Method resides in maintest.ClientCaseReg]]]>
              </value>
            </param>
            <param index="1">
              <value>
                <![CDATA[public void maintest.ClientCaseReg.CreditReportGeneration() throws java.lang.Exception]]>
              </value>
            </param>
          </params>
          <reporter-output>
          </reporter-output>
        </test-method> <!-- tearDown -->
        <test-method status="PASS" signature="setup(java.lang.reflect.Method)[pri:0, instance:maintest.ClientCaseReg@f777e8]" name="setup" is-config="true" duration-ms="1" started-at="2018-11-14T07:36:39Z" finished-at="2018-11-14T07:36:39Z">
          <params>
            <param index="0">
              <value>
                <![CDATA[public void maintest.ClientCaseReg.CourtReportGeneration() throws java.lang.Exception]]>
              </value>
            </param>
          </params>
          <reporter-output>
          </reporter-output>
        </test-method> <!-- setup -->
        <test-method status="PASS" signature="CourtReportGeneration()[pri:35, instance:maintest.ClientCaseReg@f777e8]" name="CourtReportGeneration" duration-ms="45275" started-at="2018-11-14T07:36:39Z" depends-on-methods="maintest.ClientCaseReg.ReportGenerationSupervision" finished-at="2018-11-14T07:37:25Z">
          <reporter-output>
            <line>
              <![CDATA[Test Method resides in maintest.ClientCaseReg]]>
            </line>
            <line>
              <![CDATA[Test Status: Pass]]>
            </line>
          </reporter-output>
        </test-method> <!-- CourtReportGeneration -->
        <test-method status="PASS" signature="tearDown(org.testng.ITestResult, java.lang.reflect.Method)[pri:0, instance:maintest.ClientCaseReg@f777e8]" name="tearDown" is-config="true" duration-ms="1" started-at="2018-11-14T07:37:25Z" finished-at="2018-11-14T07:37:25Z">
          <params>
            <param index="0">
              <value>
                <![CDATA[[TestResult name=CourtReportGeneration status=SUCCESS method=ClientCaseReg.CourtReportGeneration()[pri:35, instance:maintest.ClientCaseReg@f777e8] output=Test Method resides in maintest.ClientCaseReg]]]>
              </value>
            </param>
            <param index="1">
              <value>
                <![CDATA[public void maintest.ClientCaseReg.CourtReportGeneration() throws java.lang.Exception]]>
              </value>
            </param>
          </params>
          <reporter-output>
          </reporter-output>
        </test-method> <!-- tearDown -->
        <test-method status="PASS" signature="setup(java.lang.reflect.Method)[pri:0, instance:maintest.ClientCaseReg@f777e8]" name="setup" is-config="true" duration-ms="1" started-at="2018-11-14T07:37:25Z" finished-at="2018-11-14T07:37:25Z">
          <params>
            <param index="0">
              <value>
                <![CDATA[public void maintest.ClientCaseReg.DrugReportGeneration() throws java.lang.Exception]]>
              </value>
            </param>
          </params>
          <reporter-output>
          </reporter-output>
        </test-method> <!-- setup -->
        <test-method status="PASS" signature="DrugReportGeneration()[pri:36, instance:maintest.ClientCaseReg@f777e8]" name="DrugReportGeneration" duration-ms="8560" started-at="2018-11-14T07:37:25Z" depends-on-methods="maintest.ClientCaseReg.ReportGenerationSupervision" finished-at="2018-11-14T07:37:33Z">
          <reporter-output>
            <line>
              <![CDATA[Test Method resides in maintest.ClientCaseReg]]>
            </line>
            <line>
              <![CDATA[Test Status: Pass]]>
            </line>
          </reporter-output>
        </test-method> <!-- DrugReportGeneration -->
        <test-method status="PASS" signature="IdReportGeneration()[pri:37, instance:maintest.ClientCaseReg@f777e8]" name="IdReportGeneration" duration-ms="40264" started-at="2018-11-14T07:37:33Z" depends-on-methods="maintest.ClientCaseReg.ReportGenerationSupervision" finished-at="2018-11-14T07:38:13Z">
          <reporter-output>
            <line>
              <![CDATA[Test Method resides in maintest.ClientCaseReg]]>
            </line>
            <line>
              <![CDATA[Test Status: Pass]]>
            </line>
          </reporter-output>
        </test-method> <!-- IdReportGeneration -->
        <test-method status="PASS" signature="setup(java.lang.reflect.Method)[pri:0, instance:maintest.ClientCaseReg@f777e8]" name="setup" is-config="true" duration-ms="0" started-at="2018-11-14T07:37:33Z" finished-at="2018-11-14T07:37:33Z">
          <params>
            <param index="0">
              <value>
                <![CDATA[public void maintest.ClientCaseReg.IdReportGeneration() throws java.lang.Exception]]>
              </value>
            </param>
          </params>
          <reporter-output>
          </reporter-output>
        </test-method> <!-- setup -->
        <test-method status="PASS" signature="tearDown(org.testng.ITestResult, java.lang.reflect.Method)[pri:0, instance:maintest.ClientCaseReg@f777e8]" name="tearDown" is-config="true" duration-ms="0" started-at="2018-11-14T07:37:33Z" finished-at="2018-11-14T07:37:33Z">
          <params>
            <param index="0">
              <value>
                <![CDATA[[TestResult name=DrugReportGeneration status=SUCCESS method=ClientCaseReg.DrugReportGeneration()[pri:36, instance:maintest.ClientCaseReg@f777e8] output=Test Method resides in maintest.ClientCaseReg]]]>
              </value>
            </param>
            <param index="1">
              <value>
                <![CDATA[public void maintest.ClientCaseReg.DrugReportGeneration() throws java.lang.Exception]]>
              </value>
            </param>
          </params>
          <reporter-output>
          </reporter-output>
        </test-method> <!-- tearDown -->
        <test-method status="PASS" signature="tearDown(org.testng.ITestResult, java.lang.reflect.Method)[pri:0, instance:maintest.ClientCaseReg@f777e8]" name="tearDown" is-config="true" duration-ms="1" started-at="2018-11-14T07:38:13Z" finished-at="2018-11-14T07:38:13Z">
          <params>
            <param index="0">
              <value>
                <![CDATA[[TestResult name=IdReportGeneration status=SUCCESS method=ClientCaseReg.IdReportGeneration()[pri:37, instance:maintest.ClientCaseReg@f777e8] output=Test Method resides in maintest.ClientCaseReg]]]>
              </value>
            </param>
            <param index="1">
              <value>
                <![CDATA[public void maintest.ClientCaseReg.IdReportGeneration() throws java.lang.Exception]]>
              </value>
            </param>
          </params>
          <reporter-output>
          </reporter-output>
        </test-method> <!-- tearDown -->
        <test-method status="PASS" signature="setup(java.lang.reflect.Method)[pri:0, instance:maintest.ClientCaseReg@f777e8]" name="setup" is-config="true" duration-ms="0" started-at="2018-11-14T07:38:14Z" finished-at="2018-11-14T07:38:14Z">
          <params>
            <param index="0">
              <value>
                <![CDATA[public void maintest.ClientCaseReg.ReportGenerationSubmit() throws java.lang.Exception]]>
              </value>
            </param>
          </params>
          <reporter-output>
          </reporter-output>
        </test-method> <!-- setup -->
        <test-method status="PASS" signature="ReportGenerationSubmit()[pri:38, instance:maintest.ClientCaseReg@f777e8]" name="ReportGenerationSubmit" duration-ms="24280" started-at="2018-11-14T07:38:14Z" depends-on-methods="maintest.ClientCaseReg.IdReportGeneration" finished-at="2018-11-14T07:38:38Z">
          <reporter-output>
            <line>
              <![CDATA[Test Method resides in maintest.ClientCaseReg]]>
            </line>
            <line>
              <![CDATA[Test Status: Pass]]>
            </line>
          </reporter-output>
        </test-method> <!-- ReportGenerationSubmit -->
        <test-method status="PASS" signature="ReportValidationSupervisor()[pri:38, instance:maintest.ClientCaseReg@f777e8]" name="ReportValidationSupervisor" duration-ms="38564" started-at="2018-11-14T07:38:38Z" depends-on-methods="maintest.ClientCaseReg.ReportGenerationSubmit" finished-at="2018-11-14T07:39:16Z">
          <reporter-output>
            <line>
              <![CDATA[Test Method resides in maintest.ClientCaseReg]]>
            </line>
            <line>
              <![CDATA[Test Status: Pass]]>
            </line>
          </reporter-output>
        </test-method> <!-- ReportValidationSupervisor -->
        <test-method status="PASS" signature="setup(java.lang.reflect.Method)[pri:0, instance:maintest.ClientCaseReg@f777e8]" name="setup" is-config="true" duration-ms="0" started-at="2018-11-14T07:38:38Z" finished-at="2018-11-14T07:38:38Z">
          <params>
            <param index="0">
              <value>
                <![CDATA[public void maintest.ClientCaseReg.ReportValidationSupervisor() throws java.lang.Exception]]>
              </value>
            </param>
          </params>
          <reporter-output>
          </reporter-output>
        </test-method> <!-- setup -->
        <test-method status="PASS" signature="tearDown(org.testng.ITestResult, java.lang.reflect.Method)[pri:0, instance:maintest.ClientCaseReg@f777e8]" name="tearDown" is-config="true" duration-ms="0" started-at="2018-11-14T07:38:38Z" finished-at="2018-11-14T07:38:38Z">
          <params>
            <param index="0">
              <value>
                <![CDATA[[TestResult name=ReportGenerationSubmit status=SUCCESS method=ClientCaseReg.ReportGenerationSubmit()[pri:38, instance:maintest.ClientCaseReg@f777e8] output=Test Method resides in maintest.ClientCaseReg]]]>
              </value>
            </param>
            <param index="1">
              <value>
                <![CDATA[public void maintest.ClientCaseReg.ReportGenerationSubmit() throws java.lang.Exception]]>
              </value>
            </param>
          </params>
          <reporter-output>
          </reporter-output>
        </test-method> <!-- tearDown -->
        <test-method status="PASS" signature="tearDown(org.testng.ITestResult, java.lang.reflect.Method)[pri:0, instance:maintest.ClientCaseReg@f777e8]" name="tearDown" is-config="true" duration-ms="1" started-at="2018-11-14T07:39:16Z" finished-at="2018-11-14T07:39:16Z">
          <params>
            <param index="0">
              <value>
                <![CDATA[[TestResult name=ReportValidationSupervisor status=SUCCESS method=ClientCaseReg.ReportValidationSupervisor()[pri:38, instance:maintest.ClientCaseReg@f777e8] output=Test Method resides in maintest.ClientCaseReg]]]>
              </value>
            </param>
            <param index="1">
              <value>
                <![CDATA[public void maintest.ClientCaseReg.ReportValidationSupervisor() throws java.lang.Exception]]>
              </value>
            </param>
          </params>
          <reporter-output>
          </reporter-output>
        </test-method> <!-- tearDown -->
        <test-method status="PASS" signature="setup(java.lang.reflect.Method)[pri:0, instance:maintest.ClientCaseReg@f777e8]" name="setup" is-config="true" duration-ms="1" started-at="2018-11-14T07:39:16Z" finished-at="2018-11-14T07:39:16Z">
          <params>
            <param index="0">
              <value>
                <![CDATA[public void maintest.ClientCaseReg.ReportValidation() throws java.lang.Exception]]>
              </value>
            </param>
          </params>
          <reporter-output>
          </reporter-output>
        </test-method> <!-- setup -->
        <test-method status="PASS" signature="ReportValidation()[pri:40, instance:maintest.ClientCaseReg@f777e8]" name="ReportValidation" duration-ms="58023" started-at="2018-11-14T07:39:16Z" depends-on-methods="maintest.ClientCaseReg.ReportValidationSupervisor" finished-at="2018-11-14T07:40:14Z">
          <reporter-output>
            <line>
              <![CDATA[Test Method resides in maintest.ClientCaseReg]]>
            </line>
            <line>
              <![CDATA[Test Status: Pass]]>
            </line>
          </reporter-output>
        </test-method> <!-- ReportValidation -->
        <test-method status="PASS" signature="tearDown(org.testng.ITestResult, java.lang.reflect.Method)[pri:0, instance:maintest.ClientCaseReg@f777e8]" name="tearDown" is-config="true" duration-ms="0" started-at="2018-11-14T07:40:14Z" finished-at="2018-11-14T07:40:14Z">
          <params>
            <param index="0">
              <value>
                <![CDATA[[TestResult name=ReportValidation status=SUCCESS method=ClientCaseReg.ReportValidation()[pri:40, instance:maintest.ClientCaseReg@f777e8] output=Test Method resides in maintest.ClientCaseReg]]]>
              </value>
            </param>
            <param index="1">
              <value>
                <![CDATA[public void maintest.ClientCaseReg.ReportValidation() throws java.lang.Exception]]>
              </value>
            </param>
          </params>
          <reporter-output>
          </reporter-output>
        </test-method> <!-- tearDown -->
        <test-method status="PASS" signature="teardown()[pri:0, instance:maintest.ClientCaseReg@f777e8]" name="teardown" is-config="true" duration-ms="2690" started-at="2018-11-14T07:40:14Z" finished-at="2018-11-14T07:40:17Z">
          <reporter-output>
          </reporter-output>
        </test-method> <!-- teardown -->
        <test-method status="PASS" signature="afterSuite()[pri:0, instance:maintest.ClientCaseReg@f777e8]" name="afterSuite" is-config="true" duration-ms="1561" started-at="2018-11-14T07:40:18Z" finished-at="2018-11-14T07:40:19Z">
          <reporter-output>
          </reporter-output>
        </test-method> <!-- afterSuite -->
      </class> <!-- maintest.ClientCaseReg -->
    </test> <!-- FullFlow -->
  </suite> <!-- regression testing -->
</testng-results>
