<?xml version="1.0" encoding="UTF-8"?>
<testng-results skipped="12" failed="2" ignored="2" total="41" passed="25">
  <reporter-output>
    <line>
      <![CDATA[About to begin executing Test FullFlow]]>
    </line>
    <line>
      <![CDATA[Test Method resides in maintest.FullFlow]]>
    </line>
    <line>
      <![CDATA[Test Status: Pass]]>
    </line>
    <line>
      <![CDATA[Test Method resides in maintest.FullFlow]]>
    </line>
    <line>
      <![CDATA[Test Status: Pass]]>
    </line>
    <line>
      <![CDATA[Test Method resides in maintest.FullFlow]]>
    </line>
    <line>
      <![CDATA[Test Status: Pass]]>
    </line>
    <line>
      <![CDATA[Test Method resides in maintest.FullFlow]]>
    </line>
    <line>
      <![CDATA[Test Status: Pass]]>
    </line>
    <line>
      <![CDATA[Test Method resides in maintest.FullFlow]]>
    </line>
    <line>
      <![CDATA[Test Status: Pass]]>
    </line>
    <line>
      <![CDATA[Test Method resides in maintest.FullFlow]]>
    </line>
    <line>
      <![CDATA[Test Status: Pass]]>
    </line>
    <line>
      <![CDATA[Test Method resides in maintest.FullFlow]]>
    </line>
    <line>
      <![CDATA[Test Status: Pass]]>
    </line>
    <line>
      <![CDATA[Test Method resides in maintest.FullFlow]]>
    </line>
    <line>
      <![CDATA[Test Status: Pass]]>
    </line>
    <line>
      <![CDATA[Test Method resides in maintest.FullFlow]]>
    </line>
    <line>
      <![CDATA[Test Status: Pass]]>
    </line>
    <line>
      <![CDATA[Test Method resides in maintest.FullFlow]]>
    </line>
    <line>
      <![CDATA[Test Status: Pass]]>
    </line>
    <line>
      <![CDATA[Test Method resides in maintest.FullFlow]]>
    </line>
    <line>
      <![CDATA[Test Status: Pass]]>
    </line>
    <line>
      <![CDATA[Test Method resides in maintest.FullFlow]]>
    </line>
    <line>
      <![CDATA[Test Status: Pass]]>
    </line>
    <line>
      <![CDATA[Test Method resides in maintest.FullFlow]]>
    </line>
    <line>
      <![CDATA[Test Status: Pass]]>
    </line>
    <line>
      <![CDATA[Test Method resides in maintest.FullFlow]]>
    </line>
    <line>
      <![CDATA[Test Status: Pass]]>
    </line>
    <line>
      <![CDATA[Test Method resides in maintest.FullFlow]]>
    </line>
    <line>
      <![CDATA[Test Status: Pass]]>
    </line>
    <line>
      <![CDATA[Test Method resides in maintest.FullFlow]]>
    </line>
    <line>
      <![CDATA[Test Status: Pass]]>
    </line>
    <line>
      <![CDATA[Test Method resides in maintest.FullFlow]]>
    </line>
    <line>
      <![CDATA[Test Status: Pass]]>
    </line>
    <line>
      <![CDATA[Test Method resides in maintest.FullFlow]]>
    </line>
    <line>
      <![CDATA[Test Status: Pass]]>
    </line>
    <line>
      <![CDATA[Test Method resides in maintest.FullFlow]]>
    </line>
    <line>
      <![CDATA[Test Status: Pass]]>
    </line>
    <line>
      <![CDATA[Test Method resides in maintest.FullFlow]]>
    </line>
    <line>
      <![CDATA[Test Status: Pass]]>
    </line>
    <line>
      <![CDATA[Test Method resides in maintest.FullFlow]]>
    </line>
    <line>
      <![CDATA[Test Status: Failed]]>
    </line>
    <line>
      <![CDATA[Test Method resides in maintest.FullFlow]]>
    </line>
    <line>
      <![CDATA[Test Status: Pass]]>
    </line>
    <line>
      <![CDATA[Test Method resides in maintest.FullFlow]]>
    </line>
    <line>
      <![CDATA[Test Status: Pass]]>
    </line>
    <line>
      <![CDATA[Test Method resides in maintest.FullFlow]]>
    </line>
    <line>
      <![CDATA[Test Status: Pass]]>
    </line>
    <line>
      <![CDATA[Test Method resides in maintest.FullFlow]]>
    </line>
    <line>
      <![CDATA[Test Status: Pass]]>
    </line>
    <line>
      <![CDATA[Test Method resides in maintest.FullFlow]]>
    </line>
    <line>
      <![CDATA[Test Status: Pass]]>
    </line>
    <line>
      <![CDATA[Test Method resides in maintest.FullFlow]]>
    </line>
    <line>
      <![CDATA[Test Status: Failed]]>
    </line>
    <line>
      <![CDATA[Test Method resides in maintest.FullFlow]]>
    </line>
    <line>
      <![CDATA[Test Status: Skipped]]>
    </line>
    <line>
      <![CDATA[Test Method resides in maintest.FullFlow]]>
    </line>
    <line>
      <![CDATA[Test Status: Skipped]]>
    </line>
    <line>
      <![CDATA[Test Method resides in maintest.FullFlow]]>
    </line>
    <line>
      <![CDATA[Test Status: Skipped]]>
    </line>
    <line>
      <![CDATA[Test Method resides in maintest.FullFlow]]>
    </line>
    <line>
      <![CDATA[Test Status: Skipped]]>
    </line>
    <line>
      <![CDATA[Test Method resides in maintest.FullFlow]]>
    </line>
    <line>
      <![CDATA[Test Status: Skipped]]>
    </line>
    <line>
      <![CDATA[Test Method resides in maintest.FullFlow]]>
    </line>
    <line>
      <![CDATA[Test Status: Skipped]]>
    </line>
    <line>
      <![CDATA[Test Method resides in maintest.FullFlow]]>
    </line>
    <line>
      <![CDATA[Test Status: Skipped]]>
    </line>
    <line>
      <![CDATA[Test Method resides in maintest.FullFlow]]>
    </line>
    <line>
      <![CDATA[Test Status: Skipped]]>
    </line>
    <line>
      <![CDATA[Test Method resides in maintest.FullFlow]]>
    </line>
    <line>
      <![CDATA[Test Status: Skipped]]>
    </line>
    <line>
      <![CDATA[Test Method resides in maintest.FullFlow]]>
    </line>
    <line>
      <![CDATA[Test Status: Skipped]]>
    </line>
    <line>
      <![CDATA[Test Method resides in maintest.FullFlow]]>
    </line>
    <line>
      <![CDATA[Test Status: Skipped]]>
    </line>
    <line>
      <![CDATA[Test Method resides in maintest.FullFlow]]>
    </line>
    <line>
      <![CDATA[Test Status: Skipped]]>
    </line>
  </reporter-output>
  <suite name="regression testing" duration-ms="2914756" started-at="2018-11-09T11:57:21Z" finished-at="2018-11-09T12:45:56Z">
    <groups>
    </groups>
    <test name="FullFlow" duration-ms="2914756" started-at="2018-11-09T11:57:21Z" finished-at="2018-11-09T12:45:56Z">
      <class name="maintest.FullFlow">
        <test-method status="PASS" signature="beforeSuit()[pri:0, instance:maintest.FullFlow@f777e8]" name="beforeSuit" is-config="true" duration-ms="136" started-at="2018-11-09T11:57:21Z" finished-at="2018-11-09T11:57:21Z">
          <reporter-output>
          </reporter-output>
        </test-method> <!-- beforeSuit -->
        <test-method status="PASS" signature="beforetest()[pri:0, instance:maintest.FullFlow@f777e8]" name="beforetest" is-config="true" duration-ms="4527" started-at="2018-11-09T11:57:21Z" finished-at="2018-11-09T11:57:26Z">
          <reporter-output>
          </reporter-output>
        </test-method> <!-- beforetest -->
        <test-method status="PASS" signature="setup(java.lang.reflect.Method)[pri:0, instance:maintest.FullFlow@f777e8]" name="setup" is-config="true" duration-ms="18" started-at="2018-11-09T11:57:26Z" finished-at="2018-11-09T11:57:26Z">
          <params>
            <param index="0">
              <value>
                <![CDATA[public void maintest.FullFlow.login() throws java.lang.Exception]]>
              </value>
            </param>
          </params>
          <reporter-output>
          </reporter-output>
        </test-method> <!-- setup -->
        <test-method status="PASS" signature="login()[pri:1, instance:maintest.FullFlow@f777e8]" name="login" duration-ms="8921" started-at="2018-11-09T11:57:26Z" finished-at="2018-11-09T11:57:35Z">
          <reporter-output>
            <line>
              <![CDATA[Test Method resides in maintest.FullFlow]]>
            </line>
            <line>
              <![CDATA[Test Status: Pass]]>
            </line>
          </reporter-output>
        </test-method> <!-- login -->
        <test-method status="PASS" signature="setup(java.lang.reflect.Method)[pri:0, instance:maintest.FullFlow@f777e8]" name="setup" is-config="true" duration-ms="0" started-at="2018-11-09T11:57:35Z" finished-at="2018-11-09T11:57:35Z">
          <params>
            <param index="0">
              <value>
                <![CDATA[public void maintest.FullFlow.caseregistration() throws java.lang.Exception]]>
              </value>
            </param>
          </params>
          <reporter-output>
          </reporter-output>
        </test-method> <!-- setup -->
        <test-method status="PASS" signature="tearDown(org.testng.ITestResult, java.lang.reflect.Method)[pri:0, instance:maintest.FullFlow@f777e8]" name="tearDown" is-config="true" duration-ms="0" started-at="2018-11-09T11:57:35Z" finished-at="2018-11-09T11:57:35Z">
          <params>
            <param index="0">
              <value>
                <![CDATA[[TestResult name=login status=SUCCESS method=FullFlow.login()[pri:1, instance:maintest.FullFlow@f777e8] output=Test Method resides in maintest.FullFlow]]]>
              </value>
            </param>
            <param index="1">
              <value>
                <![CDATA[public void maintest.FullFlow.login() throws java.lang.Exception]]>
              </value>
            </param>
          </params>
          <reporter-output>
          </reporter-output>
        </test-method> <!-- tearDown -->
        <test-method status="PASS" signature="caseregistration()[pri:2, instance:maintest.FullFlow@f777e8]" name="caseregistration" duration-ms="37036" started-at="2018-11-09T11:57:35Z" depends-on-methods="maintest.FullFlow.login" finished-at="2018-11-09T11:58:12Z">
          <reporter-output>
            <line>
              <![CDATA[Test Method resides in maintest.FullFlow]]>
            </line>
            <line>
              <![CDATA[Test Status: Pass]]>
            </line>
          </reporter-output>
        </test-method> <!-- caseregistration -->
        <test-method status="PASS" signature="tearDown(org.testng.ITestResult, java.lang.reflect.Method)[pri:0, instance:maintest.FullFlow@f777e8]" name="tearDown" is-config="true" duration-ms="0" started-at="2018-11-09T11:58:12Z" finished-at="2018-11-09T11:58:12Z">
          <params>
            <param index="0">
              <value>
                <![CDATA[[TestResult name=caseregistration status=SUCCESS method=FullFlow.caseregistration()[pri:2, instance:maintest.FullFlow@f777e8] output=Test Method resides in maintest.FullFlow]]]>
              </value>
            </param>
            <param index="1">
              <value>
                <![CDATA[public void maintest.FullFlow.caseregistration() throws java.lang.Exception]]>
              </value>
            </param>
          </params>
          <reporter-output>
          </reporter-output>
        </test-method> <!-- tearDown -->
        <test-method status="PASS" signature="dataEntryAssign()[pri:3, instance:maintest.FullFlow@f777e8]" name="dataEntryAssign" duration-ms="41606" started-at="2018-11-09T11:58:12Z" depends-on-methods="maintest.FullFlow.caseregistration" finished-at="2018-11-09T11:58:53Z">
          <reporter-output>
            <line>
              <![CDATA[Test Method resides in maintest.FullFlow]]>
            </line>
            <line>
              <![CDATA[Test Status: Pass]]>
            </line>
          </reporter-output>
        </test-method> <!-- dataEntryAssign -->
        <test-method status="PASS" signature="setup(java.lang.reflect.Method)[pri:0, instance:maintest.FullFlow@f777e8]" name="setup" is-config="true" duration-ms="0" started-at="2018-11-09T11:58:12Z" finished-at="2018-11-09T11:58:12Z">
          <params>
            <param index="0">
              <value>
                <![CDATA[public void maintest.FullFlow.dataEntryAssign() throws java.lang.Exception]]>
              </value>
            </param>
          </params>
          <reporter-output>
          </reporter-output>
        </test-method> <!-- setup -->
        <test-method status="PASS" signature="tearDown(org.testng.ITestResult, java.lang.reflect.Method)[pri:0, instance:maintest.FullFlow@f777e8]" name="tearDown" is-config="true" duration-ms="0" started-at="2018-11-09T11:58:53Z" finished-at="2018-11-09T11:58:53Z">
          <params>
            <param index="0">
              <value>
                <![CDATA[[TestResult name=dataEntryAssign status=SUCCESS method=FullFlow.dataEntryAssign()[pri:3, instance:maintest.FullFlow@f777e8] output=Test Method resides in maintest.FullFlow]]]>
              </value>
            </param>
            <param index="1">
              <value>
                <![CDATA[public void maintest.FullFlow.dataEntryAssign() throws java.lang.Exception]]>
              </value>
            </param>
          </params>
          <reporter-output>
          </reporter-output>
        </test-method> <!-- tearDown -->
        <test-method status="PASS" signature="setup(java.lang.reflect.Method)[pri:0, instance:maintest.FullFlow@f777e8]" name="setup" is-config="true" duration-ms="0" started-at="2018-11-09T11:58:53Z" finished-at="2018-11-09T11:58:53Z">
          <params>
            <param index="0">
              <value>
                <![CDATA[public void maintest.FullFlow.dataEntry() throws java.lang.Exception]]>
              </value>
            </param>
          </params>
          <reporter-output>
          </reporter-output>
        </test-method> <!-- setup -->
        <test-method status="PASS" signature="dataEntry()[pri:4, instance:maintest.FullFlow@f777e8]" name="dataEntry" duration-ms="533467" started-at="2018-11-09T11:58:53Z" depends-on-methods="maintest.FullFlow.dataEntryAssign" finished-at="2018-11-09T12:07:47Z">
          <reporter-output>
            <line>
              <![CDATA[Test Method resides in maintest.FullFlow]]>
            </line>
            <line>
              <![CDATA[Test Status: Pass]]>
            </line>
          </reporter-output>
        </test-method> <!-- dataEntry -->
        <test-method status="PASS" signature="setup(java.lang.reflect.Method)[pri:0, instance:maintest.FullFlow@f777e8]" name="setup" is-config="true" duration-ms="0" started-at="2018-11-09T12:07:47Z" finished-at="2018-11-09T12:07:47Z">
          <params>
            <param index="0">
              <value>
                <![CDATA[public void maintest.FullFlow.dataEntryQCAssign() throws java.lang.Exception]]>
              </value>
            </param>
          </params>
          <reporter-output>
          </reporter-output>
        </test-method> <!-- setup -->
        <test-method status="PASS" signature="tearDown(org.testng.ITestResult, java.lang.reflect.Method)[pri:0, instance:maintest.FullFlow@f777e8]" name="tearDown" is-config="true" duration-ms="0" started-at="2018-11-09T12:07:47Z" finished-at="2018-11-09T12:07:47Z">
          <params>
            <param index="0">
              <value>
                <![CDATA[[TestResult name=dataEntry status=SUCCESS method=FullFlow.dataEntry()[pri:4, instance:maintest.FullFlow@f777e8] output=Test Method resides in maintest.FullFlow]]]>
              </value>
            </param>
            <param index="1">
              <value>
                <![CDATA[public void maintest.FullFlow.dataEntry() throws java.lang.Exception]]>
              </value>
            </param>
          </params>
          <reporter-output>
          </reporter-output>
        </test-method> <!-- tearDown -->
        <test-method status="PASS" signature="dataEntryQCAssign()[pri:5, instance:maintest.FullFlow@f777e8]" name="dataEntryQCAssign" duration-ms="69783" started-at="2018-11-09T12:07:47Z" depends-on-methods="maintest.FullFlow.dataEntry" finished-at="2018-11-09T12:08:57Z">
          <reporter-output>
            <line>
              <![CDATA[Test Method resides in maintest.FullFlow]]>
            </line>
            <line>
              <![CDATA[Test Status: Pass]]>
            </line>
          </reporter-output>
        </test-method> <!-- dataEntryQCAssign -->
        <test-method status="PASS" signature="tearDown(org.testng.ITestResult, java.lang.reflect.Method)[pri:0, instance:maintest.FullFlow@f777e8]" name="tearDown" is-config="true" duration-ms="0" started-at="2018-11-09T12:08:57Z" finished-at="2018-11-09T12:08:57Z">
          <params>
            <param index="0">
              <value>
                <![CDATA[[TestResult name=dataEntryQCAssign status=SUCCESS method=FullFlow.dataEntryQCAssign()[pri:5, instance:maintest.FullFlow@f777e8] output=Test Method resides in maintest.FullFlow]]]>
              </value>
            </param>
            <param index="1">
              <value>
                <![CDATA[public void maintest.FullFlow.dataEntryQCAssign() throws java.lang.Exception]]>
              </value>
            </param>
          </params>
          <reporter-output>
          </reporter-output>
        </test-method> <!-- tearDown -->
        <test-method status="PASS" signature="setup(java.lang.reflect.Method)[pri:0, instance:maintest.FullFlow@f777e8]" name="setup" is-config="true" duration-ms="0" started-at="2018-11-09T12:08:57Z" finished-at="2018-11-09T12:08:57Z">
          <params>
            <param index="0">
              <value>
                <![CDATA[public void maintest.FullFlow.AddressDEQC() throws java.lang.Exception]]>
              </value>
            </param>
          </params>
          <reporter-output>
          </reporter-output>
        </test-method> <!-- setup -->
        <test-method status="PASS" signature="AddressDEQC()[pri:6, instance:maintest.FullFlow@f777e8]" name="AddressDEQC" duration-ms="35772" started-at="2018-11-09T12:08:57Z" depends-on-methods="maintest.FullFlow.dataEntryQCAssign" finished-at="2018-11-09T12:09:32Z">
          <reporter-output>
            <line>
              <![CDATA[Test Method resides in maintest.FullFlow]]>
            </line>
            <line>
              <![CDATA[Test Status: Pass]]>
            </line>
          </reporter-output>
        </test-method> <!-- AddressDEQC -->
        <test-method status="PASS" signature="tearDown(org.testng.ITestResult, java.lang.reflect.Method)[pri:0, instance:maintest.FullFlow@f777e8]" name="tearDown" is-config="true" duration-ms="1" started-at="2018-11-09T12:09:32Z" finished-at="2018-11-09T12:09:32Z">
          <params>
            <param index="0">
              <value>
                <![CDATA[[TestResult name=AddressDEQC status=SUCCESS method=FullFlow.AddressDEQC()[pri:6, instance:maintest.FullFlow@f777e8] output=Test Method resides in maintest.FullFlow]]]>
              </value>
            </param>
            <param index="1">
              <value>
                <![CDATA[public void maintest.FullFlow.AddressDEQC() throws java.lang.Exception]]>
              </value>
            </param>
          </params>
          <reporter-output>
          </reporter-output>
        </test-method> <!-- tearDown -->
        <test-method status="PASS" signature="setup(java.lang.reflect.Method)[pri:0, instance:maintest.FullFlow@f777e8]" name="setup" is-config="true" duration-ms="2" started-at="2018-11-09T12:09:32Z" finished-at="2018-11-09T12:09:32Z">
          <params>
            <param index="0">
              <value>
                <![CDATA[public void maintest.FullFlow.EducationDEQC() throws java.lang.Exception]]>
              </value>
            </param>
          </params>
          <reporter-output>
          </reporter-output>
        </test-method> <!-- setup -->
        <test-method status="PASS" signature="EducationDEQC()[pri:7, instance:maintest.FullFlow@f777e8]" name="EducationDEQC" duration-ms="28576" started-at="2018-11-09T12:09:32Z" depends-on-methods="maintest.FullFlow.dataEntryQCAssign" finished-at="2018-11-09T12:10:01Z">
          <reporter-output>
            <line>
              <![CDATA[Test Method resides in maintest.FullFlow]]>
            </line>
            <line>
              <![CDATA[Test Status: Pass]]>
            </line>
          </reporter-output>
        </test-method> <!-- EducationDEQC -->
        <test-method status="PASS" signature="tearDown(org.testng.ITestResult, java.lang.reflect.Method)[pri:0, instance:maintest.FullFlow@f777e8]" name="tearDown" is-config="true" duration-ms="1" started-at="2018-11-09T12:10:01Z" finished-at="2018-11-09T12:10:01Z">
          <params>
            <param index="0">
              <value>
                <![CDATA[[TestResult name=EducationDEQC status=SUCCESS method=FullFlow.EducationDEQC()[pri:7, instance:maintest.FullFlow@f777e8] output=Test Method resides in maintest.FullFlow]]]>
              </value>
            </param>
            <param index="1">
              <value>
                <![CDATA[public void maintest.FullFlow.EducationDEQC() throws java.lang.Exception]]>
              </value>
            </param>
          </params>
          <reporter-output>
          </reporter-output>
        </test-method> <!-- tearDown -->
        <test-method status="PASS" signature="setup(java.lang.reflect.Method)[pri:0, instance:maintest.FullFlow@f777e8]" name="setup" is-config="true" duration-ms="1" started-at="2018-11-09T12:10:01Z" finished-at="2018-11-09T12:10:01Z">
          <params>
            <param index="0">
              <value>
                <![CDATA[public void maintest.FullFlow.EmploymentDEQC() throws java.lang.Exception]]>
              </value>
            </param>
          </params>
          <reporter-output>
          </reporter-output>
        </test-method> <!-- setup -->
        <test-method status="PASS" signature="EmploymentDEQC()[pri:8, instance:maintest.FullFlow@f777e8]" name="EmploymentDEQC" duration-ms="27641" started-at="2018-11-09T12:10:01Z" depends-on-methods="maintest.FullFlow.dataEntryQCAssign" finished-at="2018-11-09T12:10:29Z">
          <reporter-output>
            <line>
              <![CDATA[Test Method resides in maintest.FullFlow]]>
            </line>
            <line>
              <![CDATA[Test Status: Pass]]>
            </line>
          </reporter-output>
        </test-method> <!-- EmploymentDEQC -->
        <test-method status="PASS" signature="tearDown(org.testng.ITestResult, java.lang.reflect.Method)[pri:0, instance:maintest.FullFlow@f777e8]" name="tearDown" is-config="true" duration-ms="0" started-at="2018-11-09T12:10:29Z" finished-at="2018-11-09T12:10:29Z">
          <params>
            <param index="0">
              <value>
                <![CDATA[[TestResult name=EmploymentDEQC status=SUCCESS method=FullFlow.EmploymentDEQC()[pri:8, instance:maintest.FullFlow@f777e8] output=Test Method resides in maintest.FullFlow]]]>
              </value>
            </param>
            <param index="1">
              <value>
                <![CDATA[public void maintest.FullFlow.EmploymentDEQC() throws java.lang.Exception]]>
              </value>
            </param>
          </params>
          <reporter-output>
          </reporter-output>
        </test-method> <!-- tearDown -->
        <test-method status="PASS" signature="setup(java.lang.reflect.Method)[pri:0, instance:maintest.FullFlow@f777e8]" name="setup" is-config="true" duration-ms="1" started-at="2018-11-09T12:10:29Z" finished-at="2018-11-09T12:10:29Z">
          <params>
            <param index="0">
              <value>
                <![CDATA[public void maintest.FullFlow.ReferenceDEQC() throws java.lang.Exception]]>
              </value>
            </param>
          </params>
          <reporter-output>
          </reporter-output>
        </test-method> <!-- setup -->
        <test-method status="PASS" signature="ReferenceDEQC()[pri:9, instance:maintest.FullFlow@f777e8]" name="ReferenceDEQC" duration-ms="13062" started-at="2018-11-09T12:10:29Z" depends-on-methods="maintest.FullFlow.dataEntryQCAssign" finished-at="2018-11-09T12:10:42Z">
          <reporter-output>
            <line>
              <![CDATA[Test Method resides in maintest.FullFlow]]>
            </line>
            <line>
              <![CDATA[Test Status: Pass]]>
            </line>
          </reporter-output>
        </test-method> <!-- ReferenceDEQC -->
        <test-method status="PASS" signature="tearDown(org.testng.ITestResult, java.lang.reflect.Method)[pri:0, instance:maintest.FullFlow@f777e8]" name="tearDown" is-config="true" duration-ms="1" started-at="2018-11-09T12:10:42Z" finished-at="2018-11-09T12:10:42Z">
          <params>
            <param index="0">
              <value>
                <![CDATA[[TestResult name=ReferenceDEQC status=SUCCESS method=FullFlow.ReferenceDEQC()[pri:9, instance:maintest.FullFlow@f777e8] output=Test Method resides in maintest.FullFlow]]]>
              </value>
            </param>
            <param index="1">
              <value>
                <![CDATA[public void maintest.FullFlow.ReferenceDEQC() throws java.lang.Exception]]>
              </value>
            </param>
          </params>
          <reporter-output>
          </reporter-output>
        </test-method> <!-- tearDown -->
        <test-method status="PASS" signature="setup(java.lang.reflect.Method)[pri:0, instance:maintest.FullFlow@f777e8]" name="setup" is-config="true" duration-ms="0" started-at="2018-11-09T12:10:42Z" finished-at="2018-11-09T12:10:42Z">
          <params>
            <param index="0">
              <value>
                <![CDATA[public void maintest.FullFlow.DataBaseDEQC() throws java.lang.Exception]]>
              </value>
            </param>
          </params>
          <reporter-output>
          </reporter-output>
        </test-method> <!-- setup -->
        <test-method status="PASS" signature="DataBaseDEQC()[pri:10, instance:maintest.FullFlow@f777e8]" name="DataBaseDEQC" duration-ms="13233" started-at="2018-11-09T12:10:42Z" depends-on-methods="maintest.FullFlow.dataEntryQCAssign" finished-at="2018-11-09T12:10:55Z">
          <reporter-output>
            <line>
              <![CDATA[Test Method resides in maintest.FullFlow]]>
            </line>
            <line>
              <![CDATA[Test Status: Pass]]>
            </line>
          </reporter-output>
        </test-method> <!-- DataBaseDEQC -->
        <test-method status="PASS" signature="tearDown(org.testng.ITestResult, java.lang.reflect.Method)[pri:0, instance:maintest.FullFlow@f777e8]" name="tearDown" is-config="true" duration-ms="1" started-at="2018-11-09T12:10:55Z" finished-at="2018-11-09T12:10:55Z">
          <params>
            <param index="0">
              <value>
                <![CDATA[[TestResult name=DataBaseDEQC status=SUCCESS method=FullFlow.DataBaseDEQC()[pri:10, instance:maintest.FullFlow@f777e8] output=Test Method resides in maintest.FullFlow]]]>
              </value>
            </param>
            <param index="1">
              <value>
                <![CDATA[public void maintest.FullFlow.DataBaseDEQC() throws java.lang.Exception]]>
              </value>
            </param>
          </params>
          <reporter-output>
          </reporter-output>
        </test-method> <!-- tearDown -->
        <test-method status="PASS" signature="setup(java.lang.reflect.Method)[pri:0, instance:maintest.FullFlow@f777e8]" name="setup" is-config="true" duration-ms="1" started-at="2018-11-09T12:10:55Z" finished-at="2018-11-09T12:10:55Z">
          <params>
            <param index="0">
              <value>
                <![CDATA[public void maintest.FullFlow.CriminalDEQC() throws java.lang.Exception]]>
              </value>
            </param>
          </params>
          <reporter-output>
          </reporter-output>
        </test-method> <!-- setup -->
        <test-method status="PASS" signature="CriminalDEQC()[pri:11, instance:maintest.FullFlow@f777e8]" name="CriminalDEQC" duration-ms="31493" started-at="2018-11-09T12:10:55Z" depends-on-methods="maintest.FullFlow.dataEntryQCAssign" finished-at="2018-11-09T12:11:26Z">
          <reporter-output>
            <line>
              <![CDATA[Test Method resides in maintest.FullFlow]]>
            </line>
            <line>
              <![CDATA[Test Status: Pass]]>
            </line>
          </reporter-output>
        </test-method> <!-- CriminalDEQC -->
        <test-method status="PASS" signature="tearDown(org.testng.ITestResult, java.lang.reflect.Method)[pri:0, instance:maintest.FullFlow@f777e8]" name="tearDown" is-config="true" duration-ms="1" started-at="2018-11-09T12:11:26Z" finished-at="2018-11-09T12:11:26Z">
          <params>
            <param index="0">
              <value>
                <![CDATA[[TestResult name=CriminalDEQC status=SUCCESS method=FullFlow.CriminalDEQC()[pri:11, instance:maintest.FullFlow@f777e8] output=Test Method resides in maintest.FullFlow]]]>
              </value>
            </param>
            <param index="1">
              <value>
                <![CDATA[public void maintest.FullFlow.CriminalDEQC() throws java.lang.Exception]]>
              </value>
            </param>
          </params>
          <reporter-output>
          </reporter-output>
        </test-method> <!-- tearDown -->
        <test-method status="PASS" signature="setup(java.lang.reflect.Method)[pri:0, instance:maintest.FullFlow@f777e8]" name="setup" is-config="true" duration-ms="0" started-at="2018-11-09T12:11:26Z" finished-at="2018-11-09T12:11:26Z">
          <params>
            <param index="0">
              <value>
                <![CDATA[public void maintest.FullFlow.CreditDEQC() throws java.lang.Exception]]>
              </value>
            </param>
          </params>
          <reporter-output>
          </reporter-output>
        </test-method> <!-- setup -->
        <test-method status="PASS" signature="CreditDEQC()[pri:12, instance:maintest.FullFlow@f777e8]" name="CreditDEQC" duration-ms="11827" started-at="2018-11-09T12:11:26Z" depends-on-methods="maintest.FullFlow.dataEntryQCAssign" finished-at="2018-11-09T12:11:38Z">
          <reporter-output>
            <line>
              <![CDATA[Test Method resides in maintest.FullFlow]]>
            </line>
            <line>
              <![CDATA[Test Status: Pass]]>
            </line>
          </reporter-output>
        </test-method> <!-- CreditDEQC -->
        <test-method status="PASS" signature="tearDown(org.testng.ITestResult, java.lang.reflect.Method)[pri:0, instance:maintest.FullFlow@f777e8]" name="tearDown" is-config="true" duration-ms="1" started-at="2018-11-09T12:11:38Z" finished-at="2018-11-09T12:11:38Z">
          <params>
            <param index="0">
              <value>
                <![CDATA[[TestResult name=CreditDEQC status=SUCCESS method=FullFlow.CreditDEQC()[pri:12, instance:maintest.FullFlow@f777e8] output=Test Method resides in maintest.FullFlow]]]>
              </value>
            </param>
            <param index="1">
              <value>
                <![CDATA[public void maintest.FullFlow.CreditDEQC() throws java.lang.Exception]]>
              </value>
            </param>
          </params>
          <reporter-output>
          </reporter-output>
        </test-method> <!-- tearDown -->
        <test-method status="PASS" signature="CourtDEQC()[pri:13, instance:maintest.FullFlow@f777e8]" name="CourtDEQC" duration-ms="30921" started-at="2018-11-09T12:11:38Z" depends-on-methods="maintest.FullFlow.dataEntryQCAssign" finished-at="2018-11-09T12:12:09Z">
          <reporter-output>
            <line>
              <![CDATA[Test Method resides in maintest.FullFlow]]>
            </line>
            <line>
              <![CDATA[Test Status: Pass]]>
            </line>
          </reporter-output>
        </test-method> <!-- CourtDEQC -->
        <test-method status="PASS" signature="setup(java.lang.reflect.Method)[pri:0, instance:maintest.FullFlow@f777e8]" name="setup" is-config="true" duration-ms="0" started-at="2018-11-09T12:11:38Z" finished-at="2018-11-09T12:11:38Z">
          <params>
            <param index="0">
              <value>
                <![CDATA[public void maintest.FullFlow.CourtDEQC() throws java.lang.Exception]]>
              </value>
            </param>
          </params>
          <reporter-output>
          </reporter-output>
        </test-method> <!-- setup -->
        <test-method status="PASS" signature="tearDown(org.testng.ITestResult, java.lang.reflect.Method)[pri:0, instance:maintest.FullFlow@f777e8]" name="tearDown" is-config="true" duration-ms="0" started-at="2018-11-09T12:12:09Z" finished-at="2018-11-09T12:12:09Z">
          <params>
            <param index="0">
              <value>
                <![CDATA[[TestResult name=CourtDEQC status=SUCCESS method=FullFlow.CourtDEQC()[pri:13, instance:maintest.FullFlow@f777e8] output=Test Method resides in maintest.FullFlow]]]>
              </value>
            </param>
            <param index="1">
              <value>
                <![CDATA[public void maintest.FullFlow.CourtDEQC() throws java.lang.Exception]]>
              </value>
            </param>
          </params>
          <reporter-output>
          </reporter-output>
        </test-method> <!-- tearDown -->
        <test-method status="PASS" signature="IdDEQC()[pri:14, instance:maintest.FullFlow@f777e8]" name="IdDEQC" duration-ms="26829" started-at="2018-11-09T12:12:09Z" depends-on-methods="maintest.FullFlow.dataEntryQCAssign" finished-at="2018-11-09T12:12:36Z">
          <reporter-output>
            <line>
              <![CDATA[Test Method resides in maintest.FullFlow]]>
            </line>
            <line>
              <![CDATA[Test Status: Pass]]>
            </line>
          </reporter-output>
        </test-method> <!-- IdDEQC -->
        <test-method status="PASS" signature="setup(java.lang.reflect.Method)[pri:0, instance:maintest.FullFlow@f777e8]" name="setup" is-config="true" duration-ms="0" started-at="2018-11-09T12:12:09Z" finished-at="2018-11-09T12:12:09Z">
          <params>
            <param index="0">
              <value>
                <![CDATA[public void maintest.FullFlow.IdDEQC() throws java.lang.Exception]]>
              </value>
            </param>
          </params>
          <reporter-output>
          </reporter-output>
        </test-method> <!-- setup -->
        <test-method status="PASS" signature="tearDown(org.testng.ITestResult, java.lang.reflect.Method)[pri:0, instance:maintest.FullFlow@f777e8]" name="tearDown" is-config="true" duration-ms="0" started-at="2018-11-09T12:12:36Z" finished-at="2018-11-09T12:12:36Z">
          <params>
            <param index="0">
              <value>
                <![CDATA[[TestResult name=IdDEQC status=SUCCESS method=FullFlow.IdDEQC()[pri:14, instance:maintest.FullFlow@f777e8] output=Test Method resides in maintest.FullFlow]]]>
              </value>
            </param>
            <param index="1">
              <value>
                <![CDATA[public void maintest.FullFlow.IdDEQC() throws java.lang.Exception]]>
              </value>
            </param>
          </params>
          <reporter-output>
          </reporter-output>
        </test-method> <!-- tearDown -->
        <test-method status="PASS" signature="VerificationSupervisor()[pri:15, instance:maintest.FullFlow@f777e8]" name="VerificationSupervisor" duration-ms="31270" started-at="2018-11-09T12:12:36Z" depends-on-methods="maintest.FullFlow.IdDEQC" finished-at="2018-11-09T12:13:07Z">
          <reporter-output>
            <line>
              <![CDATA[Test Method resides in maintest.FullFlow]]>
            </line>
            <line>
              <![CDATA[Test Status: Pass]]>
            </line>
          </reporter-output>
        </test-method> <!-- VerificationSupervisor -->
        <test-method status="PASS" signature="setup(java.lang.reflect.Method)[pri:0, instance:maintest.FullFlow@f777e8]" name="setup" is-config="true" duration-ms="0" started-at="2018-11-09T12:12:36Z" finished-at="2018-11-09T12:12:36Z">
          <params>
            <param index="0">
              <value>
                <![CDATA[public void maintest.FullFlow.VerificationSupervisor() throws java.lang.Exception]]>
              </value>
            </param>
          </params>
          <reporter-output>
          </reporter-output>
        </test-method> <!-- setup -->
        <test-method status="PASS" signature="VerificationIntiation()[pri:16, instance:maintest.FullFlow@f777e8]" name="VerificationIntiation" duration-ms="739792" started-at="2018-11-09T12:13:07Z" depends-on-methods="maintest.FullFlow.VerificationSupervisor" finished-at="2018-11-09T12:25:27Z">
          <reporter-output>
            <line>
              <![CDATA[Test Method resides in maintest.FullFlow]]>
            </line>
            <line>
              <![CDATA[Test Status: Pass]]>
            </line>
          </reporter-output>
        </test-method> <!-- VerificationIntiation -->
        <test-method status="PASS" signature="tearDown(org.testng.ITestResult, java.lang.reflect.Method)[pri:0, instance:maintest.FullFlow@f777e8]" name="tearDown" is-config="true" duration-ms="0" started-at="2018-11-09T12:13:07Z" finished-at="2018-11-09T12:13:07Z">
          <params>
            <param index="0">
              <value>
                <![CDATA[[TestResult name=VerificationSupervisor status=SUCCESS method=FullFlow.VerificationSupervisor()[pri:15, instance:maintest.FullFlow@f777e8] output=Test Method resides in maintest.FullFlow]]]>
              </value>
            </param>
            <param index="1">
              <value>
                <![CDATA[public void maintest.FullFlow.VerificationSupervisor() throws java.lang.Exception]]>
              </value>
            </param>
          </params>
          <reporter-output>
          </reporter-output>
        </test-method> <!-- tearDown -->
        <test-method status="PASS" signature="setup(java.lang.reflect.Method)[pri:0, instance:maintest.FullFlow@f777e8]" name="setup" is-config="true" duration-ms="0" started-at="2018-11-09T12:13:07Z" finished-at="2018-11-09T12:13:07Z">
          <params>
            <param index="0">
              <value>
                <![CDATA[public void maintest.FullFlow.VerificationIntiation() throws java.lang.Exception]]>
              </value>
            </param>
          </params>
          <reporter-output>
          </reporter-output>
        </test-method> <!-- setup -->
        <test-method status="PASS" signature="tearDown(org.testng.ITestResult, java.lang.reflect.Method)[pri:0, instance:maintest.FullFlow@f777e8]" name="tearDown" is-config="true" duration-ms="3" started-at="2018-11-09T12:25:27Z" finished-at="2018-11-09T12:25:27Z">
          <params>
            <param index="0">
              <value>
                <![CDATA[[TestResult name=VerificationIntiation status=SUCCESS method=FullFlow.VerificationIntiation()[pri:16, instance:maintest.FullFlow@f777e8] output=Test Method resides in maintest.FullFlow]]]>
              </value>
            </param>
            <param index="1">
              <value>
                <![CDATA[public void maintest.FullFlow.VerificationIntiation() throws java.lang.Exception]]>
              </value>
            </param>
          </params>
          <reporter-output>
          </reporter-output>
        </test-method> <!-- tearDown -->
        <test-method status="PASS" signature="setup(java.lang.reflect.Method)[pri:0, instance:maintest.FullFlow@f777e8]" name="setup" is-config="true" duration-ms="1" started-at="2018-11-09T12:25:27Z" finished-at="2018-11-09T12:25:27Z">
          <params>
            <param index="0">
              <value>
                <![CDATA[public void maintest.FullFlow.AddressVerification() throws java.lang.Exception]]>
              </value>
            </param>
          </params>
          <reporter-output>
          </reporter-output>
        </test-method> <!-- setup -->
        <test-method status="PASS" signature="AddressVerification()[pri:17, instance:maintest.FullFlow@f777e8]" name="AddressVerification" duration-ms="283535" started-at="2018-11-09T12:25:27Z" depends-on-methods="maintest.FullFlow.VerificationIntiation" finished-at="2018-11-09T12:30:11Z">
          <reporter-output>
            <line>
              <![CDATA[Test Method resides in maintest.FullFlow]]>
            </line>
            <line>
              <![CDATA[Test Status: Pass]]>
            </line>
          </reporter-output>
        </test-method> <!-- AddressVerification -->
        <test-method status="PASS" signature="tearDown(org.testng.ITestResult, java.lang.reflect.Method)[pri:0, instance:maintest.FullFlow@f777e8]" name="tearDown" is-config="true" duration-ms="1" started-at="2018-11-09T12:30:11Z" finished-at="2018-11-09T12:30:11Z">
          <params>
            <param index="0">
              <value>
                <![CDATA[[TestResult name=AddressVerification status=SUCCESS method=FullFlow.AddressVerification()[pri:17, instance:maintest.FullFlow@f777e8] output=Test Method resides in maintest.FullFlow]]]>
              </value>
            </param>
            <param index="1">
              <value>
                <![CDATA[public void maintest.FullFlow.AddressVerification() throws java.lang.Exception]]>
              </value>
            </param>
          </params>
          <reporter-output>
          </reporter-output>
        </test-method> <!-- tearDown -->
        <test-method status="PASS" signature="setup(java.lang.reflect.Method)[pri:0, instance:maintest.FullFlow@f777e8]" name="setup" is-config="true" duration-ms="2" started-at="2018-11-09T12:30:11Z" finished-at="2018-11-09T12:30:11Z">
          <params>
            <param index="0">
              <value>
                <![CDATA[public void maintest.FullFlow.EducationVerification() throws java.lang.Exception]]>
              </value>
            </param>
          </params>
          <reporter-output>
          </reporter-output>
        </test-method> <!-- setup -->
        <test-method status="PASS" signature="EducationVerification()[pri:18, instance:maintest.FullFlow@f777e8]" name="EducationVerification" duration-ms="105542" started-at="2018-11-09T12:30:11Z" depends-on-methods="maintest.FullFlow.VerificationIntiation" finished-at="2018-11-09T12:31:56Z">
          <reporter-output>
            <line>
              <![CDATA[Test Method resides in maintest.FullFlow]]>
            </line>
            <line>
              <![CDATA[Test Status: Pass]]>
            </line>
          </reporter-output>
        </test-method> <!-- EducationVerification -->
        <test-method status="PASS" signature="tearDown(org.testng.ITestResult, java.lang.reflect.Method)[pri:0, instance:maintest.FullFlow@f777e8]" name="tearDown" is-config="true" duration-ms="1" started-at="2018-11-09T12:31:56Z" finished-at="2018-11-09T12:31:56Z">
          <params>
            <param index="0">
              <value>
                <![CDATA[[TestResult name=EducationVerification status=SUCCESS method=FullFlow.EducationVerification()[pri:18, instance:maintest.FullFlow@f777e8] output=Test Method resides in maintest.FullFlow]]]>
              </value>
            </param>
            <param index="1">
              <value>
                <![CDATA[public void maintest.FullFlow.EducationVerification() throws java.lang.Exception]]>
              </value>
            </param>
          </params>
          <reporter-output>
          </reporter-output>
        </test-method> <!-- tearDown -->
        <test-method status="PASS" signature="EmploymentVerification()[pri:19, instance:maintest.FullFlow@f777e8]" name="EmploymentVerification" duration-ms="193444" started-at="2018-11-09T12:31:56Z" depends-on-methods="maintest.FullFlow.VerificationIntiation" finished-at="2018-11-09T12:35:10Z">
          <reporter-output>
            <line>
              <![CDATA[Test Method resides in maintest.FullFlow]]>
            </line>
            <line>
              <![CDATA[Test Status: Pass]]>
            </line>
          </reporter-output>
        </test-method> <!-- EmploymentVerification -->
        <test-method status="PASS" signature="setup(java.lang.reflect.Method)[pri:0, instance:maintest.FullFlow@f777e8]" name="setup" is-config="true" duration-ms="0" started-at="2018-11-09T12:31:56Z" finished-at="2018-11-09T12:31:56Z">
          <params>
            <param index="0">
              <value>
                <![CDATA[public void maintest.FullFlow.EmploymentVerification() throws java.lang.Exception]]>
              </value>
            </param>
          </params>
          <reporter-output>
          </reporter-output>
        </test-method> <!-- setup -->
        <test-method status="PASS" signature="tearDown(org.testng.ITestResult, java.lang.reflect.Method)[pri:0, instance:maintest.FullFlow@f777e8]" name="tearDown" is-config="true" duration-ms="1" started-at="2018-11-09T12:35:10Z" finished-at="2018-11-09T12:35:10Z">
          <params>
            <param index="0">
              <value>
                <![CDATA[[TestResult name=EmploymentVerification status=SUCCESS method=FullFlow.EmploymentVerification()[pri:19, instance:maintest.FullFlow@f777e8] output=Test Method resides in maintest.FullFlow]]]>
              </value>
            </param>
            <param index="1">
              <value>
                <![CDATA[public void maintest.FullFlow.EmploymentVerification() throws java.lang.Exception]]>
              </value>
            </param>
          </params>
          <reporter-output>
          </reporter-output>
        </test-method> <!-- tearDown -->
        <test-method status="PASS" signature="setup(java.lang.reflect.Method)[pri:0, instance:maintest.FullFlow@f777e8]" name="setup" is-config="true" duration-ms="1" started-at="2018-11-09T12:35:10Z" finished-at="2018-11-09T12:35:10Z">
          <params>
            <param index="0">
              <value>
                <![CDATA[public void maintest.FullFlow.ReferenceVerification() throws java.lang.Exception]]>
              </value>
            </param>
          </params>
          <reporter-output>
          </reporter-output>
        </test-method> <!-- setup -->
        <test-method status="PASS" signature="ReferenceVerification()[pri:20, instance:maintest.FullFlow@f777e8]" name="ReferenceVerification" duration-ms="54256" started-at="2018-11-09T12:35:10Z" depends-on-methods="maintest.FullFlow.VerificationIntiation" finished-at="2018-11-09T12:36:04Z">
          <reporter-output>
            <line>
              <![CDATA[Test Method resides in maintest.FullFlow]]>
            </line>
            <line>
              <![CDATA[Test Status: Pass]]>
            </line>
          </reporter-output>
        </test-method> <!-- ReferenceVerification -->
        <test-method status="PASS" signature="tearDown(org.testng.ITestResult, java.lang.reflect.Method)[pri:0, instance:maintest.FullFlow@f777e8]" name="tearDown" is-config="true" duration-ms="1" started-at="2018-11-09T12:36:04Z" finished-at="2018-11-09T12:36:04Z">
          <params>
            <param index="0">
              <value>
                <![CDATA[[TestResult name=ReferenceVerification status=SUCCESS method=FullFlow.ReferenceVerification()[pri:20, instance:maintest.FullFlow@f777e8] output=Test Method resides in maintest.FullFlow]]]>
              </value>
            </param>
            <param index="1">
              <value>
                <![CDATA[public void maintest.FullFlow.ReferenceVerification() throws java.lang.Exception]]>
              </value>
            </param>
          </params>
          <reporter-output>
          </reporter-output>
        </test-method> <!-- tearDown -->
        <test-method status="PASS" signature="setup(java.lang.reflect.Method)[pri:0, instance:maintest.FullFlow@f777e8]" name="setup" is-config="true" duration-ms="1" started-at="2018-11-09T12:36:04Z" finished-at="2018-11-09T12:36:04Z">
          <params>
            <param index="0">
              <value>
                <![CDATA[public void maintest.FullFlow.DatabaseVerification() throws java.lang.Exception]]>
              </value>
            </param>
          </params>
          <reporter-output>
          </reporter-output>
        </test-method> <!-- setup -->
        <test-method status="FAIL" signature="DatabaseVerification()[pri:21, instance:maintest.FullFlow@f777e8]" name="DatabaseVerification" duration-ms="36946" started-at="2018-11-09T12:36:04Z" depends-on-methods="maintest.FullFlow.VerificationIntiation" finished-at="2018-11-09T12:36:41Z">
          <exception class="org.openqa.selenium.InvalidElementStateException">
            <message>
              <![CDATA[invalid element state
  (Session info: chrome=70.0.3538.77)
  (Driver info: chromedriver=2.42.591088 (7b2b2dca23cca0862f674758c9a3933e685c27d5),platform=Windows NT 6.1.7601 SP1 x86) (WARNING: The server did not provide any stacktrace information)
Command duration or timeout: 0 milliseconds
Build info: version: '3.14.0', revision: 'aacccce0', time: '2018-08-02T20:19:58.91Z'
System info: host: 'KAD-I-032', ip: '192.168.2.67', os.name: 'Windows 7', os.arch: 'x86', os.version: '6.1', java.version: '1.8.0_191'
Driver info: org.openqa.selenium.chrome.ChromeDriver
Capabilities {acceptInsecureCerts: false, acceptSslCerts: false, applicationCacheEnabled: false, browserConnectionEnabled: false, browserName: chrome, chrome: {chromedriverVersion: 2.42.591088 (7b2b2dca23cca0..., userDataDir: C:\Users\admin\AppData\Loca...}, cssSelectorsEnabled: true, databaseEnabled: false, goog:chromeOptions: {debuggerAddress: localhost:61717}, handlesAlerts: true, hasTouchScreen: false, javascriptEnabled: true, locationContextEnabled: true, mobileEmulationEnabled: false, nativeEvents: true, networkConnectionEnabled: false, pageLoadStrategy: normal, platform: XP, platformName: XP, rotatable: false, setWindowRect: true, takesHeapSnapshot: true, takesScreenshot: true, unexpectedAlertBehaviour: , unhandledPromptBehavior: , version: 70.0.3538.77, webStorageEnabled: true}
Session ID: 2cd59adcd93141854f2737572b50b8d5]]>
            </message>
            <full-stacktrace>
              <![CDATA[org.openqa.selenium.InvalidElementStateException: invalid element state
  (Session info: chrome=70.0.3538.77)
  (Driver info: chromedriver=2.42.591088 (7b2b2dca23cca0862f674758c9a3933e685c27d5),platform=Windows NT 6.1.7601 SP1 x86) (WARNING: The server did not provide any stacktrace information)
Command duration or timeout: 0 milliseconds
Build info: version: '3.14.0', revision: 'aacccce0', time: '2018-08-02T20:19:58.91Z'
System info: host: 'KAD-I-032', ip: '192.168.2.67', os.name: 'Windows 7', os.arch: 'x86', os.version: '6.1', java.version: '1.8.0_191'
Driver info: org.openqa.selenium.chrome.ChromeDriver
Capabilities {acceptInsecureCerts: false, acceptSslCerts: false, applicationCacheEnabled: false, browserConnectionEnabled: false, browserName: chrome, chrome: {chromedriverVersion: 2.42.591088 (7b2b2dca23cca0..., userDataDir: C:\Users\admin\AppData\Loca...}, cssSelectorsEnabled: true, databaseEnabled: false, goog:chromeOptions: {debuggerAddress: localhost:61717}, handlesAlerts: true, hasTouchScreen: false, javascriptEnabled: true, locationContextEnabled: true, mobileEmulationEnabled: false, nativeEvents: true, networkConnectionEnabled: false, pageLoadStrategy: normal, platform: XP, platformName: XP, rotatable: false, setWindowRect: true, takesHeapSnapshot: true, takesScreenshot: true, unexpectedAlertBehaviour: , unhandledPromptBehavior: , version: 70.0.3538.77, webStorageEnabled: true}
Session ID: 2cd59adcd93141854f2737572b50b8d5
at sun.reflect.NativeConstructorAccessorImpl.newInstance0(Native Method)
at sun.reflect.NativeConstructorAccessorImpl.newInstance(Unknown Source)
at sun.reflect.DelegatingConstructorAccessorImpl.newInstance(Unknown Source)
at java.lang.reflect.Constructor.newInstance(Unknown Source)
at org.openqa.selenium.remote.ErrorHandler.createThrowable(ErrorHandler.java:214)
at org.openqa.selenium.remote.ErrorHandler.throwIfResponseFailed(ErrorHandler.java:166)
at org.openqa.selenium.remote.http.JsonHttpResponseCodec.reconstructValue(JsonHttpResponseCodec.java:40)
at org.openqa.selenium.remote.http.AbstractHttpResponseCodec.decode(AbstractHttpResponseCodec.java:80)
at org.openqa.selenium.remote.http.AbstractHttpResponseCodec.decode(AbstractHttpResponseCodec.java:44)
at org.openqa.selenium.remote.HttpCommandExecutor.execute(HttpCommandExecutor.java:158)
at org.openqa.selenium.remote.service.DriverCommandExecutor.execute(DriverCommandExecutor.java:83)
at org.openqa.selenium.remote.RemoteWebDriver.execute(RemoteWebDriver.java:548)
at org.openqa.selenium.remote.RemoteWebElement.execute(RemoteWebElement.java:276)
at org.openqa.selenium.remote.RemoteWebElement.sendKeys(RemoteWebElement.java:100)
at environment.Utill.sendKeys(Utill.java:165)
at verification.Database.addDBCheck(Database.java:307)
at verification.Database.Verification(Database.java:386)
at maintest.FullFlow.DatabaseVerification(FullFlow.java:448)
at sun.reflect.NativeMethodAccessorImpl.invoke0(Native Method)
at sun.reflect.NativeMethodAccessorImpl.invoke(Unknown Source)
at sun.reflect.DelegatingMethodAccessorImpl.invoke(Unknown Source)
at java.lang.reflect.Method.invoke(Unknown Source)
at org.testng.internal.MethodInvocationHelper.invokeMethod(MethodInvocationHelper.java:124)
at org.testng.internal.Invoker.invokeMethod(Invoker.java:580)
at org.testng.internal.Invoker.invokeTestMethod(Invoker.java:716)
at org.testng.internal.Invoker.invokeTestMethods(Invoker.java:988)
at org.testng.internal.TestMethodWorker.invokeTestMethods(TestMethodWorker.java:125)
at org.testng.internal.TestMethodWorker.run(TestMethodWorker.java:109)
at org.testng.TestRunner.privateRun(TestRunner.java:648)
at org.testng.TestRunner.run(TestRunner.java:505)
at org.testng.SuiteRunner.runTest(SuiteRunner.java:455)
at org.testng.SuiteRunner.runSequentially(SuiteRunner.java:450)
at org.testng.SuiteRunner.privateRun(SuiteRunner.java:415)
at org.testng.SuiteRunner.run(SuiteRunner.java:364)
at org.testng.SuiteRunnerWorker.runSuite(SuiteRunnerWorker.java:52)
at org.testng.SuiteRunnerWorker.run(SuiteRunnerWorker.java:84)
at org.testng.TestNG.runSuitesSequentially(TestNG.java:1208)
at org.testng.TestNG.runSuitesLocally(TestNG.java:1137)
at org.testng.TestNG.runSuites(TestNG.java:1049)
at org.testng.TestNG.run(TestNG.java:1017)
at org.testng.remote.AbstractRemoteTestNG.run(AbstractRemoteTestNG.java:114)
at org.testng.remote.RemoteTestNG.initAndRun(RemoteTestNG.java:251)
at org.testng.remote.RemoteTestNG.main(RemoteTestNG.java:77)
]]>
            </full-stacktrace>
          </exception> <!-- org.openqa.selenium.InvalidElementStateException -->
          <reporter-output>
            <line>
              <![CDATA[Test Method resides in maintest.FullFlow]]>
            </line>
            <line>
              <![CDATA[Test Status: Failed]]>
            </line>
          </reporter-output>
        </test-method> <!-- DatabaseVerification -->
        <test-method status="PASS" signature="tearDown(org.testng.ITestResult, java.lang.reflect.Method)[pri:0, instance:maintest.FullFlow@f777e8]" name="tearDown" is-config="true" duration-ms="13625" started-at="2018-11-09T12:36:41Z" finished-at="2018-11-09T12:36:54Z">
          <params>
            <param index="0">
              <value>
                <![CDATA[[TestResult name=DatabaseVerification status=FAILURE method=FullFlow.DatabaseVerification()[pri:21, instance:maintest.FullFlow@f777e8] output=Test Method resides in maintest.FullFlow]]]>
              </value>
            </param>
            <param index="1">
              <value>
                <![CDATA[public void maintest.FullFlow.DatabaseVerification() throws java.lang.Exception]]>
              </value>
            </param>
          </params>
          <reporter-output>
          </reporter-output>
        </test-method> <!-- tearDown -->
        <test-method status="PASS" signature="CriminalVerification()[pri:22, instance:maintest.FullFlow@f777e8]" name="CriminalVerification" duration-ms="171024" started-at="2018-11-09T12:36:54Z" depends-on-methods="maintest.FullFlow.VerificationIntiation" finished-at="2018-11-09T12:39:45Z">
          <reporter-output>
            <line>
              <![CDATA[Test Method resides in maintest.FullFlow]]>
            </line>
            <line>
              <![CDATA[Test Status: Pass]]>
            </line>
          </reporter-output>
        </test-method> <!-- CriminalVerification -->
        <test-method status="PASS" signature="setup(java.lang.reflect.Method)[pri:0, instance:maintest.FullFlow@f777e8]" name="setup" is-config="true" duration-ms="0" started-at="2018-11-09T12:36:54Z" finished-at="2018-11-09T12:36:54Z">
          <params>
            <param index="0">
              <value>
                <![CDATA[public void maintest.FullFlow.CriminalVerification() throws java.lang.Exception]]>
              </value>
            </param>
          </params>
          <reporter-output>
          </reporter-output>
        </test-method> <!-- setup -->
        <test-method status="PASS" signature="tearDown(org.testng.ITestResult, java.lang.reflect.Method)[pri:0, instance:maintest.FullFlow@f777e8]" name="tearDown" is-config="true" duration-ms="1" started-at="2018-11-09T12:39:45Z" finished-at="2018-11-09T12:39:45Z">
          <params>
            <param index="0">
              <value>
                <![CDATA[[TestResult name=CriminalVerification status=SUCCESS method=FullFlow.CriminalVerification()[pri:22, instance:maintest.FullFlow@f777e8] output=Test Method resides in maintest.FullFlow]]]>
              </value>
            </param>
            <param index="1">
              <value>
                <![CDATA[public void maintest.FullFlow.CriminalVerification() throws java.lang.Exception]]>
              </value>
            </param>
          </params>
          <reporter-output>
          </reporter-output>
        </test-method> <!-- tearDown -->
        <test-method status="PASS" signature="setup(java.lang.reflect.Method)[pri:0, instance:maintest.FullFlow@f777e8]" name="setup" is-config="true" duration-ms="0" started-at="2018-11-09T12:39:45Z" finished-at="2018-11-09T12:39:45Z">
          <params>
            <param index="0">
              <value>
                <![CDATA[public void maintest.FullFlow.CreditVerification() throws java.lang.Exception]]>
              </value>
            </param>
          </params>
          <reporter-output>
          </reporter-output>
        </test-method> <!-- setup -->
        <test-method status="PASS" signature="CreditVerification()[pri:23, instance:maintest.FullFlow@f777e8]" name="CreditVerification" duration-ms="57094" started-at="2018-11-09T12:39:45Z" depends-on-methods="maintest.FullFlow.VerificationIntiation" finished-at="2018-11-09T12:40:43Z">
          <reporter-output>
            <line>
              <![CDATA[Test Method resides in maintest.FullFlow]]>
            </line>
            <line>
              <![CDATA[Test Status: Pass]]>
            </line>
          </reporter-output>
        </test-method> <!-- CreditVerification -->
        <test-method status="PASS" signature="tearDown(org.testng.ITestResult, java.lang.reflect.Method)[pri:0, instance:maintest.FullFlow@f777e8]" name="tearDown" is-config="true" duration-ms="1" started-at="2018-11-09T12:40:43Z" finished-at="2018-11-09T12:40:43Z">
          <params>
            <param index="0">
              <value>
                <![CDATA[[TestResult name=CreditVerification status=SUCCESS method=FullFlow.CreditVerification()[pri:23, instance:maintest.FullFlow@f777e8] output=Test Method resides in maintest.FullFlow]]]>
              </value>
            </param>
            <param index="1">
              <value>
                <![CDATA[public void maintest.FullFlow.CreditVerification() throws java.lang.Exception]]>
              </value>
            </param>
          </params>
          <reporter-output>
          </reporter-output>
        </test-method> <!-- tearDown -->
        <test-method status="PASS" signature="setup(java.lang.reflect.Method)[pri:0, instance:maintest.FullFlow@f777e8]" name="setup" is-config="true" duration-ms="0" started-at="2018-11-09T12:40:43Z" finished-at="2018-11-09T12:40:43Z">
          <params>
            <param index="0">
              <value>
                <![CDATA[public void maintest.FullFlow.CourtVerification() throws java.lang.Exception]]>
              </value>
            </param>
          </params>
          <reporter-output>
          </reporter-output>
        </test-method> <!-- setup -->
        <test-method status="PASS" signature="CourtVerification()[pri:24, instance:maintest.FullFlow@f777e8]" name="CourtVerification" duration-ms="106741" started-at="2018-11-09T12:40:43Z" depends-on-methods="maintest.FullFlow.VerificationIntiation" finished-at="2018-11-09T12:42:29Z">
          <reporter-output>
            <line>
              <![CDATA[Test Method resides in maintest.FullFlow]]>
            </line>
            <line>
              <![CDATA[Test Status: Pass]]>
            </line>
          </reporter-output>
        </test-method> <!-- CourtVerification -->
        <test-method status="PASS" signature="tearDown(org.testng.ITestResult, java.lang.reflect.Method)[pri:0, instance:maintest.FullFlow@f777e8]" name="tearDown" is-config="true" duration-ms="1" started-at="2018-11-09T12:42:29Z" finished-at="2018-11-09T12:42:29Z">
          <params>
            <param index="0">
              <value>
                <![CDATA[[TestResult name=CourtVerification status=SUCCESS method=FullFlow.CourtVerification()[pri:24, instance:maintest.FullFlow@f777e8] output=Test Method resides in maintest.FullFlow]]]>
              </value>
            </param>
            <param index="1">
              <value>
                <![CDATA[public void maintest.FullFlow.CourtVerification() throws java.lang.Exception]]>
              </value>
            </param>
          </params>
          <reporter-output>
          </reporter-output>
        </test-method> <!-- tearDown -->
        <test-method status="PASS" signature="setup(java.lang.reflect.Method)[pri:0, instance:maintest.FullFlow@f777e8]" name="setup" is-config="true" duration-ms="0" started-at="2018-11-09T12:42:29Z" finished-at="2018-11-09T12:42:29Z">
          <params>
            <param index="0">
              <value>
                <![CDATA[public void maintest.FullFlow.IDVerification() throws java.lang.Exception]]>
              </value>
            </param>
          </params>
          <reporter-output>
          </reporter-output>
        </test-method> <!-- setup -->
        <test-method status="PASS" signature="IDVerification()[pri:25, instance:maintest.FullFlow@f777e8]" name="IDVerification" duration-ms="86138" started-at="2018-11-09T12:42:29Z" depends-on-methods="maintest.FullFlow.VerificationIntiation" finished-at="2018-11-09T12:43:55Z">
          <reporter-output>
            <line>
              <![CDATA[Test Method resides in maintest.FullFlow]]>
            </line>
            <line>
              <![CDATA[Test Status: Pass]]>
            </line>
          </reporter-output>
        </test-method> <!-- IDVerification -->
        <test-method status="PASS" signature="tearDown(org.testng.ITestResult, java.lang.reflect.Method)[pri:0, instance:maintest.FullFlow@f777e8]" name="tearDown" is-config="true" duration-ms="1" started-at="2018-11-09T12:43:55Z" finished-at="2018-11-09T12:43:55Z">
          <params>
            <param index="0">
              <value>
                <![CDATA[[TestResult name=IDVerification status=SUCCESS method=FullFlow.IDVerification()[pri:25, instance:maintest.FullFlow@f777e8] output=Test Method resides in maintest.FullFlow]]]>
              </value>
            </param>
            <param index="1">
              <value>
                <![CDATA[public void maintest.FullFlow.IDVerification() throws java.lang.Exception]]>
              </value>
            </param>
          </params>
          <reporter-output>
          </reporter-output>
        </test-method> <!-- tearDown -->
        <test-method status="PASS" signature="setup(java.lang.reflect.Method)[pri:0, instance:maintest.FullFlow@f777e8]" name="setup" is-config="true" duration-ms="1" started-at="2018-11-09T12:43:55Z" finished-at="2018-11-09T12:43:55Z">
          <params>
            <param index="0">
              <value>
                <![CDATA[public void maintest.FullFlow.DrugVerification() throws java.lang.Exception]]>
              </value>
            </param>
          </params>
          <reporter-output>
          </reporter-output>
        </test-method> <!-- setup -->
        <test-method status="PASS" signature="DrugVerification()[pri:26, instance:maintest.FullFlow@f777e8]" name="DrugVerification" duration-ms="64076" started-at="2018-11-09T12:43:55Z" depends-on-methods="maintest.FullFlow.VerificationIntiation" finished-at="2018-11-09T12:45:00Z">
          <reporter-output>
            <line>
              <![CDATA[Test Method resides in maintest.FullFlow]]>
            </line>
            <line>
              <![CDATA[Test Status: Pass]]>
            </line>
          </reporter-output>
        </test-method> <!-- DrugVerification -->
        <test-method status="PASS" signature="tearDown(org.testng.ITestResult, java.lang.reflect.Method)[pri:0, instance:maintest.FullFlow@f777e8]" name="tearDown" is-config="true" duration-ms="1" started-at="2018-11-09T12:45:00Z" finished-at="2018-11-09T12:45:00Z">
          <params>
            <param index="0">
              <value>
                <![CDATA[[TestResult name=DrugVerification status=SUCCESS method=FullFlow.DrugVerification()[pri:26, instance:maintest.FullFlow@f777e8] output=Test Method resides in maintest.FullFlow]]]>
              </value>
            </param>
            <param index="1">
              <value>
                <![CDATA[public void maintest.FullFlow.DrugVerification() throws java.lang.Exception]]>
              </value>
            </param>
          </params>
          <reporter-output>
          </reporter-output>
        </test-method> <!-- tearDown -->
        <test-method status="FAIL" signature="ReportGenerationSupervision()[pri:27, instance:maintest.FullFlow@f777e8]" name="ReportGenerationSupervision" duration-ms="44103" started-at="2018-11-09T12:45:00Z" depends-on-methods="maintest.FullFlow.DrugVerification" finished-at="2018-11-09T12:45:44Z">
          <exception class="java.lang.AssertionError">
            <message>
              <![CDATA[The following asserts failed:
expected [Report Generation Pending] but found [Verification Pending]]]>
            </message>
            <full-stacktrace>
              <![CDATA[java.lang.AssertionError: The following asserts failed:
expected [Report Generation Pending] but found [Verification Pending]
at org.testng.asserts.SoftAssert.assertAll(SoftAssert.java:43)
at maintest.FullFlow.ReportGenerationSupervision(FullFlow.java:534)
at sun.reflect.NativeMethodAccessorImpl.invoke0(Native Method)
at sun.reflect.NativeMethodAccessorImpl.invoke(Unknown Source)
at sun.reflect.DelegatingMethodAccessorImpl.invoke(Unknown Source)
at java.lang.reflect.Method.invoke(Unknown Source)
at org.testng.internal.MethodInvocationHelper.invokeMethod(MethodInvocationHelper.java:124)
at org.testng.internal.Invoker.invokeMethod(Invoker.java:580)
at org.testng.internal.Invoker.invokeTestMethod(Invoker.java:716)
at org.testng.internal.Invoker.invokeTestMethods(Invoker.java:988)
at org.testng.internal.TestMethodWorker.invokeTestMethods(TestMethodWorker.java:125)
at org.testng.internal.TestMethodWorker.run(TestMethodWorker.java:109)
at org.testng.TestRunner.privateRun(TestRunner.java:648)
at org.testng.TestRunner.run(TestRunner.java:505)
at org.testng.SuiteRunner.runTest(SuiteRunner.java:455)
at org.testng.SuiteRunner.runSequentially(SuiteRunner.java:450)
at org.testng.SuiteRunner.privateRun(SuiteRunner.java:415)
at org.testng.SuiteRunner.run(SuiteRunner.java:364)
at org.testng.SuiteRunnerWorker.runSuite(SuiteRunnerWorker.java:52)
at org.testng.SuiteRunnerWorker.run(SuiteRunnerWorker.java:84)
at org.testng.TestNG.runSuitesSequentially(TestNG.java:1208)
at org.testng.TestNG.runSuitesLocally(TestNG.java:1137)
at org.testng.TestNG.runSuites(TestNG.java:1049)
at org.testng.TestNG.run(TestNG.java:1017)
at org.testng.remote.AbstractRemoteTestNG.run(AbstractRemoteTestNG.java:114)
at org.testng.remote.RemoteTestNG.initAndRun(RemoteTestNG.java:251)
at org.testng.remote.RemoteTestNG.main(RemoteTestNG.java:77)
]]>
            </full-stacktrace>
          </exception> <!-- java.lang.AssertionError -->
          <reporter-output>
            <line>
              <![CDATA[Test Method resides in maintest.FullFlow]]>
            </line>
            <line>
              <![CDATA[Test Status: Failed]]>
            </line>
          </reporter-output>
        </test-method> <!-- ReportGenerationSupervision -->
        <test-method status="PASS" signature="setup(java.lang.reflect.Method)[pri:0, instance:maintest.FullFlow@f777e8]" name="setup" is-config="true" duration-ms="0" started-at="2018-11-09T12:45:00Z" finished-at="2018-11-09T12:45:00Z">
          <params>
            <param index="0">
              <value>
                <![CDATA[public void maintest.FullFlow.ReportGenerationSupervision() throws java.lang.Exception]]>
              </value>
            </param>
          </params>
          <reporter-output>
          </reporter-output>
        </test-method> <!-- setup -->
        <test-method status="PASS" signature="tearDown(org.testng.ITestResult, java.lang.reflect.Method)[pri:0, instance:maintest.FullFlow@f777e8]" name="tearDown" is-config="true" duration-ms="11460" started-at="2018-11-09T12:45:44Z" finished-at="2018-11-09T12:45:55Z">
          <params>
            <param index="0">
              <value>
                <![CDATA[[TestResult name=ReportGenerationSupervision status=FAILURE method=FullFlow.ReportGenerationSupervision()[pri:27, instance:maintest.FullFlow@f777e8] output=Test Method resides in maintest.FullFlow]]]>
              </value>
            </param>
            <param index="1">
              <value>
                <![CDATA[public void maintest.FullFlow.ReportGenerationSupervision() throws java.lang.Exception]]>
              </value>
            </param>
          </params>
          <reporter-output>
          </reporter-output>
        </test-method> <!-- tearDown -->
        <test-method status="SKIP" signature="AddressReportGeneration()[pri:28, instance:maintest.FullFlow@f777e8]" name="AddressReportGeneration" duration-ms="0" started-at="2018-11-09T12:45:55Z" depends-on-methods="maintest.FullFlow.ReportGenerationSupervision" finished-at="2018-11-09T12:45:55Z">
          <exception class="java.lang.Throwable">
            <message>
              <![CDATA[Method FullFlow.AddressReportGeneration()[pri:28, instance:maintest.FullFlow@f777e8] depends on not successfully finished methods]]>
            </message>
            <full-stacktrace>
              <![CDATA[java.lang.Throwable: Method FullFlow.AddressReportGeneration()[pri:28, instance:maintest.FullFlow@f777e8] depends on not successfully finished methods
at org.testng.internal.Invoker.invokeTestMethods(Invoker.java:887)
at org.testng.internal.TestMethodWorker.invokeTestMethods(TestMethodWorker.java:125)
at org.testng.internal.TestMethodWorker.run(TestMethodWorker.java:109)
at org.testng.TestRunner.privateRun(TestRunner.java:648)
at org.testng.TestRunner.run(TestRunner.java:505)
at org.testng.SuiteRunner.runTest(SuiteRunner.java:455)
at org.testng.SuiteRunner.runSequentially(SuiteRunner.java:450)
at org.testng.SuiteRunner.privateRun(SuiteRunner.java:415)
at org.testng.SuiteRunner.run(SuiteRunner.java:364)
at org.testng.SuiteRunnerWorker.runSuite(SuiteRunnerWorker.java:52)
at org.testng.SuiteRunnerWorker.run(SuiteRunnerWorker.java:84)
at org.testng.TestNG.runSuitesSequentially(TestNG.java:1208)
at org.testng.TestNG.runSuitesLocally(TestNG.java:1137)
at org.testng.TestNG.runSuites(TestNG.java:1049)
at org.testng.TestNG.run(TestNG.java:1017)
at org.testng.remote.AbstractRemoteTestNG.run(AbstractRemoteTestNG.java:114)
at org.testng.remote.RemoteTestNG.initAndRun(RemoteTestNG.java:251)
at org.testng.remote.RemoteTestNG.main(RemoteTestNG.java:77)
]]>
            </full-stacktrace>
          </exception> <!-- java.lang.Throwable -->
          <reporter-output>
            <line>
              <![CDATA[Test Method resides in maintest.FullFlow]]>
            </line>
            <line>
              <![CDATA[Test Status: Skipped]]>
            </line>
          </reporter-output>
        </test-method> <!-- AddressReportGeneration -->
        <test-method status="SKIP" signature="EducationReportGeneration()[pri:29, instance:maintest.FullFlow@f777e8]" name="EducationReportGeneration" duration-ms="0" started-at="2018-11-09T12:45:55Z" depends-on-methods="maintest.FullFlow.ReportGenerationSupervision" finished-at="2018-11-09T12:45:55Z">
          <exception class="java.lang.Throwable">
            <message>
              <![CDATA[Method FullFlow.EducationReportGeneration()[pri:29, instance:maintest.FullFlow@f777e8] depends on not successfully finished methods]]>
            </message>
            <full-stacktrace>
              <![CDATA[java.lang.Throwable: Method FullFlow.EducationReportGeneration()[pri:29, instance:maintest.FullFlow@f777e8] depends on not successfully finished methods
at org.testng.internal.Invoker.invokeTestMethods(Invoker.java:887)
at org.testng.internal.TestMethodWorker.invokeTestMethods(TestMethodWorker.java:125)
at org.testng.internal.TestMethodWorker.run(TestMethodWorker.java:109)
at org.testng.TestRunner.privateRun(TestRunner.java:648)
at org.testng.TestRunner.run(TestRunner.java:505)
at org.testng.SuiteRunner.runTest(SuiteRunner.java:455)
at org.testng.SuiteRunner.runSequentially(SuiteRunner.java:450)
at org.testng.SuiteRunner.privateRun(SuiteRunner.java:415)
at org.testng.SuiteRunner.run(SuiteRunner.java:364)
at org.testng.SuiteRunnerWorker.runSuite(SuiteRunnerWorker.java:52)
at org.testng.SuiteRunnerWorker.run(SuiteRunnerWorker.java:84)
at org.testng.TestNG.runSuitesSequentially(TestNG.java:1208)
at org.testng.TestNG.runSuitesLocally(TestNG.java:1137)
at org.testng.TestNG.runSuites(TestNG.java:1049)
at org.testng.TestNG.run(TestNG.java:1017)
at org.testng.remote.AbstractRemoteTestNG.run(AbstractRemoteTestNG.java:114)
at org.testng.remote.RemoteTestNG.initAndRun(RemoteTestNG.java:251)
at org.testng.remote.RemoteTestNG.main(RemoteTestNG.java:77)
]]>
            </full-stacktrace>
          </exception> <!-- java.lang.Throwable -->
          <reporter-output>
            <line>
              <![CDATA[Test Method resides in maintest.FullFlow]]>
            </line>
            <line>
              <![CDATA[Test Status: Skipped]]>
            </line>
          </reporter-output>
        </test-method> <!-- EducationReportGeneration -->
        <test-method status="SKIP" signature="EmploymentReportGeneration()[pri:30, instance:maintest.FullFlow@f777e8]" name="EmploymentReportGeneration" duration-ms="0" started-at="2018-11-09T12:45:55Z" depends-on-methods="maintest.FullFlow.ReportGenerationSupervision" finished-at="2018-11-09T12:45:55Z">
          <exception class="java.lang.Throwable">
            <message>
              <![CDATA[Method FullFlow.EmploymentReportGeneration()[pri:30, instance:maintest.FullFlow@f777e8] depends on not successfully finished methods]]>
            </message>
            <full-stacktrace>
              <![CDATA[java.lang.Throwable: Method FullFlow.EmploymentReportGeneration()[pri:30, instance:maintest.FullFlow@f777e8] depends on not successfully finished methods
at org.testng.internal.Invoker.invokeTestMethods(Invoker.java:887)
at org.testng.internal.TestMethodWorker.invokeTestMethods(TestMethodWorker.java:125)
at org.testng.internal.TestMethodWorker.run(TestMethodWorker.java:109)
at org.testng.TestRunner.privateRun(TestRunner.java:648)
at org.testng.TestRunner.run(TestRunner.java:505)
at org.testng.SuiteRunner.runTest(SuiteRunner.java:455)
at org.testng.SuiteRunner.runSequentially(SuiteRunner.java:450)
at org.testng.SuiteRunner.privateRun(SuiteRunner.java:415)
at org.testng.SuiteRunner.run(SuiteRunner.java:364)
at org.testng.SuiteRunnerWorker.runSuite(SuiteRunnerWorker.java:52)
at org.testng.SuiteRunnerWorker.run(SuiteRunnerWorker.java:84)
at org.testng.TestNG.runSuitesSequentially(TestNG.java:1208)
at org.testng.TestNG.runSuitesLocally(TestNG.java:1137)
at org.testng.TestNG.runSuites(TestNG.java:1049)
at org.testng.TestNG.run(TestNG.java:1017)
at org.testng.remote.AbstractRemoteTestNG.run(AbstractRemoteTestNG.java:114)
at org.testng.remote.RemoteTestNG.initAndRun(RemoteTestNG.java:251)
at org.testng.remote.RemoteTestNG.main(RemoteTestNG.java:77)
]]>
            </full-stacktrace>
          </exception> <!-- java.lang.Throwable -->
          <reporter-output>
            <line>
              <![CDATA[Test Method resides in maintest.FullFlow]]>
            </line>
            <line>
              <![CDATA[Test Status: Skipped]]>
            </line>
          </reporter-output>
        </test-method> <!-- EmploymentReportGeneration -->
        <test-method status="SKIP" signature="ReferenceReportGeneration()[pri:31, instance:maintest.FullFlow@f777e8]" name="ReferenceReportGeneration" duration-ms="0" started-at="2018-11-09T12:45:55Z" depends-on-methods="maintest.FullFlow.ReportGenerationSupervision" finished-at="2018-11-09T12:45:55Z">
          <exception class="java.lang.Throwable">
            <message>
              <![CDATA[Method FullFlow.ReferenceReportGeneration()[pri:31, instance:maintest.FullFlow@f777e8] depends on not successfully finished methods]]>
            </message>
            <full-stacktrace>
              <![CDATA[java.lang.Throwable: Method FullFlow.ReferenceReportGeneration()[pri:31, instance:maintest.FullFlow@f777e8] depends on not successfully finished methods
at org.testng.internal.Invoker.invokeTestMethods(Invoker.java:887)
at org.testng.internal.TestMethodWorker.invokeTestMethods(TestMethodWorker.java:125)
at org.testng.internal.TestMethodWorker.run(TestMethodWorker.java:109)
at org.testng.TestRunner.privateRun(TestRunner.java:648)
at org.testng.TestRunner.run(TestRunner.java:505)
at org.testng.SuiteRunner.runTest(SuiteRunner.java:455)
at org.testng.SuiteRunner.runSequentially(SuiteRunner.java:450)
at org.testng.SuiteRunner.privateRun(SuiteRunner.java:415)
at org.testng.SuiteRunner.run(SuiteRunner.java:364)
at org.testng.SuiteRunnerWorker.runSuite(SuiteRunnerWorker.java:52)
at org.testng.SuiteRunnerWorker.run(SuiteRunnerWorker.java:84)
at org.testng.TestNG.runSuitesSequentially(TestNG.java:1208)
at org.testng.TestNG.runSuitesLocally(TestNG.java:1137)
at org.testng.TestNG.runSuites(TestNG.java:1049)
at org.testng.TestNG.run(TestNG.java:1017)
at org.testng.remote.AbstractRemoteTestNG.run(AbstractRemoteTestNG.java:114)
at org.testng.remote.RemoteTestNG.initAndRun(RemoteTestNG.java:251)
at org.testng.remote.RemoteTestNG.main(RemoteTestNG.java:77)
]]>
            </full-stacktrace>
          </exception> <!-- java.lang.Throwable -->
          <reporter-output>
            <line>
              <![CDATA[Test Method resides in maintest.FullFlow]]>
            </line>
            <line>
              <![CDATA[Test Status: Skipped]]>
            </line>
          </reporter-output>
        </test-method> <!-- ReferenceReportGeneration -->
        <test-method status="SKIP" signature="CriminalReportGeneration()[pri:33, instance:maintest.FullFlow@f777e8]" name="CriminalReportGeneration" duration-ms="0" started-at="2018-11-09T12:45:55Z" depends-on-methods="maintest.FullFlow.ReportGenerationSupervision" finished-at="2018-11-09T12:45:55Z">
          <exception class="java.lang.Throwable">
            <message>
              <![CDATA[Method FullFlow.CriminalReportGeneration()[pri:33, instance:maintest.FullFlow@f777e8] depends on not successfully finished methods]]>
            </message>
            <full-stacktrace>
              <![CDATA[java.lang.Throwable: Method FullFlow.CriminalReportGeneration()[pri:33, instance:maintest.FullFlow@f777e8] depends on not successfully finished methods
at org.testng.internal.Invoker.invokeTestMethods(Invoker.java:887)
at org.testng.internal.TestMethodWorker.invokeTestMethods(TestMethodWorker.java:125)
at org.testng.internal.TestMethodWorker.run(TestMethodWorker.java:109)
at org.testng.TestRunner.privateRun(TestRunner.java:648)
at org.testng.TestRunner.run(TestRunner.java:505)
at org.testng.SuiteRunner.runTest(SuiteRunner.java:455)
at org.testng.SuiteRunner.runSequentially(SuiteRunner.java:450)
at org.testng.SuiteRunner.privateRun(SuiteRunner.java:415)
at org.testng.SuiteRunner.run(SuiteRunner.java:364)
at org.testng.SuiteRunnerWorker.runSuite(SuiteRunnerWorker.java:52)
at org.testng.SuiteRunnerWorker.run(SuiteRunnerWorker.java:84)
at org.testng.TestNG.runSuitesSequentially(TestNG.java:1208)
at org.testng.TestNG.runSuitesLocally(TestNG.java:1137)
at org.testng.TestNG.runSuites(TestNG.java:1049)
at org.testng.TestNG.run(TestNG.java:1017)
at org.testng.remote.AbstractRemoteTestNG.run(AbstractRemoteTestNG.java:114)
at org.testng.remote.RemoteTestNG.initAndRun(RemoteTestNG.java:251)
at org.testng.remote.RemoteTestNG.main(RemoteTestNG.java:77)
]]>
            </full-stacktrace>
          </exception> <!-- java.lang.Throwable -->
          <reporter-output>
            <line>
              <![CDATA[Test Method resides in maintest.FullFlow]]>
            </line>
            <line>
              <![CDATA[Test Status: Skipped]]>
            </line>
          </reporter-output>
        </test-method> <!-- CriminalReportGeneration -->
        <test-method status="SKIP" signature="CreditReportGeneration()[pri:34, instance:maintest.FullFlow@f777e8]" name="CreditReportGeneration" duration-ms="0" started-at="2018-11-09T12:45:55Z" depends-on-methods="maintest.FullFlow.ReportGenerationSupervision" finished-at="2018-11-09T12:45:55Z">
          <exception class="java.lang.Throwable">
            <message>
              <![CDATA[Method FullFlow.CreditReportGeneration()[pri:34, instance:maintest.FullFlow@f777e8] depends on not successfully finished methods]]>
            </message>
            <full-stacktrace>
              <![CDATA[java.lang.Throwable: Method FullFlow.CreditReportGeneration()[pri:34, instance:maintest.FullFlow@f777e8] depends on not successfully finished methods
at org.testng.internal.Invoker.invokeTestMethods(Invoker.java:887)
at org.testng.internal.TestMethodWorker.invokeTestMethods(TestMethodWorker.java:125)
at org.testng.internal.TestMethodWorker.run(TestMethodWorker.java:109)
at org.testng.TestRunner.privateRun(TestRunner.java:648)
at org.testng.TestRunner.run(TestRunner.java:505)
at org.testng.SuiteRunner.runTest(SuiteRunner.java:455)
at org.testng.SuiteRunner.runSequentially(SuiteRunner.java:450)
at org.testng.SuiteRunner.privateRun(SuiteRunner.java:415)
at org.testng.SuiteRunner.run(SuiteRunner.java:364)
at org.testng.SuiteRunnerWorker.runSuite(SuiteRunnerWorker.java:52)
at org.testng.SuiteRunnerWorker.run(SuiteRunnerWorker.java:84)
at org.testng.TestNG.runSuitesSequentially(TestNG.java:1208)
at org.testng.TestNG.runSuitesLocally(TestNG.java:1137)
at org.testng.TestNG.runSuites(TestNG.java:1049)
at org.testng.TestNG.run(TestNG.java:1017)
at org.testng.remote.AbstractRemoteTestNG.run(AbstractRemoteTestNG.java:114)
at org.testng.remote.RemoteTestNG.initAndRun(RemoteTestNG.java:251)
at org.testng.remote.RemoteTestNG.main(RemoteTestNG.java:77)
]]>
            </full-stacktrace>
          </exception> <!-- java.lang.Throwable -->
          <reporter-output>
            <line>
              <![CDATA[Test Method resides in maintest.FullFlow]]>
            </line>
            <line>
              <![CDATA[Test Status: Skipped]]>
            </line>
          </reporter-output>
        </test-method> <!-- CreditReportGeneration -->
        <test-method status="SKIP" signature="CourtReportGeneration()[pri:35, instance:maintest.FullFlow@f777e8]" name="CourtReportGeneration" duration-ms="0" started-at="2018-11-09T12:45:55Z" depends-on-methods="maintest.FullFlow.ReportGenerationSupervision" finished-at="2018-11-09T12:45:55Z">
          <exception class="java.lang.Throwable">
            <message>
              <![CDATA[Method FullFlow.CourtReportGeneration()[pri:35, instance:maintest.FullFlow@f777e8] depends on not successfully finished methods]]>
            </message>
            <full-stacktrace>
              <![CDATA[java.lang.Throwable: Method FullFlow.CourtReportGeneration()[pri:35, instance:maintest.FullFlow@f777e8] depends on not successfully finished methods
at org.testng.internal.Invoker.invokeTestMethods(Invoker.java:887)
at org.testng.internal.TestMethodWorker.invokeTestMethods(TestMethodWorker.java:125)
at org.testng.internal.TestMethodWorker.run(TestMethodWorker.java:109)
at org.testng.TestRunner.privateRun(TestRunner.java:648)
at org.testng.TestRunner.run(TestRunner.java:505)
at org.testng.SuiteRunner.runTest(SuiteRunner.java:455)
at org.testng.SuiteRunner.runSequentially(SuiteRunner.java:450)
at org.testng.SuiteRunner.privateRun(SuiteRunner.java:415)
at org.testng.SuiteRunner.run(SuiteRunner.java:364)
at org.testng.SuiteRunnerWorker.runSuite(SuiteRunnerWorker.java:52)
at org.testng.SuiteRunnerWorker.run(SuiteRunnerWorker.java:84)
at org.testng.TestNG.runSuitesSequentially(TestNG.java:1208)
at org.testng.TestNG.runSuitesLocally(TestNG.java:1137)
at org.testng.TestNG.runSuites(TestNG.java:1049)
at org.testng.TestNG.run(TestNG.java:1017)
at org.testng.remote.AbstractRemoteTestNG.run(AbstractRemoteTestNG.java:114)
at org.testng.remote.RemoteTestNG.initAndRun(RemoteTestNG.java:251)
at org.testng.remote.RemoteTestNG.main(RemoteTestNG.java:77)
]]>
            </full-stacktrace>
          </exception> <!-- java.lang.Throwable -->
          <reporter-output>
            <line>
              <![CDATA[Test Method resides in maintest.FullFlow]]>
            </line>
            <line>
              <![CDATA[Test Status: Skipped]]>
            </line>
          </reporter-output>
        </test-method> <!-- CourtReportGeneration -->
        <test-method status="SKIP" signature="DrugReportGeneration()[pri:36, instance:maintest.FullFlow@f777e8]" name="DrugReportGeneration" duration-ms="0" started-at="2018-11-09T12:45:55Z" depends-on-methods="maintest.FullFlow.ReportGenerationSupervision" finished-at="2018-11-09T12:45:55Z">
          <exception class="java.lang.Throwable">
            <message>
              <![CDATA[Method FullFlow.DrugReportGeneration()[pri:36, instance:maintest.FullFlow@f777e8] depends on not successfully finished methods]]>
            </message>
            <full-stacktrace>
              <![CDATA[java.lang.Throwable: Method FullFlow.DrugReportGeneration()[pri:36, instance:maintest.FullFlow@f777e8] depends on not successfully finished methods
at org.testng.internal.Invoker.invokeTestMethods(Invoker.java:887)
at org.testng.internal.TestMethodWorker.invokeTestMethods(TestMethodWorker.java:125)
at org.testng.internal.TestMethodWorker.run(TestMethodWorker.java:109)
at org.testng.TestRunner.privateRun(TestRunner.java:648)
at org.testng.TestRunner.run(TestRunner.java:505)
at org.testng.SuiteRunner.runTest(SuiteRunner.java:455)
at org.testng.SuiteRunner.runSequentially(SuiteRunner.java:450)
at org.testng.SuiteRunner.privateRun(SuiteRunner.java:415)
at org.testng.SuiteRunner.run(SuiteRunner.java:364)
at org.testng.SuiteRunnerWorker.runSuite(SuiteRunnerWorker.java:52)
at org.testng.SuiteRunnerWorker.run(SuiteRunnerWorker.java:84)
at org.testng.TestNG.runSuitesSequentially(TestNG.java:1208)
at org.testng.TestNG.runSuitesLocally(TestNG.java:1137)
at org.testng.TestNG.runSuites(TestNG.java:1049)
at org.testng.TestNG.run(TestNG.java:1017)
at org.testng.remote.AbstractRemoteTestNG.run(AbstractRemoteTestNG.java:114)
at org.testng.remote.RemoteTestNG.initAndRun(RemoteTestNG.java:251)
at org.testng.remote.RemoteTestNG.main(RemoteTestNG.java:77)
]]>
            </full-stacktrace>
          </exception> <!-- java.lang.Throwable -->
          <reporter-output>
            <line>
              <![CDATA[Test Method resides in maintest.FullFlow]]>
            </line>
            <line>
              <![CDATA[Test Status: Skipped]]>
            </line>
          </reporter-output>
        </test-method> <!-- DrugReportGeneration -->
        <test-method status="SKIP" signature="IdReportGeneration()[pri:37, instance:maintest.FullFlow@f777e8]" name="IdReportGeneration" duration-ms="0" started-at="2018-11-09T12:45:55Z" depends-on-methods="maintest.FullFlow.ReportGenerationSupervision" finished-at="2018-11-09T12:45:55Z">
          <exception class="java.lang.Throwable">
            <message>
              <![CDATA[Method FullFlow.IdReportGeneration()[pri:37, instance:maintest.FullFlow@f777e8] depends on not successfully finished methods]]>
            </message>
            <full-stacktrace>
              <![CDATA[java.lang.Throwable: Method FullFlow.IdReportGeneration()[pri:37, instance:maintest.FullFlow@f777e8] depends on not successfully finished methods
at org.testng.internal.Invoker.invokeTestMethods(Invoker.java:887)
at org.testng.internal.TestMethodWorker.invokeTestMethods(TestMethodWorker.java:125)
at org.testng.internal.TestMethodWorker.run(TestMethodWorker.java:109)
at org.testng.TestRunner.privateRun(TestRunner.java:648)
at org.testng.TestRunner.run(TestRunner.java:505)
at org.testng.SuiteRunner.runTest(SuiteRunner.java:455)
at org.testng.SuiteRunner.runSequentially(SuiteRunner.java:450)
at org.testng.SuiteRunner.privateRun(SuiteRunner.java:415)
at org.testng.SuiteRunner.run(SuiteRunner.java:364)
at org.testng.SuiteRunnerWorker.runSuite(SuiteRunnerWorker.java:52)
at org.testng.SuiteRunnerWorker.run(SuiteRunnerWorker.java:84)
at org.testng.TestNG.runSuitesSequentially(TestNG.java:1208)
at org.testng.TestNG.runSuitesLocally(TestNG.java:1137)
at org.testng.TestNG.runSuites(TestNG.java:1049)
at org.testng.TestNG.run(TestNG.java:1017)
at org.testng.remote.AbstractRemoteTestNG.run(AbstractRemoteTestNG.java:114)
at org.testng.remote.RemoteTestNG.initAndRun(RemoteTestNG.java:251)
at org.testng.remote.RemoteTestNG.main(RemoteTestNG.java:77)
]]>
            </full-stacktrace>
          </exception> <!-- java.lang.Throwable -->
          <reporter-output>
            <line>
              <![CDATA[Test Method resides in maintest.FullFlow]]>
            </line>
            <line>
              <![CDATA[Test Status: Skipped]]>
            </line>
          </reporter-output>
        </test-method> <!-- IdReportGeneration -->
        <test-method status="SKIP" signature="ReportGenerationSubmit()[pri:38, instance:maintest.FullFlow@f777e8]" name="ReportGenerationSubmit" duration-ms="0" started-at="2018-11-09T12:45:55Z" depends-on-methods="maintest.FullFlow.IdReportGeneration" finished-at="2018-11-09T12:45:55Z">
          <exception class="java.lang.Throwable">
            <message>
              <![CDATA[Method FullFlow.ReportGenerationSubmit()[pri:38, instance:maintest.FullFlow@f777e8] depends on not successfully finished methods]]>
            </message>
            <full-stacktrace>
              <![CDATA[java.lang.Throwable: Method FullFlow.ReportGenerationSubmit()[pri:38, instance:maintest.FullFlow@f777e8] depends on not successfully finished methods
at org.testng.internal.Invoker.invokeTestMethods(Invoker.java:887)
at org.testng.internal.TestMethodWorker.invokeTestMethods(TestMethodWorker.java:125)
at org.testng.internal.TestMethodWorker.run(TestMethodWorker.java:109)
at org.testng.TestRunner.privateRun(TestRunner.java:648)
at org.testng.TestRunner.run(TestRunner.java:505)
at org.testng.SuiteRunner.runTest(SuiteRunner.java:455)
at org.testng.SuiteRunner.runSequentially(SuiteRunner.java:450)
at org.testng.SuiteRunner.privateRun(SuiteRunner.java:415)
at org.testng.SuiteRunner.run(SuiteRunner.java:364)
at org.testng.SuiteRunnerWorker.runSuite(SuiteRunnerWorker.java:52)
at org.testng.SuiteRunnerWorker.run(SuiteRunnerWorker.java:84)
at org.testng.TestNG.runSuitesSequentially(TestNG.java:1208)
at org.testng.TestNG.runSuitesLocally(TestNG.java:1137)
at org.testng.TestNG.runSuites(TestNG.java:1049)
at org.testng.TestNG.run(TestNG.java:1017)
at org.testng.remote.AbstractRemoteTestNG.run(AbstractRemoteTestNG.java:114)
at org.testng.remote.RemoteTestNG.initAndRun(RemoteTestNG.java:251)
at org.testng.remote.RemoteTestNG.main(RemoteTestNG.java:77)
]]>
            </full-stacktrace>
          </exception> <!-- java.lang.Throwable -->
          <reporter-output>
            <line>
              <![CDATA[Test Method resides in maintest.FullFlow]]>
            </line>
            <line>
              <![CDATA[Test Status: Skipped]]>
            </line>
          </reporter-output>
        </test-method> <!-- ReportGenerationSubmit -->
        <test-method status="SKIP" signature="ReportValidationSupervisor()[pri:38, instance:maintest.FullFlow@f777e8]" name="ReportValidationSupervisor" duration-ms="0" started-at="2018-11-09T12:45:55Z" depends-on-methods="maintest.FullFlow.ReportGenerationSubmit" finished-at="2018-11-09T12:45:55Z">
          <exception class="java.lang.Throwable">
            <message>
              <![CDATA[Method FullFlow.ReportValidationSupervisor()[pri:38, instance:maintest.FullFlow@f777e8] depends on not successfully finished methods]]>
            </message>
            <full-stacktrace>
              <![CDATA[java.lang.Throwable: Method FullFlow.ReportValidationSupervisor()[pri:38, instance:maintest.FullFlow@f777e8] depends on not successfully finished methods
at org.testng.internal.Invoker.invokeTestMethods(Invoker.java:887)
at org.testng.internal.TestMethodWorker.invokeTestMethods(TestMethodWorker.java:125)
at org.testng.internal.TestMethodWorker.run(TestMethodWorker.java:109)
at org.testng.TestRunner.privateRun(TestRunner.java:648)
at org.testng.TestRunner.run(TestRunner.java:505)
at org.testng.SuiteRunner.runTest(SuiteRunner.java:455)
at org.testng.SuiteRunner.runSequentially(SuiteRunner.java:450)
at org.testng.SuiteRunner.privateRun(SuiteRunner.java:415)
at org.testng.SuiteRunner.run(SuiteRunner.java:364)
at org.testng.SuiteRunnerWorker.runSuite(SuiteRunnerWorker.java:52)
at org.testng.SuiteRunnerWorker.run(SuiteRunnerWorker.java:84)
at org.testng.TestNG.runSuitesSequentially(TestNG.java:1208)
at org.testng.TestNG.runSuitesLocally(TestNG.java:1137)
at org.testng.TestNG.runSuites(TestNG.java:1049)
at org.testng.TestNG.run(TestNG.java:1017)
at org.testng.remote.AbstractRemoteTestNG.run(AbstractRemoteTestNG.java:114)
at org.testng.remote.RemoteTestNG.initAndRun(RemoteTestNG.java:251)
at org.testng.remote.RemoteTestNG.main(RemoteTestNG.java:77)
]]>
            </full-stacktrace>
          </exception> <!-- java.lang.Throwable -->
          <reporter-output>
            <line>
              <![CDATA[Test Method resides in maintest.FullFlow]]>
            </line>
            <line>
              <![CDATA[Test Status: Skipped]]>
            </line>
          </reporter-output>
        </test-method> <!-- ReportValidationSupervisor -->
        <test-method status="SKIP" signature="ReportValidation()[pri:40, instance:maintest.FullFlow@f777e8]" name="ReportValidation" duration-ms="0" started-at="2018-11-09T12:45:55Z" depends-on-methods="maintest.FullFlow.ReportValidationSupervisor" finished-at="2018-11-09T12:45:55Z">
          <exception class="java.lang.Throwable">
            <message>
              <![CDATA[Method FullFlow.ReportValidation()[pri:40, instance:maintest.FullFlow@f777e8] depends on not successfully finished methods]]>
            </message>
            <full-stacktrace>
              <![CDATA[java.lang.Throwable: Method FullFlow.ReportValidation()[pri:40, instance:maintest.FullFlow@f777e8] depends on not successfully finished methods
at org.testng.internal.Invoker.invokeTestMethods(Invoker.java:887)
at org.testng.internal.TestMethodWorker.invokeTestMethods(TestMethodWorker.java:125)
at org.testng.internal.TestMethodWorker.run(TestMethodWorker.java:109)
at org.testng.TestRunner.privateRun(TestRunner.java:648)
at org.testng.TestRunner.run(TestRunner.java:505)
at org.testng.SuiteRunner.runTest(SuiteRunner.java:455)
at org.testng.SuiteRunner.runSequentially(SuiteRunner.java:450)
at org.testng.SuiteRunner.privateRun(SuiteRunner.java:415)
at org.testng.SuiteRunner.run(SuiteRunner.java:364)
at org.testng.SuiteRunnerWorker.runSuite(SuiteRunnerWorker.java:52)
at org.testng.SuiteRunnerWorker.run(SuiteRunnerWorker.java:84)
at org.testng.TestNG.runSuitesSequentially(TestNG.java:1208)
at org.testng.TestNG.runSuitesLocally(TestNG.java:1137)
at org.testng.TestNG.runSuites(TestNG.java:1049)
at org.testng.TestNG.run(TestNG.java:1017)
at org.testng.remote.AbstractRemoteTestNG.run(AbstractRemoteTestNG.java:114)
at org.testng.remote.RemoteTestNG.initAndRun(RemoteTestNG.java:251)
at org.testng.remote.RemoteTestNG.main(RemoteTestNG.java:77)
]]>
            </full-stacktrace>
          </exception> <!-- java.lang.Throwable -->
          <reporter-output>
            <line>
              <![CDATA[Test Method resides in maintest.FullFlow]]>
            </line>
            <line>
              <![CDATA[Test Status: Skipped]]>
            </line>
          </reporter-output>
        </test-method> <!-- ReportValidation -->
        <test-method status="PASS" signature="teardown()[pri:0, instance:maintest.FullFlow@f777e8]" name="teardown" is-config="true" duration-ms="723" started-at="2018-11-09T12:45:55Z" finished-at="2018-11-09T12:45:56Z">
          <reporter-output>
          </reporter-output>
        </test-method> <!-- teardown -->
        <test-method status="PASS" signature="afterSuite()[pri:0, instance:maintest.FullFlow@f777e8]" name="afterSuite" is-config="true" duration-ms="408" started-at="2018-11-09T12:45:56Z" finished-at="2018-11-09T12:45:56Z">
          <reporter-output>
          </reporter-output>
        </test-method> <!-- afterSuite -->
      </class> <!-- maintest.FullFlow -->
    </test> <!-- FullFlow -->
  </suite> <!-- regression testing -->
</testng-results>
