<?xml version="1.0" encoding="UTF-8"?>
<testng-results skipped="0" failed="6" ignored="0" total="24" passed="18">
  <reporter-output>
    <line>
      <![CDATA[About to begin executing Test Default test]]>
    </line>
    <line>
      <![CDATA[Test Method resides in maintest.FullFlow]]>
    </line>
    <line>
      <![CDATA[Test Status: Pass]]>
    </line>
    <line>
      <![CDATA[Test Method resides in maintest.FullFlow]]>
    </line>
    <line>
      <![CDATA[Test Status: Pass]]>
    </line>
    <line>
      <![CDATA[Test Method resides in maintest.FullFlow]]>
    </line>
    <line>
      <![CDATA[Test Status: Pass]]>
    </line>
    <line>
      <![CDATA[Test Method resides in maintest.FullFlow]]>
    </line>
    <line>
      <![CDATA[Test Status: Pass]]>
    </line>
    <line>
      <![CDATA[Test Method resides in maintest.FullFlow]]>
    </line>
    <line>
      <![CDATA[Test Status: Pass]]>
    </line>
    <line>
      <![CDATA[Test Method resides in maintest.FullFlow]]>
    </line>
    <line>
      <![CDATA[Test Status: Pass]]>
    </line>
    <line>
      <![CDATA[Test Method resides in maintest.FullFlow]]>
    </line>
    <line>
      <![CDATA[Test Status: Pass]]>
    </line>
    <line>
      <![CDATA[Test Method resides in maintest.FullFlow]]>
    </line>
    <line>
      <![CDATA[Test Status: Pass]]>
    </line>
    <line>
      <![CDATA[Test Method resides in maintest.FullFlow]]>
    </line>
    <line>
      <![CDATA[Test Status: Pass]]>
    </line>
    <line>
      <![CDATA[Test Method resides in maintest.FullFlow]]>
    </line>
    <line>
      <![CDATA[Test Status: Pass]]>
    </line>
    <line>
      <![CDATA[Test Method resides in maintest.FullFlow]]>
    </line>
    <line>
      <![CDATA[Test Status: Pass]]>
    </line>
    <line>
      <![CDATA[Test Method resides in maintest.FullFlow]]>
    </line>
    <line>
      <![CDATA[Test Status: Pass]]>
    </line>
    <line>
      <![CDATA[Test Method resides in maintest.FullFlow]]>
    </line>
    <line>
      <![CDATA[Test Status: Pass]]>
    </line>
    <line>
      <![CDATA[Test Method resides in maintest.FullFlow]]>
    </line>
    <line>
      <![CDATA[Test Status: Pass]]>
    </line>
    <line>
      <![CDATA[Test Method resides in maintest.FullFlow]]>
    </line>
    <line>
      <![CDATA[Test Status: Pass]]>
    </line>
    <line>
      <![CDATA[Test Method resides in maintest.FullFlow]]>
    </line>
    <line>
      <![CDATA[Test Status: Pass]]>
    </line>
    <line>
      <![CDATA[Test Method resides in maintest.FullFlow]]>
    </line>
    <line>
      <![CDATA[Test Status: Failed]]>
    </line>
    <line>
      <![CDATA[Test Method resides in maintest.FullFlow]]>
    </line>
    <line>
      <![CDATA[Test Status: Pass]]>
    </line>
    <line>
      <![CDATA[Test Method resides in maintest.FullFlow]]>
    </line>
    <line>
      <![CDATA[Test Status: Pass]]>
    </line>
    <line>
      <![CDATA[Test Method resides in maintest.FullFlow]]>
    </line>
    <line>
      <![CDATA[Test Status: Failed]]>
    </line>
    <line>
      <![CDATA[Test Method resides in maintest.FullFlow]]>
    </line>
    <line>
      <![CDATA[Test Status: Failed]]>
    </line>
    <line>
      <![CDATA[Test Method resides in maintest.FullFlow]]>
    </line>
    <line>
      <![CDATA[Test Status: Failed]]>
    </line>
    <line>
      <![CDATA[Test Method resides in maintest.FullFlow]]>
    </line>
    <line>
      <![CDATA[Test Status: Failed]]>
    </line>
    <line>
      <![CDATA[Test Method resides in maintest.FullFlow]]>
    </line>
    <line>
      <![CDATA[Test Status: Failed]]>
    </line>
  </reporter-output>
  <suite name="Default suite" duration-ms="1884438" started-at="2018-10-31T12:52:16Z" finished-at="2018-10-31T13:23:41Z">
    <groups>
    </groups>
    <test name="Default test" duration-ms="1884438" started-at="2018-10-31T12:52:16Z" finished-at="2018-10-31T13:23:41Z">
      <class name="maintest.FullFlow">
        <test-method status="PASS" signature="beforeSuit()[pri:0, instance:maintest.FullFlow@ebc39e]" name="beforeSuit" is-config="true" duration-ms="125" started-at="2018-10-31T12:52:16Z" finished-at="2018-10-31T12:52:16Z">
          <reporter-output>
          </reporter-output>
        </test-method> <!-- beforeSuit -->
        <test-method status="PASS" signature="beforetest()[pri:0, instance:maintest.FullFlow@ebc39e]" name="beforetest" is-config="true" duration-ms="5039" started-at="2018-10-31T12:52:16Z" finished-at="2018-10-31T12:52:21Z">
          <reporter-output>
          </reporter-output>
        </test-method> <!-- beforetest -->
        <test-method status="PASS" signature="setup(java.lang.reflect.Method)[pri:0, instance:maintest.FullFlow@ebc39e]" name="setup" is-config="true" duration-ms="9" started-at="2018-10-31T12:52:21Z" finished-at="2018-10-31T12:52:21Z">
          <params>
            <param index="0">
              <value>
                <![CDATA[public void maintest.FullFlow.login() throws java.lang.Exception]]>
              </value>
            </param>
          </params>
          <reporter-output>
          </reporter-output>
        </test-method> <!-- setup -->
        <test-method status="PASS" signature="login()[pri:1, instance:maintest.FullFlow@ebc39e]" name="login" duration-ms="8751" started-at="2018-10-31T12:52:21Z" finished-at="2018-10-31T12:52:30Z">
          <reporter-output>
            <line>
              <![CDATA[Test Method resides in maintest.FullFlow]]>
            </line>
            <line>
              <![CDATA[Test Status: Pass]]>
            </line>
          </reporter-output>
        </test-method> <!-- login -->
        <test-method status="PASS" signature="tearDown(org.testng.ITestResult, java.lang.reflect.Method)[pri:0, instance:maintest.FullFlow@ebc39e]" name="tearDown" is-config="true" duration-ms="0" started-at="2018-10-31T12:52:30Z" finished-at="2018-10-31T12:52:30Z">
          <params>
            <param index="0">
              <value>
                <![CDATA[[TestResult name=login status=SUCCESS method=FullFlow.login()[pri:1, instance:maintest.FullFlow@ebc39e] output=Test Method resides in maintest.FullFlow]]]>
              </value>
            </param>
            <param index="1">
              <value>
                <![CDATA[public void maintest.FullFlow.login() throws java.lang.Exception]]>
              </value>
            </param>
          </params>
          <reporter-output>
          </reporter-output>
        </test-method> <!-- tearDown -->
        <test-method status="PASS" signature="caseregistration()[pri:2, instance:maintest.FullFlow@ebc39e]" name="caseregistration" duration-ms="35761" started-at="2018-10-31T12:52:30Z" depends-on-methods="maintest.FullFlow.login" finished-at="2018-10-31T12:53:06Z">
          <reporter-output>
            <line>
              <![CDATA[Test Method resides in maintest.FullFlow]]>
            </line>
            <line>
              <![CDATA[Test Status: Pass]]>
            </line>
          </reporter-output>
        </test-method> <!-- caseregistration -->
        <test-method status="PASS" signature="setup(java.lang.reflect.Method)[pri:0, instance:maintest.FullFlow@ebc39e]" name="setup" is-config="true" duration-ms="0" started-at="2018-10-31T12:52:30Z" finished-at="2018-10-31T12:52:30Z">
          <params>
            <param index="0">
              <value>
                <![CDATA[public void maintest.FullFlow.caseregistration() throws java.lang.Exception]]>
              </value>
            </param>
          </params>
          <reporter-output>
          </reporter-output>
        </test-method> <!-- setup -->
        <test-method status="PASS" signature="setup(java.lang.reflect.Method)[pri:0, instance:maintest.FullFlow@ebc39e]" name="setup" is-config="true" duration-ms="0" started-at="2018-10-31T12:53:06Z" finished-at="2018-10-31T12:53:06Z">
          <params>
            <param index="0">
              <value>
                <![CDATA[public void maintest.FullFlow.dataEntryAssign() throws java.lang.Exception]]>
              </value>
            </param>
          </params>
          <reporter-output>
          </reporter-output>
        </test-method> <!-- setup -->
        <test-method status="PASS" signature="dataEntryAssign()[pri:3, instance:maintest.FullFlow@ebc39e]" name="dataEntryAssign" duration-ms="93825" started-at="2018-10-31T12:53:06Z" depends-on-methods="maintest.FullFlow.caseregistration" finished-at="2018-10-31T12:54:40Z">
          <reporter-output>
            <line>
              <![CDATA[Test Method resides in maintest.FullFlow]]>
            </line>
            <line>
              <![CDATA[Test Status: Pass]]>
            </line>
          </reporter-output>
        </test-method> <!-- dataEntryAssign -->
        <test-method status="PASS" signature="tearDown(org.testng.ITestResult, java.lang.reflect.Method)[pri:0, instance:maintest.FullFlow@ebc39e]" name="tearDown" is-config="true" duration-ms="0" started-at="2018-10-31T12:53:06Z" finished-at="2018-10-31T12:53:06Z">
          <params>
            <param index="0">
              <value>
                <![CDATA[[TestResult name=caseregistration status=SUCCESS method=FullFlow.caseregistration()[pri:2, instance:maintest.FullFlow@ebc39e] output=Test Method resides in maintest.FullFlow]]]>
              </value>
            </param>
            <param index="1">
              <value>
                <![CDATA[public void maintest.FullFlow.caseregistration() throws java.lang.Exception]]>
              </value>
            </param>
          </params>
          <reporter-output>
          </reporter-output>
        </test-method> <!-- tearDown -->
        <test-method status="PASS" signature="dataEntry()[pri:4, instance:maintest.FullFlow@ebc39e]" name="dataEntry" duration-ms="480543" started-at="2018-10-31T12:54:40Z" depends-on-methods="maintest.FullFlow.dataEntryAssign" finished-at="2018-10-31T13:02:40Z">
          <reporter-output>
            <line>
              <![CDATA[Test Method resides in maintest.FullFlow]]>
            </line>
            <line>
              <![CDATA[Test Status: Pass]]>
            </line>
          </reporter-output>
        </test-method> <!-- dataEntry -->
        <test-method status="PASS" signature="setup(java.lang.reflect.Method)[pri:0, instance:maintest.FullFlow@ebc39e]" name="setup" is-config="true" duration-ms="0" started-at="2018-10-31T12:54:40Z" finished-at="2018-10-31T12:54:40Z">
          <params>
            <param index="0">
              <value>
                <![CDATA[public void maintest.FullFlow.dataEntry() throws java.lang.Exception]]>
              </value>
            </param>
          </params>
          <reporter-output>
          </reporter-output>
        </test-method> <!-- setup -->
        <test-method status="PASS" signature="tearDown(org.testng.ITestResult, java.lang.reflect.Method)[pri:0, instance:maintest.FullFlow@ebc39e]" name="tearDown" is-config="true" duration-ms="0" started-at="2018-10-31T12:54:40Z" finished-at="2018-10-31T12:54:40Z">
          <params>
            <param index="0">
              <value>
                <![CDATA[[TestResult name=dataEntryAssign status=SUCCESS method=FullFlow.dataEntryAssign()[pri:3, instance:maintest.FullFlow@ebc39e] output=Test Method resides in maintest.FullFlow]]]>
              </value>
            </param>
            <param index="1">
              <value>
                <![CDATA[public void maintest.FullFlow.dataEntryAssign() throws java.lang.Exception]]>
              </value>
            </param>
          </params>
          <reporter-output>
          </reporter-output>
        </test-method> <!-- tearDown -->
        <test-method status="PASS" signature="tearDown(org.testng.ITestResult, java.lang.reflect.Method)[pri:0, instance:maintest.FullFlow@ebc39e]" name="tearDown" is-config="true" duration-ms="0" started-at="2018-10-31T13:02:40Z" finished-at="2018-10-31T13:02:40Z">
          <params>
            <param index="0">
              <value>
                <![CDATA[[TestResult name=dataEntry status=SUCCESS method=FullFlow.dataEntry()[pri:4, instance:maintest.FullFlow@ebc39e] output=Test Method resides in maintest.FullFlow]]]>
              </value>
            </param>
            <param index="1">
              <value>
                <![CDATA[public void maintest.FullFlow.dataEntry() throws java.lang.Exception]]>
              </value>
            </param>
          </params>
          <reporter-output>
          </reporter-output>
        </test-method> <!-- tearDown -->
        <test-method status="PASS" signature="dataEntryQCAssign()[pri:5, instance:maintest.FullFlow@ebc39e]" name="dataEntryQCAssign" duration-ms="83338" started-at="2018-10-31T13:02:40Z" depends-on-methods="maintest.FullFlow.dataEntry" finished-at="2018-10-31T13:04:04Z">
          <reporter-output>
            <line>
              <![CDATA[Test Method resides in maintest.FullFlow]]>
            </line>
            <line>
              <![CDATA[Test Status: Pass]]>
            </line>
          </reporter-output>
        </test-method> <!-- dataEntryQCAssign -->
        <test-method status="PASS" signature="setup(java.lang.reflect.Method)[pri:0, instance:maintest.FullFlow@ebc39e]" name="setup" is-config="true" duration-ms="0" started-at="2018-10-31T13:02:40Z" finished-at="2018-10-31T13:02:40Z">
          <params>
            <param index="0">
              <value>
                <![CDATA[public void maintest.FullFlow.dataEntryQCAssign() throws java.lang.Exception]]>
              </value>
            </param>
          </params>
          <reporter-output>
          </reporter-output>
        </test-method> <!-- setup -->
        <test-method status="PASS" signature="tearDown(org.testng.ITestResult, java.lang.reflect.Method)[pri:0, instance:maintest.FullFlow@ebc39e]" name="tearDown" is-config="true" duration-ms="0" started-at="2018-10-31T13:04:04Z" finished-at="2018-10-31T13:04:04Z">
          <params>
            <param index="0">
              <value>
                <![CDATA[[TestResult name=dataEntryQCAssign status=SUCCESS method=FullFlow.dataEntryQCAssign()[pri:5, instance:maintest.FullFlow@ebc39e] output=Test Method resides in maintest.FullFlow]]]>
              </value>
            </param>
            <param index="1">
              <value>
                <![CDATA[public void maintest.FullFlow.dataEntryQCAssign() throws java.lang.Exception]]>
              </value>
            </param>
          </params>
          <reporter-output>
          </reporter-output>
        </test-method> <!-- tearDown -->
        <test-method status="PASS" signature="AddressDEQC()[pri:6, instance:maintest.FullFlow@ebc39e]" name="AddressDEQC" duration-ms="35318" started-at="2018-10-31T13:04:04Z" depends-on-methods="maintest.FullFlow.dataEntryQCAssign" finished-at="2018-10-31T13:04:39Z">
          <reporter-output>
            <line>
              <![CDATA[Test Method resides in maintest.FullFlow]]>
            </line>
            <line>
              <![CDATA[Test Status: Pass]]>
            </line>
          </reporter-output>
        </test-method> <!-- AddressDEQC -->
        <test-method status="PASS" signature="setup(java.lang.reflect.Method)[pri:0, instance:maintest.FullFlow@ebc39e]" name="setup" is-config="true" duration-ms="0" started-at="2018-10-31T13:04:04Z" finished-at="2018-10-31T13:04:04Z">
          <params>
            <param index="0">
              <value>
                <![CDATA[public void maintest.FullFlow.AddressDEQC() throws java.lang.Exception]]>
              </value>
            </param>
          </params>
          <reporter-output>
          </reporter-output>
        </test-method> <!-- setup -->
        <test-method status="PASS" signature="tearDown(org.testng.ITestResult, java.lang.reflect.Method)[pri:0, instance:maintest.FullFlow@ebc39e]" name="tearDown" is-config="true" duration-ms="0" started-at="2018-10-31T13:04:39Z" finished-at="2018-10-31T13:04:39Z">
          <params>
            <param index="0">
              <value>
                <![CDATA[[TestResult name=AddressDEQC status=SUCCESS method=FullFlow.AddressDEQC()[pri:6, instance:maintest.FullFlow@ebc39e] output=Test Method resides in maintest.FullFlow]]]>
              </value>
            </param>
            <param index="1">
              <value>
                <![CDATA[public void maintest.FullFlow.AddressDEQC() throws java.lang.Exception]]>
              </value>
            </param>
          </params>
          <reporter-output>
          </reporter-output>
        </test-method> <!-- tearDown -->
        <test-method status="PASS" signature="setup(java.lang.reflect.Method)[pri:0, instance:maintest.FullFlow@ebc39e]" name="setup" is-config="true" duration-ms="1" started-at="2018-10-31T13:04:39Z" finished-at="2018-10-31T13:04:39Z">
          <params>
            <param index="0">
              <value>
                <![CDATA[public void maintest.FullFlow.EducationDEQC() throws java.lang.Exception]]>
              </value>
            </param>
          </params>
          <reporter-output>
          </reporter-output>
        </test-method> <!-- setup -->
        <test-method status="PASS" signature="EducationDEQC()[pri:7, instance:maintest.FullFlow@ebc39e]" name="EducationDEQC" duration-ms="28755" started-at="2018-10-31T13:04:39Z" depends-on-methods="maintest.FullFlow.dataEntryQCAssign" finished-at="2018-10-31T13:05:08Z">
          <reporter-output>
            <line>
              <![CDATA[Test Method resides in maintest.FullFlow]]>
            </line>
            <line>
              <![CDATA[Test Status: Pass]]>
            </line>
          </reporter-output>
        </test-method> <!-- EducationDEQC -->
        <test-method status="PASS" signature="tearDown(org.testng.ITestResult, java.lang.reflect.Method)[pri:0, instance:maintest.FullFlow@ebc39e]" name="tearDown" is-config="true" duration-ms="0" started-at="2018-10-31T13:05:08Z" finished-at="2018-10-31T13:05:08Z">
          <params>
            <param index="0">
              <value>
                <![CDATA[[TestResult name=EducationDEQC status=SUCCESS method=FullFlow.EducationDEQC()[pri:7, instance:maintest.FullFlow@ebc39e] output=Test Method resides in maintest.FullFlow]]]>
              </value>
            </param>
            <param index="1">
              <value>
                <![CDATA[public void maintest.FullFlow.EducationDEQC() throws java.lang.Exception]]>
              </value>
            </param>
          </params>
          <reporter-output>
          </reporter-output>
        </test-method> <!-- tearDown -->
        <test-method status="PASS" signature="setup(java.lang.reflect.Method)[pri:0, instance:maintest.FullFlow@ebc39e]" name="setup" is-config="true" duration-ms="1" started-at="2018-10-31T13:05:08Z" finished-at="2018-10-31T13:05:08Z">
          <params>
            <param index="0">
              <value>
                <![CDATA[public void maintest.FullFlow.EmploymentDEQC() throws java.lang.Exception]]>
              </value>
            </param>
          </params>
          <reporter-output>
          </reporter-output>
        </test-method> <!-- setup -->
        <test-method status="PASS" signature="EmploymentDEQC()[pri:8, instance:maintest.FullFlow@ebc39e]" name="EmploymentDEQC" duration-ms="27428" started-at="2018-10-31T13:05:08Z" depends-on-methods="maintest.FullFlow.dataEntryQCAssign" finished-at="2018-10-31T13:05:35Z">
          <reporter-output>
            <line>
              <![CDATA[Test Method resides in maintest.FullFlow]]>
            </line>
            <line>
              <![CDATA[Test Status: Pass]]>
            </line>
          </reporter-output>
        </test-method> <!-- EmploymentDEQC -->
        <test-method status="PASS" signature="tearDown(org.testng.ITestResult, java.lang.reflect.Method)[pri:0, instance:maintest.FullFlow@ebc39e]" name="tearDown" is-config="true" duration-ms="0" started-at="2018-10-31T13:05:35Z" finished-at="2018-10-31T13:05:35Z">
          <params>
            <param index="0">
              <value>
                <![CDATA[[TestResult name=EmploymentDEQC status=SUCCESS method=FullFlow.EmploymentDEQC()[pri:8, instance:maintest.FullFlow@ebc39e] output=Test Method resides in maintest.FullFlow]]]>
              </value>
            </param>
            <param index="1">
              <value>
                <![CDATA[public void maintest.FullFlow.EmploymentDEQC() throws java.lang.Exception]]>
              </value>
            </param>
          </params>
          <reporter-output>
          </reporter-output>
        </test-method> <!-- tearDown -->
        <test-method status="PASS" signature="setup(java.lang.reflect.Method)[pri:0, instance:maintest.FullFlow@ebc39e]" name="setup" is-config="true" duration-ms="1" started-at="2018-10-31T13:05:35Z" finished-at="2018-10-31T13:05:35Z">
          <params>
            <param index="0">
              <value>
                <![CDATA[public void maintest.FullFlow.ReferenceDEQC() throws java.lang.Exception]]>
              </value>
            </param>
          </params>
          <reporter-output>
          </reporter-output>
        </test-method> <!-- setup -->
        <test-method status="PASS" signature="ReferenceDEQC()[pri:9, instance:maintest.FullFlow@ebc39e]" name="ReferenceDEQC" duration-ms="13328" started-at="2018-10-31T13:05:35Z" depends-on-methods="maintest.FullFlow.dataEntryQCAssign" finished-at="2018-10-31T13:05:48Z">
          <reporter-output>
            <line>
              <![CDATA[Test Method resides in maintest.FullFlow]]>
            </line>
            <line>
              <![CDATA[Test Status: Pass]]>
            </line>
          </reporter-output>
        </test-method> <!-- ReferenceDEQC -->
        <test-method status="PASS" signature="tearDown(org.testng.ITestResult, java.lang.reflect.Method)[pri:0, instance:maintest.FullFlow@ebc39e]" name="tearDown" is-config="true" duration-ms="0" started-at="2018-10-31T13:05:48Z" finished-at="2018-10-31T13:05:48Z">
          <params>
            <param index="0">
              <value>
                <![CDATA[[TestResult name=ReferenceDEQC status=SUCCESS method=FullFlow.ReferenceDEQC()[pri:9, instance:maintest.FullFlow@ebc39e] output=Test Method resides in maintest.FullFlow]]]>
              </value>
            </param>
            <param index="1">
              <value>
                <![CDATA[public void maintest.FullFlow.ReferenceDEQC() throws java.lang.Exception]]>
              </value>
            </param>
          </params>
          <reporter-output>
          </reporter-output>
        </test-method> <!-- tearDown -->
        <test-method status="PASS" signature="setup(java.lang.reflect.Method)[pri:0, instance:maintest.FullFlow@ebc39e]" name="setup" is-config="true" duration-ms="0" started-at="2018-10-31T13:05:48Z" finished-at="2018-10-31T13:05:48Z">
          <params>
            <param index="0">
              <value>
                <![CDATA[public void maintest.FullFlow.DataBaseDEQC() throws java.lang.Exception]]>
              </value>
            </param>
          </params>
          <reporter-output>
          </reporter-output>
        </test-method> <!-- setup -->
        <test-method status="PASS" signature="DataBaseDEQC()[pri:10, instance:maintest.FullFlow@ebc39e]" name="DataBaseDEQC" duration-ms="13453" started-at="2018-10-31T13:05:48Z" depends-on-methods="maintest.FullFlow.dataEntryQCAssign" finished-at="2018-10-31T13:06:02Z">
          <reporter-output>
            <line>
              <![CDATA[Test Method resides in maintest.FullFlow]]>
            </line>
            <line>
              <![CDATA[Test Status: Pass]]>
            </line>
          </reporter-output>
        </test-method> <!-- DataBaseDEQC -->
        <test-method status="PASS" signature="tearDown(org.testng.ITestResult, java.lang.reflect.Method)[pri:0, instance:maintest.FullFlow@ebc39e]" name="tearDown" is-config="true" duration-ms="1" started-at="2018-10-31T13:06:02Z" finished-at="2018-10-31T13:06:02Z">
          <params>
            <param index="0">
              <value>
                <![CDATA[[TestResult name=DataBaseDEQC status=SUCCESS method=FullFlow.DataBaseDEQC()[pri:10, instance:maintest.FullFlow@ebc39e] output=Test Method resides in maintest.FullFlow]]]>
              </value>
            </param>
            <param index="1">
              <value>
                <![CDATA[public void maintest.FullFlow.DataBaseDEQC() throws java.lang.Exception]]>
              </value>
            </param>
          </params>
          <reporter-output>
          </reporter-output>
        </test-method> <!-- tearDown -->
        <test-method status="PASS" signature="setup(java.lang.reflect.Method)[pri:0, instance:maintest.FullFlow@ebc39e]" name="setup" is-config="true" duration-ms="1" started-at="2018-10-31T13:06:02Z" finished-at="2018-10-31T13:06:02Z">
          <params>
            <param index="0">
              <value>
                <![CDATA[public void maintest.FullFlow.CriminalDEQC() throws java.lang.Exception]]>
              </value>
            </param>
          </params>
          <reporter-output>
          </reporter-output>
        </test-method> <!-- setup -->
        <test-method status="PASS" signature="CriminalDEQC()[pri:11, instance:maintest.FullFlow@ebc39e]" name="CriminalDEQC" duration-ms="31308" started-at="2018-10-31T13:06:02Z" depends-on-methods="maintest.FullFlow.dataEntryQCAssign" finished-at="2018-10-31T13:06:33Z">
          <reporter-output>
            <line>
              <![CDATA[Test Method resides in maintest.FullFlow]]>
            </line>
            <line>
              <![CDATA[Test Status: Pass]]>
            </line>
          </reporter-output>
        </test-method> <!-- CriminalDEQC -->
        <test-method status="PASS" signature="tearDown(org.testng.ITestResult, java.lang.reflect.Method)[pri:0, instance:maintest.FullFlow@ebc39e]" name="tearDown" is-config="true" duration-ms="0" started-at="2018-10-31T13:06:33Z" finished-at="2018-10-31T13:06:33Z">
          <params>
            <param index="0">
              <value>
                <![CDATA[[TestResult name=CriminalDEQC status=SUCCESS method=FullFlow.CriminalDEQC()[pri:11, instance:maintest.FullFlow@ebc39e] output=Test Method resides in maintest.FullFlow]]]>
              </value>
            </param>
            <param index="1">
              <value>
                <![CDATA[public void maintest.FullFlow.CriminalDEQC() throws java.lang.Exception]]>
              </value>
            </param>
          </params>
          <reporter-output>
          </reporter-output>
        </test-method> <!-- tearDown -->
        <test-method status="PASS" signature="CreditDEQC()[pri:12, instance:maintest.FullFlow@ebc39e]" name="CreditDEQC" duration-ms="12167" started-at="2018-10-31T13:06:33Z" depends-on-methods="maintest.FullFlow.dataEntryQCAssign" finished-at="2018-10-31T13:06:45Z">
          <reporter-output>
            <line>
              <![CDATA[Test Method resides in maintest.FullFlow]]>
            </line>
            <line>
              <![CDATA[Test Status: Pass]]>
            </line>
          </reporter-output>
        </test-method> <!-- CreditDEQC -->
        <test-method status="PASS" signature="setup(java.lang.reflect.Method)[pri:0, instance:maintest.FullFlow@ebc39e]" name="setup" is-config="true" duration-ms="0" started-at="2018-10-31T13:06:33Z" finished-at="2018-10-31T13:06:33Z">
          <params>
            <param index="0">
              <value>
                <![CDATA[public void maintest.FullFlow.CreditDEQC() throws java.lang.Exception]]>
              </value>
            </param>
          </params>
          <reporter-output>
          </reporter-output>
        </test-method> <!-- setup -->
        <test-method status="PASS" signature="tearDown(org.testng.ITestResult, java.lang.reflect.Method)[pri:0, instance:maintest.FullFlow@ebc39e]" name="tearDown" is-config="true" duration-ms="1" started-at="2018-10-31T13:06:45Z" finished-at="2018-10-31T13:06:45Z">
          <params>
            <param index="0">
              <value>
                <![CDATA[[TestResult name=CreditDEQC status=SUCCESS method=FullFlow.CreditDEQC()[pri:12, instance:maintest.FullFlow@ebc39e] output=Test Method resides in maintest.FullFlow]]]>
              </value>
            </param>
            <param index="1">
              <value>
                <![CDATA[public void maintest.FullFlow.CreditDEQC() throws java.lang.Exception]]>
              </value>
            </param>
          </params>
          <reporter-output>
          </reporter-output>
        </test-method> <!-- tearDown -->
        <test-method status="PASS" signature="setup(java.lang.reflect.Method)[pri:0, instance:maintest.FullFlow@ebc39e]" name="setup" is-config="true" duration-ms="1" started-at="2018-10-31T13:06:45Z" finished-at="2018-10-31T13:06:45Z">
          <params>
            <param index="0">
              <value>
                <![CDATA[public void maintest.FullFlow.CourtDEQC() throws java.lang.Exception]]>
              </value>
            </param>
          </params>
          <reporter-output>
          </reporter-output>
        </test-method> <!-- setup -->
        <test-method status="PASS" signature="CourtDEQC()[pri:13, instance:maintest.FullFlow@ebc39e]" name="CourtDEQC" duration-ms="30186" started-at="2018-10-31T13:06:45Z" depends-on-methods="maintest.FullFlow.dataEntryQCAssign" finished-at="2018-10-31T13:07:16Z">
          <reporter-output>
            <line>
              <![CDATA[Test Method resides in maintest.FullFlow]]>
            </line>
            <line>
              <![CDATA[Test Status: Pass]]>
            </line>
          </reporter-output>
        </test-method> <!-- CourtDEQC -->
        <test-method status="PASS" signature="tearDown(org.testng.ITestResult, java.lang.reflect.Method)[pri:0, instance:maintest.FullFlow@ebc39e]" name="tearDown" is-config="true" duration-ms="1" started-at="2018-10-31T13:07:16Z" finished-at="2018-10-31T13:07:16Z">
          <params>
            <param index="0">
              <value>
                <![CDATA[[TestResult name=CourtDEQC status=SUCCESS method=FullFlow.CourtDEQC()[pri:13, instance:maintest.FullFlow@ebc39e] output=Test Method resides in maintest.FullFlow]]]>
              </value>
            </param>
            <param index="1">
              <value>
                <![CDATA[public void maintest.FullFlow.CourtDEQC() throws java.lang.Exception]]>
              </value>
            </param>
          </params>
          <reporter-output>
          </reporter-output>
        </test-method> <!-- tearDown -->
        <test-method status="PASS" signature="setup(java.lang.reflect.Method)[pri:0, instance:maintest.FullFlow@ebc39e]" name="setup" is-config="true" duration-ms="1" started-at="2018-10-31T13:07:16Z" finished-at="2018-10-31T13:07:16Z">
          <params>
            <param index="0">
              <value>
                <![CDATA[public void maintest.FullFlow.IdDEQC() throws java.lang.Exception]]>
              </value>
            </param>
          </params>
          <reporter-output>
          </reporter-output>
        </test-method> <!-- setup -->
        <test-method status="PASS" signature="IdDEQC()[pri:14, instance:maintest.FullFlow@ebc39e]" name="IdDEQC" duration-ms="27191" started-at="2018-10-31T13:07:16Z" depends-on-methods="maintest.FullFlow.dataEntryQCAssign" finished-at="2018-10-31T13:07:43Z">
          <reporter-output>
            <line>
              <![CDATA[Test Method resides in maintest.FullFlow]]>
            </line>
            <line>
              <![CDATA[Test Status: Pass]]>
            </line>
          </reporter-output>
        </test-method> <!-- IdDEQC -->
        <test-method status="PASS" signature="tearDown(org.testng.ITestResult, java.lang.reflect.Method)[pri:0, instance:maintest.FullFlow@ebc39e]" name="tearDown" is-config="true" duration-ms="0" started-at="2018-10-31T13:07:43Z" finished-at="2018-10-31T13:07:43Z">
          <params>
            <param index="0">
              <value>
                <![CDATA[[TestResult name=IdDEQC status=SUCCESS method=FullFlow.IdDEQC()[pri:14, instance:maintest.FullFlow@ebc39e] output=Test Method resides in maintest.FullFlow]]]>
              </value>
            </param>
            <param index="1">
              <value>
                <![CDATA[public void maintest.FullFlow.IdDEQC() throws java.lang.Exception]]>
              </value>
            </param>
          </params>
          <reporter-output>
          </reporter-output>
        </test-method> <!-- tearDown -->
        <test-method status="PASS" signature="setup(java.lang.reflect.Method)[pri:0, instance:maintest.FullFlow@ebc39e]" name="setup" is-config="true" duration-ms="0" started-at="2018-10-31T13:07:43Z" finished-at="2018-10-31T13:07:43Z">
          <params>
            <param index="0">
              <value>
                <![CDATA[public void maintest.FullFlow.VerificationSupervisor() throws java.lang.Exception]]>
              </value>
            </param>
          </params>
          <reporter-output>
          </reporter-output>
        </test-method> <!-- setup -->
        <test-method status="PASS" signature="VerificationSupervisor()[pri:15, instance:maintest.FullFlow@ebc39e]" name="VerificationSupervisor" duration-ms="62491" started-at="2018-10-31T13:07:43Z" depends-on-methods="maintest.FullFlow.IdDEQC" finished-at="2018-10-31T13:08:45Z">
          <reporter-output>
            <line>
              <![CDATA[Test Method resides in maintest.FullFlow]]>
            </line>
            <line>
              <![CDATA[Test Status: Pass]]>
            </line>
          </reporter-output>
        </test-method> <!-- VerificationSupervisor -->
        <test-method status="PASS" signature="setup(java.lang.reflect.Method)[pri:0, instance:maintest.FullFlow@ebc39e]" name="setup" is-config="true" duration-ms="0" started-at="2018-10-31T13:08:45Z" finished-at="2018-10-31T13:08:45Z">
          <params>
            <param index="0">
              <value>
                <![CDATA[public void maintest.FullFlow.VerificationIntiation() throws java.lang.Exception]]>
              </value>
            </param>
          </params>
          <reporter-output>
          </reporter-output>
        </test-method> <!-- setup -->
        <test-method status="PASS" signature="VerificationIntiation()[pri:16, instance:maintest.FullFlow@ebc39e]" name="VerificationIntiation" duration-ms="495873" started-at="2018-10-31T13:08:45Z" depends-on-methods="maintest.FullFlow.VerificationSupervisor" finished-at="2018-10-31T13:17:01Z">
          <reporter-output>
            <line>
              <![CDATA[Test Method resides in maintest.FullFlow]]>
            </line>
            <line>
              <![CDATA[Test Status: Pass]]>
            </line>
          </reporter-output>
        </test-method> <!-- VerificationIntiation -->
        <test-method status="PASS" signature="tearDown(org.testng.ITestResult, java.lang.reflect.Method)[pri:0, instance:maintest.FullFlow@ebc39e]" name="tearDown" is-config="true" duration-ms="0" started-at="2018-10-31T13:08:45Z" finished-at="2018-10-31T13:08:45Z">
          <params>
            <param index="0">
              <value>
                <![CDATA[[TestResult name=VerificationSupervisor status=SUCCESS method=FullFlow.VerificationSupervisor()[pri:15, instance:maintest.FullFlow@ebc39e] output=Test Method resides in maintest.FullFlow]]]>
              </value>
            </param>
            <param index="1">
              <value>
                <![CDATA[public void maintest.FullFlow.VerificationSupervisor() throws java.lang.Exception]]>
              </value>
            </param>
          </params>
          <reporter-output>
          </reporter-output>
        </test-method> <!-- tearDown -->
        <test-method status="PASS" signature="tearDown(org.testng.ITestResult, java.lang.reflect.Method)[pri:0, instance:maintest.FullFlow@ebc39e]" name="tearDown" is-config="true" duration-ms="2" started-at="2018-10-31T13:17:01Z" finished-at="2018-10-31T13:17:01Z">
          <params>
            <param index="0">
              <value>
                <![CDATA[[TestResult name=VerificationIntiation status=SUCCESS method=FullFlow.VerificationIntiation()[pri:16, instance:maintest.FullFlow@ebc39e] output=Test Method resides in maintest.FullFlow]]]>
              </value>
            </param>
            <param index="1">
              <value>
                <![CDATA[public void maintest.FullFlow.VerificationIntiation() throws java.lang.Exception]]>
              </value>
            </param>
          </params>
          <reporter-output>
          </reporter-output>
        </test-method> <!-- tearDown -->
        <test-method status="PASS" signature="setup(java.lang.reflect.Method)[pri:0, instance:maintest.FullFlow@ebc39e]" name="setup" is-config="true" duration-ms="0" started-at="2018-10-31T13:17:01Z" finished-at="2018-10-31T13:17:01Z">
          <params>
            <param index="0">
              <value>
                <![CDATA[public void maintest.FullFlow.AddressVerification() throws java.lang.Exception]]>
              </value>
            </param>
          </params>
          <reporter-output>
          </reporter-output>
        </test-method> <!-- setup -->
        <test-method status="FAIL" signature="AddressVerification()[pri:17, instance:maintest.FullFlow@ebc39e]" name="AddressVerification" duration-ms="154951" started-at="2018-10-31T13:17:01Z" depends-on-methods="maintest.FullFlow.VerificationIntiation" finished-at="2018-10-31T13:19:36Z">
          <exception class="java.lang.AssertionError">
            <message>
              <![CDATA[expected [Report Generation Assignment Pending] but found [After Verification Initiation]]]>
            </message>
            <full-stacktrace>
              <![CDATA[java.lang.AssertionError: expected [Report Generation Assignment Pending] but found [After Verification Initiation]
at org.testng.Assert.fail(Assert.java:96)
at org.testng.Assert.failNotEquals(Assert.java:776)
at org.testng.Assert.assertEqualsImpl(Assert.java:137)
at org.testng.Assert.assertEquals(Assert.java:118)
at org.testng.Assert.assertEquals(Assert.java:453)
at org.testng.Assert.assertEquals(Assert.java:463)
at maintest.FullFlow.AddressVerification(FullFlow.java:390)
at sun.reflect.NativeMethodAccessorImpl.invoke0(Native Method)
at sun.reflect.NativeMethodAccessorImpl.invoke(Unknown Source)
at sun.reflect.DelegatingMethodAccessorImpl.invoke(Unknown Source)
at java.lang.reflect.Method.invoke(Unknown Source)
at org.testng.internal.MethodInvocationHelper.invokeMethod(MethodInvocationHelper.java:124)
at org.testng.internal.Invoker.invokeMethod(Invoker.java:580)
at org.testng.internal.Invoker.invokeTestMethod(Invoker.java:716)
at org.testng.internal.Invoker.invokeTestMethods(Invoker.java:988)
at org.testng.internal.TestMethodWorker.invokeTestMethods(TestMethodWorker.java:125)
at org.testng.internal.TestMethodWorker.run(TestMethodWorker.java:109)
at org.testng.TestRunner.privateRun(TestRunner.java:648)
at org.testng.TestRunner.run(TestRunner.java:505)
at org.testng.SuiteRunner.runTest(SuiteRunner.java:455)
at org.testng.SuiteRunner.runSequentially(SuiteRunner.java:450)
at org.testng.SuiteRunner.privateRun(SuiteRunner.java:415)
at org.testng.SuiteRunner.run(SuiteRunner.java:364)
at org.testng.SuiteRunnerWorker.runSuite(SuiteRunnerWorker.java:52)
at org.testng.SuiteRunnerWorker.run(SuiteRunnerWorker.java:84)
at org.testng.TestNG.runSuitesSequentially(TestNG.java:1208)
at org.testng.TestNG.runSuitesLocally(TestNG.java:1137)
at org.testng.TestNG.runSuites(TestNG.java:1049)
at org.testng.TestNG.run(TestNG.java:1017)
at org.testng.remote.AbstractRemoteTestNG.run(AbstractRemoteTestNG.java:114)
at org.testng.remote.RemoteTestNG.initAndRun(RemoteTestNG.java:251)
at org.testng.remote.RemoteTestNG.main(RemoteTestNG.java:77)
]]>
            </full-stacktrace>
          </exception> <!-- java.lang.AssertionError -->
          <reporter-output>
            <line>
              <![CDATA[Test Method resides in maintest.FullFlow]]>
            </line>
            <line>
              <![CDATA[Test Status: Failed]]>
            </line>
          </reporter-output>
        </test-method> <!-- AddressVerification -->
        <test-method status="PASS" signature="tearDown(org.testng.ITestResult, java.lang.reflect.Method)[pri:0, instance:maintest.FullFlow@ebc39e]" name="tearDown" is-config="true" duration-ms="350" started-at="2018-10-31T13:19:36Z" finished-at="2018-10-31T13:19:36Z">
          <params>
            <param index="0">
              <value>
                <![CDATA[[TestResult name=AddressVerification status=FAILURE method=FullFlow.AddressVerification()[pri:17, instance:maintest.FullFlow@ebc39e] output=Test Method resides in maintest.FullFlow]]]>
              </value>
            </param>
            <param index="1">
              <value>
                <![CDATA[public void maintest.FullFlow.AddressVerification() throws java.lang.Exception]]>
              </value>
            </param>
          </params>
          <reporter-output>
          </reporter-output>
        </test-method> <!-- tearDown -->
        <test-method status="PASS" signature="setup(java.lang.reflect.Method)[pri:0, instance:maintest.FullFlow@ebc39e]" name="setup" is-config="true" duration-ms="0" started-at="2018-10-31T13:19:36Z" finished-at="2018-10-31T13:19:36Z">
          <params>
            <param index="0">
              <value>
                <![CDATA[public void maintest.FullFlow.EducationVerification() throws java.lang.Exception]]>
              </value>
            </param>
          </params>
          <reporter-output>
          </reporter-output>
        </test-method> <!-- setup -->
        <test-method status="PASS" signature="EducationVerification()[pri:18, instance:maintest.FullFlow@ebc39e]" name="EducationVerification" duration-ms="102571" started-at="2018-10-31T13:19:36Z" depends-on-methods="maintest.FullFlow.VerificationIntiation" finished-at="2018-10-31T13:21:19Z">
          <reporter-output>
            <line>
              <![CDATA[Test Method resides in maintest.FullFlow]]>
            </line>
            <line>
              <![CDATA[Test Status: Pass]]>
            </line>
          </reporter-output>
        </test-method> <!-- EducationVerification -->
        <test-method status="PASS" signature="tearDown(org.testng.ITestResult, java.lang.reflect.Method)[pri:0, instance:maintest.FullFlow@ebc39e]" name="tearDown" is-config="true" duration-ms="0" started-at="2018-10-31T13:21:19Z" finished-at="2018-10-31T13:21:19Z">
          <params>
            <param index="0">
              <value>
                <![CDATA[[TestResult name=EducationVerification status=SUCCESS method=FullFlow.EducationVerification()[pri:18, instance:maintest.FullFlow@ebc39e] output=Test Method resides in maintest.FullFlow]]]>
              </value>
            </param>
            <param index="1">
              <value>
                <![CDATA[public void maintest.FullFlow.EducationVerification() throws java.lang.Exception]]>
              </value>
            </param>
          </params>
          <reporter-output>
          </reporter-output>
        </test-method> <!-- tearDown -->
        <test-method status="PASS" signature="setup(java.lang.reflect.Method)[pri:0, instance:maintest.FullFlow@ebc39e]" name="setup" is-config="true" duration-ms="1" started-at="2018-10-31T13:21:19Z" finished-at="2018-10-31T13:21:19Z">
          <params>
            <param index="0">
              <value>
                <![CDATA[public void maintest.FullFlow.EmploymentVerification() throws java.lang.Exception]]>
              </value>
            </param>
          </params>
          <reporter-output>
          </reporter-output>
        </test-method> <!-- setup -->
        <test-method status="PASS" signature="EmploymentVerification()[pri:19, instance:maintest.FullFlow@ebc39e]" name="EmploymentVerification" duration-ms="97238" started-at="2018-10-31T13:21:19Z" depends-on-methods="maintest.FullFlow.VerificationIntiation" finished-at="2018-10-31T13:22:56Z">
          <reporter-output>
            <line>
              <![CDATA[Test Method resides in maintest.FullFlow]]>
            </line>
            <line>
              <![CDATA[Test Status: Pass]]>
            </line>
          </reporter-output>
        </test-method> <!-- EmploymentVerification -->
        <test-method status="FAIL" signature="ReferenceVerification()[pri:20, instance:maintest.FullFlow@ebc39e]" name="ReferenceVerification" duration-ms="30098" started-at="2018-10-31T13:22:56Z" depends-on-methods="maintest.FullFlow.VerificationIntiation" finished-at="2018-10-31T13:23:26Z">
          <exception class="org.openqa.selenium.WebDriverException">
            <message>
              <![CDATA[unknown error: Element <input name="ctl00$ContentPlaceHolder1$ddlModeOfVerification" type="text" class="rcbInput radPreventDecorate" id="ctl00_ContentPlaceHolder1_ddlModeOfVerification_Input" value="-Select-" readonly="readonly" maxlength="50" tabindex="37" autocomplete="off"> is not clickable at point (1231, 366). Other element would receive the click: <div class="rcbSlide" style="z-index: 6000; visibility: visible; display: block; overflow: hidden; margin-left: 0px; position: absolute; top: 296.688px; left: 1165px; height: 162px; width: 150px;">...</div>
  (Session info: headless chrome=69.0.3497.100)
  (Driver info: chromedriver=2.42.591088 (7b2b2dca23cca0862f674758c9a3933e685c27d5),platform=Windows NT 6.1.7601 SP1 x86) (WARNING: The server did not provide any stacktrace information)
Command duration or timeout: 0 milliseconds
Build info: version: '3.14.0', revision: 'aacccce0', time: '2018-08-02T20:19:58.91Z'
System info: host: 'KAD-I-032', ip: '192.168.2.67', os.name: 'Windows 7', os.arch: 'x86', os.version: '6.1', java.version: '1.8.0_191'
Driver info: org.openqa.selenium.chrome.ChromeDriver
Capabilities {acceptInsecureCerts: false, acceptSslCerts: false, applicationCacheEnabled: false, browserConnectionEnabled: false, browserName: chrome, chrome: {chromedriverVersion: 2.42.591088 (7b2b2dca23cca0..., userDataDir: C:\Users\admin\AppData\Loca...}, cssSelectorsEnabled: true, databaseEnabled: false, goog:chromeOptions: {debuggerAddress: localhost:51799}, handlesAlerts: true, hasTouchScreen: false, javascriptEnabled: true, locationContextEnabled: true, mobileEmulationEnabled: false, nativeEvents: true, networkConnectionEnabled: false, pageLoadStrategy: normal, platform: XP, platformName: XP, rotatable: false, setWindowRect: true, takesHeapSnapshot: true, takesScreenshot: true, unexpectedAlertBehaviour: , unhandledPromptBehavior: , version: 69.0.3497.100, webStorageEnabled: true}
Session ID: 9542a6ada1ff2a689a73834e25c6eb09]]>
            </message>
            <full-stacktrace>
              <![CDATA[org.openqa.selenium.WebDriverException: unknown error: Element <input name="ctl00$ContentPlaceHolder1$ddlModeOfVerification" type="text" class="rcbInput radPreventDecorate" id="ctl00_ContentPlaceHolder1_ddlModeOfVerification_Input" value="-Select-" readonly="readonly" maxlength="50" tabindex="37" autocomplete="off"> is not clickable at point (1231, 366). Other element would receive the click: <div class="rcbSlide" style="z-index: 6000; visibility: visible; display: block; overflow: hidden; margin-left: 0px; position: absolute; top: 296.688px; left: 1165px; height: 162px; width: 150px;">...</div>
  (Session info: headless chrome=69.0.3497.100)
  (Driver info: chromedriver=2.42.591088 (7b2b2dca23cca0862f674758c9a3933e685c27d5),platform=Windows NT 6.1.7601 SP1 x86) (WARNING: The server did not provide any stacktrace information)
Command duration or timeout: 0 milliseconds
Build info: version: '3.14.0', revision: 'aacccce0', time: '2018-08-02T20:19:58.91Z'
System info: host: 'KAD-I-032', ip: '192.168.2.67', os.name: 'Windows 7', os.arch: 'x86', os.version: '6.1', java.version: '1.8.0_191'
Driver info: org.openqa.selenium.chrome.ChromeDriver
Capabilities {acceptInsecureCerts: false, acceptSslCerts: false, applicationCacheEnabled: false, browserConnectionEnabled: false, browserName: chrome, chrome: {chromedriverVersion: 2.42.591088 (7b2b2dca23cca0..., userDataDir: C:\Users\admin\AppData\Loca...}, cssSelectorsEnabled: true, databaseEnabled: false, goog:chromeOptions: {debuggerAddress: localhost:51799}, handlesAlerts: true, hasTouchScreen: false, javascriptEnabled: true, locationContextEnabled: true, mobileEmulationEnabled: false, nativeEvents: true, networkConnectionEnabled: false, pageLoadStrategy: normal, platform: XP, platformName: XP, rotatable: false, setWindowRect: true, takesHeapSnapshot: true, takesScreenshot: true, unexpectedAlertBehaviour: , unhandledPromptBehavior: , version: 69.0.3497.100, webStorageEnabled: true}
Session ID: 9542a6ada1ff2a689a73834e25c6eb09
at sun.reflect.NativeConstructorAccessorImpl.newInstance0(Native Method)
at sun.reflect.NativeConstructorAccessorImpl.newInstance(Unknown Source)
at sun.reflect.DelegatingConstructorAccessorImpl.newInstance(Unknown Source)
at java.lang.reflect.Constructor.newInstance(Unknown Source)
at org.openqa.selenium.remote.ErrorHandler.createThrowable(ErrorHandler.java:214)
at org.openqa.selenium.remote.ErrorHandler.throwIfResponseFailed(ErrorHandler.java:166)
at org.openqa.selenium.remote.http.JsonHttpResponseCodec.reconstructValue(JsonHttpResponseCodec.java:40)
at org.openqa.selenium.remote.http.AbstractHttpResponseCodec.decode(AbstractHttpResponseCodec.java:80)
at org.openqa.selenium.remote.http.AbstractHttpResponseCodec.decode(AbstractHttpResponseCodec.java:44)
at org.openqa.selenium.remote.HttpCommandExecutor.execute(HttpCommandExecutor.java:158)
at org.openqa.selenium.remote.service.DriverCommandExecutor.execute(DriverCommandExecutor.java:83)
at org.openqa.selenium.remote.RemoteWebDriver.execute(RemoteWebDriver.java:548)
at org.openqa.selenium.remote.RemoteWebElement.execute(RemoteWebElement.java:276)
at org.openqa.selenium.remote.RemoteWebElement.click(RemoteWebElement.java:83)
at environment.Utill.click(Utill.java:236)
at verification.Reference.ModeOfVerification(Reference.java:458)
at verification.Reference.Verification(Reference.java:507)
at maintest.FullFlow.ReferenceVerification(FullFlow.java:424)
at sun.reflect.NativeMethodAccessorImpl.invoke0(Native Method)
at sun.reflect.NativeMethodAccessorImpl.invoke(Unknown Source)
at sun.reflect.DelegatingMethodAccessorImpl.invoke(Unknown Source)
at java.lang.reflect.Method.invoke(Unknown Source)
at org.testng.internal.MethodInvocationHelper.invokeMethod(MethodInvocationHelper.java:124)
at org.testng.internal.Invoker.invokeMethod(Invoker.java:580)
at org.testng.internal.Invoker.invokeTestMethod(Invoker.java:716)
at org.testng.internal.Invoker.invokeTestMethods(Invoker.java:988)
at org.testng.internal.TestMethodWorker.invokeTestMethods(TestMethodWorker.java:125)
at org.testng.internal.TestMethodWorker.run(TestMethodWorker.java:109)
at org.testng.TestRunner.privateRun(TestRunner.java:648)
at org.testng.TestRunner.run(TestRunner.java:505)
at org.testng.SuiteRunner.runTest(SuiteRunner.java:455)
at org.testng.SuiteRunner.runSequentially(SuiteRunner.java:450)
at org.testng.SuiteRunner.privateRun(SuiteRunner.java:415)
at org.testng.SuiteRunner.run(SuiteRunner.java:364)
at org.testng.SuiteRunnerWorker.runSuite(SuiteRunnerWorker.java:52)
at org.testng.SuiteRunnerWorker.run(SuiteRunnerWorker.java:84)
at org.testng.TestNG.runSuitesSequentially(TestNG.java:1208)
at org.testng.TestNG.runSuitesLocally(TestNG.java:1137)
at org.testng.TestNG.runSuites(TestNG.java:1049)
at org.testng.TestNG.run(TestNG.java:1017)
at org.testng.remote.AbstractRemoteTestNG.run(AbstractRemoteTestNG.java:114)
at org.testng.remote.RemoteTestNG.initAndRun(RemoteTestNG.java:251)
at org.testng.remote.RemoteTestNG.main(RemoteTestNG.java:77)
]]>
            </full-stacktrace>
          </exception> <!-- org.openqa.selenium.WebDriverException -->
          <reporter-output>
            <line>
              <![CDATA[Test Method resides in maintest.FullFlow]]>
            </line>
            <line>
              <![CDATA[Test Status: Failed]]>
            </line>
          </reporter-output>
        </test-method> <!-- ReferenceVerification -->
        <test-method status="PASS" signature="setup(java.lang.reflect.Method)[pri:0, instance:maintest.FullFlow@ebc39e]" name="setup" is-config="true" duration-ms="0" started-at="2018-10-31T13:22:56Z" finished-at="2018-10-31T13:22:56Z">
          <params>
            <param index="0">
              <value>
                <![CDATA[public void maintest.FullFlow.ReferenceVerification() throws java.lang.Exception]]>
              </value>
            </param>
          </params>
          <reporter-output>
          </reporter-output>
        </test-method> <!-- setup -->
        <test-method status="PASS" signature="tearDown(org.testng.ITestResult, java.lang.reflect.Method)[pri:0, instance:maintest.FullFlow@ebc39e]" name="tearDown" is-config="true" duration-ms="0" started-at="2018-10-31T13:22:56Z" finished-at="2018-10-31T13:22:56Z">
          <params>
            <param index="0">
              <value>
                <![CDATA[[TestResult name=EmploymentVerification status=SUCCESS method=FullFlow.EmploymentVerification()[pri:19, instance:maintest.FullFlow@ebc39e] output=Test Method resides in maintest.FullFlow]]]>
              </value>
            </param>
            <param index="1">
              <value>
                <![CDATA[public void maintest.FullFlow.EmploymentVerification() throws java.lang.Exception]]>
              </value>
            </param>
          </params>
          <reporter-output>
          </reporter-output>
        </test-method> <!-- tearDown -->
        <test-method status="PASS" signature="tearDown(org.testng.ITestResult, java.lang.reflect.Method)[pri:0, instance:maintest.FullFlow@ebc39e]" name="tearDown" is-config="true" duration-ms="329" started-at="2018-10-31T13:23:26Z" finished-at="2018-10-31T13:23:27Z">
          <params>
            <param index="0">
              <value>
                <![CDATA[[TestResult name=ReferenceVerification status=FAILURE method=FullFlow.ReferenceVerification()[pri:20, instance:maintest.FullFlow@ebc39e] output=Test Method resides in maintest.FullFlow]]]>
              </value>
            </param>
            <param index="1">
              <value>
                <![CDATA[public void maintest.FullFlow.ReferenceVerification() throws java.lang.Exception]]>
              </value>
            </param>
          </params>
          <reporter-output>
          </reporter-output>
        </test-method> <!-- tearDown -->
        <test-method status="PASS" signature="setup(java.lang.reflect.Method)[pri:0, instance:maintest.FullFlow@ebc39e]" name="setup" is-config="true" duration-ms="1" started-at="2018-10-31T13:23:27Z" finished-at="2018-10-31T13:23:27Z">
          <params>
            <param index="0">
              <value>
                <![CDATA[public void maintest.FullFlow.DatabaseVerification() throws java.lang.Exception]]>
              </value>
            </param>
          </params>
          <reporter-output>
          </reporter-output>
        </test-method> <!-- setup -->
        <test-method status="FAIL" signature="DatabaseVerification()[pri:21, instance:maintest.FullFlow@ebc39e]" name="DatabaseVerification" duration-ms="3048" started-at="2018-10-31T13:23:27Z" depends-on-methods="maintest.FullFlow.VerificationIntiation" finished-at="2018-10-31T13:23:30Z">
          <exception class="org.openqa.selenium.NoSuchElementException">
            <message>
              <![CDATA[no such element: Unable to locate element: {"method":"id","selector":"ddlAct"}
  (Session info: headless chrome=69.0.3497.100)
  (Driver info: chromedriver=2.42.591088 (7b2b2dca23cca0862f674758c9a3933e685c27d5),platform=Windows NT 6.1.7601 SP1 x86) (WARNING: The server did not provide any stacktrace information)
Command duration or timeout: 0 milliseconds
For documentation on this error, please visit: http://seleniumhq.org/exceptions/no_such_element.html
Build info: version: '3.14.0', revision: 'aacccce0', time: '2018-08-02T20:19:58.91Z'
System info: host: 'KAD-I-032', ip: '192.168.2.67', os.name: 'Windows 7', os.arch: 'x86', os.version: '6.1', java.version: '1.8.0_191'
Driver info: org.openqa.selenium.chrome.ChromeDriver
Capabilities {acceptInsecureCerts: false, acceptSslCerts: false, applicationCacheEnabled: false, browserConnectionEnabled: false, browserName: chrome, chrome: {chromedriverVersion: 2.42.591088 (7b2b2dca23cca0..., userDataDir: C:\Users\admin\AppData\Loca...}, cssSelectorsEnabled: true, databaseEnabled: false, goog:chromeOptions: {debuggerAddress: localhost:51799}, handlesAlerts: true, hasTouchScreen: false, javascriptEnabled: true, locationContextEnabled: true, mobileEmulationEnabled: false, nativeEvents: true, networkConnectionEnabled: false, pageLoadStrategy: normal, platform: XP, platformName: XP, rotatable: false, setWindowRect: true, takesHeapSnapshot: true, takesScreenshot: true, unexpectedAlertBehaviour: , unhandledPromptBehavior: , version: 69.0.3497.100, webStorageEnabled: true}
Session ID: 9542a6ada1ff2a689a73834e25c6eb09
*** Element info: {Using=id, value=ddlAct}]]>
            </message>
            <full-stacktrace>
              <![CDATA[org.openqa.selenium.NoSuchElementException: no such element: Unable to locate element: {"method":"id","selector":"ddlAct"}
  (Session info: headless chrome=69.0.3497.100)
  (Driver info: chromedriver=2.42.591088 (7b2b2dca23cca0862f674758c9a3933e685c27d5),platform=Windows NT 6.1.7601 SP1 x86) (WARNING: The server did not provide any stacktrace information)
Command duration or timeout: 0 milliseconds
For documentation on this error, please visit: http://seleniumhq.org/exceptions/no_such_element.html
Build info: version: '3.14.0', revision: 'aacccce0', time: '2018-08-02T20:19:58.91Z'
System info: host: 'KAD-I-032', ip: '192.168.2.67', os.name: 'Windows 7', os.arch: 'x86', os.version: '6.1', java.version: '1.8.0_191'
Driver info: org.openqa.selenium.chrome.ChromeDriver
Capabilities {acceptInsecureCerts: false, acceptSslCerts: false, applicationCacheEnabled: false, browserConnectionEnabled: false, browserName: chrome, chrome: {chromedriverVersion: 2.42.591088 (7b2b2dca23cca0..., userDataDir: C:\Users\admin\AppData\Loca...}, cssSelectorsEnabled: true, databaseEnabled: false, goog:chromeOptions: {debuggerAddress: localhost:51799}, handlesAlerts: true, hasTouchScreen: false, javascriptEnabled: true, locationContextEnabled: true, mobileEmulationEnabled: false, nativeEvents: true, networkConnectionEnabled: false, pageLoadStrategy: normal, platform: XP, platformName: XP, rotatable: false, setWindowRect: true, takesHeapSnapshot: true, takesScreenshot: true, unexpectedAlertBehaviour: , unhandledPromptBehavior: , version: 69.0.3497.100, webStorageEnabled: true}
Session ID: 9542a6ada1ff2a689a73834e25c6eb09
*** Element info: {Using=id, value=ddlAct}
at sun.reflect.GeneratedConstructorAccessor16.newInstance(Unknown Source)
at sun.reflect.DelegatingConstructorAccessorImpl.newInstance(Unknown Source)
at java.lang.reflect.Constructor.newInstance(Unknown Source)
at org.openqa.selenium.remote.ErrorHandler.createThrowable(ErrorHandler.java:214)
at org.openqa.selenium.remote.ErrorHandler.throwIfResponseFailed(ErrorHandler.java:166)
at org.openqa.selenium.remote.http.JsonHttpResponseCodec.reconstructValue(JsonHttpResponseCodec.java:40)
at org.openqa.selenium.remote.http.AbstractHttpResponseCodec.decode(AbstractHttpResponseCodec.java:80)
at org.openqa.selenium.remote.http.AbstractHttpResponseCodec.decode(AbstractHttpResponseCodec.java:44)
at org.openqa.selenium.remote.HttpCommandExecutor.execute(HttpCommandExecutor.java:158)
at org.openqa.selenium.remote.service.DriverCommandExecutor.execute(DriverCommandExecutor.java:83)
at org.openqa.selenium.remote.RemoteWebDriver.execute(RemoteWebDriver.java:548)
at org.openqa.selenium.remote.RemoteWebDriver.findElement(RemoteWebDriver.java:322)
at org.openqa.selenium.remote.RemoteWebDriver.findElementById(RemoteWebDriver.java:368)
at org.openqa.selenium.By$ById.findElement(By.java:188)
at org.openqa.selenium.remote.RemoteWebDriver.findElement(RemoteWebDriver.java:314)
at environment.Utill.find(Utill.java:130)
at environment.Utill.getValue(Utill.java:179)
at dashboard.Verification.verification(Verification.java:31)
at maintest.FullFlow.DatabaseVerification(FullFlow.java:433)
at sun.reflect.NativeMethodAccessorImpl.invoke0(Native Method)
at sun.reflect.NativeMethodAccessorImpl.invoke(Unknown Source)
at sun.reflect.DelegatingMethodAccessorImpl.invoke(Unknown Source)
at java.lang.reflect.Method.invoke(Unknown Source)
at org.testng.internal.MethodInvocationHelper.invokeMethod(MethodInvocationHelper.java:124)
at org.testng.internal.Invoker.invokeMethod(Invoker.java:580)
at org.testng.internal.Invoker.invokeTestMethod(Invoker.java:716)
at org.testng.internal.Invoker.invokeTestMethods(Invoker.java:988)
at org.testng.internal.TestMethodWorker.invokeTestMethods(TestMethodWorker.java:125)
at org.testng.internal.TestMethodWorker.run(TestMethodWorker.java:109)
at org.testng.TestRunner.privateRun(TestRunner.java:648)
at org.testng.TestRunner.run(TestRunner.java:505)
at org.testng.SuiteRunner.runTest(SuiteRunner.java:455)
at org.testng.SuiteRunner.runSequentially(SuiteRunner.java:450)
at org.testng.SuiteRunner.privateRun(SuiteRunner.java:415)
at org.testng.SuiteRunner.run(SuiteRunner.java:364)
at org.testng.SuiteRunnerWorker.runSuite(SuiteRunnerWorker.java:52)
at org.testng.SuiteRunnerWorker.run(SuiteRunnerWorker.java:84)
at org.testng.TestNG.runSuitesSequentially(TestNG.java:1208)
at org.testng.TestNG.runSuitesLocally(TestNG.java:1137)
at org.testng.TestNG.runSuites(TestNG.java:1049)
at org.testng.TestNG.run(TestNG.java:1017)
at org.testng.remote.AbstractRemoteTestNG.run(AbstractRemoteTestNG.java:114)
at org.testng.remote.RemoteTestNG.initAndRun(RemoteTestNG.java:251)
at org.testng.remote.RemoteTestNG.main(RemoteTestNG.java:77)
]]>
            </full-stacktrace>
          </exception> <!-- org.openqa.selenium.NoSuchElementException -->
          <reporter-output>
            <line>
              <![CDATA[Test Method resides in maintest.FullFlow]]>
            </line>
            <line>
              <![CDATA[Test Status: Failed]]>
            </line>
          </reporter-output>
        </test-method> <!-- DatabaseVerification -->
        <test-method status="PASS" signature="tearDown(org.testng.ITestResult, java.lang.reflect.Method)[pri:0, instance:maintest.FullFlow@ebc39e]" name="tearDown" is-config="true" duration-ms="305" started-at="2018-10-31T13:23:30Z" finished-at="2018-10-31T13:23:30Z">
          <params>
            <param index="0">
              <value>
                <![CDATA[[TestResult name=DatabaseVerification status=FAILURE method=FullFlow.DatabaseVerification()[pri:21, instance:maintest.FullFlow@ebc39e] output=Test Method resides in maintest.FullFlow]]]>
              </value>
            </param>
            <param index="1">
              <value>
                <![CDATA[public void maintest.FullFlow.DatabaseVerification() throws java.lang.Exception]]>
              </value>
            </param>
          </params>
          <reporter-output>
          </reporter-output>
        </test-method> <!-- tearDown -->
        <test-method status="FAIL" signature="CriminalVerification()[pri:22, instance:maintest.FullFlow@ebc39e]" name="CriminalVerification" duration-ms="3060" started-at="2018-10-31T13:23:30Z" depends-on-methods="maintest.FullFlow.VerificationIntiation" finished-at="2018-10-31T13:23:33Z">
          <exception class="org.openqa.selenium.NoSuchElementException">
            <message>
              <![CDATA[no such element: Unable to locate element: {"method":"id","selector":"ddlAct"}
  (Session info: headless chrome=69.0.3497.100)
  (Driver info: chromedriver=2.42.591088 (7b2b2dca23cca0862f674758c9a3933e685c27d5),platform=Windows NT 6.1.7601 SP1 x86) (WARNING: The server did not provide any stacktrace information)
Command duration or timeout: 0 milliseconds
For documentation on this error, please visit: http://seleniumhq.org/exceptions/no_such_element.html
Build info: version: '3.14.0', revision: 'aacccce0', time: '2018-08-02T20:19:58.91Z'
System info: host: 'KAD-I-032', ip: '192.168.2.67', os.name: 'Windows 7', os.arch: 'x86', os.version: '6.1', java.version: '1.8.0_191'
Driver info: org.openqa.selenium.chrome.ChromeDriver
Capabilities {acceptInsecureCerts: false, acceptSslCerts: false, applicationCacheEnabled: false, browserConnectionEnabled: false, browserName: chrome, chrome: {chromedriverVersion: 2.42.591088 (7b2b2dca23cca0..., userDataDir: C:\Users\admin\AppData\Loca...}, cssSelectorsEnabled: true, databaseEnabled: false, goog:chromeOptions: {debuggerAddress: localhost:51799}, handlesAlerts: true, hasTouchScreen: false, javascriptEnabled: true, locationContextEnabled: true, mobileEmulationEnabled: false, nativeEvents: true, networkConnectionEnabled: false, pageLoadStrategy: normal, platform: XP, platformName: XP, rotatable: false, setWindowRect: true, takesHeapSnapshot: true, takesScreenshot: true, unexpectedAlertBehaviour: , unhandledPromptBehavior: , version: 69.0.3497.100, webStorageEnabled: true}
Session ID: 9542a6ada1ff2a689a73834e25c6eb09
*** Element info: {Using=id, value=ddlAct}]]>
            </message>
            <full-stacktrace>
              <![CDATA[org.openqa.selenium.NoSuchElementException: no such element: Unable to locate element: {"method":"id","selector":"ddlAct"}
  (Session info: headless chrome=69.0.3497.100)
  (Driver info: chromedriver=2.42.591088 (7b2b2dca23cca0862f674758c9a3933e685c27d5),platform=Windows NT 6.1.7601 SP1 x86) (WARNING: The server did not provide any stacktrace information)
Command duration or timeout: 0 milliseconds
For documentation on this error, please visit: http://seleniumhq.org/exceptions/no_such_element.html
Build info: version: '3.14.0', revision: 'aacccce0', time: '2018-08-02T20:19:58.91Z'
System info: host: 'KAD-I-032', ip: '192.168.2.67', os.name: 'Windows 7', os.arch: 'x86', os.version: '6.1', java.version: '1.8.0_191'
Driver info: org.openqa.selenium.chrome.ChromeDriver
Capabilities {acceptInsecureCerts: false, acceptSslCerts: false, applicationCacheEnabled: false, browserConnectionEnabled: false, browserName: chrome, chrome: {chromedriverVersion: 2.42.591088 (7b2b2dca23cca0..., userDataDir: C:\Users\admin\AppData\Loca...}, cssSelectorsEnabled: true, databaseEnabled: false, goog:chromeOptions: {debuggerAddress: localhost:51799}, handlesAlerts: true, hasTouchScreen: false, javascriptEnabled: true, locationContextEnabled: true, mobileEmulationEnabled: false, nativeEvents: true, networkConnectionEnabled: false, pageLoadStrategy: normal, platform: XP, platformName: XP, rotatable: false, setWindowRect: true, takesHeapSnapshot: true, takesScreenshot: true, unexpectedAlertBehaviour: , unhandledPromptBehavior: , version: 69.0.3497.100, webStorageEnabled: true}
Session ID: 9542a6ada1ff2a689a73834e25c6eb09
*** Element info: {Using=id, value=ddlAct}
at sun.reflect.GeneratedConstructorAccessor16.newInstance(Unknown Source)
at sun.reflect.DelegatingConstructorAccessorImpl.newInstance(Unknown Source)
at java.lang.reflect.Constructor.newInstance(Unknown Source)
at org.openqa.selenium.remote.ErrorHandler.createThrowable(ErrorHandler.java:214)
at org.openqa.selenium.remote.ErrorHandler.throwIfResponseFailed(ErrorHandler.java:166)
at org.openqa.selenium.remote.http.JsonHttpResponseCodec.reconstructValue(JsonHttpResponseCodec.java:40)
at org.openqa.selenium.remote.http.AbstractHttpResponseCodec.decode(AbstractHttpResponseCodec.java:80)
at org.openqa.selenium.remote.http.AbstractHttpResponseCodec.decode(AbstractHttpResponseCodec.java:44)
at org.openqa.selenium.remote.HttpCommandExecutor.execute(HttpCommandExecutor.java:158)
at org.openqa.selenium.remote.service.DriverCommandExecutor.execute(DriverCommandExecutor.java:83)
at org.openqa.selenium.remote.RemoteWebDriver.execute(RemoteWebDriver.java:548)
at org.openqa.selenium.remote.RemoteWebDriver.findElement(RemoteWebDriver.java:322)
at org.openqa.selenium.remote.RemoteWebDriver.findElementById(RemoteWebDriver.java:368)
at org.openqa.selenium.By$ById.findElement(By.java:188)
at org.openqa.selenium.remote.RemoteWebDriver.findElement(RemoteWebDriver.java:314)
at environment.Utill.find(Utill.java:130)
at environment.Utill.getValue(Utill.java:179)
at dashboard.Verification.verification(Verification.java:31)
at maintest.FullFlow.CriminalVerification(FullFlow.java:444)
at sun.reflect.NativeMethodAccessorImpl.invoke0(Native Method)
at sun.reflect.NativeMethodAccessorImpl.invoke(Unknown Source)
at sun.reflect.DelegatingMethodAccessorImpl.invoke(Unknown Source)
at java.lang.reflect.Method.invoke(Unknown Source)
at org.testng.internal.MethodInvocationHelper.invokeMethod(MethodInvocationHelper.java:124)
at org.testng.internal.Invoker.invokeMethod(Invoker.java:580)
at org.testng.internal.Invoker.invokeTestMethod(Invoker.java:716)
at org.testng.internal.Invoker.invokeTestMethods(Invoker.java:988)
at org.testng.internal.TestMethodWorker.invokeTestMethods(TestMethodWorker.java:125)
at org.testng.internal.TestMethodWorker.run(TestMethodWorker.java:109)
at org.testng.TestRunner.privateRun(TestRunner.java:648)
at org.testng.TestRunner.run(TestRunner.java:505)
at org.testng.SuiteRunner.runTest(SuiteRunner.java:455)
at org.testng.SuiteRunner.runSequentially(SuiteRunner.java:450)
at org.testng.SuiteRunner.privateRun(SuiteRunner.java:415)
at org.testng.SuiteRunner.run(SuiteRunner.java:364)
at org.testng.SuiteRunnerWorker.runSuite(SuiteRunnerWorker.java:52)
at org.testng.SuiteRunnerWorker.run(SuiteRunnerWorker.java:84)
at org.testng.TestNG.runSuitesSequentially(TestNG.java:1208)
at org.testng.TestNG.runSuitesLocally(TestNG.java:1137)
at org.testng.TestNG.runSuites(TestNG.java:1049)
at org.testng.TestNG.run(TestNG.java:1017)
at org.testng.remote.AbstractRemoteTestNG.run(AbstractRemoteTestNG.java:114)
at org.testng.remote.RemoteTestNG.initAndRun(RemoteTestNG.java:251)
at org.testng.remote.RemoteTestNG.main(RemoteTestNG.java:77)
]]>
            </full-stacktrace>
          </exception> <!-- org.openqa.selenium.NoSuchElementException -->
          <reporter-output>
            <line>
              <![CDATA[Test Method resides in maintest.FullFlow]]>
            </line>
            <line>
              <![CDATA[Test Status: Failed]]>
            </line>
          </reporter-output>
        </test-method> <!-- CriminalVerification -->
        <test-method status="PASS" signature="setup(java.lang.reflect.Method)[pri:0, instance:maintest.FullFlow@ebc39e]" name="setup" is-config="true" duration-ms="0" started-at="2018-10-31T13:23:30Z" finished-at="2018-10-31T13:23:30Z">
          <params>
            <param index="0">
              <value>
                <![CDATA[public void maintest.FullFlow.CriminalVerification() throws java.lang.Exception]]>
              </value>
            </param>
          </params>
          <reporter-output>
          </reporter-output>
        </test-method> <!-- setup -->
        <test-method status="PASS" signature="tearDown(org.testng.ITestResult, java.lang.reflect.Method)[pri:0, instance:maintest.FullFlow@ebc39e]" name="tearDown" is-config="true" duration-ms="298" started-at="2018-10-31T13:23:33Z" finished-at="2018-10-31T13:23:33Z">
          <params>
            <param index="0">
              <value>
                <![CDATA[[TestResult name=CriminalVerification status=FAILURE method=FullFlow.CriminalVerification()[pri:22, instance:maintest.FullFlow@ebc39e] output=Test Method resides in maintest.FullFlow]]]>
              </value>
            </param>
            <param index="1">
              <value>
                <![CDATA[public void maintest.FullFlow.CriminalVerification() throws java.lang.Exception]]>
              </value>
            </param>
          </params>
          <reporter-output>
          </reporter-output>
        </test-method> <!-- tearDown -->
        <test-method status="FAIL" signature="CreditVerification()[pri:23, instance:maintest.FullFlow@ebc39e]" name="CreditVerification" duration-ms="3018" started-at="2018-10-31T13:23:33Z" depends-on-methods="maintest.FullFlow.VerificationIntiation" finished-at="2018-10-31T13:23:36Z">
          <exception class="org.openqa.selenium.NoSuchElementException">
            <message>
              <![CDATA[no such element: Unable to locate element: {"method":"id","selector":"ddlAct"}
  (Session info: headless chrome=69.0.3497.100)
  (Driver info: chromedriver=2.42.591088 (7b2b2dca23cca0862f674758c9a3933e685c27d5),platform=Windows NT 6.1.7601 SP1 x86) (WARNING: The server did not provide any stacktrace information)
Command duration or timeout: 0 milliseconds
For documentation on this error, please visit: http://seleniumhq.org/exceptions/no_such_element.html
Build info: version: '3.14.0', revision: 'aacccce0', time: '2018-08-02T20:19:58.91Z'
System info: host: 'KAD-I-032', ip: '192.168.2.67', os.name: 'Windows 7', os.arch: 'x86', os.version: '6.1', java.version: '1.8.0_191'
Driver info: org.openqa.selenium.chrome.ChromeDriver
Capabilities {acceptInsecureCerts: false, acceptSslCerts: false, applicationCacheEnabled: false, browserConnectionEnabled: false, browserName: chrome, chrome: {chromedriverVersion: 2.42.591088 (7b2b2dca23cca0..., userDataDir: C:\Users\admin\AppData\Loca...}, cssSelectorsEnabled: true, databaseEnabled: false, goog:chromeOptions: {debuggerAddress: localhost:51799}, handlesAlerts: true, hasTouchScreen: false, javascriptEnabled: true, locationContextEnabled: true, mobileEmulationEnabled: false, nativeEvents: true, networkConnectionEnabled: false, pageLoadStrategy: normal, platform: XP, platformName: XP, rotatable: false, setWindowRect: true, takesHeapSnapshot: true, takesScreenshot: true, unexpectedAlertBehaviour: , unhandledPromptBehavior: , version: 69.0.3497.100, webStorageEnabled: true}
Session ID: 9542a6ada1ff2a689a73834e25c6eb09
*** Element info: {Using=id, value=ddlAct}]]>
            </message>
            <full-stacktrace>
              <![CDATA[org.openqa.selenium.NoSuchElementException: no such element: Unable to locate element: {"method":"id","selector":"ddlAct"}
  (Session info: headless chrome=69.0.3497.100)
  (Driver info: chromedriver=2.42.591088 (7b2b2dca23cca0862f674758c9a3933e685c27d5),platform=Windows NT 6.1.7601 SP1 x86) (WARNING: The server did not provide any stacktrace information)
Command duration or timeout: 0 milliseconds
For documentation on this error, please visit: http://seleniumhq.org/exceptions/no_such_element.html
Build info: version: '3.14.0', revision: 'aacccce0', time: '2018-08-02T20:19:58.91Z'
System info: host: 'KAD-I-032', ip: '192.168.2.67', os.name: 'Windows 7', os.arch: 'x86', os.version: '6.1', java.version: '1.8.0_191'
Driver info: org.openqa.selenium.chrome.ChromeDriver
Capabilities {acceptInsecureCerts: false, acceptSslCerts: false, applicationCacheEnabled: false, browserConnectionEnabled: false, browserName: chrome, chrome: {chromedriverVersion: 2.42.591088 (7b2b2dca23cca0..., userDataDir: C:\Users\admin\AppData\Loca...}, cssSelectorsEnabled: true, databaseEnabled: false, goog:chromeOptions: {debuggerAddress: localhost:51799}, handlesAlerts: true, hasTouchScreen: false, javascriptEnabled: true, locationContextEnabled: true, mobileEmulationEnabled: false, nativeEvents: true, networkConnectionEnabled: false, pageLoadStrategy: normal, platform: XP, platformName: XP, rotatable: false, setWindowRect: true, takesHeapSnapshot: true, takesScreenshot: true, unexpectedAlertBehaviour: , unhandledPromptBehavior: , version: 69.0.3497.100, webStorageEnabled: true}
Session ID: 9542a6ada1ff2a689a73834e25c6eb09
*** Element info: {Using=id, value=ddlAct}
at sun.reflect.GeneratedConstructorAccessor16.newInstance(Unknown Source)
at sun.reflect.DelegatingConstructorAccessorImpl.newInstance(Unknown Source)
at java.lang.reflect.Constructor.newInstance(Unknown Source)
at org.openqa.selenium.remote.ErrorHandler.createThrowable(ErrorHandler.java:214)
at org.openqa.selenium.remote.ErrorHandler.throwIfResponseFailed(ErrorHandler.java:166)
at org.openqa.selenium.remote.http.JsonHttpResponseCodec.reconstructValue(JsonHttpResponseCodec.java:40)
at org.openqa.selenium.remote.http.AbstractHttpResponseCodec.decode(AbstractHttpResponseCodec.java:80)
at org.openqa.selenium.remote.http.AbstractHttpResponseCodec.decode(AbstractHttpResponseCodec.java:44)
at org.openqa.selenium.remote.HttpCommandExecutor.execute(HttpCommandExecutor.java:158)
at org.openqa.selenium.remote.service.DriverCommandExecutor.execute(DriverCommandExecutor.java:83)
at org.openqa.selenium.remote.RemoteWebDriver.execute(RemoteWebDriver.java:548)
at org.openqa.selenium.remote.RemoteWebDriver.findElement(RemoteWebDriver.java:322)
at org.openqa.selenium.remote.RemoteWebDriver.findElementById(RemoteWebDriver.java:368)
at org.openqa.selenium.By$ById.findElement(By.java:188)
at org.openqa.selenium.remote.RemoteWebDriver.findElement(RemoteWebDriver.java:314)
at environment.Utill.find(Utill.java:130)
at environment.Utill.getValue(Utill.java:179)
at dashboard.Verification.verification(Verification.java:31)
at maintest.FullFlow.CreditVerification(FullFlow.java:457)
at sun.reflect.NativeMethodAccessorImpl.invoke0(Native Method)
at sun.reflect.NativeMethodAccessorImpl.invoke(Unknown Source)
at sun.reflect.DelegatingMethodAccessorImpl.invoke(Unknown Source)
at java.lang.reflect.Method.invoke(Unknown Source)
at org.testng.internal.MethodInvocationHelper.invokeMethod(MethodInvocationHelper.java:124)
at org.testng.internal.Invoker.invokeMethod(Invoker.java:580)
at org.testng.internal.Invoker.invokeTestMethod(Invoker.java:716)
at org.testng.internal.Invoker.invokeTestMethods(Invoker.java:988)
at org.testng.internal.TestMethodWorker.invokeTestMethods(TestMethodWorker.java:125)
at org.testng.internal.TestMethodWorker.run(TestMethodWorker.java:109)
at org.testng.TestRunner.privateRun(TestRunner.java:648)
at org.testng.TestRunner.run(TestRunner.java:505)
at org.testng.SuiteRunner.runTest(SuiteRunner.java:455)
at org.testng.SuiteRunner.runSequentially(SuiteRunner.java:450)
at org.testng.SuiteRunner.privateRun(SuiteRunner.java:415)
at org.testng.SuiteRunner.run(SuiteRunner.java:364)
at org.testng.SuiteRunnerWorker.runSuite(SuiteRunnerWorker.java:52)
at org.testng.SuiteRunnerWorker.run(SuiteRunnerWorker.java:84)
at org.testng.TestNG.runSuitesSequentially(TestNG.java:1208)
at org.testng.TestNG.runSuitesLocally(TestNG.java:1137)
at org.testng.TestNG.runSuites(TestNG.java:1049)
at org.testng.TestNG.run(TestNG.java:1017)
at org.testng.remote.AbstractRemoteTestNG.run(AbstractRemoteTestNG.java:114)
at org.testng.remote.RemoteTestNG.initAndRun(RemoteTestNG.java:251)
at org.testng.remote.RemoteTestNG.main(RemoteTestNG.java:77)
]]>
            </full-stacktrace>
          </exception> <!-- org.openqa.selenium.NoSuchElementException -->
          <reporter-output>
            <line>
              <![CDATA[Test Method resides in maintest.FullFlow]]>
            </line>
            <line>
              <![CDATA[Test Status: Failed]]>
            </line>
          </reporter-output>
        </test-method> <!-- CreditVerification -->
        <test-method status="PASS" signature="setup(java.lang.reflect.Method)[pri:0, instance:maintest.FullFlow@ebc39e]" name="setup" is-config="true" duration-ms="0" started-at="2018-10-31T13:23:33Z" finished-at="2018-10-31T13:23:33Z">
          <params>
            <param index="0">
              <value>
                <![CDATA[public void maintest.FullFlow.CreditVerification() throws java.lang.Exception]]>
              </value>
            </param>
          </params>
          <reporter-output>
          </reporter-output>
        </test-method> <!-- setup -->
        <test-method status="PASS" signature="tearDown(org.testng.ITestResult, java.lang.reflect.Method)[pri:0, instance:maintest.FullFlow@ebc39e]" name="tearDown" is-config="true" duration-ms="323" started-at="2018-10-31T13:23:36Z" finished-at="2018-10-31T13:23:37Z">
          <params>
            <param index="0">
              <value>
                <![CDATA[[TestResult name=CreditVerification status=FAILURE method=FullFlow.CreditVerification()[pri:23, instance:maintest.FullFlow@ebc39e] output=Test Method resides in maintest.FullFlow]]]>
              </value>
            </param>
            <param index="1">
              <value>
                <![CDATA[public void maintest.FullFlow.CreditVerification() throws java.lang.Exception]]>
              </value>
            </param>
          </params>
          <reporter-output>
          </reporter-output>
        </test-method> <!-- tearDown -->
        <test-method status="PASS" signature="setup(java.lang.reflect.Method)[pri:0, instance:maintest.FullFlow@ebc39e]" name="setup" is-config="true" duration-ms="1" started-at="2018-10-31T13:23:37Z" finished-at="2018-10-31T13:23:37Z">
          <params>
            <param index="0">
              <value>
                <![CDATA[public void maintest.FullFlow.CourtVerification() throws java.lang.Exception]]>
              </value>
            </param>
          </params>
          <reporter-output>
          </reporter-output>
        </test-method> <!-- setup -->
        <test-method status="FAIL" signature="CourtVerification()[pri:24, instance:maintest.FullFlow@ebc39e]" name="CourtVerification" duration-ms="3035" started-at="2018-10-31T13:23:37Z" depends-on-methods="maintest.FullFlow.VerificationIntiation" finished-at="2018-10-31T13:23:40Z">
          <exception class="org.openqa.selenium.NoSuchElementException">
            <message>
              <![CDATA[no such element: Unable to locate element: {"method":"id","selector":"ddlAct"}
  (Session info: headless chrome=69.0.3497.100)
  (Driver info: chromedriver=2.42.591088 (7b2b2dca23cca0862f674758c9a3933e685c27d5),platform=Windows NT 6.1.7601 SP1 x86) (WARNING: The server did not provide any stacktrace information)
Command duration or timeout: 0 milliseconds
For documentation on this error, please visit: http://seleniumhq.org/exceptions/no_such_element.html
Build info: version: '3.14.0', revision: 'aacccce0', time: '2018-08-02T20:19:58.91Z'
System info: host: 'KAD-I-032', ip: '192.168.2.67', os.name: 'Windows 7', os.arch: 'x86', os.version: '6.1', java.version: '1.8.0_191'
Driver info: org.openqa.selenium.chrome.ChromeDriver
Capabilities {acceptInsecureCerts: false, acceptSslCerts: false, applicationCacheEnabled: false, browserConnectionEnabled: false, browserName: chrome, chrome: {chromedriverVersion: 2.42.591088 (7b2b2dca23cca0..., userDataDir: C:\Users\admin\AppData\Loca...}, cssSelectorsEnabled: true, databaseEnabled: false, goog:chromeOptions: {debuggerAddress: localhost:51799}, handlesAlerts: true, hasTouchScreen: false, javascriptEnabled: true, locationContextEnabled: true, mobileEmulationEnabled: false, nativeEvents: true, networkConnectionEnabled: false, pageLoadStrategy: normal, platform: XP, platformName: XP, rotatable: false, setWindowRect: true, takesHeapSnapshot: true, takesScreenshot: true, unexpectedAlertBehaviour: , unhandledPromptBehavior: , version: 69.0.3497.100, webStorageEnabled: true}
Session ID: 9542a6ada1ff2a689a73834e25c6eb09
*** Element info: {Using=id, value=ddlAct}]]>
            </message>
            <full-stacktrace>
              <![CDATA[org.openqa.selenium.NoSuchElementException: no such element: Unable to locate element: {"method":"id","selector":"ddlAct"}
  (Session info: headless chrome=69.0.3497.100)
  (Driver info: chromedriver=2.42.591088 (7b2b2dca23cca0862f674758c9a3933e685c27d5),platform=Windows NT 6.1.7601 SP1 x86) (WARNING: The server did not provide any stacktrace information)
Command duration or timeout: 0 milliseconds
For documentation on this error, please visit: http://seleniumhq.org/exceptions/no_such_element.html
Build info: version: '3.14.0', revision: 'aacccce0', time: '2018-08-02T20:19:58.91Z'
System info: host: 'KAD-I-032', ip: '192.168.2.67', os.name: 'Windows 7', os.arch: 'x86', os.version: '6.1', java.version: '1.8.0_191'
Driver info: org.openqa.selenium.chrome.ChromeDriver
Capabilities {acceptInsecureCerts: false, acceptSslCerts: false, applicationCacheEnabled: false, browserConnectionEnabled: false, browserName: chrome, chrome: {chromedriverVersion: 2.42.591088 (7b2b2dca23cca0..., userDataDir: C:\Users\admin\AppData\Loca...}, cssSelectorsEnabled: true, databaseEnabled: false, goog:chromeOptions: {debuggerAddress: localhost:51799}, handlesAlerts: true, hasTouchScreen: false, javascriptEnabled: true, locationContextEnabled: true, mobileEmulationEnabled: false, nativeEvents: true, networkConnectionEnabled: false, pageLoadStrategy: normal, platform: XP, platformName: XP, rotatable: false, setWindowRect: true, takesHeapSnapshot: true, takesScreenshot: true, unexpectedAlertBehaviour: , unhandledPromptBehavior: , version: 69.0.3497.100, webStorageEnabled: true}
Session ID: 9542a6ada1ff2a689a73834e25c6eb09
*** Element info: {Using=id, value=ddlAct}
at sun.reflect.GeneratedConstructorAccessor16.newInstance(Unknown Source)
at sun.reflect.DelegatingConstructorAccessorImpl.newInstance(Unknown Source)
at java.lang.reflect.Constructor.newInstance(Unknown Source)
at org.openqa.selenium.remote.ErrorHandler.createThrowable(ErrorHandler.java:214)
at org.openqa.selenium.remote.ErrorHandler.throwIfResponseFailed(ErrorHandler.java:166)
at org.openqa.selenium.remote.http.JsonHttpResponseCodec.reconstructValue(JsonHttpResponseCodec.java:40)
at org.openqa.selenium.remote.http.AbstractHttpResponseCodec.decode(AbstractHttpResponseCodec.java:80)
at org.openqa.selenium.remote.http.AbstractHttpResponseCodec.decode(AbstractHttpResponseCodec.java:44)
at org.openqa.selenium.remote.HttpCommandExecutor.execute(HttpCommandExecutor.java:158)
at org.openqa.selenium.remote.service.DriverCommandExecutor.execute(DriverCommandExecutor.java:83)
at org.openqa.selenium.remote.RemoteWebDriver.execute(RemoteWebDriver.java:548)
at org.openqa.selenium.remote.RemoteWebDriver.findElement(RemoteWebDriver.java:322)
at org.openqa.selenium.remote.RemoteWebDriver.findElementById(RemoteWebDriver.java:368)
at org.openqa.selenium.By$ById.findElement(By.java:188)
at org.openqa.selenium.remote.RemoteWebDriver.findElement(RemoteWebDriver.java:314)
at environment.Utill.find(Utill.java:130)
at environment.Utill.getValue(Utill.java:179)
at dashboard.Verification.verification(Verification.java:31)
at maintest.FullFlow.CourtVerification(FullFlow.java:468)
at sun.reflect.NativeMethodAccessorImpl.invoke0(Native Method)
at sun.reflect.NativeMethodAccessorImpl.invoke(Unknown Source)
at sun.reflect.DelegatingMethodAccessorImpl.invoke(Unknown Source)
at java.lang.reflect.Method.invoke(Unknown Source)
at org.testng.internal.MethodInvocationHelper.invokeMethod(MethodInvocationHelper.java:124)
at org.testng.internal.Invoker.invokeMethod(Invoker.java:580)
at org.testng.internal.Invoker.invokeTestMethod(Invoker.java:716)
at org.testng.internal.Invoker.invokeTestMethods(Invoker.java:988)
at org.testng.internal.TestMethodWorker.invokeTestMethods(TestMethodWorker.java:125)
at org.testng.internal.TestMethodWorker.run(TestMethodWorker.java:109)
at org.testng.TestRunner.privateRun(TestRunner.java:648)
at org.testng.TestRunner.run(TestRunner.java:505)
at org.testng.SuiteRunner.runTest(SuiteRunner.java:455)
at org.testng.SuiteRunner.runSequentially(SuiteRunner.java:450)
at org.testng.SuiteRunner.privateRun(SuiteRunner.java:415)
at org.testng.SuiteRunner.run(SuiteRunner.java:364)
at org.testng.SuiteRunnerWorker.runSuite(SuiteRunnerWorker.java:52)
at org.testng.SuiteRunnerWorker.run(SuiteRunnerWorker.java:84)
at org.testng.TestNG.runSuitesSequentially(TestNG.java:1208)
at org.testng.TestNG.runSuitesLocally(TestNG.java:1137)
at org.testng.TestNG.runSuites(TestNG.java:1049)
at org.testng.TestNG.run(TestNG.java:1017)
at org.testng.remote.AbstractRemoteTestNG.run(AbstractRemoteTestNG.java:114)
at org.testng.remote.RemoteTestNG.initAndRun(RemoteTestNG.java:251)
at org.testng.remote.RemoteTestNG.main(RemoteTestNG.java:77)
]]>
            </full-stacktrace>
          </exception> <!-- org.openqa.selenium.NoSuchElementException -->
          <reporter-output>
            <line>
              <![CDATA[Test Method resides in maintest.FullFlow]]>
            </line>
            <line>
              <![CDATA[Test Status: Failed]]>
            </line>
          </reporter-output>
        </test-method> <!-- CourtVerification -->
        <test-method status="PASS" signature="tearDown(org.testng.ITestResult, java.lang.reflect.Method)[pri:0, instance:maintest.FullFlow@ebc39e]" name="tearDown" is-config="true" duration-ms="303" started-at="2018-10-31T13:23:40Z" finished-at="2018-10-31T13:23:40Z">
          <params>
            <param index="0">
              <value>
                <![CDATA[[TestResult name=CourtVerification status=FAILURE method=FullFlow.CourtVerification()[pri:24, instance:maintest.FullFlow@ebc39e] output=Test Method resides in maintest.FullFlow]]]>
              </value>
            </param>
            <param index="1">
              <value>
                <![CDATA[public void maintest.FullFlow.CourtVerification() throws java.lang.Exception]]>
              </value>
            </param>
          </params>
          <reporter-output>
          </reporter-output>
        </test-method> <!-- tearDown -->
        <test-method status="PASS" signature="teardown()[pri:0, instance:maintest.FullFlow@ebc39e]" name="teardown" is-config="true" duration-ms="565" started-at="2018-10-31T13:23:40Z" finished-at="2018-10-31T13:23:41Z">
          <reporter-output>
          </reporter-output>
        </test-method> <!-- teardown -->
        <test-method status="PASS" signature="afterSuite()[pri:0, instance:maintest.FullFlow@ebc39e]" name="afterSuite" is-config="true" duration-ms="362" started-at="2018-10-31T13:23:41Z" finished-at="2018-10-31T13:23:41Z">
          <reporter-output>
          </reporter-output>
        </test-method> <!-- afterSuite -->
      </class> <!-- maintest.FullFlow -->
    </test> <!-- Default test -->
  </suite> <!-- Default suite -->
</testng-results>
