<?xml version="1.0" encoding="UTF-8"?>
<testng-results skipped="0" failed="0" ignored="0" total="2" passed="2">
  <reporter-output>
  </reporter-output>
  <suite name="Default suite" duration-ms="35937" started-at="2018-11-16T13:07:35Z" finished-at="2018-11-16T13:08:11Z">
    <groups>
    </groups>
    <test name="Default test" duration-ms="35937" started-at="2018-11-16T13:07:35Z" finished-at="2018-11-16T13:08:11Z">
      <class name="maintest.CandidateCaseRegistration">
        <test-method status="PASS" signature="beforeSuit()[pri:0, instance:maintest.CandidateCaseRegistration@dafa95]" name="beforeSuit" is-config="true" duration-ms="157" started-at="2018-11-16T13:07:35Z" finished-at="2018-11-16T13:07:35Z">
          <reporter-output>
          </reporter-output>
        </test-method> <!-- beforeSuit -->
        <test-method status="PASS" signature="beforetest()[pri:0, instance:maintest.CandidateCaseRegistration@dafa95]" name="beforetest" is-config="true" duration-ms="3649" started-at="2018-11-16T13:07:35Z" finished-at="2018-11-16T13:07:39Z">
          <reporter-output>
          </reporter-output>
        </test-method> <!-- beforetest -->
        <test-method status="PASS" signature="setup(java.lang.reflect.Method)[pri:0, instance:maintest.CandidateCaseRegistration@dafa95]" name="setup" is-config="true" duration-ms="5" started-at="2018-11-16T13:07:39Z" finished-at="2018-11-16T13:07:39Z">
          <params>
            <param index="0">
              <value>
                <![CDATA[public void maintest.CandidateCaseRegistration.CandidateInitiate() throws java.lang.Exception]]>
              </value>
            </param>
          </params>
          <reporter-output>
          </reporter-output>
        </test-method> <!-- setup -->
        <test-method status="PASS" signature="CandidateInitiate()[pri:1, instance:maintest.CandidateCaseRegistration@dafa95]" name="CandidateInitiate" duration-ms="5888" started-at="2018-11-16T13:07:39Z" finished-at="2018-11-16T13:07:44Z">
          <reporter-output>
          </reporter-output>
        </test-method> <!-- CandidateInitiate -->
        <test-method status="PASS" signature="tearDown(org.testng.ITestResult, java.lang.reflect.Method)[pri:0, instance:maintest.CandidateCaseRegistration@dafa95]" name="tearDown" is-config="true" duration-ms="0" started-at="2018-11-16T13:07:44Z" finished-at="2018-11-16T13:07:44Z">
          <params>
            <param index="0">
              <value>
                <![CDATA[[TestResult name=CandidateInitiate status=SUCCESS method=CandidateCaseRegistration.CandidateInitiate()[pri:1, instance:maintest.CandidateCaseRegistration@dafa95] output={null}]]]>
              </value>
            </param>
            <param index="1">
              <value>
                <![CDATA[public void maintest.CandidateCaseRegistration.CandidateInitiate() throws java.lang.Exception]]>
              </value>
            </param>
          </params>
          <reporter-output>
          </reporter-output>
        </test-method> <!-- tearDown -->
        <test-method status="PASS" signature="setup(java.lang.reflect.Method)[pri:0, instance:maintest.CandidateCaseRegistration@dafa95]" name="setup" is-config="true" duration-ms="1" started-at="2018-11-16T13:07:44Z" finished-at="2018-11-16T13:07:44Z">
          <params>
            <param index="0">
              <value>
                <![CDATA[public void maintest.CandidateCaseRegistration.CandidatedataEntry() throws java.lang.Exception]]>
              </value>
            </param>
          </params>
          <reporter-output>
          </reporter-output>
        </test-method> <!-- setup -->
        <test-method status="PASS" signature="CandidatedataEntry()[pri:2, instance:maintest.CandidateCaseRegistration@dafa95]" name="CandidatedataEntry" duration-ms="26364" started-at="2018-11-16T13:07:44Z" finished-at="2018-11-16T13:08:11Z">
          <reporter-output>
          </reporter-output>
        </test-method> <!-- CandidatedataEntry -->
        <test-method status="PASS" signature="tearDown(org.testng.ITestResult, java.lang.reflect.Method)[pri:0, instance:maintest.CandidateCaseRegistration@dafa95]" name="tearDown" is-config="true" duration-ms="1" started-at="2018-11-16T13:08:11Z" finished-at="2018-11-16T13:08:11Z">
          <params>
            <param index="0">
              <value>
                <![CDATA[[TestResult name=CandidatedataEntry status=SUCCESS method=CandidateCaseRegistration.CandidatedataEntry()[pri:2, instance:maintest.CandidateCaseRegistration@dafa95] output={null}]]]>
              </value>
            </param>
            <param index="1">
              <value>
                <![CDATA[public void maintest.CandidateCaseRegistration.CandidatedataEntry() throws java.lang.Exception]]>
              </value>
            </param>
          </params>
          <reporter-output>
          </reporter-output>
        </test-method> <!-- tearDown -->
        <test-method status="PASS" signature="teardown()[pri:0, instance:maintest.CandidateCaseRegistration@dafa95]" name="teardown" is-config="true" duration-ms="0" started-at="2018-11-16T13:08:11Z" finished-at="2018-11-16T13:08:11Z">
          <reporter-output>
          </reporter-output>
        </test-method> <!-- teardown -->
        <test-method status="PASS" signature="afterSuite()[pri:0, instance:maintest.CandidateCaseRegistration@dafa95]" name="afterSuite" is-config="true" duration-ms="268" started-at="2018-11-16T13:08:11Z" finished-at="2018-11-16T13:08:11Z">
          <reporter-output>
          </reporter-output>
        </test-method> <!-- afterSuite -->
      </class> <!-- maintest.CandidateCaseRegistration -->
    </test> <!-- Default test -->
  </suite> <!-- Default suite -->
</testng-results>
