<?xml version="1.0" encoding="UTF-8"?>
<testng-results skipped="0" failed="0" ignored="0" total="17" passed="17">
  <reporter-output>
    <line>
      <![CDATA[About to begin executing Test Default test]]>
    </line>
    <line>
      <![CDATA[Test Method resides in maintest.FullFlow]]>
    </line>
    <line>
      <![CDATA[Test Status: Pass]]>
    </line>
    <line>
      <![CDATA[Test Method resides in maintest.FullFlow]]>
    </line>
    <line>
      <![CDATA[Test Status: Pass]]>
    </line>
    <line>
      <![CDATA[Test Method resides in maintest.FullFlow]]>
    </line>
    <line>
      <![CDATA[Test Status: Pass]]>
    </line>
    <line>
      <![CDATA[Test Method resides in maintest.FullFlow]]>
    </line>
    <line>
      <![CDATA[Test Status: Pass]]>
    </line>
    <line>
      <![CDATA[Test Method resides in maintest.FullFlow]]>
    </line>
    <line>
      <![CDATA[Test Status: Pass]]>
    </line>
    <line>
      <![CDATA[Test Method resides in maintest.FullFlow]]>
    </line>
    <line>
      <![CDATA[Test Status: Pass]]>
    </line>
    <line>
      <![CDATA[Test Method resides in maintest.FullFlow]]>
    </line>
    <line>
      <![CDATA[Test Status: Pass]]>
    </line>
    <line>
      <![CDATA[Test Method resides in maintest.FullFlow]]>
    </line>
    <line>
      <![CDATA[Test Status: Pass]]>
    </line>
    <line>
      <![CDATA[Test Method resides in maintest.FullFlow]]>
    </line>
    <line>
      <![CDATA[Test Status: Pass]]>
    </line>
    <line>
      <![CDATA[Test Method resides in maintest.FullFlow]]>
    </line>
    <line>
      <![CDATA[Test Status: Pass]]>
    </line>
    <line>
      <![CDATA[Test Method resides in maintest.FullFlow]]>
    </line>
    <line>
      <![CDATA[Test Status: Pass]]>
    </line>
    <line>
      <![CDATA[Test Method resides in maintest.FullFlow]]>
    </line>
    <line>
      <![CDATA[Test Status: Pass]]>
    </line>
    <line>
      <![CDATA[Test Method resides in maintest.FullFlow]]>
    </line>
    <line>
      <![CDATA[Test Status: Pass]]>
    </line>
    <line>
      <![CDATA[Test Method resides in maintest.FullFlow]]>
    </line>
    <line>
      <![CDATA[Test Status: Pass]]>
    </line>
    <line>
      <![CDATA[Test Method resides in maintest.FullFlow]]>
    </line>
    <line>
      <![CDATA[Test Status: Pass]]>
    </line>
    <line>
      <![CDATA[Test Method resides in maintest.FullFlow]]>
    </line>
    <line>
      <![CDATA[Test Status: Pass]]>
    </line>
    <line>
      <![CDATA[Test Method resides in maintest.FullFlow]]>
    </line>
    <line>
      <![CDATA[Test Status: Pass]]>
    </line>
  </reporter-output>
  <suite name="Default suite" duration-ms="1658953" started-at="2018-10-30T12:49:44Z" finished-at="2018-10-30T13:17:23Z">
    <groups>
    </groups>
    <test name="Default test" duration-ms="1658953" started-at="2018-10-30T12:49:44Z" finished-at="2018-10-30T13:17:23Z">
      <class name="maintest.FullFlow">
        <test-method status="PASS" signature="beforeSuit()[pri:0, instance:maintest.FullFlow@18067a5]" name="beforeSuit" is-config="true" duration-ms="143" started-at="2018-10-30T12:49:44Z" finished-at="2018-10-30T12:49:44Z">
          <reporter-output>
          </reporter-output>
        </test-method> <!-- beforeSuit -->
        <test-method status="PASS" signature="beforetest()[pri:0, instance:maintest.FullFlow@18067a5]" name="beforetest" is-config="true" duration-ms="4529" started-at="2018-10-30T12:49:44Z" finished-at="2018-10-30T12:49:49Z">
          <reporter-output>
          </reporter-output>
        </test-method> <!-- beforetest -->
        <test-method status="PASS" signature="setup(java.lang.reflect.Method)[pri:0, instance:maintest.FullFlow@18067a5]" name="setup" is-config="true" duration-ms="19" started-at="2018-10-30T12:49:49Z" finished-at="2018-10-30T12:49:49Z">
          <params>
            <param index="0">
              <value>
                <![CDATA[public void maintest.FullFlow.Login() throws java.lang.Exception]]>
              </value>
            </param>
          </params>
          <reporter-output>
          </reporter-output>
        </test-method> <!-- setup -->
        <test-method status="PASS" signature="Login()[pri:1, instance:maintest.FullFlow@18067a5]" name="Login" duration-ms="8479" started-at="2018-10-30T12:49:49Z" finished-at="2018-10-30T12:49:57Z">
          <reporter-output>
            <line>
              <![CDATA[Test Method resides in maintest.FullFlow]]>
            </line>
            <line>
              <![CDATA[Test Status: Pass]]>
            </line>
          </reporter-output>
        </test-method> <!-- Login -->
        <test-method status="PASS" signature="caseregistration()[pri:2, instance:maintest.FullFlow@18067a5]" name="caseregistration" duration-ms="36595" started-at="2018-10-30T12:49:57Z" depends-on-methods="maintest.FullFlow.Login" finished-at="2018-10-30T12:50:34Z">
          <reporter-output>
            <line>
              <![CDATA[Test Method resides in maintest.FullFlow]]>
            </line>
            <line>
              <![CDATA[Test Status: Pass]]>
            </line>
          </reporter-output>
        </test-method> <!-- caseregistration -->
        <test-method status="PASS" signature="tearDown(org.testng.ITestResult, java.lang.reflect.Method)[pri:0, instance:maintest.FullFlow@18067a5]" name="tearDown" is-config="true" duration-ms="0" started-at="2018-10-30T12:49:57Z" finished-at="2018-10-30T12:49:57Z">
          <params>
            <param index="0">
              <value>
                <![CDATA[[TestResult name=Login status=SUCCESS method=FullFlow.Login()[pri:1, instance:maintest.FullFlow@18067a5] output=Test Method resides in maintest.FullFlow]]]>
              </value>
            </param>
            <param index="1">
              <value>
                <![CDATA[public void maintest.FullFlow.Login() throws java.lang.Exception]]>
              </value>
            </param>
          </params>
          <reporter-output>
          </reporter-output>
        </test-method> <!-- tearDown -->
        <test-method status="PASS" signature="setup(java.lang.reflect.Method)[pri:0, instance:maintest.FullFlow@18067a5]" name="setup" is-config="true" duration-ms="0" started-at="2018-10-30T12:49:57Z" finished-at="2018-10-30T12:49:57Z">
          <params>
            <param index="0">
              <value>
                <![CDATA[public void maintest.FullFlow.caseregistration() throws java.lang.Exception]]>
              </value>
            </param>
          </params>
          <reporter-output>
          </reporter-output>
        </test-method> <!-- setup -->
        <test-method status="PASS" signature="tearDown(org.testng.ITestResult, java.lang.reflect.Method)[pri:0, instance:maintest.FullFlow@18067a5]" name="tearDown" is-config="true" duration-ms="0" started-at="2018-10-30T12:50:34Z" finished-at="2018-10-30T12:50:34Z">
          <params>
            <param index="0">
              <value>
                <![CDATA[[TestResult name=caseregistration status=SUCCESS method=FullFlow.caseregistration()[pri:2, instance:maintest.FullFlow@18067a5] output=Test Method resides in maintest.FullFlow]]]>
              </value>
            </param>
            <param index="1">
              <value>
                <![CDATA[public void maintest.FullFlow.caseregistration() throws java.lang.Exception]]>
              </value>
            </param>
          </params>
          <reporter-output>
          </reporter-output>
        </test-method> <!-- tearDown -->
        <test-method status="PASS" signature="dataEntryAssign()[pri:3, instance:maintest.FullFlow@18067a5]" name="dataEntryAssign" duration-ms="80010" started-at="2018-10-30T12:50:34Z" depends-on-methods="maintest.FullFlow.caseregistration" finished-at="2018-10-30T12:51:54Z">
          <reporter-output>
            <line>
              <![CDATA[Test Method resides in maintest.FullFlow]]>
            </line>
            <line>
              <![CDATA[Test Status: Pass]]>
            </line>
          </reporter-output>
        </test-method> <!-- dataEntryAssign -->
        <test-method status="PASS" signature="setup(java.lang.reflect.Method)[pri:0, instance:maintest.FullFlow@18067a5]" name="setup" is-config="true" duration-ms="0" started-at="2018-10-30T12:50:34Z" finished-at="2018-10-30T12:50:34Z">
          <params>
            <param index="0">
              <value>
                <![CDATA[public void maintest.FullFlow.dataEntryAssign() throws java.lang.Exception]]>
              </value>
            </param>
          </params>
          <reporter-output>
          </reporter-output>
        </test-method> <!-- setup -->
        <test-method status="PASS" signature="tearDown(org.testng.ITestResult, java.lang.reflect.Method)[pri:0, instance:maintest.FullFlow@18067a5]" name="tearDown" is-config="true" duration-ms="16" started-at="2018-10-30T12:51:54Z" finished-at="2018-10-30T12:51:54Z">
          <params>
            <param index="0">
              <value>
                <![CDATA[[TestResult name=dataEntryAssign status=SUCCESS method=FullFlow.dataEntryAssign()[pri:3, instance:maintest.FullFlow@18067a5] output=Test Method resides in maintest.FullFlow]]]>
              </value>
            </param>
            <param index="1">
              <value>
                <![CDATA[public void maintest.FullFlow.dataEntryAssign() throws java.lang.Exception]]>
              </value>
            </param>
          </params>
          <reporter-output>
          </reporter-output>
        </test-method> <!-- tearDown -->
        <test-method status="PASS" signature="setup(java.lang.reflect.Method)[pri:0, instance:maintest.FullFlow@18067a5]" name="setup" is-config="true" duration-ms="0" started-at="2018-10-30T12:51:54Z" finished-at="2018-10-30T12:51:54Z">
          <params>
            <param index="0">
              <value>
                <![CDATA[public void maintest.FullFlow.dataEntry() throws java.lang.Exception]]>
              </value>
            </param>
          </params>
          <reporter-output>
          </reporter-output>
        </test-method> <!-- setup -->
        <test-method status="PASS" signature="dataEntry()[pri:4, instance:maintest.FullFlow@18067a5]" name="dataEntry" duration-ms="489292" started-at="2018-10-30T12:51:54Z" depends-on-methods="maintest.FullFlow.dataEntryAssign" finished-at="2018-10-30T13:00:03Z">
          <reporter-output>
            <line>
              <![CDATA[Test Method resides in maintest.FullFlow]]>
            </line>
            <line>
              <![CDATA[Test Status: Pass]]>
            </line>
          </reporter-output>
        </test-method> <!-- dataEntry -->
        <test-method status="PASS" signature="tearDown(org.testng.ITestResult, java.lang.reflect.Method)[pri:0, instance:maintest.FullFlow@18067a5]" name="tearDown" is-config="true" duration-ms="1" started-at="2018-10-30T13:00:03Z" finished-at="2018-10-30T13:00:03Z">
          <params>
            <param index="0">
              <value>
                <![CDATA[[TestResult name=dataEntry status=SUCCESS method=FullFlow.dataEntry()[pri:4, instance:maintest.FullFlow@18067a5] output=Test Method resides in maintest.FullFlow]]]>
              </value>
            </param>
            <param index="1">
              <value>
                <![CDATA[public void maintest.FullFlow.dataEntry() throws java.lang.Exception]]>
              </value>
            </param>
          </params>
          <reporter-output>
          </reporter-output>
        </test-method> <!-- tearDown -->
        <test-method status="PASS" signature="dataEntryQCAssign()[pri:5, instance:maintest.FullFlow@18067a5]" name="dataEntryQCAssign" duration-ms="64774" started-at="2018-10-30T13:00:03Z" depends-on-methods="maintest.FullFlow.dataEntry" finished-at="2018-10-30T13:01:08Z">
          <reporter-output>
            <line>
              <![CDATA[Test Method resides in maintest.FullFlow]]>
            </line>
            <line>
              <![CDATA[Test Status: Pass]]>
            </line>
          </reporter-output>
        </test-method> <!-- dataEntryQCAssign -->
        <test-method status="PASS" signature="setup(java.lang.reflect.Method)[pri:0, instance:maintest.FullFlow@18067a5]" name="setup" is-config="true" duration-ms="0" started-at="2018-10-30T13:00:03Z" finished-at="2018-10-30T13:00:03Z">
          <params>
            <param index="0">
              <value>
                <![CDATA[public void maintest.FullFlow.dataEntryQCAssign() throws java.lang.Exception]]>
              </value>
            </param>
          </params>
          <reporter-output>
          </reporter-output>
        </test-method> <!-- setup -->
        <test-method status="PASS" signature="tearDown(org.testng.ITestResult, java.lang.reflect.Method)[pri:0, instance:maintest.FullFlow@18067a5]" name="tearDown" is-config="true" duration-ms="1" started-at="2018-10-30T13:01:08Z" finished-at="2018-10-30T13:01:08Z">
          <params>
            <param index="0">
              <value>
                <![CDATA[[TestResult name=dataEntryQCAssign status=SUCCESS method=FullFlow.dataEntryQCAssign()[pri:5, instance:maintest.FullFlow@18067a5] output=Test Method resides in maintest.FullFlow]]]>
              </value>
            </param>
            <param index="1">
              <value>
                <![CDATA[public void maintest.FullFlow.dataEntryQCAssign() throws java.lang.Exception]]>
              </value>
            </param>
          </params>
          <reporter-output>
          </reporter-output>
        </test-method> <!-- tearDown -->
        <test-method status="PASS" signature="setup(java.lang.reflect.Method)[pri:0, instance:maintest.FullFlow@18067a5]" name="setup" is-config="true" duration-ms="1" started-at="2018-10-30T13:01:08Z" finished-at="2018-10-30T13:01:08Z">
          <params>
            <param index="0">
              <value>
                <![CDATA[public void maintest.FullFlow.AddressDEQC() throws java.lang.Exception]]>
              </value>
            </param>
          </params>
          <reporter-output>
          </reporter-output>
        </test-method> <!-- setup -->
        <test-method status="PASS" signature="AddressDEQC()[pri:6, instance:maintest.FullFlow@18067a5]" name="AddressDEQC" duration-ms="82429" started-at="2018-10-30T13:01:08Z" depends-on-methods="maintest.FullFlow.dataEntryQCAssign" finished-at="2018-10-30T13:02:31Z">
          <reporter-output>
            <line>
              <![CDATA[Test Method resides in maintest.FullFlow]]>
            </line>
            <line>
              <![CDATA[Test Status: Pass]]>
            </line>
          </reporter-output>
        </test-method> <!-- AddressDEQC -->
        <test-method status="PASS" signature="tearDown(org.testng.ITestResult, java.lang.reflect.Method)[pri:0, instance:maintest.FullFlow@18067a5]" name="tearDown" is-config="true" duration-ms="0" started-at="2018-10-30T13:02:31Z" finished-at="2018-10-30T13:02:31Z">
          <params>
            <param index="0">
              <value>
                <![CDATA[[TestResult name=AddressDEQC status=SUCCESS method=FullFlow.AddressDEQC()[pri:6, instance:maintest.FullFlow@18067a5] output=Test Method resides in maintest.FullFlow]]]>
              </value>
            </param>
            <param index="1">
              <value>
                <![CDATA[public void maintest.FullFlow.AddressDEQC() throws java.lang.Exception]]>
              </value>
            </param>
          </params>
          <reporter-output>
          </reporter-output>
        </test-method> <!-- tearDown -->
        <test-method status="PASS" signature="EducationDEQC()[pri:7, instance:maintest.FullFlow@18067a5]" name="EducationDEQC" duration-ms="28638" started-at="2018-10-30T13:02:31Z" depends-on-methods="maintest.FullFlow.dataEntryQCAssign" finished-at="2018-10-30T13:02:59Z">
          <reporter-output>
            <line>
              <![CDATA[Test Method resides in maintest.FullFlow]]>
            </line>
            <line>
              <![CDATA[Test Status: Pass]]>
            </line>
          </reporter-output>
        </test-method> <!-- EducationDEQC -->
        <test-method status="PASS" signature="setup(java.lang.reflect.Method)[pri:0, instance:maintest.FullFlow@18067a5]" name="setup" is-config="true" duration-ms="0" started-at="2018-10-30T13:02:31Z" finished-at="2018-10-30T13:02:31Z">
          <params>
            <param index="0">
              <value>
                <![CDATA[public void maintest.FullFlow.EducationDEQC() throws java.lang.Exception]]>
              </value>
            </param>
          </params>
          <reporter-output>
          </reporter-output>
        </test-method> <!-- setup -->
        <test-method status="PASS" signature="tearDown(org.testng.ITestResult, java.lang.reflect.Method)[pri:0, instance:maintest.FullFlow@18067a5]" name="tearDown" is-config="true" duration-ms="0" started-at="2018-10-30T13:02:59Z" finished-at="2018-10-30T13:02:59Z">
          <params>
            <param index="0">
              <value>
                <![CDATA[[TestResult name=EducationDEQC status=SUCCESS method=FullFlow.EducationDEQC()[pri:7, instance:maintest.FullFlow@18067a5] output=Test Method resides in maintest.FullFlow]]]>
              </value>
            </param>
            <param index="1">
              <value>
                <![CDATA[public void maintest.FullFlow.EducationDEQC() throws java.lang.Exception]]>
              </value>
            </param>
          </params>
          <reporter-output>
          </reporter-output>
        </test-method> <!-- tearDown -->
        <test-method status="PASS" signature="setup(java.lang.reflect.Method)[pri:0, instance:maintest.FullFlow@18067a5]" name="setup" is-config="true" duration-ms="1" started-at="2018-10-30T13:02:59Z" finished-at="2018-10-30T13:02:59Z">
          <params>
            <param index="0">
              <value>
                <![CDATA[public void maintest.FullFlow.EmploymentDEQC() throws java.lang.Exception]]>
              </value>
            </param>
          </params>
          <reporter-output>
          </reporter-output>
        </test-method> <!-- setup -->
        <test-method status="PASS" signature="EmploymentDEQC()[pri:8, instance:maintest.FullFlow@18067a5]" name="EmploymentDEQC" duration-ms="27125" started-at="2018-10-30T13:02:59Z" depends-on-methods="maintest.FullFlow.dataEntryQCAssign" finished-at="2018-10-30T13:03:26Z">
          <reporter-output>
            <line>
              <![CDATA[Test Method resides in maintest.FullFlow]]>
            </line>
            <line>
              <![CDATA[Test Status: Pass]]>
            </line>
          </reporter-output>
        </test-method> <!-- EmploymentDEQC -->
        <test-method status="PASS" signature="tearDown(org.testng.ITestResult, java.lang.reflect.Method)[pri:0, instance:maintest.FullFlow@18067a5]" name="tearDown" is-config="true" duration-ms="1" started-at="2018-10-30T13:03:26Z" finished-at="2018-10-30T13:03:26Z">
          <params>
            <param index="0">
              <value>
                <![CDATA[[TestResult name=EmploymentDEQC status=SUCCESS method=FullFlow.EmploymentDEQC()[pri:8, instance:maintest.FullFlow@18067a5] output=Test Method resides in maintest.FullFlow]]]>
              </value>
            </param>
            <param index="1">
              <value>
                <![CDATA[public void maintest.FullFlow.EmploymentDEQC() throws java.lang.Exception]]>
              </value>
            </param>
          </params>
          <reporter-output>
          </reporter-output>
        </test-method> <!-- tearDown -->
        <test-method status="PASS" signature="setup(java.lang.reflect.Method)[pri:0, instance:maintest.FullFlow@18067a5]" name="setup" is-config="true" duration-ms="1" started-at="2018-10-30T13:03:26Z" finished-at="2018-10-30T13:03:26Z">
          <params>
            <param index="0">
              <value>
                <![CDATA[public void maintest.FullFlow.ReferenceDEQC() throws java.lang.Exception]]>
              </value>
            </param>
          </params>
          <reporter-output>
          </reporter-output>
        </test-method> <!-- setup -->
        <test-method status="PASS" signature="ReferenceDEQC()[pri:9, instance:maintest.FullFlow@18067a5]" name="ReferenceDEQC" duration-ms="13067" started-at="2018-10-30T13:03:26Z" depends-on-methods="maintest.FullFlow.dataEntryQCAssign" finished-at="2018-10-30T13:03:39Z">
          <reporter-output>
            <line>
              <![CDATA[Test Method resides in maintest.FullFlow]]>
            </line>
            <line>
              <![CDATA[Test Status: Pass]]>
            </line>
          </reporter-output>
        </test-method> <!-- ReferenceDEQC -->
        <test-method status="PASS" signature="tearDown(org.testng.ITestResult, java.lang.reflect.Method)[pri:0, instance:maintest.FullFlow@18067a5]" name="tearDown" is-config="true" duration-ms="1" started-at="2018-10-30T13:03:39Z" finished-at="2018-10-30T13:03:39Z">
          <params>
            <param index="0">
              <value>
                <![CDATA[[TestResult name=ReferenceDEQC status=SUCCESS method=FullFlow.ReferenceDEQC()[pri:9, instance:maintest.FullFlow@18067a5] output=Test Method resides in maintest.FullFlow]]]>
              </value>
            </param>
            <param index="1">
              <value>
                <![CDATA[public void maintest.FullFlow.ReferenceDEQC() throws java.lang.Exception]]>
              </value>
            </param>
          </params>
          <reporter-output>
          </reporter-output>
        </test-method> <!-- tearDown -->
        <test-method status="PASS" signature="DataBaseDEQC()[pri:10, instance:maintest.FullFlow@18067a5]" name="DataBaseDEQC" duration-ms="13140" started-at="2018-10-30T13:03:39Z" depends-on-methods="maintest.FullFlow.dataEntryQCAssign" finished-at="2018-10-30T13:03:53Z">
          <reporter-output>
            <line>
              <![CDATA[Test Method resides in maintest.FullFlow]]>
            </line>
            <line>
              <![CDATA[Test Status: Pass]]>
            </line>
          </reporter-output>
        </test-method> <!-- DataBaseDEQC -->
        <test-method status="PASS" signature="setup(java.lang.reflect.Method)[pri:0, instance:maintest.FullFlow@18067a5]" name="setup" is-config="true" duration-ms="0" started-at="2018-10-30T13:03:39Z" finished-at="2018-10-30T13:03:39Z">
          <params>
            <param index="0">
              <value>
                <![CDATA[public void maintest.FullFlow.DataBaseDEQC() throws java.lang.Exception]]>
              </value>
            </param>
          </params>
          <reporter-output>
          </reporter-output>
        </test-method> <!-- setup -->
        <test-method status="PASS" signature="tearDown(org.testng.ITestResult, java.lang.reflect.Method)[pri:0, instance:maintest.FullFlow@18067a5]" name="tearDown" is-config="true" duration-ms="1" started-at="2018-10-30T13:03:53Z" finished-at="2018-10-30T13:03:53Z">
          <params>
            <param index="0">
              <value>
                <![CDATA[[TestResult name=DataBaseDEQC status=SUCCESS method=FullFlow.DataBaseDEQC()[pri:10, instance:maintest.FullFlow@18067a5] output=Test Method resides in maintest.FullFlow]]]>
              </value>
            </param>
            <param index="1">
              <value>
                <![CDATA[public void maintest.FullFlow.DataBaseDEQC() throws java.lang.Exception]]>
              </value>
            </param>
          </params>
          <reporter-output>
          </reporter-output>
        </test-method> <!-- tearDown -->
        <test-method status="PASS" signature="setup(java.lang.reflect.Method)[pri:0, instance:maintest.FullFlow@18067a5]" name="setup" is-config="true" duration-ms="0" started-at="2018-10-30T13:03:53Z" finished-at="2018-10-30T13:03:53Z">
          <params>
            <param index="0">
              <value>
                <![CDATA[public void maintest.FullFlow.CriminalDEQC() throws java.lang.Exception]]>
              </value>
            </param>
          </params>
          <reporter-output>
          </reporter-output>
        </test-method> <!-- setup -->
        <test-method status="PASS" signature="CriminalDEQC()[pri:11, instance:maintest.FullFlow@18067a5]" name="CriminalDEQC" duration-ms="31026" started-at="2018-10-30T13:03:53Z" depends-on-methods="maintest.FullFlow.dataEntryQCAssign" finished-at="2018-10-30T13:04:24Z">
          <reporter-output>
            <line>
              <![CDATA[Test Method resides in maintest.FullFlow]]>
            </line>
            <line>
              <![CDATA[Test Status: Pass]]>
            </line>
          </reporter-output>
        </test-method> <!-- CriminalDEQC -->
        <test-method status="PASS" signature="tearDown(org.testng.ITestResult, java.lang.reflect.Method)[pri:0, instance:maintest.FullFlow@18067a5]" name="tearDown" is-config="true" duration-ms="1" started-at="2018-10-30T13:04:24Z" finished-at="2018-10-30T13:04:24Z">
          <params>
            <param index="0">
              <value>
                <![CDATA[[TestResult name=CriminalDEQC status=SUCCESS method=FullFlow.CriminalDEQC()[pri:11, instance:maintest.FullFlow@18067a5] output=Test Method resides in maintest.FullFlow]]]>
              </value>
            </param>
            <param index="1">
              <value>
                <![CDATA[public void maintest.FullFlow.CriminalDEQC() throws java.lang.Exception]]>
              </value>
            </param>
          </params>
          <reporter-output>
          </reporter-output>
        </test-method> <!-- tearDown -->
        <test-method status="PASS" signature="setup(java.lang.reflect.Method)[pri:0, instance:maintest.FullFlow@18067a5]" name="setup" is-config="true" duration-ms="1" started-at="2018-10-30T13:04:24Z" finished-at="2018-10-30T13:04:24Z">
          <params>
            <param index="0">
              <value>
                <![CDATA[public void maintest.FullFlow.CreditDEQC() throws java.lang.Exception]]>
              </value>
            </param>
          </params>
          <reporter-output>
          </reporter-output>
        </test-method> <!-- setup -->
        <test-method status="PASS" signature="CreditDEQC()[pri:12, instance:maintest.FullFlow@18067a5]" name="CreditDEQC" duration-ms="11812" started-at="2018-10-30T13:04:24Z" depends-on-methods="maintest.FullFlow.dataEntryQCAssign" finished-at="2018-10-30T13:04:35Z">
          <reporter-output>
            <line>
              <![CDATA[Test Method resides in maintest.FullFlow]]>
            </line>
            <line>
              <![CDATA[Test Status: Pass]]>
            </line>
          </reporter-output>
        </test-method> <!-- CreditDEQC -->
        <test-method status="PASS" signature="tearDown(org.testng.ITestResult, java.lang.reflect.Method)[pri:0, instance:maintest.FullFlow@18067a5]" name="tearDown" is-config="true" duration-ms="0" started-at="2018-10-30T13:04:35Z" finished-at="2018-10-30T13:04:35Z">
          <params>
            <param index="0">
              <value>
                <![CDATA[[TestResult name=CreditDEQC status=SUCCESS method=FullFlow.CreditDEQC()[pri:12, instance:maintest.FullFlow@18067a5] output=Test Method resides in maintest.FullFlow]]]>
              </value>
            </param>
            <param index="1">
              <value>
                <![CDATA[public void maintest.FullFlow.CreditDEQC() throws java.lang.Exception]]>
              </value>
            </param>
          </params>
          <reporter-output>
          </reporter-output>
        </test-method> <!-- tearDown -->
        <test-method status="PASS" signature="CourtDEQC()[pri:13, instance:maintest.FullFlow@18067a5]" name="CourtDEQC" duration-ms="30109" started-at="2018-10-30T13:04:35Z" depends-on-methods="maintest.FullFlow.dataEntryQCAssign" finished-at="2018-10-30T13:05:06Z">
          <reporter-output>
            <line>
              <![CDATA[Test Method resides in maintest.FullFlow]]>
            </line>
            <line>
              <![CDATA[Test Status: Pass]]>
            </line>
          </reporter-output>
        </test-method> <!-- CourtDEQC -->
        <test-method status="PASS" signature="setup(java.lang.reflect.Method)[pri:0, instance:maintest.FullFlow@18067a5]" name="setup" is-config="true" duration-ms="0" started-at="2018-10-30T13:04:35Z" finished-at="2018-10-30T13:04:35Z">
          <params>
            <param index="0">
              <value>
                <![CDATA[public void maintest.FullFlow.CourtDEQC() throws java.lang.Exception]]>
              </value>
            </param>
          </params>
          <reporter-output>
          </reporter-output>
        </test-method> <!-- setup -->
        <test-method status="PASS" signature="tearDown(org.testng.ITestResult, java.lang.reflect.Method)[pri:0, instance:maintest.FullFlow@18067a5]" name="tearDown" is-config="true" duration-ms="1" started-at="2018-10-30T13:05:06Z" finished-at="2018-10-30T13:05:06Z">
          <params>
            <param index="0">
              <value>
                <![CDATA[[TestResult name=CourtDEQC status=SUCCESS method=FullFlow.CourtDEQC()[pri:13, instance:maintest.FullFlow@18067a5] output=Test Method resides in maintest.FullFlow]]]>
              </value>
            </param>
            <param index="1">
              <value>
                <![CDATA[public void maintest.FullFlow.CourtDEQC() throws java.lang.Exception]]>
              </value>
            </param>
          </params>
          <reporter-output>
          </reporter-output>
        </test-method> <!-- tearDown -->
        <test-method status="PASS" signature="setup(java.lang.reflect.Method)[pri:0, instance:maintest.FullFlow@18067a5]" name="setup" is-config="true" duration-ms="0" started-at="2018-10-30T13:05:06Z" finished-at="2018-10-30T13:05:06Z">
          <params>
            <param index="0">
              <value>
                <![CDATA[public void maintest.FullFlow.IdDEQC() throws java.lang.Exception]]>
              </value>
            </param>
          </params>
          <reporter-output>
          </reporter-output>
        </test-method> <!-- setup -->
        <test-method status="PASS" signature="IdDEQC()[pri:14, instance:maintest.FullFlow@18067a5]" name="IdDEQC" duration-ms="26498" started-at="2018-10-30T13:05:06Z" depends-on-methods="maintest.FullFlow.dataEntryQCAssign" finished-at="2018-10-30T13:05:32Z">
          <reporter-output>
            <line>
              <![CDATA[Test Method resides in maintest.FullFlow]]>
            </line>
            <line>
              <![CDATA[Test Status: Pass]]>
            </line>
          </reporter-output>
        </test-method> <!-- IdDEQC -->
        <test-method status="PASS" signature="tearDown(org.testng.ITestResult, java.lang.reflect.Method)[pri:0, instance:maintest.FullFlow@18067a5]" name="tearDown" is-config="true" duration-ms="1" started-at="2018-10-30T13:05:32Z" finished-at="2018-10-30T13:05:32Z">
          <params>
            <param index="0">
              <value>
                <![CDATA[[TestResult name=IdDEQC status=SUCCESS method=FullFlow.IdDEQC()[pri:14, instance:maintest.FullFlow@18067a5] output=Test Method resides in maintest.FullFlow]]]>
              </value>
            </param>
            <param index="1">
              <value>
                <![CDATA[public void maintest.FullFlow.IdDEQC() throws java.lang.Exception]]>
              </value>
            </param>
          </params>
          <reporter-output>
          </reporter-output>
        </test-method> <!-- tearDown -->
        <test-method status="PASS" signature="VerificationSupervisor()[pri:15, instance:maintest.FullFlow@18067a5]" name="VerificationSupervisor" duration-ms="61967" started-at="2018-10-30T13:05:32Z" depends-on-methods="maintest.FullFlow.IdDEQC" finished-at="2018-10-30T13:06:34Z">
          <reporter-output>
            <line>
              <![CDATA[Test Method resides in maintest.FullFlow]]>
            </line>
            <line>
              <![CDATA[Test Status: Pass]]>
            </line>
          </reporter-output>
        </test-method> <!-- VerificationSupervisor -->
        <test-method status="PASS" signature="setup(java.lang.reflect.Method)[pri:0, instance:maintest.FullFlow@18067a5]" name="setup" is-config="true" duration-ms="0" started-at="2018-10-30T13:05:32Z" finished-at="2018-10-30T13:05:32Z">
          <params>
            <param index="0">
              <value>
                <![CDATA[public void maintest.FullFlow.VerificationSupervisor() throws java.lang.Exception]]>
              </value>
            </param>
          </params>
          <reporter-output>
          </reporter-output>
        </test-method> <!-- setup -->
        <test-method status="PASS" signature="VerificationIntiation()[pri:16, instance:maintest.FullFlow@18067a5]" name="VerificationIntiation" duration-ms="498715" started-at="2018-10-30T13:06:34Z" depends-on-methods="maintest.FullFlow.VerificationSupervisor" finished-at="2018-10-30T13:14:53Z">
          <reporter-output>
            <line>
              <![CDATA[Test Method resides in maintest.FullFlow]]>
            </line>
            <line>
              <![CDATA[Test Status: Pass]]>
            </line>
          </reporter-output>
        </test-method> <!-- VerificationIntiation -->
        <test-method status="PASS" signature="tearDown(org.testng.ITestResult, java.lang.reflect.Method)[pri:0, instance:maintest.FullFlow@18067a5]" name="tearDown" is-config="true" duration-ms="0" started-at="2018-10-30T13:06:34Z" finished-at="2018-10-30T13:06:34Z">
          <params>
            <param index="0">
              <value>
                <![CDATA[[TestResult name=VerificationSupervisor status=SUCCESS method=FullFlow.VerificationSupervisor()[pri:15, instance:maintest.FullFlow@18067a5] output=Test Method resides in maintest.FullFlow]]]>
              </value>
            </param>
            <param index="1">
              <value>
                <![CDATA[public void maintest.FullFlow.VerificationSupervisor() throws java.lang.Exception]]>
              </value>
            </param>
          </params>
          <reporter-output>
          </reporter-output>
        </test-method> <!-- tearDown -->
        <test-method status="PASS" signature="setup(java.lang.reflect.Method)[pri:0, instance:maintest.FullFlow@18067a5]" name="setup" is-config="true" duration-ms="0" started-at="2018-10-30T13:06:34Z" finished-at="2018-10-30T13:06:34Z">
          <params>
            <param index="0">
              <value>
                <![CDATA[public void maintest.FullFlow.VerificationIntiation() throws java.lang.Exception]]>
              </value>
            </param>
          </params>
          <reporter-output>
          </reporter-output>
        </test-method> <!-- setup -->
        <test-method status="PASS" signature="AddressVerification()[pri:17, instance:maintest.FullFlow@18067a5]" name="AddressVerification" duration-ms="149871" started-at="2018-10-30T13:14:53Z" depends-on-methods="maintest.FullFlow.VerificationIntiation" finished-at="2018-10-30T13:17:23Z">
          <reporter-output>
            <line>
              <![CDATA[Test Method resides in maintest.FullFlow]]>
            </line>
            <line>
              <![CDATA[Test Status: Pass]]>
            </line>
          </reporter-output>
        </test-method> <!-- AddressVerification -->
        <test-method status="PASS" signature="tearDown(org.testng.ITestResult, java.lang.reflect.Method)[pri:0, instance:maintest.FullFlow@18067a5]" name="tearDown" is-config="true" duration-ms="0" started-at="2018-10-30T13:14:53Z" finished-at="2018-10-30T13:14:53Z">
          <params>
            <param index="0">
              <value>
                <![CDATA[[TestResult name=VerificationIntiation status=SUCCESS method=FullFlow.VerificationIntiation()[pri:16, instance:maintest.FullFlow@18067a5] output=Test Method resides in maintest.FullFlow]]]>
              </value>
            </param>
            <param index="1">
              <value>
                <![CDATA[public void maintest.FullFlow.VerificationIntiation() throws java.lang.Exception]]>
              </value>
            </param>
          </params>
          <reporter-output>
          </reporter-output>
        </test-method> <!-- tearDown -->
        <test-method status="PASS" signature="setup(java.lang.reflect.Method)[pri:0, instance:maintest.FullFlow@18067a5]" name="setup" is-config="true" duration-ms="0" started-at="2018-10-30T13:14:53Z" finished-at="2018-10-30T13:14:53Z">
          <params>
            <param index="0">
              <value>
                <![CDATA[public void maintest.FullFlow.AddressVerification() throws java.lang.Exception]]>
              </value>
            </param>
          </params>
          <reporter-output>
          </reporter-output>
        </test-method> <!-- setup -->
        <test-method status="PASS" signature="teardown()[pri:0, instance:maintest.FullFlow@18067a5]" name="teardown" is-config="true" duration-ms="692" started-at="2018-10-30T13:17:23Z" finished-at="2018-10-30T13:17:23Z">
          <reporter-output>
          </reporter-output>
        </test-method> <!-- teardown -->
        <test-method status="PASS" signature="tearDown(org.testng.ITestResult, java.lang.reflect.Method)[pri:0, instance:maintest.FullFlow@18067a5]" name="tearDown" is-config="true" duration-ms="0" started-at="2018-10-30T13:17:23Z" finished-at="2018-10-30T13:17:23Z">
          <params>
            <param index="0">
              <value>
                <![CDATA[[TestResult name=AddressVerification status=SUCCESS method=FullFlow.AddressVerification()[pri:17, instance:maintest.FullFlow@18067a5] output=Test Method resides in maintest.FullFlow]]]>
              </value>
            </param>
            <param index="1">
              <value>
                <![CDATA[public void maintest.FullFlow.AddressVerification() throws java.lang.Exception]]>
              </value>
            </param>
          </params>
          <reporter-output>
          </reporter-output>
        </test-method> <!-- tearDown -->
        <test-method status="PASS" signature="afterSuite()[pri:0, instance:maintest.FullFlow@18067a5]" name="afterSuite" is-config="true" duration-ms="359" started-at="2018-10-30T13:17:23Z" finished-at="2018-10-30T13:17:24Z">
          <reporter-output>
          </reporter-output>
        </test-method> <!-- afterSuite -->
      </class> <!-- maintest.FullFlow -->
    </test> <!-- Default test -->
  </suite> <!-- Default suite -->
</testng-results>
