<?xml version="1.0" encoding="UTF-8"?>
<testng-results skipped="0" failed="0" ignored="1" total="8" passed="7">
  <reporter-output>
    <line>
      <![CDATA[About to begin executing Test Default test]]>
    </line>
    <line>
      <![CDATA[Test Method resides in maintest2.Basic]]>
    </line>
    <line>
      <![CDATA[Test Status: Pass]]>
    </line>
    <line>
      <![CDATA[Test Method resides in maintest2.Basic]]>
    </line>
    <line>
      <![CDATA[Test Status: Pass]]>
    </line>
    <line>
      <![CDATA[Test Method resides in maintest2.Basic]]>
    </line>
    <line>
      <![CDATA[Test Status: Pass]]>
    </line>
    <line>
      <![CDATA[Test Method resides in maintest2.Basic]]>
    </line>
    <line>
      <![CDATA[Test Status: Pass]]>
    </line>
    <line>
      <![CDATA[Test Method resides in maintest2.Basic]]>
    </line>
    <line>
      <![CDATA[Test Status: Pass]]>
    </line>
    <line>
      <![CDATA[Test Method resides in maintest2.Basic]]>
    </line>
    <line>
      <![CDATA[Test Status: Pass]]>
    </line>
    <line>
      <![CDATA[Test Method resides in maintest2.Basic]]>
    </line>
    <line>
      <![CDATA[Test Status: Pass]]>
    </line>
  </reporter-output>
  <suite name="Default suite" duration-ms="709427" started-at="2018-11-14T12:32:38Z" finished-at="2018-11-14T12:44:28Z">
    <groups>
    </groups>
    <test name="Default test" duration-ms="709427" started-at="2018-11-14T12:32:38Z" finished-at="2018-11-14T12:44:28Z">
      <class name="maintest2.Basic">
        <test-method status="PASS" signature="beforeSuit()[pri:0, instance:maintest2.Basic@1686d1f]" name="beforeSuit" is-config="true" duration-ms="140" started-at="2018-11-14T12:32:38Z" finished-at="2018-11-14T12:32:38Z">
          <reporter-output>
          </reporter-output>
        </test-method> <!-- beforeSuit -->
        <test-method status="PASS" signature="beforetest()[pri:0, instance:maintest2.Basic@1686d1f]" name="beforetest" is-config="true" duration-ms="3079" started-at="2018-11-14T12:32:38Z" finished-at="2018-11-14T12:32:41Z">
          <reporter-output>
          </reporter-output>
        </test-method> <!-- beforetest -->
        <test-method status="PASS" signature="setup(java.lang.reflect.Method)[pri:0, instance:maintest2.Basic@1686d1f]" name="setup" is-config="true" duration-ms="16" started-at="2018-11-14T12:32:41Z" finished-at="2018-11-14T12:32:41Z">
          <params>
            <param index="0">
              <value>
                <![CDATA[public void maintest2.Basic.login() throws java.lang.Exception]]>
              </value>
            </param>
          </params>
          <reporter-output>
          </reporter-output>
        </test-method> <!-- setup -->
        <test-method status="PASS" signature="login()[pri:1, instance:maintest2.Basic@1686d1f]" name="login" duration-ms="9655" started-at="2018-11-14T12:32:41Z" finished-at="2018-11-14T12:32:51Z">
          <reporter-output>
            <line>
              <![CDATA[Test Method resides in maintest2.Basic]]>
            </line>
            <line>
              <![CDATA[Test Status: Pass]]>
            </line>
          </reporter-output>
        </test-method> <!-- login -->
        <test-method status="PASS" signature="setup(java.lang.reflect.Method)[pri:0, instance:maintest2.Basic@1686d1f]" name="setup" is-config="true" duration-ms="0" started-at="2018-11-14T12:32:51Z" finished-at="2018-11-14T12:32:51Z">
          <params>
            <param index="0">
              <value>
                <![CDATA[public void maintest2.Basic.caseregistration() throws java.lang.Exception]]>
              </value>
            </param>
          </params>
          <reporter-output>
          </reporter-output>
        </test-method> <!-- setup -->
        <test-method status="PASS" signature="tearDown(org.testng.ITestResult, java.lang.reflect.Method)[pri:0, instance:maintest2.Basic@1686d1f]" name="tearDown" is-config="true" duration-ms="0" started-at="2018-11-14T12:32:51Z" finished-at="2018-11-14T12:32:51Z">
          <params>
            <param index="0">
              <value>
                <![CDATA[[TestResult name=login status=SUCCESS method=Basic.login()[pri:1, instance:maintest2.Basic@1686d1f] output=Test Method resides in maintest2.Basic]]]>
              </value>
            </param>
            <param index="1">
              <value>
                <![CDATA[public void maintest2.Basic.login() throws java.lang.Exception]]>
              </value>
            </param>
          </params>
          <reporter-output>
          </reporter-output>
        </test-method> <!-- tearDown -->
        <test-method status="PASS" signature="caseregistration()[pri:2, instance:maintest2.Basic@1686d1f]" name="caseregistration" duration-ms="37100" started-at="2018-11-14T12:32:51Z" depends-on-methods="maintest2.Basic.login" finished-at="2018-11-14T12:33:28Z">
          <reporter-output>
            <line>
              <![CDATA[Test Method resides in maintest2.Basic]]>
            </line>
            <line>
              <![CDATA[Test Status: Pass]]>
            </line>
          </reporter-output>
        </test-method> <!-- caseregistration -->
        <test-method status="PASS" signature="tearDown(org.testng.ITestResult, java.lang.reflect.Method)[pri:0, instance:maintest2.Basic@1686d1f]" name="tearDown" is-config="true" duration-ms="0" started-at="2018-11-14T12:33:28Z" finished-at="2018-11-14T12:33:28Z">
          <params>
            <param index="0">
              <value>
                <![CDATA[[TestResult name=caseregistration status=SUCCESS method=Basic.caseregistration()[pri:2, instance:maintest2.Basic@1686d1f] output=Test Method resides in maintest2.Basic]]]>
              </value>
            </param>
            <param index="1">
              <value>
                <![CDATA[public void maintest2.Basic.caseregistration() throws java.lang.Exception]]>
              </value>
            </param>
          </params>
          <reporter-output>
          </reporter-output>
        </test-method> <!-- tearDown -->
        <test-method status="PASS" signature="dataEntryAssign()[pri:3, instance:maintest2.Basic@1686d1f]" name="dataEntryAssign" duration-ms="64412" started-at="2018-11-14T12:33:28Z" depends-on-methods="maintest2.Basic.caseregistration" finished-at="2018-11-14T12:34:33Z">
          <reporter-output>
            <line>
              <![CDATA[Test Method resides in maintest2.Basic]]>
            </line>
            <line>
              <![CDATA[Test Status: Pass]]>
            </line>
          </reporter-output>
        </test-method> <!-- dataEntryAssign -->
        <test-method status="PASS" signature="setup(java.lang.reflect.Method)[pri:0, instance:maintest2.Basic@1686d1f]" name="setup" is-config="true" duration-ms="0" started-at="2018-11-14T12:33:28Z" finished-at="2018-11-14T12:33:28Z">
          <params>
            <param index="0">
              <value>
                <![CDATA[public void maintest2.Basic.dataEntryAssign() throws java.lang.Exception]]>
              </value>
            </param>
          </params>
          <reporter-output>
          </reporter-output>
        </test-method> <!-- setup -->
        <test-method status="PASS" signature="tearDown(org.testng.ITestResult, java.lang.reflect.Method)[pri:0, instance:maintest2.Basic@1686d1f]" name="tearDown" is-config="true" duration-ms="0" started-at="2018-11-14T12:34:33Z" finished-at="2018-11-14T12:34:33Z">
          <params>
            <param index="0">
              <value>
                <![CDATA[[TestResult name=dataEntryAssign status=SUCCESS method=Basic.dataEntryAssign()[pri:3, instance:maintest2.Basic@1686d1f] output=Test Method resides in maintest2.Basic]]]>
              </value>
            </param>
            <param index="1">
              <value>
                <![CDATA[public void maintest2.Basic.dataEntryAssign() throws java.lang.Exception]]>
              </value>
            </param>
          </params>
          <reporter-output>
          </reporter-output>
        </test-method> <!-- tearDown -->
        <test-method status="PASS" signature="dataEntry()[pri:4, instance:maintest2.Basic@1686d1f]" name="dataEntry" duration-ms="476883" started-at="2018-11-14T12:34:33Z" depends-on-methods="maintest2.Basic.dataEntryAssign" finished-at="2018-11-14T12:42:30Z">
          <reporter-output>
            <line>
              <![CDATA[Test Method resides in maintest2.Basic]]>
            </line>
            <line>
              <![CDATA[Test Status: Pass]]>
            </line>
          </reporter-output>
        </test-method> <!-- dataEntry -->
        <test-method status="PASS" signature="setup(java.lang.reflect.Method)[pri:0, instance:maintest2.Basic@1686d1f]" name="setup" is-config="true" duration-ms="0" started-at="2018-11-14T12:34:33Z" finished-at="2018-11-14T12:34:33Z">
          <params>
            <param index="0">
              <value>
                <![CDATA[public void maintest2.Basic.dataEntry() throws java.lang.Exception]]>
              </value>
            </param>
          </params>
          <reporter-output>
          </reporter-output>
        </test-method> <!-- setup -->
        <test-method status="PASS" signature="tearDown(org.testng.ITestResult, java.lang.reflect.Method)[pri:0, instance:maintest2.Basic@1686d1f]" name="tearDown" is-config="true" duration-ms="0" started-at="2018-11-14T12:42:30Z" finished-at="2018-11-14T12:42:30Z">
          <params>
            <param index="0">
              <value>
                <![CDATA[[TestResult name=dataEntry status=SUCCESS method=Basic.dataEntry()[pri:4, instance:maintest2.Basic@1686d1f] output=Test Method resides in maintest2.Basic]]]>
              </value>
            </param>
            <param index="1">
              <value>
                <![CDATA[public void maintest2.Basic.dataEntry() throws java.lang.Exception]]>
              </value>
            </param>
          </params>
          <reporter-output>
          </reporter-output>
        </test-method> <!-- tearDown -->
        <test-method status="PASS" signature="setup(java.lang.reflect.Method)[pri:0, instance:maintest2.Basic@1686d1f]" name="setup" is-config="true" duration-ms="0" started-at="2018-11-14T12:42:30Z" finished-at="2018-11-14T12:42:30Z">
          <params>
            <param index="0">
              <value>
                <![CDATA[public void maintest2.Basic.dataEntryQCAssign() throws java.lang.Exception]]>
              </value>
            </param>
          </params>
          <reporter-output>
          </reporter-output>
        </test-method> <!-- setup -->
        <test-method status="PASS" signature="dataEntryQCAssign()[pri:5, instance:maintest2.Basic@1686d1f]" name="dataEntryQCAssign" duration-ms="51215" started-at="2018-11-14T12:42:30Z" depends-on-methods="maintest2.Basic.dataEntry" finished-at="2018-11-14T12:43:21Z">
          <reporter-output>
            <line>
              <![CDATA[Test Method resides in maintest2.Basic]]>
            </line>
            <line>
              <![CDATA[Test Status: Pass]]>
            </line>
          </reporter-output>
        </test-method> <!-- dataEntryQCAssign -->
        <test-method status="PASS" signature="tearDown(org.testng.ITestResult, java.lang.reflect.Method)[pri:0, instance:maintest2.Basic@1686d1f]" name="tearDown" is-config="true" duration-ms="0" started-at="2018-11-14T12:43:21Z" finished-at="2018-11-14T12:43:21Z">
          <params>
            <param index="0">
              <value>
                <![CDATA[[TestResult name=dataEntryQCAssign status=SUCCESS method=Basic.dataEntryQCAssign()[pri:5, instance:maintest2.Basic@1686d1f] output=Test Method resides in maintest2.Basic]]]>
              </value>
            </param>
            <param index="1">
              <value>
                <![CDATA[public void maintest2.Basic.dataEntryQCAssign() throws java.lang.Exception]]>
              </value>
            </param>
          </params>
          <reporter-output>
          </reporter-output>
        </test-method> <!-- tearDown -->
        <test-method status="PASS" signature="setup(java.lang.reflect.Method)[pri:0, instance:maintest2.Basic@1686d1f]" name="setup" is-config="true" duration-ms="0" started-at="2018-11-14T12:43:21Z" finished-at="2018-11-14T12:43:21Z">
          <params>
            <param index="0">
              <value>
                <![CDATA[public void maintest2.Basic.AddressDEQC() throws java.lang.Exception]]>
              </value>
            </param>
          </params>
          <reporter-output>
          </reporter-output>
        </test-method> <!-- setup -->
        <test-method status="PASS" signature="AddressDEQC()[pri:6, instance:maintest2.Basic@1686d1f]" name="AddressDEQC" duration-ms="35282" started-at="2018-11-14T12:43:21Z" depends-on-methods="maintest2.Basic.dataEntryQCAssign" finished-at="2018-11-14T12:43:56Z">
          <reporter-output>
            <line>
              <![CDATA[Test Method resides in maintest2.Basic]]>
            </line>
            <line>
              <![CDATA[Test Status: Pass]]>
            </line>
          </reporter-output>
        </test-method> <!-- AddressDEQC -->
        <test-method status="PASS" signature="tearDown(org.testng.ITestResult, java.lang.reflect.Method)[pri:0, instance:maintest2.Basic@1686d1f]" name="tearDown" is-config="true" duration-ms="1" started-at="2018-11-14T12:43:56Z" finished-at="2018-11-14T12:43:56Z">
          <params>
            <param index="0">
              <value>
                <![CDATA[[TestResult name=AddressDEQC status=SUCCESS method=Basic.AddressDEQC()[pri:6, instance:maintest2.Basic@1686d1f] output=Test Method resides in maintest2.Basic]]]>
              </value>
            </param>
            <param index="1">
              <value>
                <![CDATA[public void maintest2.Basic.AddressDEQC() throws java.lang.Exception]]>
              </value>
            </param>
          </params>
          <reporter-output>
          </reporter-output>
        </test-method> <!-- tearDown -->
        <test-method status="PASS" signature="setup(java.lang.reflect.Method)[pri:0, instance:maintest2.Basic@1686d1f]" name="setup" is-config="true" duration-ms="0" started-at="2018-11-14T12:43:56Z" finished-at="2018-11-14T12:43:56Z">
          <params>
            <param index="0">
              <value>
                <![CDATA[public void maintest2.Basic.CourtDEQC() throws java.lang.Exception]]>
              </value>
            </param>
          </params>
          <reporter-output>
          </reporter-output>
        </test-method> <!-- setup -->
        <test-method status="PASS" signature="CourtDEQC()[pri:13, instance:maintest2.Basic@1686d1f]" name="CourtDEQC" duration-ms="31687" started-at="2018-11-14T12:43:56Z" depends-on-methods="maintest2.Basic.dataEntryQCAssign" finished-at="2018-11-14T12:44:28Z">
          <reporter-output>
            <line>
              <![CDATA[Test Method resides in maintest2.Basic]]>
            </line>
            <line>
              <![CDATA[Test Status: Pass]]>
            </line>
          </reporter-output>
        </test-method> <!-- CourtDEQC -->
        <test-method status="PASS" signature="teardown()[pri:0, instance:maintest2.Basic@1686d1f]" name="teardown" is-config="true" duration-ms="1" started-at="2018-11-14T12:44:28Z" finished-at="2018-11-14T12:44:28Z">
          <reporter-output>
          </reporter-output>
        </test-method> <!-- teardown -->
        <test-method status="PASS" signature="tearDown(org.testng.ITestResult, java.lang.reflect.Method)[pri:0, instance:maintest2.Basic@1686d1f]" name="tearDown" is-config="true" duration-ms="0" started-at="2018-11-14T12:44:28Z" finished-at="2018-11-14T12:44:28Z">
          <params>
            <param index="0">
              <value>
                <![CDATA[[TestResult name=CourtDEQC status=SUCCESS method=Basic.CourtDEQC()[pri:13, instance:maintest2.Basic@1686d1f] output=Test Method resides in maintest2.Basic]]]>
              </value>
            </param>
            <param index="1">
              <value>
                <![CDATA[public void maintest2.Basic.CourtDEQC() throws java.lang.Exception]]>
              </value>
            </param>
          </params>
          <reporter-output>
          </reporter-output>
        </test-method> <!-- tearDown -->
        <test-method status="PASS" signature="afterSuite()[pri:0, instance:maintest2.Basic@1686d1f]" name="afterSuite" is-config="true" duration-ms="339" started-at="2018-11-14T12:44:28Z" finished-at="2018-11-14T12:44:28Z">
          <reporter-output>
          </reporter-output>
        </test-method> <!-- afterSuite -->
      </class> <!-- maintest2.Basic -->
    </test> <!-- Default test -->
  </suite> <!-- Default suite -->
</testng-results>
