<?xml version="1.0" encoding="UTF-8"?>
<testng-results skipped="0" failed="0" ignored="2" total="41" passed="39">
  <reporter-output>
    <line>
      <![CDATA[About to begin executing Test Default test]]>
    </line>
    <line>
      <![CDATA[Test Method resides in maintest.FullFlow]]>
    </line>
    <line>
      <![CDATA[Test Status: Pass]]>
    </line>
    <line>
      <![CDATA[Test Method resides in maintest.FullFlow]]>
    </line>
    <line>
      <![CDATA[Test Status: Pass]]>
    </line>
    <line>
      <![CDATA[Test Method resides in maintest.FullFlow]]>
    </line>
    <line>
      <![CDATA[Test Status: Pass]]>
    </line>
    <line>
      <![CDATA[Test Method resides in maintest.FullFlow]]>
    </line>
    <line>
      <![CDATA[Test Status: Pass]]>
    </line>
    <line>
      <![CDATA[Test Method resides in maintest.FullFlow]]>
    </line>
    <line>
      <![CDATA[Test Status: Pass]]>
    </line>
    <line>
      <![CDATA[Test Method resides in maintest.FullFlow]]>
    </line>
    <line>
      <![CDATA[Test Status: Pass]]>
    </line>
    <line>
      <![CDATA[Test Method resides in maintest.FullFlow]]>
    </line>
    <line>
      <![CDATA[Test Status: Pass]]>
    </line>
    <line>
      <![CDATA[Test Method resides in maintest.FullFlow]]>
    </line>
    <line>
      <![CDATA[Test Status: Pass]]>
    </line>
    <line>
      <![CDATA[Test Method resides in maintest.FullFlow]]>
    </line>
    <line>
      <![CDATA[Test Status: Pass]]>
    </line>
    <line>
      <![CDATA[Test Method resides in maintest.FullFlow]]>
    </line>
    <line>
      <![CDATA[Test Status: Pass]]>
    </line>
    <line>
      <![CDATA[Test Method resides in maintest.FullFlow]]>
    </line>
    <line>
      <![CDATA[Test Status: Pass]]>
    </line>
    <line>
      <![CDATA[Test Method resides in maintest.FullFlow]]>
    </line>
    <line>
      <![CDATA[Test Status: Pass]]>
    </line>
    <line>
      <![CDATA[Test Method resides in maintest.FullFlow]]>
    </line>
    <line>
      <![CDATA[Test Status: Pass]]>
    </line>
    <line>
      <![CDATA[Test Method resides in maintest.FullFlow]]>
    </line>
    <line>
      <![CDATA[Test Status: Pass]]>
    </line>
    <line>
      <![CDATA[Test Method resides in maintest.FullFlow]]>
    </line>
    <line>
      <![CDATA[Test Status: Pass]]>
    </line>
    <line>
      <![CDATA[Test Method resides in maintest.FullFlow]]>
    </line>
    <line>
      <![CDATA[Test Status: Pass]]>
    </line>
    <line>
      <![CDATA[Test Method resides in maintest.FullFlow]]>
    </line>
    <line>
      <![CDATA[Test Status: Pass]]>
    </line>
    <line>
      <![CDATA[Test Method resides in maintest.FullFlow]]>
    </line>
    <line>
      <![CDATA[Test Status: Pass]]>
    </line>
    <line>
      <![CDATA[Test Method resides in maintest.FullFlow]]>
    </line>
    <line>
      <![CDATA[Test Status: Pass]]>
    </line>
    <line>
      <![CDATA[Test Method resides in maintest.FullFlow]]>
    </line>
    <line>
      <![CDATA[Test Status: Pass]]>
    </line>
    <line>
      <![CDATA[Test Method resides in maintest.FullFlow]]>
    </line>
    <line>
      <![CDATA[Test Status: Pass]]>
    </line>
    <line>
      <![CDATA[Test Method resides in maintest.FullFlow]]>
    </line>
    <line>
      <![CDATA[Test Status: Pass]]>
    </line>
    <line>
      <![CDATA[Test Method resides in maintest.FullFlow]]>
    </line>
    <line>
      <![CDATA[Test Status: Pass]]>
    </line>
    <line>
      <![CDATA[Test Method resides in maintest.FullFlow]]>
    </line>
    <line>
      <![CDATA[Test Status: Pass]]>
    </line>
    <line>
      <![CDATA[Test Method resides in maintest.FullFlow]]>
    </line>
    <line>
      <![CDATA[Test Status: Pass]]>
    </line>
    <line>
      <![CDATA[Test Method resides in maintest.FullFlow]]>
    </line>
    <line>
      <![CDATA[Test Status: Pass]]>
    </line>
    <line>
      <![CDATA[Test Method resides in maintest.FullFlow]]>
    </line>
    <line>
      <![CDATA[Test Status: Pass]]>
    </line>
    <line>
      <![CDATA[Test Method resides in maintest.FullFlow]]>
    </line>
    <line>
      <![CDATA[Test Status: Pass]]>
    </line>
    <line>
      <![CDATA[Test Method resides in maintest.FullFlow]]>
    </line>
    <line>
      <![CDATA[Test Status: Pass]]>
    </line>
    <line>
      <![CDATA[Test Method resides in maintest.FullFlow]]>
    </line>
    <line>
      <![CDATA[Test Status: Pass]]>
    </line>
    <line>
      <![CDATA[Test Method resides in maintest.FullFlow]]>
    </line>
    <line>
      <![CDATA[Test Status: Pass]]>
    </line>
    <line>
      <![CDATA[Test Method resides in maintest.FullFlow]]>
    </line>
    <line>
      <![CDATA[Test Status: Pass]]>
    </line>
    <line>
      <![CDATA[Test Method resides in maintest.FullFlow]]>
    </line>
    <line>
      <![CDATA[Test Status: Pass]]>
    </line>
    <line>
      <![CDATA[Test Method resides in maintest.FullFlow]]>
    </line>
    <line>
      <![CDATA[Test Status: Pass]]>
    </line>
    <line>
      <![CDATA[Test Method resides in maintest.FullFlow]]>
    </line>
    <line>
      <![CDATA[Test Status: Pass]]>
    </line>
    <line>
      <![CDATA[Test Method resides in maintest.FullFlow]]>
    </line>
    <line>
      <![CDATA[Test Status: Pass]]>
    </line>
    <line>
      <![CDATA[Test Method resides in maintest.FullFlow]]>
    </line>
    <line>
      <![CDATA[Test Status: Pass]]>
    </line>
    <line>
      <![CDATA[Test Method resides in maintest.FullFlow]]>
    </line>
    <line>
      <![CDATA[Test Status: Pass]]>
    </line>
    <line>
      <![CDATA[Test Method resides in maintest.FullFlow]]>
    </line>
    <line>
      <![CDATA[Test Status: Pass]]>
    </line>
  </reporter-output>
  <suite name="Default suite" duration-ms="2797884" started-at="2018-11-12T12:04:55Z" finished-at="2018-11-12T12:51:33Z">
    <groups>
    </groups>
    <test name="Default test" duration-ms="2797884" started-at="2018-11-12T12:04:55Z" finished-at="2018-11-12T12:51:33Z">
      <class name="maintest.FullFlow">
        <test-method status="PASS" signature="beforeSuit()[pri:0, instance:maintest.FullFlow@f777e8]" name="beforeSuit" is-config="true" duration-ms="142" started-at="2018-11-12T12:04:55Z" finished-at="2018-11-12T12:04:55Z">
          <reporter-output>
          </reporter-output>
        </test-method> <!-- beforeSuit -->
        <test-method status="PASS" signature="beforetest()[pri:0, instance:maintest.FullFlow@f777e8]" name="beforetest" is-config="true" duration-ms="4354" started-at="2018-11-12T12:04:55Z" finished-at="2018-11-12T12:04:59Z">
          <reporter-output>
          </reporter-output>
        </test-method> <!-- beforetest -->
        <test-method status="PASS" signature="setup(java.lang.reflect.Method)[pri:0, instance:maintest.FullFlow@f777e8]" name="setup" is-config="true" duration-ms="9" started-at="2018-11-12T12:04:59Z" finished-at="2018-11-12T12:04:59Z">
          <params>
            <param index="0">
              <value>
                <![CDATA[public void maintest.FullFlow.login() throws java.lang.Exception]]>
              </value>
            </param>
          </params>
          <reporter-output>
          </reporter-output>
        </test-method> <!-- setup -->
        <test-method status="PASS" signature="login()[pri:1, instance:maintest.FullFlow@f777e8]" name="login" duration-ms="13839" started-at="2018-11-12T12:04:59Z" finished-at="2018-11-12T12:05:13Z">
          <reporter-output>
            <line>
              <![CDATA[Test Method resides in maintest.FullFlow]]>
            </line>
            <line>
              <![CDATA[Test Status: Pass]]>
            </line>
          </reporter-output>
        </test-method> <!-- login -->
        <test-method status="PASS" signature="tearDown(org.testng.ITestResult, java.lang.reflect.Method)[pri:0, instance:maintest.FullFlow@f777e8]" name="tearDown" is-config="true" duration-ms="0" started-at="2018-11-12T12:05:13Z" finished-at="2018-11-12T12:05:13Z">
          <params>
            <param index="0">
              <value>
                <![CDATA[[TestResult name=login status=SUCCESS method=FullFlow.login()[pri:1, instance:maintest.FullFlow@f777e8] output=Test Method resides in maintest.FullFlow]]]>
              </value>
            </param>
            <param index="1">
              <value>
                <![CDATA[public void maintest.FullFlow.login() throws java.lang.Exception]]>
              </value>
            </param>
          </params>
          <reporter-output>
          </reporter-output>
        </test-method> <!-- tearDown -->
        <test-method status="PASS" signature="caseregistration()[pri:2, instance:maintest.FullFlow@f777e8]" name="caseregistration" duration-ms="35936" started-at="2018-11-12T12:05:13Z" depends-on-methods="maintest.FullFlow.login" finished-at="2018-11-12T12:05:49Z">
          <reporter-output>
            <line>
              <![CDATA[Test Method resides in maintest.FullFlow]]>
            </line>
            <line>
              <![CDATA[Test Status: Pass]]>
            </line>
          </reporter-output>
        </test-method> <!-- caseregistration -->
        <test-method status="PASS" signature="setup(java.lang.reflect.Method)[pri:0, instance:maintest.FullFlow@f777e8]" name="setup" is-config="true" duration-ms="0" started-at="2018-11-12T12:05:13Z" finished-at="2018-11-12T12:05:13Z">
          <params>
            <param index="0">
              <value>
                <![CDATA[public void maintest.FullFlow.caseregistration() throws java.lang.Exception]]>
              </value>
            </param>
          </params>
          <reporter-output>
          </reporter-output>
        </test-method> <!-- setup -->
        <test-method status="PASS" signature="dataEntryAssign()[pri:3, instance:maintest.FullFlow@f777e8]" name="dataEntryAssign" duration-ms="31631" started-at="2018-11-12T12:05:49Z" depends-on-methods="maintest.FullFlow.caseregistration" finished-at="2018-11-12T12:06:21Z">
          <reporter-output>
            <line>
              <![CDATA[Test Method resides in maintest.FullFlow]]>
            </line>
            <line>
              <![CDATA[Test Status: Pass]]>
            </line>
          </reporter-output>
        </test-method> <!-- dataEntryAssign -->
        <test-method status="PASS" signature="setup(java.lang.reflect.Method)[pri:0, instance:maintest.FullFlow@f777e8]" name="setup" is-config="true" duration-ms="0" started-at="2018-11-12T12:05:49Z" finished-at="2018-11-12T12:05:49Z">
          <params>
            <param index="0">
              <value>
                <![CDATA[public void maintest.FullFlow.dataEntryAssign() throws java.lang.Exception]]>
              </value>
            </param>
          </params>
          <reporter-output>
          </reporter-output>
        </test-method> <!-- setup -->
        <test-method status="PASS" signature="tearDown(org.testng.ITestResult, java.lang.reflect.Method)[pri:0, instance:maintest.FullFlow@f777e8]" name="tearDown" is-config="true" duration-ms="0" started-at="2018-11-12T12:05:49Z" finished-at="2018-11-12T12:05:49Z">
          <params>
            <param index="0">
              <value>
                <![CDATA[[TestResult name=caseregistration status=SUCCESS method=FullFlow.caseregistration()[pri:2, instance:maintest.FullFlow@f777e8] output=Test Method resides in maintest.FullFlow]]]>
              </value>
            </param>
            <param index="1">
              <value>
                <![CDATA[public void maintest.FullFlow.caseregistration() throws java.lang.Exception]]>
              </value>
            </param>
          </params>
          <reporter-output>
          </reporter-output>
        </test-method> <!-- tearDown -->
        <test-method status="PASS" signature="tearDown(org.testng.ITestResult, java.lang.reflect.Method)[pri:0, instance:maintest.FullFlow@f777e8]" name="tearDown" is-config="true" duration-ms="0" started-at="2018-11-12T12:06:21Z" finished-at="2018-11-12T12:06:21Z">
          <params>
            <param index="0">
              <value>
                <![CDATA[[TestResult name=dataEntryAssign status=SUCCESS method=FullFlow.dataEntryAssign()[pri:3, instance:maintest.FullFlow@f777e8] output=Test Method resides in maintest.FullFlow]]]>
              </value>
            </param>
            <param index="1">
              <value>
                <![CDATA[public void maintest.FullFlow.dataEntryAssign() throws java.lang.Exception]]>
              </value>
            </param>
          </params>
          <reporter-output>
          </reporter-output>
        </test-method> <!-- tearDown -->
        <test-method status="PASS" signature="setup(java.lang.reflect.Method)[pri:0, instance:maintest.FullFlow@f777e8]" name="setup" is-config="true" duration-ms="0" started-at="2018-11-12T12:06:21Z" finished-at="2018-11-12T12:06:21Z">
          <params>
            <param index="0">
              <value>
                <![CDATA[public void maintest.FullFlow.dataEntry() throws java.lang.Exception]]>
              </value>
            </param>
          </params>
          <reporter-output>
          </reporter-output>
        </test-method> <!-- setup -->
        <test-method status="PASS" signature="dataEntry()[pri:4, instance:maintest.FullFlow@f777e8]" name="dataEntry" duration-ms="463901" started-at="2018-11-12T12:06:21Z" depends-on-methods="maintest.FullFlow.dataEntryAssign" finished-at="2018-11-12T12:14:05Z">
          <reporter-output>
            <line>
              <![CDATA[Test Method resides in maintest.FullFlow]]>
            </line>
            <line>
              <![CDATA[Test Status: Pass]]>
            </line>
          </reporter-output>
        </test-method> <!-- dataEntry -->
        <test-method status="PASS" signature="tearDown(org.testng.ITestResult, java.lang.reflect.Method)[pri:0, instance:maintest.FullFlow@f777e8]" name="tearDown" is-config="true" duration-ms="0" started-at="2018-11-12T12:14:05Z" finished-at="2018-11-12T12:14:05Z">
          <params>
            <param index="0">
              <value>
                <![CDATA[[TestResult name=dataEntry status=SUCCESS method=FullFlow.dataEntry()[pri:4, instance:maintest.FullFlow@f777e8] output=Test Method resides in maintest.FullFlow]]]>
              </value>
            </param>
            <param index="1">
              <value>
                <![CDATA[public void maintest.FullFlow.dataEntry() throws java.lang.Exception]]>
              </value>
            </param>
          </params>
          <reporter-output>
          </reporter-output>
        </test-method> <!-- tearDown -->
        <test-method status="PASS" signature="setup(java.lang.reflect.Method)[pri:0, instance:maintest.FullFlow@f777e8]" name="setup" is-config="true" duration-ms="0" started-at="2018-11-12T12:14:05Z" finished-at="2018-11-12T12:14:05Z">
          <params>
            <param index="0">
              <value>
                <![CDATA[public void maintest.FullFlow.dataEntryQCAssign() throws java.lang.Exception]]>
              </value>
            </param>
          </params>
          <reporter-output>
          </reporter-output>
        </test-method> <!-- setup -->
        <test-method status="PASS" signature="dataEntryQCAssign()[pri:5, instance:maintest.FullFlow@f777e8]" name="dataEntryQCAssign" duration-ms="43849" started-at="2018-11-12T12:14:05Z" depends-on-methods="maintest.FullFlow.dataEntry" finished-at="2018-11-12T12:14:49Z">
          <reporter-output>
            <line>
              <![CDATA[Test Method resides in maintest.FullFlow]]>
            </line>
            <line>
              <![CDATA[Test Status: Pass]]>
            </line>
          </reporter-output>
        </test-method> <!-- dataEntryQCAssign -->
        <test-method status="PASS" signature="setup(java.lang.reflect.Method)[pri:0, instance:maintest.FullFlow@f777e8]" name="setup" is-config="true" duration-ms="0" started-at="2018-11-12T12:14:49Z" finished-at="2018-11-12T12:14:49Z">
          <params>
            <param index="0">
              <value>
                <![CDATA[public void maintest.FullFlow.AddressDEQC() throws java.lang.Exception]]>
              </value>
            </param>
          </params>
          <reporter-output>
          </reporter-output>
        </test-method> <!-- setup -->
        <test-method status="PASS" signature="AddressDEQC()[pri:6, instance:maintest.FullFlow@f777e8]" name="AddressDEQC" duration-ms="35434" started-at="2018-11-12T12:14:49Z" depends-on-methods="maintest.FullFlow.dataEntryQCAssign" finished-at="2018-11-12T12:15:24Z">
          <reporter-output>
            <line>
              <![CDATA[Test Method resides in maintest.FullFlow]]>
            </line>
            <line>
              <![CDATA[Test Status: Pass]]>
            </line>
          </reporter-output>
        </test-method> <!-- AddressDEQC -->
        <test-method status="PASS" signature="tearDown(org.testng.ITestResult, java.lang.reflect.Method)[pri:0, instance:maintest.FullFlow@f777e8]" name="tearDown" is-config="true" duration-ms="0" started-at="2018-11-12T12:14:49Z" finished-at="2018-11-12T12:14:49Z">
          <params>
            <param index="0">
              <value>
                <![CDATA[[TestResult name=dataEntryQCAssign status=SUCCESS method=FullFlow.dataEntryQCAssign()[pri:5, instance:maintest.FullFlow@f777e8] output=Test Method resides in maintest.FullFlow]]]>
              </value>
            </param>
            <param index="1">
              <value>
                <![CDATA[public void maintest.FullFlow.dataEntryQCAssign() throws java.lang.Exception]]>
              </value>
            </param>
          </params>
          <reporter-output>
          </reporter-output>
        </test-method> <!-- tearDown -->
        <test-method status="PASS" signature="tearDown(org.testng.ITestResult, java.lang.reflect.Method)[pri:0, instance:maintest.FullFlow@f777e8]" name="tearDown" is-config="true" duration-ms="1" started-at="2018-11-12T12:15:24Z" finished-at="2018-11-12T12:15:24Z">
          <params>
            <param index="0">
              <value>
                <![CDATA[[TestResult name=AddressDEQC status=SUCCESS method=FullFlow.AddressDEQC()[pri:6, instance:maintest.FullFlow@f777e8] output=Test Method resides in maintest.FullFlow]]]>
              </value>
            </param>
            <param index="1">
              <value>
                <![CDATA[public void maintest.FullFlow.AddressDEQC() throws java.lang.Exception]]>
              </value>
            </param>
          </params>
          <reporter-output>
          </reporter-output>
        </test-method> <!-- tearDown -->
        <test-method status="PASS" signature="EducationDEQC()[pri:7, instance:maintest.FullFlow@f777e8]" name="EducationDEQC" duration-ms="27822" started-at="2018-11-12T12:15:24Z" depends-on-methods="maintest.FullFlow.dataEntryQCAssign" finished-at="2018-11-12T12:15:52Z">
          <reporter-output>
            <line>
              <![CDATA[Test Method resides in maintest.FullFlow]]>
            </line>
            <line>
              <![CDATA[Test Status: Pass]]>
            </line>
          </reporter-output>
        </test-method> <!-- EducationDEQC -->
        <test-method status="PASS" signature="setup(java.lang.reflect.Method)[pri:0, instance:maintest.FullFlow@f777e8]" name="setup" is-config="true" duration-ms="0" started-at="2018-11-12T12:15:24Z" finished-at="2018-11-12T12:15:24Z">
          <params>
            <param index="0">
              <value>
                <![CDATA[public void maintest.FullFlow.EducationDEQC() throws java.lang.Exception]]>
              </value>
            </param>
          </params>
          <reporter-output>
          </reporter-output>
        </test-method> <!-- setup -->
        <test-method status="PASS" signature="tearDown(org.testng.ITestResult, java.lang.reflect.Method)[pri:0, instance:maintest.FullFlow@f777e8]" name="tearDown" is-config="true" duration-ms="1" started-at="2018-11-12T12:15:52Z" finished-at="2018-11-12T12:15:52Z">
          <params>
            <param index="0">
              <value>
                <![CDATA[[TestResult name=EducationDEQC status=SUCCESS method=FullFlow.EducationDEQC()[pri:7, instance:maintest.FullFlow@f777e8] output=Test Method resides in maintest.FullFlow]]]>
              </value>
            </param>
            <param index="1">
              <value>
                <![CDATA[public void maintest.FullFlow.EducationDEQC() throws java.lang.Exception]]>
              </value>
            </param>
          </params>
          <reporter-output>
          </reporter-output>
        </test-method> <!-- tearDown -->
        <test-method status="PASS" signature="EmploymentDEQC()[pri:8, instance:maintest.FullFlow@f777e8]" name="EmploymentDEQC" duration-ms="27790" started-at="2018-11-12T12:15:52Z" depends-on-methods="maintest.FullFlow.dataEntryQCAssign" finished-at="2018-11-12T12:16:20Z">
          <reporter-output>
            <line>
              <![CDATA[Test Method resides in maintest.FullFlow]]>
            </line>
            <line>
              <![CDATA[Test Status: Pass]]>
            </line>
          </reporter-output>
        </test-method> <!-- EmploymentDEQC -->
        <test-method status="PASS" signature="setup(java.lang.reflect.Method)[pri:0, instance:maintest.FullFlow@f777e8]" name="setup" is-config="true" duration-ms="0" started-at="2018-11-12T12:15:52Z" finished-at="2018-11-12T12:15:52Z">
          <params>
            <param index="0">
              <value>
                <![CDATA[public void maintest.FullFlow.EmploymentDEQC() throws java.lang.Exception]]>
              </value>
            </param>
          </params>
          <reporter-output>
          </reporter-output>
        </test-method> <!-- setup -->
        <test-method status="PASS" signature="tearDown(org.testng.ITestResult, java.lang.reflect.Method)[pri:0, instance:maintest.FullFlow@f777e8]" name="tearDown" is-config="true" duration-ms="0" started-at="2018-11-12T12:16:20Z" finished-at="2018-11-12T12:16:20Z">
          <params>
            <param index="0">
              <value>
                <![CDATA[[TestResult name=EmploymentDEQC status=SUCCESS method=FullFlow.EmploymentDEQC()[pri:8, instance:maintest.FullFlow@f777e8] output=Test Method resides in maintest.FullFlow]]]>
              </value>
            </param>
            <param index="1">
              <value>
                <![CDATA[public void maintest.FullFlow.EmploymentDEQC() throws java.lang.Exception]]>
              </value>
            </param>
          </params>
          <reporter-output>
          </reporter-output>
        </test-method> <!-- tearDown -->
        <test-method status="PASS" signature="setup(java.lang.reflect.Method)[pri:0, instance:maintest.FullFlow@f777e8]" name="setup" is-config="true" duration-ms="1" started-at="2018-11-12T12:16:20Z" finished-at="2018-11-12T12:16:20Z">
          <params>
            <param index="0">
              <value>
                <![CDATA[public void maintest.FullFlow.ReferenceDEQC() throws java.lang.Exception]]>
              </value>
            </param>
          </params>
          <reporter-output>
          </reporter-output>
        </test-method> <!-- setup -->
        <test-method status="PASS" signature="ReferenceDEQC()[pri:9, instance:maintest.FullFlow@f777e8]" name="ReferenceDEQC" duration-ms="12958" started-at="2018-11-12T12:16:20Z" depends-on-methods="maintest.FullFlow.dataEntryQCAssign" finished-at="2018-11-12T12:16:33Z">
          <reporter-output>
            <line>
              <![CDATA[Test Method resides in maintest.FullFlow]]>
            </line>
            <line>
              <![CDATA[Test Status: Pass]]>
            </line>
          </reporter-output>
        </test-method> <!-- ReferenceDEQC -->
        <test-method status="PASS" signature="tearDown(org.testng.ITestResult, java.lang.reflect.Method)[pri:0, instance:maintest.FullFlow@f777e8]" name="tearDown" is-config="true" duration-ms="0" started-at="2018-11-12T12:16:33Z" finished-at="2018-11-12T12:16:33Z">
          <params>
            <param index="0">
              <value>
                <![CDATA[[TestResult name=ReferenceDEQC status=SUCCESS method=FullFlow.ReferenceDEQC()[pri:9, instance:maintest.FullFlow@f777e8] output=Test Method resides in maintest.FullFlow]]]>
              </value>
            </param>
            <param index="1">
              <value>
                <![CDATA[public void maintest.FullFlow.ReferenceDEQC() throws java.lang.Exception]]>
              </value>
            </param>
          </params>
          <reporter-output>
          </reporter-output>
        </test-method> <!-- tearDown -->
        <test-method status="PASS" signature="DataBaseDEQC()[pri:10, instance:maintest.FullFlow@f777e8]" name="DataBaseDEQC" duration-ms="13797" started-at="2018-11-12T12:16:33Z" depends-on-methods="maintest.FullFlow.dataEntryQCAssign" finished-at="2018-11-12T12:16:46Z">
          <reporter-output>
            <line>
              <![CDATA[Test Method resides in maintest.FullFlow]]>
            </line>
            <line>
              <![CDATA[Test Status: Pass]]>
            </line>
          </reporter-output>
        </test-method> <!-- DataBaseDEQC -->
        <test-method status="PASS" signature="setup(java.lang.reflect.Method)[pri:0, instance:maintest.FullFlow@f777e8]" name="setup" is-config="true" duration-ms="0" started-at="2018-11-12T12:16:33Z" finished-at="2018-11-12T12:16:33Z">
          <params>
            <param index="0">
              <value>
                <![CDATA[public void maintest.FullFlow.DataBaseDEQC() throws java.lang.Exception]]>
              </value>
            </param>
          </params>
          <reporter-output>
          </reporter-output>
        </test-method> <!-- setup -->
        <test-method status="PASS" signature="tearDown(org.testng.ITestResult, java.lang.reflect.Method)[pri:0, instance:maintest.FullFlow@f777e8]" name="tearDown" is-config="true" duration-ms="0" started-at="2018-11-12T12:16:46Z" finished-at="2018-11-12T12:16:46Z">
          <params>
            <param index="0">
              <value>
                <![CDATA[[TestResult name=DataBaseDEQC status=SUCCESS method=FullFlow.DataBaseDEQC()[pri:10, instance:maintest.FullFlow@f777e8] output=Test Method resides in maintest.FullFlow]]]>
              </value>
            </param>
            <param index="1">
              <value>
                <![CDATA[public void maintest.FullFlow.DataBaseDEQC() throws java.lang.Exception]]>
              </value>
            </param>
          </params>
          <reporter-output>
          </reporter-output>
        </test-method> <!-- tearDown -->
        <test-method status="PASS" signature="setup(java.lang.reflect.Method)[pri:0, instance:maintest.FullFlow@f777e8]" name="setup" is-config="true" duration-ms="1" started-at="2018-11-12T12:16:46Z" finished-at="2018-11-12T12:16:46Z">
          <params>
            <param index="0">
              <value>
                <![CDATA[public void maintest.FullFlow.CriminalDEQC() throws java.lang.Exception]]>
              </value>
            </param>
          </params>
          <reporter-output>
          </reporter-output>
        </test-method> <!-- setup -->
        <test-method status="PASS" signature="CriminalDEQC()[pri:11, instance:maintest.FullFlow@f777e8]" name="CriminalDEQC" duration-ms="31329" started-at="2018-11-12T12:16:46Z" depends-on-methods="maintest.FullFlow.dataEntryQCAssign" finished-at="2018-11-12T12:17:18Z">
          <reporter-output>
            <line>
              <![CDATA[Test Method resides in maintest.FullFlow]]>
            </line>
            <line>
              <![CDATA[Test Status: Pass]]>
            </line>
          </reporter-output>
        </test-method> <!-- CriminalDEQC -->
        <test-method status="PASS" signature="tearDown(org.testng.ITestResult, java.lang.reflect.Method)[pri:0, instance:maintest.FullFlow@f777e8]" name="tearDown" is-config="true" duration-ms="1" started-at="2018-11-12T12:17:18Z" finished-at="2018-11-12T12:17:18Z">
          <params>
            <param index="0">
              <value>
                <![CDATA[[TestResult name=CriminalDEQC status=SUCCESS method=FullFlow.CriminalDEQC()[pri:11, instance:maintest.FullFlow@f777e8] output=Test Method resides in maintest.FullFlow]]]>
              </value>
            </param>
            <param index="1">
              <value>
                <![CDATA[public void maintest.FullFlow.CriminalDEQC() throws java.lang.Exception]]>
              </value>
            </param>
          </params>
          <reporter-output>
          </reporter-output>
        </test-method> <!-- tearDown -->
        <test-method status="PASS" signature="setup(java.lang.reflect.Method)[pri:0, instance:maintest.FullFlow@f777e8]" name="setup" is-config="true" duration-ms="1" started-at="2018-11-12T12:17:18Z" finished-at="2018-11-12T12:17:18Z">
          <params>
            <param index="0">
              <value>
                <![CDATA[public void maintest.FullFlow.CreditDEQC() throws java.lang.Exception]]>
              </value>
            </param>
          </params>
          <reporter-output>
          </reporter-output>
        </test-method> <!-- setup -->
        <test-method status="PASS" signature="CreditDEQC()[pri:12, instance:maintest.FullFlow@f777e8]" name="CreditDEQC" duration-ms="11811" started-at="2018-11-12T12:17:18Z" depends-on-methods="maintest.FullFlow.dataEntryQCAssign" finished-at="2018-11-12T12:17:30Z">
          <reporter-output>
            <line>
              <![CDATA[Test Method resides in maintest.FullFlow]]>
            </line>
            <line>
              <![CDATA[Test Status: Pass]]>
            </line>
          </reporter-output>
        </test-method> <!-- CreditDEQC -->
        <test-method status="PASS" signature="tearDown(org.testng.ITestResult, java.lang.reflect.Method)[pri:0, instance:maintest.FullFlow@f777e8]" name="tearDown" is-config="true" duration-ms="1" started-at="2018-11-12T12:17:30Z" finished-at="2018-11-12T12:17:30Z">
          <params>
            <param index="0">
              <value>
                <![CDATA[[TestResult name=CreditDEQC status=SUCCESS method=FullFlow.CreditDEQC()[pri:12, instance:maintest.FullFlow@f777e8] output=Test Method resides in maintest.FullFlow]]]>
              </value>
            </param>
            <param index="1">
              <value>
                <![CDATA[public void maintest.FullFlow.CreditDEQC() throws java.lang.Exception]]>
              </value>
            </param>
          </params>
          <reporter-output>
          </reporter-output>
        </test-method> <!-- tearDown -->
        <test-method status="PASS" signature="CourtDEQC()[pri:13, instance:maintest.FullFlow@f777e8]" name="CourtDEQC" duration-ms="30033" started-at="2018-11-12T12:17:30Z" depends-on-methods="maintest.FullFlow.dataEntryQCAssign" finished-at="2018-11-12T12:18:00Z">
          <reporter-output>
            <line>
              <![CDATA[Test Method resides in maintest.FullFlow]]>
            </line>
            <line>
              <![CDATA[Test Status: Pass]]>
            </line>
          </reporter-output>
        </test-method> <!-- CourtDEQC -->
        <test-method status="PASS" signature="setup(java.lang.reflect.Method)[pri:0, instance:maintest.FullFlow@f777e8]" name="setup" is-config="true" duration-ms="0" started-at="2018-11-12T12:17:30Z" finished-at="2018-11-12T12:17:30Z">
          <params>
            <param index="0">
              <value>
                <![CDATA[public void maintest.FullFlow.CourtDEQC() throws java.lang.Exception]]>
              </value>
            </param>
          </params>
          <reporter-output>
          </reporter-output>
        </test-method> <!-- setup -->
        <test-method status="PASS" signature="tearDown(org.testng.ITestResult, java.lang.reflect.Method)[pri:0, instance:maintest.FullFlow@f777e8]" name="tearDown" is-config="true" duration-ms="0" started-at="2018-11-12T12:18:00Z" finished-at="2018-11-12T12:18:00Z">
          <params>
            <param index="0">
              <value>
                <![CDATA[[TestResult name=CourtDEQC status=SUCCESS method=FullFlow.CourtDEQC()[pri:13, instance:maintest.FullFlow@f777e8] output=Test Method resides in maintest.FullFlow]]]>
              </value>
            </param>
            <param index="1">
              <value>
                <![CDATA[public void maintest.FullFlow.CourtDEQC() throws java.lang.Exception]]>
              </value>
            </param>
          </params>
          <reporter-output>
          </reporter-output>
        </test-method> <!-- tearDown -->
        <test-method status="PASS" signature="setup(java.lang.reflect.Method)[pri:0, instance:maintest.FullFlow@f777e8]" name="setup" is-config="true" duration-ms="0" started-at="2018-11-12T12:18:00Z" finished-at="2018-11-12T12:18:00Z">
          <params>
            <param index="0">
              <value>
                <![CDATA[public void maintest.FullFlow.IdDEQC() throws java.lang.Exception]]>
              </value>
            </param>
          </params>
          <reporter-output>
          </reporter-output>
        </test-method> <!-- setup -->
        <test-method status="PASS" signature="IdDEQC()[pri:14, instance:maintest.FullFlow@f777e8]" name="IdDEQC" duration-ms="26711" started-at="2018-11-12T12:18:00Z" depends-on-methods="maintest.FullFlow.dataEntryQCAssign" finished-at="2018-11-12T12:18:26Z">
          <reporter-output>
            <line>
              <![CDATA[Test Method resides in maintest.FullFlow]]>
            </line>
            <line>
              <![CDATA[Test Status: Pass]]>
            </line>
          </reporter-output>
        </test-method> <!-- IdDEQC -->
        <test-method status="PASS" signature="tearDown(org.testng.ITestResult, java.lang.reflect.Method)[pri:0, instance:maintest.FullFlow@f777e8]" name="tearDown" is-config="true" duration-ms="0" started-at="2018-11-12T12:18:26Z" finished-at="2018-11-12T12:18:26Z">
          <params>
            <param index="0">
              <value>
                <![CDATA[[TestResult name=IdDEQC status=SUCCESS method=FullFlow.IdDEQC()[pri:14, instance:maintest.FullFlow@f777e8] output=Test Method resides in maintest.FullFlow]]]>
              </value>
            </param>
            <param index="1">
              <value>
                <![CDATA[public void maintest.FullFlow.IdDEQC() throws java.lang.Exception]]>
              </value>
            </param>
          </params>
          <reporter-output>
          </reporter-output>
        </test-method> <!-- tearDown -->
        <test-method status="PASS" signature="VerificationSupervisor()[pri:15, instance:maintest.FullFlow@f777e8]" name="VerificationSupervisor" duration-ms="37082" started-at="2018-11-12T12:18:26Z" depends-on-methods="maintest.FullFlow.IdDEQC" finished-at="2018-11-12T12:19:03Z">
          <reporter-output>
            <line>
              <![CDATA[Test Method resides in maintest.FullFlow]]>
            </line>
            <line>
              <![CDATA[Test Status: Pass]]>
            </line>
          </reporter-output>
        </test-method> <!-- VerificationSupervisor -->
        <test-method status="PASS" signature="setup(java.lang.reflect.Method)[pri:0, instance:maintest.FullFlow@f777e8]" name="setup" is-config="true" duration-ms="0" started-at="2018-11-12T12:18:26Z" finished-at="2018-11-12T12:18:26Z">
          <params>
            <param index="0">
              <value>
                <![CDATA[public void maintest.FullFlow.VerificationSupervisor() throws java.lang.Exception]]>
              </value>
            </param>
          </params>
          <reporter-output>
          </reporter-output>
        </test-method> <!-- setup -->
        <test-method status="PASS" signature="tearDown(org.testng.ITestResult, java.lang.reflect.Method)[pri:0, instance:maintest.FullFlow@f777e8]" name="tearDown" is-config="true" duration-ms="1" started-at="2018-11-12T12:19:03Z" finished-at="2018-11-12T12:19:03Z">
          <params>
            <param index="0">
              <value>
                <![CDATA[[TestResult name=VerificationSupervisor status=SUCCESS method=FullFlow.VerificationSupervisor()[pri:15, instance:maintest.FullFlow@f777e8] output=Test Method resides in maintest.FullFlow]]]>
              </value>
            </param>
            <param index="1">
              <value>
                <![CDATA[public void maintest.FullFlow.VerificationSupervisor() throws java.lang.Exception]]>
              </value>
            </param>
          </params>
          <reporter-output>
          </reporter-output>
        </test-method> <!-- tearDown -->
        <test-method status="PASS" signature="setup(java.lang.reflect.Method)[pri:0, instance:maintest.FullFlow@f777e8]" name="setup" is-config="true" duration-ms="2" started-at="2018-11-12T12:19:03Z" finished-at="2018-11-12T12:19:03Z">
          <params>
            <param index="0">
              <value>
                <![CDATA[public void maintest.FullFlow.VerificationIntiation() throws java.lang.Exception]]>
              </value>
            </param>
          </params>
          <reporter-output>
          </reporter-output>
        </test-method> <!-- setup -->
        <test-method status="PASS" signature="VerificationIntiation()[pri:16, instance:maintest.FullFlow@f777e8]" name="VerificationIntiation" duration-ms="508999" started-at="2018-11-12T12:19:03Z" depends-on-methods="maintest.FullFlow.VerificationSupervisor" finished-at="2018-11-12T12:27:32Z">
          <reporter-output>
            <line>
              <![CDATA[Test Method resides in maintest.FullFlow]]>
            </line>
            <line>
              <![CDATA[Test Status: Pass]]>
            </line>
          </reporter-output>
        </test-method> <!-- VerificationIntiation -->
        <test-method status="PASS" signature="setup(java.lang.reflect.Method)[pri:0, instance:maintest.FullFlow@f777e8]" name="setup" is-config="true" duration-ms="0" started-at="2018-11-12T12:27:32Z" finished-at="2018-11-12T12:27:32Z">
          <params>
            <param index="0">
              <value>
                <![CDATA[public void maintest.FullFlow.AddressVerification() throws java.lang.Exception]]>
              </value>
            </param>
          </params>
          <reporter-output>
          </reporter-output>
        </test-method> <!-- setup -->
        <test-method status="PASS" signature="AddressVerification()[pri:17, instance:maintest.FullFlow@f777e8]" name="AddressVerification" duration-ms="151072" started-at="2018-11-12T12:27:32Z" depends-on-methods="maintest.FullFlow.VerificationIntiation" finished-at="2018-11-12T12:30:03Z">
          <reporter-output>
            <line>
              <![CDATA[Test Method resides in maintest.FullFlow]]>
            </line>
            <line>
              <![CDATA[Test Status: Pass]]>
            </line>
          </reporter-output>
        </test-method> <!-- AddressVerification -->
        <test-method status="PASS" signature="tearDown(org.testng.ITestResult, java.lang.reflect.Method)[pri:0, instance:maintest.FullFlow@f777e8]" name="tearDown" is-config="true" duration-ms="0" started-at="2018-11-12T12:27:32Z" finished-at="2018-11-12T12:27:32Z">
          <params>
            <param index="0">
              <value>
                <![CDATA[[TestResult name=VerificationIntiation status=SUCCESS method=FullFlow.VerificationIntiation()[pri:16, instance:maintest.FullFlow@f777e8] output=Test Method resides in maintest.FullFlow]]]>
              </value>
            </param>
            <param index="1">
              <value>
                <![CDATA[public void maintest.FullFlow.VerificationIntiation() throws java.lang.Exception]]>
              </value>
            </param>
          </params>
          <reporter-output>
          </reporter-output>
        </test-method> <!-- tearDown -->
        <test-method status="PASS" signature="tearDown(org.testng.ITestResult, java.lang.reflect.Method)[pri:0, instance:maintest.FullFlow@f777e8]" name="tearDown" is-config="true" duration-ms="0" started-at="2018-11-12T12:30:03Z" finished-at="2018-11-12T12:30:03Z">
          <params>
            <param index="0">
              <value>
                <![CDATA[[TestResult name=AddressVerification status=SUCCESS method=FullFlow.AddressVerification()[pri:17, instance:maintest.FullFlow@f777e8] output=Test Method resides in maintest.FullFlow]]]>
              </value>
            </param>
            <param index="1">
              <value>
                <![CDATA[public void maintest.FullFlow.AddressVerification() throws java.lang.Exception]]>
              </value>
            </param>
          </params>
          <reporter-output>
          </reporter-output>
        </test-method> <!-- tearDown -->
        <test-method status="PASS" signature="EducationVerification()[pri:18, instance:maintest.FullFlow@f777e8]" name="EducationVerification" duration-ms="103224" started-at="2018-11-12T12:30:03Z" depends-on-methods="maintest.FullFlow.VerificationIntiation" finished-at="2018-11-12T12:31:47Z">
          <reporter-output>
            <line>
              <![CDATA[Test Method resides in maintest.FullFlow]]>
            </line>
            <line>
              <![CDATA[Test Status: Pass]]>
            </line>
          </reporter-output>
        </test-method> <!-- EducationVerification -->
        <test-method status="PASS" signature="setup(java.lang.reflect.Method)[pri:0, instance:maintest.FullFlow@f777e8]" name="setup" is-config="true" duration-ms="0" started-at="2018-11-12T12:30:03Z" finished-at="2018-11-12T12:30:03Z">
          <params>
            <param index="0">
              <value>
                <![CDATA[public void maintest.FullFlow.EducationVerification() throws java.lang.Exception]]>
              </value>
            </param>
          </params>
          <reporter-output>
          </reporter-output>
        </test-method> <!-- setup -->
        <test-method status="PASS" signature="EmploymentVerification()[pri:19, instance:maintest.FullFlow@f777e8]" name="EmploymentVerification" duration-ms="98778" started-at="2018-11-12T12:31:47Z" depends-on-methods="maintest.FullFlow.VerificationIntiation" finished-at="2018-11-12T12:33:25Z">
          <reporter-output>
            <line>
              <![CDATA[Test Method resides in maintest.FullFlow]]>
            </line>
            <line>
              <![CDATA[Test Status: Pass]]>
            </line>
          </reporter-output>
        </test-method> <!-- EmploymentVerification -->
        <test-method status="PASS" signature="setup(java.lang.reflect.Method)[pri:0, instance:maintest.FullFlow@f777e8]" name="setup" is-config="true" duration-ms="0" started-at="2018-11-12T12:31:47Z" finished-at="2018-11-12T12:31:47Z">
          <params>
            <param index="0">
              <value>
                <![CDATA[public void maintest.FullFlow.EmploymentVerification() throws java.lang.Exception]]>
              </value>
            </param>
          </params>
          <reporter-output>
          </reporter-output>
        </test-method> <!-- setup -->
        <test-method status="PASS" signature="tearDown(org.testng.ITestResult, java.lang.reflect.Method)[pri:0, instance:maintest.FullFlow@f777e8]" name="tearDown" is-config="true" duration-ms="0" started-at="2018-11-12T12:31:47Z" finished-at="2018-11-12T12:31:47Z">
          <params>
            <param index="0">
              <value>
                <![CDATA[[TestResult name=EducationVerification status=SUCCESS method=FullFlow.EducationVerification()[pri:18, instance:maintest.FullFlow@f777e8] output=Test Method resides in maintest.FullFlow]]]>
              </value>
            </param>
            <param index="1">
              <value>
                <![CDATA[public void maintest.FullFlow.EducationVerification() throws java.lang.Exception]]>
              </value>
            </param>
          </params>
          <reporter-output>
          </reporter-output>
        </test-method> <!-- tearDown -->
        <test-method status="PASS" signature="tearDown(org.testng.ITestResult, java.lang.reflect.Method)[pri:0, instance:maintest.FullFlow@f777e8]" name="tearDown" is-config="true" duration-ms="0" started-at="2018-11-12T12:33:25Z" finished-at="2018-11-12T12:33:25Z">
          <params>
            <param index="0">
              <value>
                <![CDATA[[TestResult name=EmploymentVerification status=SUCCESS method=FullFlow.EmploymentVerification()[pri:19, instance:maintest.FullFlow@f777e8] output=Test Method resides in maintest.FullFlow]]]>
              </value>
            </param>
            <param index="1">
              <value>
                <![CDATA[public void maintest.FullFlow.EmploymentVerification() throws java.lang.Exception]]>
              </value>
            </param>
          </params>
          <reporter-output>
          </reporter-output>
        </test-method> <!-- tearDown -->
        <test-method status="PASS" signature="ReferenceVerification()[pri:20, instance:maintest.FullFlow@f777e8]" name="ReferenceVerification" duration-ms="52992" started-at="2018-11-12T12:33:25Z" depends-on-methods="maintest.FullFlow.VerificationIntiation" finished-at="2018-11-12T12:34:18Z">
          <reporter-output>
            <line>
              <![CDATA[Test Method resides in maintest.FullFlow]]>
            </line>
            <line>
              <![CDATA[Test Status: Pass]]>
            </line>
          </reporter-output>
        </test-method> <!-- ReferenceVerification -->
        <test-method status="PASS" signature="setup(java.lang.reflect.Method)[pri:0, instance:maintest.FullFlow@f777e8]" name="setup" is-config="true" duration-ms="0" started-at="2018-11-12T12:33:25Z" finished-at="2018-11-12T12:33:25Z">
          <params>
            <param index="0">
              <value>
                <![CDATA[public void maintest.FullFlow.ReferenceVerification() throws java.lang.Exception]]>
              </value>
            </param>
          </params>
          <reporter-output>
          </reporter-output>
        </test-method> <!-- setup -->
        <test-method status="PASS" signature="DatabaseVerification()[pri:21, instance:maintest.FullFlow@f777e8]" name="DatabaseVerification" duration-ms="65294" started-at="2018-11-12T12:34:18Z" depends-on-methods="maintest.FullFlow.VerificationIntiation" finished-at="2018-11-12T12:35:24Z">
          <reporter-output>
            <line>
              <![CDATA[Test Method resides in maintest.FullFlow]]>
            </line>
            <line>
              <![CDATA[Test Status: Pass]]>
            </line>
          </reporter-output>
        </test-method> <!-- DatabaseVerification -->
        <test-method status="PASS" signature="tearDown(org.testng.ITestResult, java.lang.reflect.Method)[pri:0, instance:maintest.FullFlow@f777e8]" name="tearDown" is-config="true" duration-ms="0" started-at="2018-11-12T12:34:18Z" finished-at="2018-11-12T12:34:18Z">
          <params>
            <param index="0">
              <value>
                <![CDATA[[TestResult name=ReferenceVerification status=SUCCESS method=FullFlow.ReferenceVerification()[pri:20, instance:maintest.FullFlow@f777e8] output=Test Method resides in maintest.FullFlow]]]>
              </value>
            </param>
            <param index="1">
              <value>
                <![CDATA[public void maintest.FullFlow.ReferenceVerification() throws java.lang.Exception]]>
              </value>
            </param>
          </params>
          <reporter-output>
          </reporter-output>
        </test-method> <!-- tearDown -->
        <test-method status="PASS" signature="setup(java.lang.reflect.Method)[pri:0, instance:maintest.FullFlow@f777e8]" name="setup" is-config="true" duration-ms="0" started-at="2018-11-12T12:34:18Z" finished-at="2018-11-12T12:34:18Z">
          <params>
            <param index="0">
              <value>
                <![CDATA[public void maintest.FullFlow.DatabaseVerification() throws java.lang.Exception]]>
              </value>
            </param>
          </params>
          <reporter-output>
          </reporter-output>
        </test-method> <!-- setup -->
        <test-method status="PASS" signature="setup(java.lang.reflect.Method)[pri:0, instance:maintest.FullFlow@f777e8]" name="setup" is-config="true" duration-ms="0" started-at="2018-11-12T12:35:24Z" finished-at="2018-11-12T12:35:24Z">
          <params>
            <param index="0">
              <value>
                <![CDATA[public void maintest.FullFlow.CriminalVerification() throws java.lang.Exception]]>
              </value>
            </param>
          </params>
          <reporter-output>
          </reporter-output>
        </test-method> <!-- setup -->
        <test-method status="PASS" signature="tearDown(org.testng.ITestResult, java.lang.reflect.Method)[pri:0, instance:maintest.FullFlow@f777e8]" name="tearDown" is-config="true" duration-ms="0" started-at="2018-11-12T12:35:24Z" finished-at="2018-11-12T12:35:24Z">
          <params>
            <param index="0">
              <value>
                <![CDATA[[TestResult name=DatabaseVerification status=SUCCESS method=FullFlow.DatabaseVerification()[pri:21, instance:maintest.FullFlow@f777e8] output=Test Method resides in maintest.FullFlow]]]>
              </value>
            </param>
            <param index="1">
              <value>
                <![CDATA[public void maintest.FullFlow.DatabaseVerification() throws java.lang.Exception]]>
              </value>
            </param>
          </params>
          <reporter-output>
          </reporter-output>
        </test-method> <!-- tearDown -->
        <test-method status="PASS" signature="CriminalVerification()[pri:22, instance:maintest.FullFlow@f777e8]" name="CriminalVerification" duration-ms="92704" started-at="2018-11-12T12:35:24Z" depends-on-methods="maintest.FullFlow.VerificationIntiation" finished-at="2018-11-12T12:36:56Z">
          <reporter-output>
            <line>
              <![CDATA[Test Method resides in maintest.FullFlow]]>
            </line>
            <line>
              <![CDATA[Test Status: Pass]]>
            </line>
          </reporter-output>
        </test-method> <!-- CriminalVerification -->
        <test-method status="PASS" signature="CreditVerification()[pri:23, instance:maintest.FullFlow@f777e8]" name="CreditVerification" duration-ms="50864" started-at="2018-11-12T12:36:56Z" depends-on-methods="maintest.FullFlow.VerificationIntiation" finished-at="2018-11-12T12:37:47Z">
          <reporter-output>
            <line>
              <![CDATA[Test Method resides in maintest.FullFlow]]>
            </line>
            <line>
              <![CDATA[Test Status: Pass]]>
            </line>
          </reporter-output>
        </test-method> <!-- CreditVerification -->
        <test-method status="PASS" signature="setup(java.lang.reflect.Method)[pri:0, instance:maintest.FullFlow@f777e8]" name="setup" is-config="true" duration-ms="0" started-at="2018-11-12T12:36:56Z" finished-at="2018-11-12T12:36:56Z">
          <params>
            <param index="0">
              <value>
                <![CDATA[public void maintest.FullFlow.CreditVerification() throws java.lang.Exception]]>
              </value>
            </param>
          </params>
          <reporter-output>
          </reporter-output>
        </test-method> <!-- setup -->
        <test-method status="PASS" signature="tearDown(org.testng.ITestResult, java.lang.reflect.Method)[pri:0, instance:maintest.FullFlow@f777e8]" name="tearDown" is-config="true" duration-ms="0" started-at="2018-11-12T12:36:56Z" finished-at="2018-11-12T12:36:56Z">
          <params>
            <param index="0">
              <value>
                <![CDATA[[TestResult name=CriminalVerification status=SUCCESS method=FullFlow.CriminalVerification()[pri:22, instance:maintest.FullFlow@f777e8] output=Test Method resides in maintest.FullFlow]]]>
              </value>
            </param>
            <param index="1">
              <value>
                <![CDATA[public void maintest.FullFlow.CriminalVerification() throws java.lang.Exception]]>
              </value>
            </param>
          </params>
          <reporter-output>
          </reporter-output>
        </test-method> <!-- tearDown -->
        <test-method status="PASS" signature="setup(java.lang.reflect.Method)[pri:0, instance:maintest.FullFlow@f777e8]" name="setup" is-config="true" duration-ms="0" started-at="2018-11-12T12:37:47Z" finished-at="2018-11-12T12:37:47Z">
          <params>
            <param index="0">
              <value>
                <![CDATA[public void maintest.FullFlow.CourtVerification() throws java.lang.Exception]]>
              </value>
            </param>
          </params>
          <reporter-output>
          </reporter-output>
        </test-method> <!-- setup -->
        <test-method status="PASS" signature="CourtVerification()[pri:24, instance:maintest.FullFlow@f777e8]" name="CourtVerification" duration-ms="100338" started-at="2018-11-12T12:37:47Z" depends-on-methods="maintest.FullFlow.VerificationIntiation" finished-at="2018-11-12T12:39:28Z">
          <reporter-output>
            <line>
              <![CDATA[Test Method resides in maintest.FullFlow]]>
            </line>
            <line>
              <![CDATA[Test Status: Pass]]>
            </line>
          </reporter-output>
        </test-method> <!-- CourtVerification -->
        <test-method status="PASS" signature="tearDown(org.testng.ITestResult, java.lang.reflect.Method)[pri:0, instance:maintest.FullFlow@f777e8]" name="tearDown" is-config="true" duration-ms="0" started-at="2018-11-12T12:37:47Z" finished-at="2018-11-12T12:37:47Z">
          <params>
            <param index="0">
              <value>
                <![CDATA[[TestResult name=CreditVerification status=SUCCESS method=FullFlow.CreditVerification()[pri:23, instance:maintest.FullFlow@f777e8] output=Test Method resides in maintest.FullFlow]]]>
              </value>
            </param>
            <param index="1">
              <value>
                <![CDATA[public void maintest.FullFlow.CreditVerification() throws java.lang.Exception]]>
              </value>
            </param>
          </params>
          <reporter-output>
          </reporter-output>
        </test-method> <!-- tearDown -->
        <test-method status="PASS" signature="tearDown(org.testng.ITestResult, java.lang.reflect.Method)[pri:0, instance:maintest.FullFlow@f777e8]" name="tearDown" is-config="true" duration-ms="0" started-at="2018-11-12T12:39:28Z" finished-at="2018-11-12T12:39:28Z">
          <params>
            <param index="0">
              <value>
                <![CDATA[[TestResult name=CourtVerification status=SUCCESS method=FullFlow.CourtVerification()[pri:24, instance:maintest.FullFlow@f777e8] output=Test Method resides in maintest.FullFlow]]]>
              </value>
            </param>
            <param index="1">
              <value>
                <![CDATA[public void maintest.FullFlow.CourtVerification() throws java.lang.Exception]]>
              </value>
            </param>
          </params>
          <reporter-output>
          </reporter-output>
        </test-method> <!-- tearDown -->
        <test-method status="PASS" signature="IDVerification()[pri:25, instance:maintest.FullFlow@f777e8]" name="IDVerification" duration-ms="86468" started-at="2018-11-12T12:39:28Z" depends-on-methods="maintest.FullFlow.VerificationIntiation" finished-at="2018-11-12T12:40:54Z">
          <reporter-output>
            <line>
              <![CDATA[Test Method resides in maintest.FullFlow]]>
            </line>
            <line>
              <![CDATA[Test Status: Pass]]>
            </line>
          </reporter-output>
        </test-method> <!-- IDVerification -->
        <test-method status="PASS" signature="setup(java.lang.reflect.Method)[pri:0, instance:maintest.FullFlow@f777e8]" name="setup" is-config="true" duration-ms="0" started-at="2018-11-12T12:39:28Z" finished-at="2018-11-12T12:39:28Z">
          <params>
            <param index="0">
              <value>
                <![CDATA[public void maintest.FullFlow.IDVerification() throws java.lang.Exception]]>
              </value>
            </param>
          </params>
          <reporter-output>
          </reporter-output>
        </test-method> <!-- setup -->
        <test-method status="PASS" signature="DrugVerification()[pri:26, instance:maintest.FullFlow@f777e8]" name="DrugVerification" duration-ms="63960" started-at="2018-11-12T12:40:54Z" depends-on-methods="maintest.FullFlow.VerificationIntiation" finished-at="2018-11-12T12:41:58Z">
          <reporter-output>
            <line>
              <![CDATA[Test Method resides in maintest.FullFlow]]>
            </line>
            <line>
              <![CDATA[Test Status: Pass]]>
            </line>
          </reporter-output>
        </test-method> <!-- DrugVerification -->
        <test-method status="PASS" signature="tearDown(org.testng.ITestResult, java.lang.reflect.Method)[pri:0, instance:maintest.FullFlow@f777e8]" name="tearDown" is-config="true" duration-ms="0" started-at="2018-11-12T12:40:54Z" finished-at="2018-11-12T12:40:54Z">
          <params>
            <param index="0">
              <value>
                <![CDATA[[TestResult name=IDVerification status=SUCCESS method=FullFlow.IDVerification()[pri:25, instance:maintest.FullFlow@f777e8] output=Test Method resides in maintest.FullFlow]]]>
              </value>
            </param>
            <param index="1">
              <value>
                <![CDATA[public void maintest.FullFlow.IDVerification() throws java.lang.Exception]]>
              </value>
            </param>
          </params>
          <reporter-output>
          </reporter-output>
        </test-method> <!-- tearDown -->
        <test-method status="PASS" signature="setup(java.lang.reflect.Method)[pri:0, instance:maintest.FullFlow@f777e8]" name="setup" is-config="true" duration-ms="0" started-at="2018-11-12T12:40:54Z" finished-at="2018-11-12T12:40:54Z">
          <params>
            <param index="0">
              <value>
                <![CDATA[public void maintest.FullFlow.DrugVerification() throws java.lang.Exception]]>
              </value>
            </param>
          </params>
          <reporter-output>
          </reporter-output>
        </test-method> <!-- setup -->
        <test-method status="PASS" signature="tearDown(org.testng.ITestResult, java.lang.reflect.Method)[pri:0, instance:maintest.FullFlow@f777e8]" name="tearDown" is-config="true" duration-ms="1" started-at="2018-11-12T12:41:58Z" finished-at="2018-11-12T12:41:58Z">
          <params>
            <param index="0">
              <value>
                <![CDATA[[TestResult name=DrugVerification status=SUCCESS method=FullFlow.DrugVerification()[pri:26, instance:maintest.FullFlow@f777e8] output=Test Method resides in maintest.FullFlow]]]>
              </value>
            </param>
            <param index="1">
              <value>
                <![CDATA[public void maintest.FullFlow.DrugVerification() throws java.lang.Exception]]>
              </value>
            </param>
          </params>
          <reporter-output>
          </reporter-output>
        </test-method> <!-- tearDown -->
        <test-method status="PASS" signature="ReportGenerationSupervision()[pri:27, instance:maintest.FullFlow@f777e8]" name="ReportGenerationSupervision" duration-ms="70139" started-at="2018-11-12T12:41:58Z" depends-on-methods="maintest.FullFlow.DrugVerification" finished-at="2018-11-12T12:43:08Z">
          <reporter-output>
            <line>
              <![CDATA[Test Method resides in maintest.FullFlow]]>
            </line>
            <line>
              <![CDATA[Test Status: Pass]]>
            </line>
          </reporter-output>
        </test-method> <!-- ReportGenerationSupervision -->
        <test-method status="PASS" signature="setup(java.lang.reflect.Method)[pri:0, instance:maintest.FullFlow@f777e8]" name="setup" is-config="true" duration-ms="0" started-at="2018-11-12T12:41:58Z" finished-at="2018-11-12T12:41:58Z">
          <params>
            <param index="0">
              <value>
                <![CDATA[public void maintest.FullFlow.ReportGenerationSupervision() throws java.lang.Exception]]>
              </value>
            </param>
          </params>
          <reporter-output>
          </reporter-output>
        </test-method> <!-- setup -->
        <test-method status="PASS" signature="tearDown(org.testng.ITestResult, java.lang.reflect.Method)[pri:0, instance:maintest.FullFlow@f777e8]" name="tearDown" is-config="true" duration-ms="2" started-at="2018-11-12T12:43:08Z" finished-at="2018-11-12T12:43:08Z">
          <params>
            <param index="0">
              <value>
                <![CDATA[[TestResult name=ReportGenerationSupervision status=SUCCESS method=FullFlow.ReportGenerationSupervision()[pri:27, instance:maintest.FullFlow@f777e8] output=Test Method resides in maintest.FullFlow]]]>
              </value>
            </param>
            <param index="1">
              <value>
                <![CDATA[public void maintest.FullFlow.ReportGenerationSupervision() throws java.lang.Exception]]>
              </value>
            </param>
          </params>
          <reporter-output>
          </reporter-output>
        </test-method> <!-- tearDown -->
        <test-method status="PASS" signature="setup(java.lang.reflect.Method)[pri:0, instance:maintest.FullFlow@f777e8]" name="setup" is-config="true" duration-ms="2" started-at="2018-11-12T12:43:08Z" finished-at="2018-11-12T12:43:08Z">
          <params>
            <param index="0">
              <value>
                <![CDATA[public void maintest.FullFlow.AddressReportGeneration() throws java.lang.Exception]]>
              </value>
            </param>
          </params>
          <reporter-output>
          </reporter-output>
        </test-method> <!-- setup -->
        <test-method status="PASS" signature="AddressReportGeneration()[pri:28, instance:maintest.FullFlow@f777e8]" name="AddressReportGeneration" duration-ms="74966" started-at="2018-11-12T12:43:08Z" depends-on-methods="maintest.FullFlow.ReportGenerationSupervision" finished-at="2018-11-12T12:44:23Z">
          <reporter-output>
            <line>
              <![CDATA[Test Method resides in maintest.FullFlow]]>
            </line>
            <line>
              <![CDATA[Test Status: Pass]]>
            </line>
          </reporter-output>
        </test-method> <!-- AddressReportGeneration -->
        <test-method status="PASS" signature="tearDown(org.testng.ITestResult, java.lang.reflect.Method)[pri:0, instance:maintest.FullFlow@f777e8]" name="tearDown" is-config="true" duration-ms="0" started-at="2018-11-12T12:44:23Z" finished-at="2018-11-12T12:44:23Z">
          <params>
            <param index="0">
              <value>
                <![CDATA[[TestResult name=AddressReportGeneration status=SUCCESS method=FullFlow.AddressReportGeneration()[pri:28, instance:maintest.FullFlow@f777e8] output=Test Method resides in maintest.FullFlow]]]>
              </value>
            </param>
            <param index="1">
              <value>
                <![CDATA[public void maintest.FullFlow.AddressReportGeneration() throws java.lang.Exception]]>
              </value>
            </param>
          </params>
          <reporter-output>
          </reporter-output>
        </test-method> <!-- tearDown -->
        <test-method status="PASS" signature="setup(java.lang.reflect.Method)[pri:0, instance:maintest.FullFlow@f777e8]" name="setup" is-config="true" duration-ms="0" started-at="2018-11-12T12:44:23Z" finished-at="2018-11-12T12:44:23Z">
          <params>
            <param index="0">
              <value>
                <![CDATA[public void maintest.FullFlow.EducationReportGeneration() throws java.lang.Exception]]>
              </value>
            </param>
          </params>
          <reporter-output>
          </reporter-output>
        </test-method> <!-- setup -->
        <test-method status="PASS" signature="EducationReportGeneration()[pri:29, instance:maintest.FullFlow@f777e8]" name="EducationReportGeneration" duration-ms="61634" started-at="2018-11-12T12:44:23Z" depends-on-methods="maintest.FullFlow.ReportGenerationSupervision" finished-at="2018-11-12T12:45:25Z">
          <reporter-output>
            <line>
              <![CDATA[Test Method resides in maintest.FullFlow]]>
            </line>
            <line>
              <![CDATA[Test Status: Pass]]>
            </line>
          </reporter-output>
        </test-method> <!-- EducationReportGeneration -->
        <test-method status="PASS" signature="tearDown(org.testng.ITestResult, java.lang.reflect.Method)[pri:0, instance:maintest.FullFlow@f777e8]" name="tearDown" is-config="true" duration-ms="0" started-at="2018-11-12T12:45:25Z" finished-at="2018-11-12T12:45:25Z">
          <params>
            <param index="0">
              <value>
                <![CDATA[[TestResult name=EducationReportGeneration status=SUCCESS method=FullFlow.EducationReportGeneration()[pri:29, instance:maintest.FullFlow@f777e8] output=Test Method resides in maintest.FullFlow]]]>
              </value>
            </param>
            <param index="1">
              <value>
                <![CDATA[public void maintest.FullFlow.EducationReportGeneration() throws java.lang.Exception]]>
              </value>
            </param>
          </params>
          <reporter-output>
          </reporter-output>
        </test-method> <!-- tearDown -->
        <test-method status="PASS" signature="setup(java.lang.reflect.Method)[pri:0, instance:maintest.FullFlow@f777e8]" name="setup" is-config="true" duration-ms="1" started-at="2018-11-12T12:45:25Z" finished-at="2018-11-12T12:45:25Z">
          <params>
            <param index="0">
              <value>
                <![CDATA[public void maintest.FullFlow.EmploymentReportGeneration() throws java.lang.Exception]]>
              </value>
            </param>
          </params>
          <reporter-output>
          </reporter-output>
        </test-method> <!-- setup -->
        <test-method status="PASS" signature="EmploymentReportGeneration()[pri:30, instance:maintest.FullFlow@f777e8]" name="EmploymentReportGeneration" duration-ms="77431" started-at="2018-11-12T12:45:25Z" depends-on-methods="maintest.FullFlow.ReportGenerationSupervision" finished-at="2018-11-12T12:46:42Z">
          <reporter-output>
            <line>
              <![CDATA[Test Method resides in maintest.FullFlow]]>
            </line>
            <line>
              <![CDATA[Test Status: Pass]]>
            </line>
          </reporter-output>
        </test-method> <!-- EmploymentReportGeneration -->
        <test-method status="PASS" signature="tearDown(org.testng.ITestResult, java.lang.reflect.Method)[pri:0, instance:maintest.FullFlow@f777e8]" name="tearDown" is-config="true" duration-ms="1" started-at="2018-11-12T12:46:42Z" finished-at="2018-11-12T12:46:42Z">
          <params>
            <param index="0">
              <value>
                <![CDATA[[TestResult name=EmploymentReportGeneration status=SUCCESS method=FullFlow.EmploymentReportGeneration()[pri:30, instance:maintest.FullFlow@f777e8] output=Test Method resides in maintest.FullFlow]]]>
              </value>
            </param>
            <param index="1">
              <value>
                <![CDATA[public void maintest.FullFlow.EmploymentReportGeneration() throws java.lang.Exception]]>
              </value>
            </param>
          </params>
          <reporter-output>
          </reporter-output>
        </test-method> <!-- tearDown -->
        <test-method status="PASS" signature="setup(java.lang.reflect.Method)[pri:0, instance:maintest.FullFlow@f777e8]" name="setup" is-config="true" duration-ms="1" started-at="2018-11-12T12:46:42Z" finished-at="2018-11-12T12:46:42Z">
          <params>
            <param index="0">
              <value>
                <![CDATA[public void maintest.FullFlow.ReferenceReportGeneration() throws java.lang.Exception]]>
              </value>
            </param>
          </params>
          <reporter-output>
          </reporter-output>
        </test-method> <!-- setup -->
        <test-method status="PASS" signature="ReferenceReportGeneration()[pri:31, instance:maintest.FullFlow@f777e8]" name="ReferenceReportGeneration" duration-ms="10111" started-at="2018-11-12T12:46:42Z" depends-on-methods="maintest.FullFlow.ReportGenerationSupervision" finished-at="2018-11-12T12:46:52Z">
          <reporter-output>
            <line>
              <![CDATA[Test Method resides in maintest.FullFlow]]>
            </line>
            <line>
              <![CDATA[Test Status: Pass]]>
            </line>
          </reporter-output>
        </test-method> <!-- ReferenceReportGeneration -->
        <test-method status="PASS" signature="CriminalReportGeneration()[pri:33, instance:maintest.FullFlow@f777e8]" name="CriminalReportGeneration" duration-ms="46793" started-at="2018-11-12T12:46:52Z" depends-on-methods="maintest.FullFlow.ReportGenerationSupervision" finished-at="2018-11-12T12:47:39Z">
          <reporter-output>
            <line>
              <![CDATA[Test Method resides in maintest.FullFlow]]>
            </line>
            <line>
              <![CDATA[Test Status: Pass]]>
            </line>
          </reporter-output>
        </test-method> <!-- CriminalReportGeneration -->
        <test-method status="PASS" signature="tearDown(org.testng.ITestResult, java.lang.reflect.Method)[pri:0, instance:maintest.FullFlow@f777e8]" name="tearDown" is-config="true" duration-ms="0" started-at="2018-11-12T12:46:52Z" finished-at="2018-11-12T12:46:52Z">
          <params>
            <param index="0">
              <value>
                <![CDATA[[TestResult name=ReferenceReportGeneration status=SUCCESS method=FullFlow.ReferenceReportGeneration()[pri:31, instance:maintest.FullFlow@f777e8] output=Test Method resides in maintest.FullFlow]]]>
              </value>
            </param>
            <param index="1">
              <value>
                <![CDATA[public void maintest.FullFlow.ReferenceReportGeneration() throws java.lang.Exception]]>
              </value>
            </param>
          </params>
          <reporter-output>
          </reporter-output>
        </test-method> <!-- tearDown -->
        <test-method status="PASS" signature="setup(java.lang.reflect.Method)[pri:0, instance:maintest.FullFlow@f777e8]" name="setup" is-config="true" duration-ms="0" started-at="2018-11-12T12:46:52Z" finished-at="2018-11-12T12:46:52Z">
          <params>
            <param index="0">
              <value>
                <![CDATA[public void maintest.FullFlow.CriminalReportGeneration() throws java.lang.Exception]]>
              </value>
            </param>
          </params>
          <reporter-output>
          </reporter-output>
        </test-method> <!-- setup -->
        <test-method status="PASS" signature="tearDown(org.testng.ITestResult, java.lang.reflect.Method)[pri:0, instance:maintest.FullFlow@f777e8]" name="tearDown" is-config="true" duration-ms="0" started-at="2018-11-12T12:47:39Z" finished-at="2018-11-12T12:47:39Z">
          <params>
            <param index="0">
              <value>
                <![CDATA[[TestResult name=CriminalReportGeneration status=SUCCESS method=FullFlow.CriminalReportGeneration()[pri:33, instance:maintest.FullFlow@f777e8] output=Test Method resides in maintest.FullFlow]]]>
              </value>
            </param>
            <param index="1">
              <value>
                <![CDATA[public void maintest.FullFlow.CriminalReportGeneration() throws java.lang.Exception]]>
              </value>
            </param>
          </params>
          <reporter-output>
          </reporter-output>
        </test-method> <!-- tearDown -->
        <test-method status="PASS" signature="setup(java.lang.reflect.Method)[pri:0, instance:maintest.FullFlow@f777e8]" name="setup" is-config="true" duration-ms="1" started-at="2018-11-12T12:47:39Z" finished-at="2018-11-12T12:47:39Z">
          <params>
            <param index="0">
              <value>
                <![CDATA[public void maintest.FullFlow.CreditReportGeneration() throws java.lang.Exception]]>
              </value>
            </param>
          </params>
          <reporter-output>
          </reporter-output>
        </test-method> <!-- setup -->
        <test-method status="PASS" signature="CreditReportGeneration()[pri:34, instance:maintest.FullFlow@f777e8]" name="CreditReportGeneration" duration-ms="18271" started-at="2018-11-12T12:47:39Z" depends-on-methods="maintest.FullFlow.ReportGenerationSupervision" finished-at="2018-11-12T12:47:57Z">
          <reporter-output>
            <line>
              <![CDATA[Test Method resides in maintest.FullFlow]]>
            </line>
            <line>
              <![CDATA[Test Status: Pass]]>
            </line>
          </reporter-output>
        </test-method> <!-- CreditReportGeneration -->
        <test-method status="PASS" signature="tearDown(org.testng.ITestResult, java.lang.reflect.Method)[pri:0, instance:maintest.FullFlow@f777e8]" name="tearDown" is-config="true" duration-ms="1" started-at="2018-11-12T12:47:57Z" finished-at="2018-11-12T12:47:57Z">
          <params>
            <param index="0">
              <value>
                <![CDATA[[TestResult name=CreditReportGeneration status=SUCCESS method=FullFlow.CreditReportGeneration()[pri:34, instance:maintest.FullFlow@f777e8] output=Test Method resides in maintest.FullFlow]]]>
              </value>
            </param>
            <param index="1">
              <value>
                <![CDATA[public void maintest.FullFlow.CreditReportGeneration() throws java.lang.Exception]]>
              </value>
            </param>
          </params>
          <reporter-output>
          </reporter-output>
        </test-method> <!-- tearDown -->
        <test-method status="PASS" signature="setup(java.lang.reflect.Method)[pri:0, instance:maintest.FullFlow@f777e8]" name="setup" is-config="true" duration-ms="1" started-at="2018-11-12T12:47:57Z" finished-at="2018-11-12T12:47:57Z">
          <params>
            <param index="0">
              <value>
                <![CDATA[public void maintest.FullFlow.CourtReportGeneration() throws java.lang.Exception]]>
              </value>
            </param>
          </params>
          <reporter-output>
          </reporter-output>
        </test-method> <!-- setup -->
        <test-method status="PASS" signature="CourtReportGeneration()[pri:35, instance:maintest.FullFlow@f777e8]" name="CourtReportGeneration" duration-ms="45150" started-at="2018-11-12T12:47:57Z" depends-on-methods="maintest.FullFlow.ReportGenerationSupervision" finished-at="2018-11-12T12:48:43Z">
          <reporter-output>
            <line>
              <![CDATA[Test Method resides in maintest.FullFlow]]>
            </line>
            <line>
              <![CDATA[Test Status: Pass]]>
            </line>
          </reporter-output>
        </test-method> <!-- CourtReportGeneration -->
        <test-method status="PASS" signature="tearDown(org.testng.ITestResult, java.lang.reflect.Method)[pri:0, instance:maintest.FullFlow@f777e8]" name="tearDown" is-config="true" duration-ms="1" started-at="2018-11-12T12:48:43Z" finished-at="2018-11-12T12:48:43Z">
          <params>
            <param index="0">
              <value>
                <![CDATA[[TestResult name=CourtReportGeneration status=SUCCESS method=FullFlow.CourtReportGeneration()[pri:35, instance:maintest.FullFlow@f777e8] output=Test Method resides in maintest.FullFlow]]]>
              </value>
            </param>
            <param index="1">
              <value>
                <![CDATA[public void maintest.FullFlow.CourtReportGeneration() throws java.lang.Exception]]>
              </value>
            </param>
          </params>
          <reporter-output>
          </reporter-output>
        </test-method> <!-- tearDown -->
        <test-method status="PASS" signature="setup(java.lang.reflect.Method)[pri:0, instance:maintest.FullFlow@f777e8]" name="setup" is-config="true" duration-ms="1" started-at="2018-11-12T12:48:43Z" finished-at="2018-11-12T12:48:43Z">
          <params>
            <param index="0">
              <value>
                <![CDATA[public void maintest.FullFlow.DrugReportGeneration() throws java.lang.Exception]]>
              </value>
            </param>
          </params>
          <reporter-output>
          </reporter-output>
        </test-method> <!-- setup -->
        <test-method status="PASS" signature="DrugReportGeneration()[pri:36, instance:maintest.FullFlow@f777e8]" name="DrugReportGeneration" duration-ms="9297" started-at="2018-11-12T12:48:43Z" depends-on-methods="maintest.FullFlow.ReportGenerationSupervision" finished-at="2018-11-12T12:48:52Z">
          <reporter-output>
            <line>
              <![CDATA[Test Method resides in maintest.FullFlow]]>
            </line>
            <line>
              <![CDATA[Test Status: Pass]]>
            </line>
          </reporter-output>
        </test-method> <!-- DrugReportGeneration -->
        <test-method status="PASS" signature="tearDown(org.testng.ITestResult, java.lang.reflect.Method)[pri:0, instance:maintest.FullFlow@f777e8]" name="tearDown" is-config="true" duration-ms="1" started-at="2018-11-12T12:48:52Z" finished-at="2018-11-12T12:48:52Z">
          <params>
            <param index="0">
              <value>
                <![CDATA[[TestResult name=DrugReportGeneration status=SUCCESS method=FullFlow.DrugReportGeneration()[pri:36, instance:maintest.FullFlow@f777e8] output=Test Method resides in maintest.FullFlow]]]>
              </value>
            </param>
            <param index="1">
              <value>
                <![CDATA[public void maintest.FullFlow.DrugReportGeneration() throws java.lang.Exception]]>
              </value>
            </param>
          </params>
          <reporter-output>
          </reporter-output>
        </test-method> <!-- tearDown -->
        <test-method status="PASS" signature="setup(java.lang.reflect.Method)[pri:0, instance:maintest.FullFlow@f777e8]" name="setup" is-config="true" duration-ms="1" started-at="2018-11-12T12:48:52Z" finished-at="2018-11-12T12:48:52Z">
          <params>
            <param index="0">
              <value>
                <![CDATA[public void maintest.FullFlow.IdReportGeneration() throws java.lang.Exception]]>
              </value>
            </param>
          </params>
          <reporter-output>
          </reporter-output>
        </test-method> <!-- setup -->
        <test-method status="PASS" signature="IdReportGeneration()[pri:37, instance:maintest.FullFlow@f777e8]" name="IdReportGeneration" duration-ms="39691" started-at="2018-11-12T12:48:52Z" depends-on-methods="maintest.FullFlow.ReportGenerationSupervision" finished-at="2018-11-12T12:49:32Z">
          <reporter-output>
            <line>
              <![CDATA[Test Method resides in maintest.FullFlow]]>
            </line>
            <line>
              <![CDATA[Test Status: Pass]]>
            </line>
          </reporter-output>
        </test-method> <!-- IdReportGeneration -->
        <test-method status="PASS" signature="tearDown(org.testng.ITestResult, java.lang.reflect.Method)[pri:0, instance:maintest.FullFlow@f777e8]" name="tearDown" is-config="true" duration-ms="1" started-at="2018-11-12T12:49:32Z" finished-at="2018-11-12T12:49:32Z">
          <params>
            <param index="0">
              <value>
                <![CDATA[[TestResult name=IdReportGeneration status=SUCCESS method=FullFlow.IdReportGeneration()[pri:37, instance:maintest.FullFlow@f777e8] output=Test Method resides in maintest.FullFlow]]]>
              </value>
            </param>
            <param index="1">
              <value>
                <![CDATA[public void maintest.FullFlow.IdReportGeneration() throws java.lang.Exception]]>
              </value>
            </param>
          </params>
          <reporter-output>
          </reporter-output>
        </test-method> <!-- tearDown -->
        <test-method status="PASS" signature="setup(java.lang.reflect.Method)[pri:0, instance:maintest.FullFlow@f777e8]" name="setup" is-config="true" duration-ms="1" started-at="2018-11-12T12:49:32Z" finished-at="2018-11-12T12:49:32Z">
          <params>
            <param index="0">
              <value>
                <![CDATA[public void maintest.FullFlow.ReportGenerationSubmit() throws java.lang.Exception]]>
              </value>
            </param>
          </params>
          <reporter-output>
          </reporter-output>
        </test-method> <!-- setup -->
        <test-method status="PASS" signature="ReportGenerationSubmit()[pri:38, instance:maintest.FullFlow@f777e8]" name="ReportGenerationSubmit" duration-ms="25685" started-at="2018-11-12T12:49:32Z" depends-on-methods="maintest.FullFlow.IdReportGeneration" finished-at="2018-11-12T12:49:57Z">
          <reporter-output>
            <line>
              <![CDATA[Test Method resides in maintest.FullFlow]]>
            </line>
            <line>
              <![CDATA[Test Status: Pass]]>
            </line>
          </reporter-output>
        </test-method> <!-- ReportGenerationSubmit -->
        <test-method status="PASS" signature="tearDown(org.testng.ITestResult, java.lang.reflect.Method)[pri:0, instance:maintest.FullFlow@f777e8]" name="tearDown" is-config="true" duration-ms="1" started-at="2018-11-12T12:49:57Z" finished-at="2018-11-12T12:49:57Z">
          <params>
            <param index="0">
              <value>
                <![CDATA[[TestResult name=ReportGenerationSubmit status=SUCCESS method=FullFlow.ReportGenerationSubmit()[pri:38, instance:maintest.FullFlow@f777e8] output=Test Method resides in maintest.FullFlow]]]>
              </value>
            </param>
            <param index="1">
              <value>
                <![CDATA[public void maintest.FullFlow.ReportGenerationSubmit() throws java.lang.Exception]]>
              </value>
            </param>
          </params>
          <reporter-output>
          </reporter-output>
        </test-method> <!-- tearDown -->
        <test-method status="PASS" signature="setup(java.lang.reflect.Method)[pri:0, instance:maintest.FullFlow@f777e8]" name="setup" is-config="true" duration-ms="2" started-at="2018-11-12T12:49:57Z" finished-at="2018-11-12T12:49:57Z">
          <params>
            <param index="0">
              <value>
                <![CDATA[public void maintest.FullFlow.ReportValidationSupervisor() throws java.lang.Exception]]>
              </value>
            </param>
          </params>
          <reporter-output>
          </reporter-output>
        </test-method> <!-- setup -->
        <test-method status="PASS" signature="ReportValidationSupervisor()[pri:38, instance:maintest.FullFlow@f777e8]" name="ReportValidationSupervisor" duration-ms="38584" started-at="2018-11-12T12:49:57Z" depends-on-methods="maintest.FullFlow.ReportGenerationSubmit" finished-at="2018-11-12T12:50:36Z">
          <reporter-output>
            <line>
              <![CDATA[Test Method resides in maintest.FullFlow]]>
            </line>
            <line>
              <![CDATA[Test Status: Pass]]>
            </line>
          </reporter-output>
        </test-method> <!-- ReportValidationSupervisor -->
        <test-method status="PASS" signature="setup(java.lang.reflect.Method)[pri:0, instance:maintest.FullFlow@f777e8]" name="setup" is-config="true" duration-ms="0" started-at="2018-11-12T12:50:36Z" finished-at="2018-11-12T12:50:36Z">
          <params>
            <param index="0">
              <value>
                <![CDATA[public void maintest.FullFlow.ReportValidation() throws java.lang.Exception]]>
              </value>
            </param>
          </params>
          <reporter-output>
          </reporter-output>
        </test-method> <!-- setup -->
        <test-method status="PASS" signature="tearDown(org.testng.ITestResult, java.lang.reflect.Method)[pri:0, instance:maintest.FullFlow@f777e8]" name="tearDown" is-config="true" duration-ms="0" started-at="2018-11-12T12:50:36Z" finished-at="2018-11-12T12:50:36Z">
          <params>
            <param index="0">
              <value>
                <![CDATA[[TestResult name=ReportValidationSupervisor status=SUCCESS method=FullFlow.ReportValidationSupervisor()[pri:38, instance:maintest.FullFlow@f777e8] output=Test Method resides in maintest.FullFlow]]]>
              </value>
            </param>
            <param index="1">
              <value>
                <![CDATA[public void maintest.FullFlow.ReportValidationSupervisor() throws java.lang.Exception]]>
              </value>
            </param>
          </params>
          <reporter-output>
          </reporter-output>
        </test-method> <!-- tearDown -->
        <test-method status="PASS" signature="ReportValidation()[pri:40, instance:maintest.FullFlow@f777e8]" name="ReportValidation" duration-ms="56293" started-at="2018-11-12T12:50:36Z" depends-on-methods="maintest.FullFlow.ReportValidationSupervisor" finished-at="2018-11-12T12:51:32Z">
          <reporter-output>
            <line>
              <![CDATA[Test Method resides in maintest.FullFlow]]>
            </line>
            <line>
              <![CDATA[Test Status: Pass]]>
            </line>
          </reporter-output>
        </test-method> <!-- ReportValidation -->
        <test-method status="PASS" signature="tearDown(org.testng.ITestResult, java.lang.reflect.Method)[pri:0, instance:maintest.FullFlow@f777e8]" name="tearDown" is-config="true" duration-ms="1" started-at="2018-11-12T12:51:32Z" finished-at="2018-11-12T12:51:32Z">
          <params>
            <param index="0">
              <value>
                <![CDATA[[TestResult name=ReportValidation status=SUCCESS method=FullFlow.ReportValidation()[pri:40, instance:maintest.FullFlow@f777e8] output=Test Method resides in maintest.FullFlow]]]>
              </value>
            </param>
            <param index="1">
              <value>
                <![CDATA[public void maintest.FullFlow.ReportValidation() throws java.lang.Exception]]>
              </value>
            </param>
          </params>
          <reporter-output>
          </reporter-output>
        </test-method> <!-- tearDown -->
        <test-method status="PASS" signature="teardown()[pri:0, instance:maintest.FullFlow@f777e8]" name="teardown" is-config="true" duration-ms="689" started-at="2018-11-12T12:51:32Z" finished-at="2018-11-12T12:51:33Z">
          <reporter-output>
          </reporter-output>
        </test-method> <!-- teardown -->
        <test-method status="PASS" signature="afterSuite()[pri:0, instance:maintest.FullFlow@f777e8]" name="afterSuite" is-config="true" duration-ms="719" started-at="2018-11-12T12:51:33Z" finished-at="2018-11-12T12:51:34Z">
          <reporter-output>
          </reporter-output>
        </test-method> <!-- afterSuite -->
      </class> <!-- maintest.FullFlow -->
    </test> <!-- Default test -->
  </suite> <!-- Default suite -->
</testng-results>
