<?xml version="1.0" encoding="UTF-8"?>
<testng-results skipped="0" failed="0" total="2" passed="2">
  <reporter-output>
    <line>
      <![CDATA[About to begin executing Test Default test]]>
    </line>
    <line>
      <![CDATA[Test Method resides in maintest2.Basic]]>
    </line>
    <line>
      <![CDATA[Test Status: Pass]]>
    </line>
    <line>
      <![CDATA[Test Method resides in maintest2.Basic]]>
    </line>
    <line>
      <![CDATA[Test Status: Pass]]>
    </line>
    <line>
      <![CDATA[Completed executing test Default test]]>
    </line>
  </reporter-output>
  <suite name="Default suite" duration-ms="51663" started-at="2018-10-19T12:36:08Z" finished-at="2018-10-19T12:36:59Z">
    <groups>
    </groups>
    <test name="Default test" duration-ms="51663" started-at="2018-10-19T12:36:08Z" finished-at="2018-10-19T12:36:59Z">
      <class name="maintest2.Basic">
        <test-method status="PASS" signature="beforeSuit()[pri:0, instance:maintest2.Basic@4edc67]" name="beforeSuit" is-config="true" duration-ms="147" started-at="2018-10-19T18:06:07Z" finished-at="2018-10-19T18:06:08Z">
          <reporter-output>
          </reporter-output>
        </test-method> <!-- beforeSuit -->
        <test-method status="PASS" signature="beforetest()[pri:0, instance:maintest2.Basic@4edc67]" name="beforetest" is-config="true" duration-ms="4307" started-at="2018-10-19T18:06:08Z" finished-at="2018-10-19T18:06:12Z">
          <reporter-output>
          </reporter-output>
        </test-method> <!-- beforetest -->
        <test-method status="PASS" signature="setup(java.lang.reflect.Method)[pri:0, instance:maintest2.Basic@4edc67]" name="setup" is-config="true" duration-ms="22" started-at="2018-10-19T18:06:12Z" finished-at="2018-10-19T18:06:12Z">
          <params>
            <param index="0">
              <value>
                <![CDATA[public void maintest2.Basic.Login() throws java.lang.Exception]]>
              </value>
            </param>
          </params>
          <reporter-output>
          </reporter-output>
        </test-method> <!-- setup -->
        <test-method status="PASS" signature="Login()[pri:0, instance:maintest2.Basic@4edc67]" name="Login" duration-ms="8302" started-at="2018-10-19T18:06:12Z" finished-at="2018-10-19T18:06:20Z">
          <reporter-output>
            <line>
              <![CDATA[Test Method resides in maintest2.Basic]]>
            </line>
            <line>
              <![CDATA[Test Status: Pass]]>
            </line>
          </reporter-output>
        </test-method> <!-- Login -->
        <test-method status="PASS" signature="tearDown(org.testng.ITestResult, java.lang.reflect.Method)[pri:0, instance:maintest2.Basic@4edc67]" name="tearDown" is-config="true" duration-ms="0" started-at="2018-10-19T18:06:20Z" finished-at="2018-10-19T18:06:20Z">
          <params>
            <param index="0">
              <value>
                <![CDATA[[TestResult name=Login status=SUCCESS method=Basic.Login()[pri:0, instance:maintest2.Basic@4edc67] output=Test Method resides in maintest2.Basic]]]>
              </value>
            </param>
            <param index="1">
              <value>
                <![CDATA[public void maintest2.Basic.Login() throws java.lang.Exception]]>
              </value>
            </param>
          </params>
          <reporter-output>
          </reporter-output>
        </test-method> <!-- tearDown -->
        <test-method status="PASS" signature="dataEntry()[pri:0, instance:maintest2.Basic@4edc67]" name="dataEntry" duration-ms="39017" started-at="2018-10-19T18:06:20Z" finished-at="2018-10-19T18:06:59Z">
          <reporter-output>
            <line>
              <![CDATA[Test Method resides in maintest2.Basic]]>
            </line>
            <line>
              <![CDATA[Test Status: Pass]]>
            </line>
          </reporter-output>
        </test-method> <!-- dataEntry -->
        <test-method status="PASS" signature="setup(java.lang.reflect.Method)[pri:0, instance:maintest2.Basic@4edc67]" name="setup" is-config="true" duration-ms="0" started-at="2018-10-19T18:06:20Z" finished-at="2018-10-19T18:06:20Z">
          <params>
            <param index="0">
              <value>
                <![CDATA[public void maintest2.Basic.dataEntry() throws java.lang.Exception]]>
              </value>
            </param>
          </params>
          <reporter-output>
          </reporter-output>
        </test-method> <!-- setup -->
        <test-method status="PASS" signature="tearDown(org.testng.ITestResult, java.lang.reflect.Method)[pri:0, instance:maintest2.Basic@4edc67]" name="tearDown" is-config="true" duration-ms="0" started-at="2018-10-19T18:06:59Z" finished-at="2018-10-19T18:06:59Z">
          <params>
            <param index="0">
              <value>
                <![CDATA[[TestResult name=dataEntry status=SUCCESS method=Basic.dataEntry()[pri:0, instance:maintest2.Basic@4edc67] output=Test Method resides in maintest2.Basic]]]>
              </value>
            </param>
            <param index="1">
              <value>
                <![CDATA[public void maintest2.Basic.dataEntry() throws java.lang.Exception]]>
              </value>
            </param>
          </params>
          <reporter-output>
          </reporter-output>
        </test-method> <!-- tearDown -->
        <test-method status="PASS" signature="teardown()[pri:0, instance:maintest2.Basic@4edc67]" name="teardown" is-config="true" duration-ms="0" started-at="2018-10-19T18:06:59Z" finished-at="2018-10-19T18:06:59Z">
          <reporter-output>
          </reporter-output>
        </test-method> <!-- teardown -->
        <test-method status="PASS" signature="afterSuite()[pri:0, instance:maintest2.Basic@4edc67]" name="afterSuite" is-config="true" duration-ms="231" started-at="2018-10-19T18:06:59Z" finished-at="2018-10-19T18:07:00Z">
          <reporter-output>
          </reporter-output>
        </test-method> <!-- afterSuite -->
      </class> <!-- maintest2.Basic -->
    </test> <!-- Default test -->
  </suite> <!-- Default suite -->
</testng-results>
