<?xml version="1.0" encoding="UTF-8"?>
<testng-results skipped="0" failed="0" ignored="0" total="15" passed="15">
  <reporter-output>
    <line>
      <![CDATA[About to begin executing Test Default test]]>
    </line>
    <line>
      <![CDATA[Test Method resides in maintest.FullFlow]]>
    </line>
    <line>
      <![CDATA[Test Status: Pass]]>
    </line>
    <line>
      <![CDATA[Test Method resides in maintest.FullFlow]]>
    </line>
    <line>
      <![CDATA[Test Status: Pass]]>
    </line>
    <line>
      <![CDATA[Test Method resides in maintest.FullFlow]]>
    </line>
    <line>
      <![CDATA[Test Status: Pass]]>
    </line>
    <line>
      <![CDATA[Test Method resides in maintest.FullFlow]]>
    </line>
    <line>
      <![CDATA[Test Status: Pass]]>
    </line>
    <line>
      <![CDATA[Test Method resides in maintest.FullFlow]]>
    </line>
    <line>
      <![CDATA[Test Status: Pass]]>
    </line>
    <line>
      <![CDATA[Test Method resides in maintest.FullFlow]]>
    </line>
    <line>
      <![CDATA[Test Status: Pass]]>
    </line>
    <line>
      <![CDATA[Test Method resides in maintest.FullFlow]]>
    </line>
    <line>
      <![CDATA[Test Status: Pass]]>
    </line>
    <line>
      <![CDATA[Test Method resides in maintest.FullFlow]]>
    </line>
    <line>
      <![CDATA[Test Status: Pass]]>
    </line>
    <line>
      <![CDATA[Test Method resides in maintest.FullFlow]]>
    </line>
    <line>
      <![CDATA[Test Status: Pass]]>
    </line>
    <line>
      <![CDATA[Test Method resides in maintest.FullFlow]]>
    </line>
    <line>
      <![CDATA[Test Status: Pass]]>
    </line>
    <line>
      <![CDATA[Test Method resides in maintest.FullFlow]]>
    </line>
    <line>
      <![CDATA[Test Status: Pass]]>
    </line>
    <line>
      <![CDATA[Test Method resides in maintest.FullFlow]]>
    </line>
    <line>
      <![CDATA[Test Status: Pass]]>
    </line>
    <line>
      <![CDATA[Test Method resides in maintest.FullFlow]]>
    </line>
    <line>
      <![CDATA[Test Status: Pass]]>
    </line>
    <line>
      <![CDATA[Test Method resides in maintest.FullFlow]]>
    </line>
    <line>
      <![CDATA[Test Status: Pass]]>
    </line>
    <line>
      <![CDATA[Test Method resides in maintest.FullFlow]]>
    </line>
    <line>
      <![CDATA[Test Status: Pass]]>
    </line>
  </reporter-output>
  <suite name="Default suite" duration-ms="1434856" started-at="2018-10-29T12:16:44Z" finished-at="2018-10-29T12:40:39Z">
    <groups>
    </groups>
    <test name="Default test" duration-ms="1434856" started-at="2018-10-29T12:16:44Z" finished-at="2018-10-29T12:40:39Z">
      <class name="maintest.FullFlow">
        <test-method status="PASS" signature="beforeSuit()[pri:0, instance:maintest.FullFlow@ecd4b]" name="beforeSuit" is-config="true" duration-ms="140" started-at="2018-10-29T12:16:44Z" finished-at="2018-10-29T12:16:44Z">
          <reporter-output>
          </reporter-output>
        </test-method> <!-- beforeSuit -->
        <test-method status="PASS" signature="beforetest()[pri:0, instance:maintest.FullFlow@ecd4b]" name="beforetest" is-config="true" duration-ms="4376" started-at="2018-10-29T12:16:44Z" finished-at="2018-10-29T12:16:48Z">
          <reporter-output>
          </reporter-output>
        </test-method> <!-- beforetest -->
        <test-method status="PASS" signature="setup(java.lang.reflect.Method)[pri:0, instance:maintest.FullFlow@ecd4b]" name="setup" is-config="true" duration-ms="20" started-at="2018-10-29T12:16:48Z" finished-at="2018-10-29T12:16:48Z">
          <params>
            <param index="0">
              <value>
                <![CDATA[public void maintest.FullFlow.Login() throws java.lang.Exception]]>
              </value>
            </param>
          </params>
          <reporter-output>
          </reporter-output>
        </test-method> <!-- setup -->
        <test-method status="PASS" signature="Login()[pri:1, instance:maintest.FullFlow@ecd4b]" name="Login" duration-ms="11884" started-at="2018-10-29T12:16:48Z" finished-at="2018-10-29T12:17:00Z">
          <reporter-output>
            <line>
              <![CDATA[Test Method resides in maintest.FullFlow]]>
            </line>
            <line>
              <![CDATA[Test Status: Pass]]>
            </line>
          </reporter-output>
        </test-method> <!-- Login -->
        <test-method status="PASS" signature="tearDown(org.testng.ITestResult, java.lang.reflect.Method)[pri:0, instance:maintest.FullFlow@ecd4b]" name="tearDown" is-config="true" duration-ms="0" started-at="2018-10-29T12:17:00Z" finished-at="2018-10-29T12:17:00Z">
          <params>
            <param index="0">
              <value>
                <![CDATA[[TestResult name=Login status=SUCCESS method=FullFlow.Login()[pri:1, instance:maintest.FullFlow@ecd4b] output=Test Method resides in maintest.FullFlow]]]>
              </value>
            </param>
            <param index="1">
              <value>
                <![CDATA[public void maintest.FullFlow.Login() throws java.lang.Exception]]>
              </value>
            </param>
          </params>
          <reporter-output>
          </reporter-output>
        </test-method> <!-- tearDown -->
        <test-method status="PASS" signature="setup(java.lang.reflect.Method)[pri:0, instance:maintest.FullFlow@ecd4b]" name="setup" is-config="true" duration-ms="1" started-at="2018-10-29T12:17:00Z" finished-at="2018-10-29T12:17:00Z">
          <params>
            <param index="0">
              <value>
                <![CDATA[public void maintest.FullFlow.caseregistration() throws java.lang.Exception]]>
              </value>
            </param>
          </params>
          <reporter-output>
          </reporter-output>
        </test-method> <!-- setup -->
        <test-method status="PASS" signature="caseregistration()[pri:2, instance:maintest.FullFlow@ecd4b]" name="caseregistration" duration-ms="38584" started-at="2018-10-29T12:17:00Z" depends-on-methods="maintest.FullFlow.Login" finished-at="2018-10-29T12:17:39Z">
          <reporter-output>
            <line>
              <![CDATA[Test Method resides in maintest.FullFlow]]>
            </line>
            <line>
              <![CDATA[Test Status: Pass]]>
            </line>
          </reporter-output>
        </test-method> <!-- caseregistration -->
        <test-method status="PASS" signature="tearDown(org.testng.ITestResult, java.lang.reflect.Method)[pri:0, instance:maintest.FullFlow@ecd4b]" name="tearDown" is-config="true" duration-ms="15" started-at="2018-10-29T12:17:39Z" finished-at="2018-10-29T12:17:39Z">
          <params>
            <param index="0">
              <value>
                <![CDATA[[TestResult name=caseregistration status=SUCCESS method=FullFlow.caseregistration()[pri:2, instance:maintest.FullFlow@ecd4b] output=Test Method resides in maintest.FullFlow]]]>
              </value>
            </param>
            <param index="1">
              <value>
                <![CDATA[public void maintest.FullFlow.caseregistration() throws java.lang.Exception]]>
              </value>
            </param>
          </params>
          <reporter-output>
          </reporter-output>
        </test-method> <!-- tearDown -->
        <test-method status="PASS" signature="setup(java.lang.reflect.Method)[pri:0, instance:maintest.FullFlow@ecd4b]" name="setup" is-config="true" duration-ms="0" started-at="2018-10-29T12:17:39Z" finished-at="2018-10-29T12:17:39Z">
          <params>
            <param index="0">
              <value>
                <![CDATA[public void maintest.FullFlow.dataEntryAssign() throws java.lang.Exception]]>
              </value>
            </param>
          </params>
          <reporter-output>
          </reporter-output>
        </test-method> <!-- setup -->
        <test-method status="PASS" signature="dataEntryAssign()[pri:3, instance:maintest.FullFlow@ecd4b]" name="dataEntryAssign" duration-ms="97366" started-at="2018-10-29T12:17:39Z" depends-on-methods="maintest.FullFlow.caseregistration" finished-at="2018-10-29T12:19:16Z">
          <reporter-output>
            <line>
              <![CDATA[Test Method resides in maintest.FullFlow]]>
            </line>
            <line>
              <![CDATA[Test Status: Pass]]>
            </line>
          </reporter-output>
        </test-method> <!-- dataEntryAssign -->
        <test-method status="PASS" signature="tearDown(org.testng.ITestResult, java.lang.reflect.Method)[pri:0, instance:maintest.FullFlow@ecd4b]" name="tearDown" is-config="true" duration-ms="1" started-at="2018-10-29T12:19:16Z" finished-at="2018-10-29T12:19:16Z">
          <params>
            <param index="0">
              <value>
                <![CDATA[[TestResult name=dataEntryAssign status=SUCCESS method=FullFlow.dataEntryAssign()[pri:3, instance:maintest.FullFlow@ecd4b] output=Test Method resides in maintest.FullFlow]]]>
              </value>
            </param>
            <param index="1">
              <value>
                <![CDATA[public void maintest.FullFlow.dataEntryAssign() throws java.lang.Exception]]>
              </value>
            </param>
          </params>
          <reporter-output>
          </reporter-output>
        </test-method> <!-- tearDown -->
        <test-method status="PASS" signature="setup(java.lang.reflect.Method)[pri:0, instance:maintest.FullFlow@ecd4b]" name="setup" is-config="true" duration-ms="0" started-at="2018-10-29T12:19:16Z" finished-at="2018-10-29T12:19:16Z">
          <params>
            <param index="0">
              <value>
                <![CDATA[public void maintest.FullFlow.dataEntry() throws java.lang.Exception]]>
              </value>
            </param>
          </params>
          <reporter-output>
          </reporter-output>
        </test-method> <!-- setup -->
        <test-method status="PASS" signature="dataEntry()[pri:4, instance:maintest.FullFlow@ecd4b]" name="dataEntry" duration-ms="825752" started-at="2018-10-29T12:19:16Z" depends-on-methods="maintest.FullFlow.dataEntryAssign" finished-at="2018-10-29T12:33:02Z">
          <reporter-output>
            <line>
              <![CDATA[Test Method resides in maintest.FullFlow]]>
            </line>
            <line>
              <![CDATA[Test Status: Pass]]>
            </line>
          </reporter-output>
        </test-method> <!-- dataEntry -->
        <test-method status="PASS" signature="dataEntryQCAssign()[pri:5, instance:maintest.FullFlow@ecd4b]" name="dataEntryQCAssign" duration-ms="84690" started-at="2018-10-29T12:33:02Z" depends-on-methods="maintest.FullFlow.dataEntry" finished-at="2018-10-29T12:34:27Z">
          <reporter-output>
            <line>
              <![CDATA[Test Method resides in maintest.FullFlow]]>
            </line>
            <line>
              <![CDATA[Test Status: Pass]]>
            </line>
          </reporter-output>
        </test-method> <!-- dataEntryQCAssign -->
        <test-method status="PASS" signature="tearDown(org.testng.ITestResult, java.lang.reflect.Method)[pri:0, instance:maintest.FullFlow@ecd4b]" name="tearDown" is-config="true" duration-ms="0" started-at="2018-10-29T12:33:02Z" finished-at="2018-10-29T12:33:02Z">
          <params>
            <param index="0">
              <value>
                <![CDATA[[TestResult name=dataEntry status=SUCCESS method=FullFlow.dataEntry()[pri:4, instance:maintest.FullFlow@ecd4b] output=Test Method resides in maintest.FullFlow]]]>
              </value>
            </param>
            <param index="1">
              <value>
                <![CDATA[public void maintest.FullFlow.dataEntry() throws java.lang.Exception]]>
              </value>
            </param>
          </params>
          <reporter-output>
          </reporter-output>
        </test-method> <!-- tearDown -->
        <test-method status="PASS" signature="setup(java.lang.reflect.Method)[pri:0, instance:maintest.FullFlow@ecd4b]" name="setup" is-config="true" duration-ms="0" started-at="2018-10-29T12:33:02Z" finished-at="2018-10-29T12:33:02Z">
          <params>
            <param index="0">
              <value>
                <![CDATA[public void maintest.FullFlow.dataEntryQCAssign() throws java.lang.Exception]]>
              </value>
            </param>
          </params>
          <reporter-output>
          </reporter-output>
        </test-method> <!-- setup -->
        <test-method status="PASS" signature="setup(java.lang.reflect.Method)[pri:0, instance:maintest.FullFlow@ecd4b]" name="setup" is-config="true" duration-ms="0" started-at="2018-10-29T12:34:27Z" finished-at="2018-10-29T12:34:27Z">
          <params>
            <param index="0">
              <value>
                <![CDATA[public void maintest.FullFlow.AddressDEQC() throws java.lang.Exception]]>
              </value>
            </param>
          </params>
          <reporter-output>
          </reporter-output>
        </test-method> <!-- setup -->
        <test-method status="PASS" signature="tearDown(org.testng.ITestResult, java.lang.reflect.Method)[pri:0, instance:maintest.FullFlow@ecd4b]" name="tearDown" is-config="true" duration-ms="0" started-at="2018-10-29T12:34:27Z" finished-at="2018-10-29T12:34:27Z">
          <params>
            <param index="0">
              <value>
                <![CDATA[[TestResult name=dataEntryQCAssign status=SUCCESS method=FullFlow.dataEntryQCAssign()[pri:5, instance:maintest.FullFlow@ecd4b] output=Test Method resides in maintest.FullFlow]]]>
              </value>
            </param>
            <param index="1">
              <value>
                <![CDATA[public void maintest.FullFlow.dataEntryQCAssign() throws java.lang.Exception]]>
              </value>
            </param>
          </params>
          <reporter-output>
          </reporter-output>
        </test-method> <!-- tearDown -->
        <test-method status="PASS" signature="AddressDEQC()[pri:6, instance:maintest.FullFlow@ecd4b]" name="AddressDEQC" duration-ms="84109" started-at="2018-10-29T12:34:27Z" depends-on-methods="maintest.FullFlow.dataEntryQCAssign" finished-at="2018-10-29T12:35:51Z">
          <reporter-output>
            <line>
              <![CDATA[Test Method resides in maintest.FullFlow]]>
            </line>
            <line>
              <![CDATA[Test Status: Pass]]>
            </line>
          </reporter-output>
        </test-method> <!-- AddressDEQC -->
        <test-method status="PASS" signature="tearDown(org.testng.ITestResult, java.lang.reflect.Method)[pri:0, instance:maintest.FullFlow@ecd4b]" name="tearDown" is-config="true" duration-ms="1" started-at="2018-10-29T12:35:51Z" finished-at="2018-10-29T12:35:51Z">
          <params>
            <param index="0">
              <value>
                <![CDATA[[TestResult name=AddressDEQC status=SUCCESS method=FullFlow.AddressDEQC()[pri:6, instance:maintest.FullFlow@ecd4b] output=Test Method resides in maintest.FullFlow]]]>
              </value>
            </param>
            <param index="1">
              <value>
                <![CDATA[public void maintest.FullFlow.AddressDEQC() throws java.lang.Exception]]>
              </value>
            </param>
          </params>
          <reporter-output>
          </reporter-output>
        </test-method> <!-- tearDown -->
        <test-method status="PASS" signature="setup(java.lang.reflect.Method)[pri:0, instance:maintest.FullFlow@ecd4b]" name="setup" is-config="true" duration-ms="0" started-at="2018-10-29T12:35:51Z" finished-at="2018-10-29T12:35:51Z">
          <params>
            <param index="0">
              <value>
                <![CDATA[public void maintest.FullFlow.EducationDEQC() throws java.lang.Exception]]>
              </value>
            </param>
          </params>
          <reporter-output>
          </reporter-output>
        </test-method> <!-- setup -->
        <test-method status="PASS" signature="EducationDEQC()[pri:7, instance:maintest.FullFlow@ecd4b]" name="EducationDEQC" duration-ms="80889" started-at="2018-10-29T12:35:51Z" depends-on-methods="maintest.FullFlow.dataEntryQCAssign" finished-at="2018-10-29T12:37:12Z">
          <reporter-output>
            <line>
              <![CDATA[Test Method resides in maintest.FullFlow]]>
            </line>
            <line>
              <![CDATA[Test Status: Pass]]>
            </line>
          </reporter-output>
        </test-method> <!-- EducationDEQC -->
        <test-method status="PASS" signature="tearDown(org.testng.ITestResult, java.lang.reflect.Method)[pri:0, instance:maintest.FullFlow@ecd4b]" name="tearDown" is-config="true" duration-ms="0" started-at="2018-10-29T12:37:12Z" finished-at="2018-10-29T12:37:12Z">
          <params>
            <param index="0">
              <value>
                <![CDATA[[TestResult name=EducationDEQC status=SUCCESS method=FullFlow.EducationDEQC()[pri:7, instance:maintest.FullFlow@ecd4b] output=Test Method resides in maintest.FullFlow]]]>
              </value>
            </param>
            <param index="1">
              <value>
                <![CDATA[public void maintest.FullFlow.EducationDEQC() throws java.lang.Exception]]>
              </value>
            </param>
          </params>
          <reporter-output>
          </reporter-output>
        </test-method> <!-- tearDown -->
        <test-method status="PASS" signature="setup(java.lang.reflect.Method)[pri:0, instance:maintest.FullFlow@ecd4b]" name="setup" is-config="true" duration-ms="1" started-at="2018-10-29T12:37:12Z" finished-at="2018-10-29T12:37:12Z">
          <params>
            <param index="0">
              <value>
                <![CDATA[public void maintest.FullFlow.EmploymentDEQC() throws java.lang.Exception]]>
              </value>
            </param>
          </params>
          <reporter-output>
          </reporter-output>
        </test-method> <!-- setup -->
        <test-method status="PASS" signature="EmploymentDEQC()[pri:8, instance:maintest.FullFlow@ecd4b]" name="EmploymentDEQC" duration-ms="62154" started-at="2018-10-29T12:37:12Z" depends-on-methods="maintest.FullFlow.dataEntryQCAssign" finished-at="2018-10-29T12:38:14Z">
          <reporter-output>
            <line>
              <![CDATA[Test Method resides in maintest.FullFlow]]>
            </line>
            <line>
              <![CDATA[Test Status: Pass]]>
            </line>
          </reporter-output>
        </test-method> <!-- EmploymentDEQC -->
        <test-method status="PASS" signature="tearDown(org.testng.ITestResult, java.lang.reflect.Method)[pri:0, instance:maintest.FullFlow@ecd4b]" name="tearDown" is-config="true" duration-ms="1" started-at="2018-10-29T12:38:14Z" finished-at="2018-10-29T12:38:14Z">
          <params>
            <param index="0">
              <value>
                <![CDATA[[TestResult name=EmploymentDEQC status=SUCCESS method=FullFlow.EmploymentDEQC()[pri:8, instance:maintest.FullFlow@ecd4b] output=Test Method resides in maintest.FullFlow]]]>
              </value>
            </param>
            <param index="1">
              <value>
                <![CDATA[public void maintest.FullFlow.EmploymentDEQC() throws java.lang.Exception]]>
              </value>
            </param>
          </params>
          <reporter-output>
          </reporter-output>
        </test-method> <!-- tearDown -->
        <test-method status="PASS" signature="setup(java.lang.reflect.Method)[pri:0, instance:maintest.FullFlow@ecd4b]" name="setup" is-config="true" duration-ms="0" started-at="2018-10-29T12:38:14Z" finished-at="2018-10-29T12:38:14Z">
          <params>
            <param index="0">
              <value>
                <![CDATA[public void maintest.FullFlow.ReferenceDEQC() throws java.lang.Exception]]>
              </value>
            </param>
          </params>
          <reporter-output>
          </reporter-output>
        </test-method> <!-- setup -->
        <test-method status="PASS" signature="ReferenceDEQC()[pri:9, instance:maintest.FullFlow@ecd4b]" name="ReferenceDEQC" duration-ms="13379" started-at="2018-10-29T12:38:14Z" depends-on-methods="maintest.FullFlow.dataEntryQCAssign" finished-at="2018-10-29T12:38:27Z">
          <reporter-output>
            <line>
              <![CDATA[Test Method resides in maintest.FullFlow]]>
            </line>
            <line>
              <![CDATA[Test Status: Pass]]>
            </line>
          </reporter-output>
        </test-method> <!-- ReferenceDEQC -->
        <test-method status="PASS" signature="tearDown(org.testng.ITestResult, java.lang.reflect.Method)[pri:0, instance:maintest.FullFlow@ecd4b]" name="tearDown" is-config="true" duration-ms="1" started-at="2018-10-29T12:38:27Z" finished-at="2018-10-29T12:38:27Z">
          <params>
            <param index="0">
              <value>
                <![CDATA[[TestResult name=ReferenceDEQC status=SUCCESS method=FullFlow.ReferenceDEQC()[pri:9, instance:maintest.FullFlow@ecd4b] output=Test Method resides in maintest.FullFlow]]]>
              </value>
            </param>
            <param index="1">
              <value>
                <![CDATA[public void maintest.FullFlow.ReferenceDEQC() throws java.lang.Exception]]>
              </value>
            </param>
          </params>
          <reporter-output>
          </reporter-output>
        </test-method> <!-- tearDown -->
        <test-method status="PASS" signature="setup(java.lang.reflect.Method)[pri:0, instance:maintest.FullFlow@ecd4b]" name="setup" is-config="true" duration-ms="1" started-at="2018-10-29T12:38:27Z" finished-at="2018-10-29T12:38:27Z">
          <params>
            <param index="0">
              <value>
                <![CDATA[public void maintest.FullFlow.DataBaseDEQC() throws java.lang.Exception]]>
              </value>
            </param>
          </params>
          <reporter-output>
          </reporter-output>
        </test-method> <!-- setup -->
        <test-method status="PASS" signature="DataBaseDEQC()[pri:10, instance:maintest.FullFlow@ecd4b]" name="DataBaseDEQC" duration-ms="13278" started-at="2018-10-29T12:38:27Z" depends-on-methods="maintest.FullFlow.dataEntryQCAssign" finished-at="2018-10-29T12:38:40Z">
          <reporter-output>
            <line>
              <![CDATA[Test Method resides in maintest.FullFlow]]>
            </line>
            <line>
              <![CDATA[Test Status: Pass]]>
            </line>
          </reporter-output>
        </test-method> <!-- DataBaseDEQC -->
        <test-method status="PASS" signature="tearDown(org.testng.ITestResult, java.lang.reflect.Method)[pri:0, instance:maintest.FullFlow@ecd4b]" name="tearDown" is-config="true" duration-ms="1" started-at="2018-10-29T12:38:40Z" finished-at="2018-10-29T12:38:40Z">
          <params>
            <param index="0">
              <value>
                <![CDATA[[TestResult name=DataBaseDEQC status=SUCCESS method=FullFlow.DataBaseDEQC()[pri:10, instance:maintest.FullFlow@ecd4b] output=Test Method resides in maintest.FullFlow]]]>
              </value>
            </param>
            <param index="1">
              <value>
                <![CDATA[public void maintest.FullFlow.DataBaseDEQC() throws java.lang.Exception]]>
              </value>
            </param>
          </params>
          <reporter-output>
          </reporter-output>
        </test-method> <!-- tearDown -->
        <test-method status="PASS" signature="CriminalDEQC()[pri:11, instance:maintest.FullFlow@ecd4b]" name="CriminalDEQC" duration-ms="32047" started-at="2018-10-29T12:38:40Z" depends-on-methods="maintest.FullFlow.dataEntryQCAssign" finished-at="2018-10-29T12:39:12Z">
          <reporter-output>
            <line>
              <![CDATA[Test Method resides in maintest.FullFlow]]>
            </line>
            <line>
              <![CDATA[Test Status: Pass]]>
            </line>
          </reporter-output>
        </test-method> <!-- CriminalDEQC -->
        <test-method status="PASS" signature="setup(java.lang.reflect.Method)[pri:0, instance:maintest.FullFlow@ecd4b]" name="setup" is-config="true" duration-ms="0" started-at="2018-10-29T12:38:40Z" finished-at="2018-10-29T12:38:40Z">
          <params>
            <param index="0">
              <value>
                <![CDATA[public void maintest.FullFlow.CriminalDEQC() throws java.lang.Exception]]>
              </value>
            </param>
          </params>
          <reporter-output>
          </reporter-output>
        </test-method> <!-- setup -->
        <test-method status="PASS" signature="tearDown(org.testng.ITestResult, java.lang.reflect.Method)[pri:0, instance:maintest.FullFlow@ecd4b]" name="tearDown" is-config="true" duration-ms="1" started-at="2018-10-29T12:39:12Z" finished-at="2018-10-29T12:39:12Z">
          <params>
            <param index="0">
              <value>
                <![CDATA[[TestResult name=CriminalDEQC status=SUCCESS method=FullFlow.CriminalDEQC()[pri:11, instance:maintest.FullFlow@ecd4b] output=Test Method resides in maintest.FullFlow]]]>
              </value>
            </param>
            <param index="1">
              <value>
                <![CDATA[public void maintest.FullFlow.CriminalDEQC() throws java.lang.Exception]]>
              </value>
            </param>
          </params>
          <reporter-output>
          </reporter-output>
        </test-method> <!-- tearDown -->
        <test-method status="PASS" signature="CreditDEQC()[pri:12, instance:maintest.FullFlow@ecd4b]" name="CreditDEQC" duration-ms="11921" started-at="2018-10-29T12:39:12Z" depends-on-methods="maintest.FullFlow.dataEntryQCAssign" finished-at="2018-10-29T12:39:24Z">
          <reporter-output>
            <line>
              <![CDATA[Test Method resides in maintest.FullFlow]]>
            </line>
            <line>
              <![CDATA[Test Status: Pass]]>
            </line>
          </reporter-output>
        </test-method> <!-- CreditDEQC -->
        <test-method status="PASS" signature="setup(java.lang.reflect.Method)[pri:0, instance:maintest.FullFlow@ecd4b]" name="setup" is-config="true" duration-ms="0" started-at="2018-10-29T12:39:12Z" finished-at="2018-10-29T12:39:12Z">
          <params>
            <param index="0">
              <value>
                <![CDATA[public void maintest.FullFlow.CreditDEQC() throws java.lang.Exception]]>
              </value>
            </param>
          </params>
          <reporter-output>
          </reporter-output>
        </test-method> <!-- setup -->
        <test-method status="PASS" signature="tearDown(org.testng.ITestResult, java.lang.reflect.Method)[pri:0, instance:maintest.FullFlow@ecd4b]" name="tearDown" is-config="true" duration-ms="1" started-at="2018-10-29T12:39:24Z" finished-at="2018-10-29T12:39:24Z">
          <params>
            <param index="0">
              <value>
                <![CDATA[[TestResult name=CreditDEQC status=SUCCESS method=FullFlow.CreditDEQC()[pri:12, instance:maintest.FullFlow@ecd4b] output=Test Method resides in maintest.FullFlow]]]>
              </value>
            </param>
            <param index="1">
              <value>
                <![CDATA[public void maintest.FullFlow.CreditDEQC() throws java.lang.Exception]]>
              </value>
            </param>
          </params>
          <reporter-output>
          </reporter-output>
        </test-method> <!-- tearDown -->
        <test-method status="PASS" signature="setup(java.lang.reflect.Method)[pri:0, instance:maintest.FullFlow@ecd4b]" name="setup" is-config="true" duration-ms="0" started-at="2018-10-29T12:39:24Z" finished-at="2018-10-29T12:39:24Z">
          <params>
            <param index="0">
              <value>
                <![CDATA[public void maintest.FullFlow.CourtDEQC() throws java.lang.Exception]]>
              </value>
            </param>
          </params>
          <reporter-output>
          </reporter-output>
        </test-method> <!-- setup -->
        <test-method status="PASS" signature="CourtDEQC()[pri:13, instance:maintest.FullFlow@ecd4b]" name="CourtDEQC" duration-ms="31258" started-at="2018-10-29T12:39:24Z" depends-on-methods="maintest.FullFlow.dataEntryQCAssign" finished-at="2018-10-29T12:39:56Z">
          <reporter-output>
            <line>
              <![CDATA[Test Method resides in maintest.FullFlow]]>
            </line>
            <line>
              <![CDATA[Test Status: Pass]]>
            </line>
          </reporter-output>
        </test-method> <!-- CourtDEQC -->
        <test-method status="PASS" signature="tearDown(org.testng.ITestResult, java.lang.reflect.Method)[pri:0, instance:maintest.FullFlow@ecd4b]" name="tearDown" is-config="true" duration-ms="0" started-at="2018-10-29T12:39:56Z" finished-at="2018-10-29T12:39:56Z">
          <params>
            <param index="0">
              <value>
                <![CDATA[[TestResult name=CourtDEQC status=SUCCESS method=FullFlow.CourtDEQC()[pri:13, instance:maintest.FullFlow@ecd4b] output=Test Method resides in maintest.FullFlow]]]>
              </value>
            </param>
            <param index="1">
              <value>
                <![CDATA[public void maintest.FullFlow.CourtDEQC() throws java.lang.Exception]]>
              </value>
            </param>
          </params>
          <reporter-output>
          </reporter-output>
        </test-method> <!-- tearDown -->
        <test-method status="PASS" signature="setup(java.lang.reflect.Method)[pri:0, instance:maintest.FullFlow@ecd4b]" name="setup" is-config="true" duration-ms="1" started-at="2018-10-29T12:39:56Z" finished-at="2018-10-29T12:39:56Z">
          <params>
            <param index="0">
              <value>
                <![CDATA[public void maintest.FullFlow.IdDEQC() throws java.lang.Exception]]>
              </value>
            </param>
          </params>
          <reporter-output>
          </reporter-output>
        </test-method> <!-- setup -->
        <test-method status="PASS" signature="IdDEQC()[pri:14, instance:maintest.FullFlow@ecd4b]" name="IdDEQC" duration-ms="27379" started-at="2018-10-29T12:39:56Z" depends-on-methods="maintest.FullFlow.dataEntryQCAssign" finished-at="2018-10-29T12:40:23Z">
          <reporter-output>
            <line>
              <![CDATA[Test Method resides in maintest.FullFlow]]>
            </line>
            <line>
              <![CDATA[Test Status: Pass]]>
            </line>
          </reporter-output>
        </test-method> <!-- IdDEQC -->
        <test-method status="PASS" signature="tearDown(org.testng.ITestResult, java.lang.reflect.Method)[pri:0, instance:maintest.FullFlow@ecd4b]" name="tearDown" is-config="true" duration-ms="1" started-at="2018-10-29T12:40:23Z" finished-at="2018-10-29T12:40:23Z">
          <params>
            <param index="0">
              <value>
                <![CDATA[[TestResult name=IdDEQC status=SUCCESS method=FullFlow.IdDEQC()[pri:14, instance:maintest.FullFlow@ecd4b] output=Test Method resides in maintest.FullFlow]]]>
              </value>
            </param>
            <param index="1">
              <value>
                <![CDATA[public void maintest.FullFlow.IdDEQC() throws java.lang.Exception]]>
              </value>
            </param>
          </params>
          <reporter-output>
          </reporter-output>
        </test-method> <!-- tearDown -->
        <test-method status="PASS" signature="setup(java.lang.reflect.Method)[pri:0, instance:maintest.FullFlow@ecd4b]" name="setup" is-config="true" duration-ms="0" started-at="2018-10-29T12:40:23Z" finished-at="2018-10-29T12:40:23Z">
          <params>
            <param index="0">
              <value>
                <![CDATA[public void maintest.FullFlow.VerificationSupervisor() throws java.lang.Exception]]>
              </value>
            </param>
          </params>
          <reporter-output>
          </reporter-output>
        </test-method> <!-- setup -->
        <test-method status="PASS" signature="VerificationSupervisor()[pri:15, instance:maintest.FullFlow@ecd4b]" name="VerificationSupervisor" duration-ms="14972" started-at="2018-10-29T12:40:23Z" depends-on-methods="maintest.FullFlow.IdDEQC" finished-at="2018-10-29T12:40:38Z">
          <reporter-output>
            <line>
              <![CDATA[Test Method resides in maintest.FullFlow]]>
            </line>
            <line>
              <![CDATA[Test Status: Pass]]>
            </line>
          </reporter-output>
        </test-method> <!-- VerificationSupervisor -->
        <test-method status="PASS" signature="tearDown(org.testng.ITestResult, java.lang.reflect.Method)[pri:0, instance:maintest.FullFlow@ecd4b]" name="tearDown" is-config="true" duration-ms="15" started-at="2018-10-29T12:40:38Z" finished-at="2018-10-29T12:40:38Z">
          <params>
            <param index="0">
              <value>
                <![CDATA[[TestResult name=VerificationSupervisor status=SUCCESS method=FullFlow.VerificationSupervisor()[pri:15, instance:maintest.FullFlow@ecd4b] output=Test Method resides in maintest.FullFlow]]]>
              </value>
            </param>
            <param index="1">
              <value>
                <![CDATA[public void maintest.FullFlow.VerificationSupervisor() throws java.lang.Exception]]>
              </value>
            </param>
          </params>
          <reporter-output>
          </reporter-output>
        </test-method> <!-- tearDown -->
        <test-method status="PASS" signature="teardown()[pri:0, instance:maintest.FullFlow@ecd4b]" name="teardown" is-config="true" duration-ms="673" started-at="2018-10-29T12:40:38Z" finished-at="2018-10-29T12:40:39Z">
          <reporter-output>
          </reporter-output>
        </test-method> <!-- teardown -->
        <test-method status="PASS" signature="afterSuite()[pri:0, instance:maintest.FullFlow@ecd4b]" name="afterSuite" is-config="true" duration-ms="312" started-at="2018-10-29T12:40:39Z" finished-at="2018-10-29T12:40:39Z">
          <reporter-output>
          </reporter-output>
        </test-method> <!-- afterSuite -->
      </class> <!-- maintest.FullFlow -->
    </test> <!-- Default test -->
  </suite> <!-- Default suite -->
</testng-results>
