<?xml version="1.0" encoding="UTF-8"?>
<testng-results skipped="0" failed="0" ignored="0" total="26" passed="26">
  <reporter-output>
    <line>
      <![CDATA[About to begin executing Test Default test]]>
    </line>
    <line>
      <![CDATA[Test Method resides in maintest.FullFlow]]>
    </line>
    <line>
      <![CDATA[Test Status: Pass]]>
    </line>
    <line>
      <![CDATA[Test Method resides in maintest.FullFlow]]>
    </line>
    <line>
      <![CDATA[Test Status: Pass]]>
    </line>
    <line>
      <![CDATA[Test Method resides in maintest.FullFlow]]>
    </line>
    <line>
      <![CDATA[Test Status: Pass]]>
    </line>
    <line>
      <![CDATA[Test Method resides in maintest.FullFlow]]>
    </line>
    <line>
      <![CDATA[Test Status: Pass]]>
    </line>
    <line>
      <![CDATA[Test Method resides in maintest.FullFlow]]>
    </line>
    <line>
      <![CDATA[Test Status: Pass]]>
    </line>
    <line>
      <![CDATA[Test Method resides in maintest.FullFlow]]>
    </line>
    <line>
      <![CDATA[Test Status: Pass]]>
    </line>
    <line>
      <![CDATA[Test Method resides in maintest.FullFlow]]>
    </line>
    <line>
      <![CDATA[Test Status: Pass]]>
    </line>
    <line>
      <![CDATA[Test Method resides in maintest.FullFlow]]>
    </line>
    <line>
      <![CDATA[Test Status: Pass]]>
    </line>
    <line>
      <![CDATA[Test Method resides in maintest.FullFlow]]>
    </line>
    <line>
      <![CDATA[Test Status: Pass]]>
    </line>
    <line>
      <![CDATA[Test Method resides in maintest.FullFlow]]>
    </line>
    <line>
      <![CDATA[Test Status: Pass]]>
    </line>
    <line>
      <![CDATA[Test Method resides in maintest.FullFlow]]>
    </line>
    <line>
      <![CDATA[Test Status: Pass]]>
    </line>
    <line>
      <![CDATA[Test Method resides in maintest.FullFlow]]>
    </line>
    <line>
      <![CDATA[Test Status: Pass]]>
    </line>
    <line>
      <![CDATA[Test Method resides in maintest.FullFlow]]>
    </line>
    <line>
      <![CDATA[Test Status: Pass]]>
    </line>
    <line>
      <![CDATA[Test Method resides in maintest.FullFlow]]>
    </line>
    <line>
      <![CDATA[Test Status: Pass]]>
    </line>
    <line>
      <![CDATA[Test Method resides in maintest.FullFlow]]>
    </line>
    <line>
      <![CDATA[Test Status: Pass]]>
    </line>
    <line>
      <![CDATA[Test Method resides in maintest.FullFlow]]>
    </line>
    <line>
      <![CDATA[Test Status: Pass]]>
    </line>
    <line>
      <![CDATA[Test Method resides in maintest.FullFlow]]>
    </line>
    <line>
      <![CDATA[Test Status: Pass]]>
    </line>
    <line>
      <![CDATA[Test Method resides in maintest.FullFlow]]>
    </line>
    <line>
      <![CDATA[Test Status: Pass]]>
    </line>
    <line>
      <![CDATA[Test Method resides in maintest.FullFlow]]>
    </line>
    <line>
      <![CDATA[Test Status: Pass]]>
    </line>
    <line>
      <![CDATA[Test Method resides in maintest.FullFlow]]>
    </line>
    <line>
      <![CDATA[Test Status: Pass]]>
    </line>
    <line>
      <![CDATA[Test Method resides in maintest.FullFlow]]>
    </line>
    <line>
      <![CDATA[Test Status: Pass]]>
    </line>
    <line>
      <![CDATA[Test Method resides in maintest.FullFlow]]>
    </line>
    <line>
      <![CDATA[Test Status: Pass]]>
    </line>
    <line>
      <![CDATA[Test Method resides in maintest.FullFlow]]>
    </line>
    <line>
      <![CDATA[Test Status: Pass]]>
    </line>
    <line>
      <![CDATA[Test Method resides in maintest.FullFlow]]>
    </line>
    <line>
      <![CDATA[Test Status: Pass]]>
    </line>
    <line>
      <![CDATA[Test Method resides in maintest.FullFlow]]>
    </line>
    <line>
      <![CDATA[Test Status: Pass]]>
    </line>
    <line>
      <![CDATA[Test Method resides in maintest.FullFlow]]>
    </line>
    <line>
      <![CDATA[Test Status: Pass]]>
    </line>
  </reporter-output>
  <suite name="Default suite" duration-ms="2326962" started-at="2018-11-01T08:03:33Z" finished-at="2018-11-01T08:42:20Z">
    <groups>
    </groups>
    <test name="Default test" duration-ms="2326962" started-at="2018-11-01T08:03:33Z" finished-at="2018-11-01T08:42:20Z">
      <class name="maintest.FullFlow">
        <test-method status="PASS" signature="beforeSuit()[pri:0, instance:maintest.FullFlow@ebc39e]" name="beforeSuit" is-config="true" duration-ms="187" started-at="2018-11-01T08:03:33Z" finished-at="2018-11-01T08:03:33Z">
          <reporter-output>
          </reporter-output>
        </test-method> <!-- beforeSuit -->
        <test-method status="PASS" signature="beforetest()[pri:0, instance:maintest.FullFlow@ebc39e]" name="beforetest" is-config="true" duration-ms="4476" started-at="2018-11-01T08:03:33Z" finished-at="2018-11-01T08:03:38Z">
          <reporter-output>
          </reporter-output>
        </test-method> <!-- beforetest -->
        <test-method status="PASS" signature="setup(java.lang.reflect.Method)[pri:0, instance:maintest.FullFlow@ebc39e]" name="setup" is-config="true" duration-ms="10" started-at="2018-11-01T08:03:38Z" finished-at="2018-11-01T08:03:38Z">
          <params>
            <param index="0">
              <value>
                <![CDATA[public void maintest.FullFlow.login() throws java.lang.Exception]]>
              </value>
            </param>
          </params>
          <reporter-output>
          </reporter-output>
        </test-method> <!-- setup -->
        <test-method status="PASS" signature="login()[pri:1, instance:maintest.FullFlow@ebc39e]" name="login" duration-ms="8877" started-at="2018-11-01T08:03:38Z" finished-at="2018-11-01T08:03:47Z">
          <reporter-output>
            <line>
              <![CDATA[Test Method resides in maintest.FullFlow]]>
            </line>
            <line>
              <![CDATA[Test Status: Pass]]>
            </line>
          </reporter-output>
        </test-method> <!-- login -->
        <test-method status="PASS" signature="tearDown(org.testng.ITestResult, java.lang.reflect.Method)[pri:0, instance:maintest.FullFlow@ebc39e]" name="tearDown" is-config="true" duration-ms="0" started-at="2018-11-01T08:03:47Z" finished-at="2018-11-01T08:03:47Z">
          <params>
            <param index="0">
              <value>
                <![CDATA[[TestResult name=login status=SUCCESS method=FullFlow.login()[pri:1, instance:maintest.FullFlow@ebc39e] output=Test Method resides in maintest.FullFlow]]]>
              </value>
            </param>
            <param index="1">
              <value>
                <![CDATA[public void maintest.FullFlow.login() throws java.lang.Exception]]>
              </value>
            </param>
          </params>
          <reporter-output>
          </reporter-output>
        </test-method> <!-- tearDown -->
        <test-method status="PASS" signature="caseregistration()[pri:2, instance:maintest.FullFlow@ebc39e]" name="caseregistration" duration-ms="35326" started-at="2018-11-01T08:03:47Z" depends-on-methods="maintest.FullFlow.login" finished-at="2018-11-01T08:04:22Z">
          <reporter-output>
            <line>
              <![CDATA[Test Method resides in maintest.FullFlow]]>
            </line>
            <line>
              <![CDATA[Test Status: Pass]]>
            </line>
          </reporter-output>
        </test-method> <!-- caseregistration -->
        <test-method status="PASS" signature="setup(java.lang.reflect.Method)[pri:0, instance:maintest.FullFlow@ebc39e]" name="setup" is-config="true" duration-ms="0" started-at="2018-11-01T08:03:47Z" finished-at="2018-11-01T08:03:47Z">
          <params>
            <param index="0">
              <value>
                <![CDATA[public void maintest.FullFlow.caseregistration() throws java.lang.Exception]]>
              </value>
            </param>
          </params>
          <reporter-output>
          </reporter-output>
        </test-method> <!-- setup -->
        <test-method status="PASS" signature="tearDown(org.testng.ITestResult, java.lang.reflect.Method)[pri:0, instance:maintest.FullFlow@ebc39e]" name="tearDown" is-config="true" duration-ms="0" started-at="2018-11-01T08:04:22Z" finished-at="2018-11-01T08:04:22Z">
          <params>
            <param index="0">
              <value>
                <![CDATA[[TestResult name=caseregistration status=SUCCESS method=FullFlow.caseregistration()[pri:2, instance:maintest.FullFlow@ebc39e] output=Test Method resides in maintest.FullFlow]]]>
              </value>
            </param>
            <param index="1">
              <value>
                <![CDATA[public void maintest.FullFlow.caseregistration() throws java.lang.Exception]]>
              </value>
            </param>
          </params>
          <reporter-output>
          </reporter-output>
        </test-method> <!-- tearDown -->
        <test-method status="PASS" signature="dataEntryAssign()[pri:3, instance:maintest.FullFlow@ebc39e]" name="dataEntryAssign" duration-ms="90319" started-at="2018-11-01T08:04:22Z" depends-on-methods="maintest.FullFlow.caseregistration" finished-at="2018-11-01T08:05:52Z">
          <reporter-output>
            <line>
              <![CDATA[Test Method resides in maintest.FullFlow]]>
            </line>
            <line>
              <![CDATA[Test Status: Pass]]>
            </line>
          </reporter-output>
        </test-method> <!-- dataEntryAssign -->
        <test-method status="PASS" signature="setup(java.lang.reflect.Method)[pri:0, instance:maintest.FullFlow@ebc39e]" name="setup" is-config="true" duration-ms="0" started-at="2018-11-01T08:04:22Z" finished-at="2018-11-01T08:04:22Z">
          <params>
            <param index="0">
              <value>
                <![CDATA[public void maintest.FullFlow.dataEntryAssign() throws java.lang.Exception]]>
              </value>
            </param>
          </params>
          <reporter-output>
          </reporter-output>
        </test-method> <!-- setup -->
        <test-method status="PASS" signature="setup(java.lang.reflect.Method)[pri:0, instance:maintest.FullFlow@ebc39e]" name="setup" is-config="true" duration-ms="0" started-at="2018-11-01T08:05:53Z" finished-at="2018-11-01T08:05:53Z">
          <params>
            <param index="0">
              <value>
                <![CDATA[public void maintest.FullFlow.dataEntry() throws java.lang.Exception]]>
              </value>
            </param>
          </params>
          <reporter-output>
          </reporter-output>
        </test-method> <!-- setup -->
        <test-method status="PASS" signature="dataEntry()[pri:4, instance:maintest.FullFlow@ebc39e]" name="dataEntry" duration-ms="483017" started-at="2018-11-01T08:05:53Z" depends-on-methods="maintest.FullFlow.dataEntryAssign" finished-at="2018-11-01T08:13:56Z">
          <reporter-output>
            <line>
              <![CDATA[Test Method resides in maintest.FullFlow]]>
            </line>
            <line>
              <![CDATA[Test Status: Pass]]>
            </line>
          </reporter-output>
        </test-method> <!-- dataEntry -->
        <test-method status="PASS" signature="tearDown(org.testng.ITestResult, java.lang.reflect.Method)[pri:0, instance:maintest.FullFlow@ebc39e]" name="tearDown" is-config="true" duration-ms="0" started-at="2018-11-01T08:05:53Z" finished-at="2018-11-01T08:05:53Z">
          <params>
            <param index="0">
              <value>
                <![CDATA[[TestResult name=dataEntryAssign status=SUCCESS method=FullFlow.dataEntryAssign()[pri:3, instance:maintest.FullFlow@ebc39e] output=Test Method resides in maintest.FullFlow]]]>
              </value>
            </param>
            <param index="1">
              <value>
                <![CDATA[public void maintest.FullFlow.dataEntryAssign() throws java.lang.Exception]]>
              </value>
            </param>
          </params>
          <reporter-output>
          </reporter-output>
        </test-method> <!-- tearDown -->
        <test-method status="PASS" signature="tearDown(org.testng.ITestResult, java.lang.reflect.Method)[pri:0, instance:maintest.FullFlow@ebc39e]" name="tearDown" is-config="true" duration-ms="1" started-at="2018-11-01T08:13:56Z" finished-at="2018-11-01T08:13:56Z">
          <params>
            <param index="0">
              <value>
                <![CDATA[[TestResult name=dataEntry status=SUCCESS method=FullFlow.dataEntry()[pri:4, instance:maintest.FullFlow@ebc39e] output=Test Method resides in maintest.FullFlow]]]>
              </value>
            </param>
            <param index="1">
              <value>
                <![CDATA[public void maintest.FullFlow.dataEntry() throws java.lang.Exception]]>
              </value>
            </param>
          </params>
          <reporter-output>
          </reporter-output>
        </test-method> <!-- tearDown -->
        <test-method status="PASS" signature="setup(java.lang.reflect.Method)[pri:0, instance:maintest.FullFlow@ebc39e]" name="setup" is-config="true" duration-ms="1" started-at="2018-11-01T08:13:56Z" finished-at="2018-11-01T08:13:56Z">
          <params>
            <param index="0">
              <value>
                <![CDATA[public void maintest.FullFlow.dataEntryQCAssign() throws java.lang.Exception]]>
              </value>
            </param>
          </params>
          <reporter-output>
          </reporter-output>
        </test-method> <!-- setup -->
        <test-method status="PASS" signature="dataEntryQCAssign()[pri:5, instance:maintest.FullFlow@ebc39e]" name="dataEntryQCAssign" duration-ms="66251" started-at="2018-11-01T08:13:56Z" depends-on-methods="maintest.FullFlow.dataEntry" finished-at="2018-11-01T08:15:02Z">
          <reporter-output>
            <line>
              <![CDATA[Test Method resides in maintest.FullFlow]]>
            </line>
            <line>
              <![CDATA[Test Status: Pass]]>
            </line>
          </reporter-output>
        </test-method> <!-- dataEntryQCAssign -->
        <test-method status="PASS" signature="setup(java.lang.reflect.Method)[pri:0, instance:maintest.FullFlow@ebc39e]" name="setup" is-config="true" duration-ms="0" started-at="2018-11-01T08:15:02Z" finished-at="2018-11-01T08:15:02Z">
          <params>
            <param index="0">
              <value>
                <![CDATA[public void maintest.FullFlow.AddressDEQC() throws java.lang.Exception]]>
              </value>
            </param>
          </params>
          <reporter-output>
          </reporter-output>
        </test-method> <!-- setup -->
        <test-method status="PASS" signature="tearDown(org.testng.ITestResult, java.lang.reflect.Method)[pri:0, instance:maintest.FullFlow@ebc39e]" name="tearDown" is-config="true" duration-ms="0" started-at="2018-11-01T08:15:02Z" finished-at="2018-11-01T08:15:02Z">
          <params>
            <param index="0">
              <value>
                <![CDATA[[TestResult name=dataEntryQCAssign status=SUCCESS method=FullFlow.dataEntryQCAssign()[pri:5, instance:maintest.FullFlow@ebc39e] output=Test Method resides in maintest.FullFlow]]]>
              </value>
            </param>
            <param index="1">
              <value>
                <![CDATA[public void maintest.FullFlow.dataEntryQCAssign() throws java.lang.Exception]]>
              </value>
            </param>
          </params>
          <reporter-output>
          </reporter-output>
        </test-method> <!-- tearDown -->
        <test-method status="PASS" signature="AddressDEQC()[pri:6, instance:maintest.FullFlow@ebc39e]" name="AddressDEQC" duration-ms="35498" started-at="2018-11-01T08:15:02Z" depends-on-methods="maintest.FullFlow.dataEntryQCAssign" finished-at="2018-11-01T08:15:37Z">
          <reporter-output>
            <line>
              <![CDATA[Test Method resides in maintest.FullFlow]]>
            </line>
            <line>
              <![CDATA[Test Status: Pass]]>
            </line>
          </reporter-output>
        </test-method> <!-- AddressDEQC -->
        <test-method status="PASS" signature="tearDown(org.testng.ITestResult, java.lang.reflect.Method)[pri:0, instance:maintest.FullFlow@ebc39e]" name="tearDown" is-config="true" duration-ms="0" started-at="2018-11-01T08:15:37Z" finished-at="2018-11-01T08:15:37Z">
          <params>
            <param index="0">
              <value>
                <![CDATA[[TestResult name=AddressDEQC status=SUCCESS method=FullFlow.AddressDEQC()[pri:6, instance:maintest.FullFlow@ebc39e] output=Test Method resides in maintest.FullFlow]]]>
              </value>
            </param>
            <param index="1">
              <value>
                <![CDATA[public void maintest.FullFlow.AddressDEQC() throws java.lang.Exception]]>
              </value>
            </param>
          </params>
          <reporter-output>
          </reporter-output>
        </test-method> <!-- tearDown -->
        <test-method status="PASS" signature="setup(java.lang.reflect.Method)[pri:0, instance:maintest.FullFlow@ebc39e]" name="setup" is-config="true" duration-ms="1" started-at="2018-11-01T08:15:37Z" finished-at="2018-11-01T08:15:37Z">
          <params>
            <param index="0">
              <value>
                <![CDATA[public void maintest.FullFlow.EducationDEQC() throws java.lang.Exception]]>
              </value>
            </param>
          </params>
          <reporter-output>
          </reporter-output>
        </test-method> <!-- setup -->
        <test-method status="PASS" signature="EducationDEQC()[pri:7, instance:maintest.FullFlow@ebc39e]" name="EducationDEQC" duration-ms="28139" started-at="2018-11-01T08:15:37Z" depends-on-methods="maintest.FullFlow.dataEntryQCAssign" finished-at="2018-11-01T08:16:05Z">
          <reporter-output>
            <line>
              <![CDATA[Test Method resides in maintest.FullFlow]]>
            </line>
            <line>
              <![CDATA[Test Status: Pass]]>
            </line>
          </reporter-output>
        </test-method> <!-- EducationDEQC -->
        <test-method status="PASS" signature="tearDown(org.testng.ITestResult, java.lang.reflect.Method)[pri:0, instance:maintest.FullFlow@ebc39e]" name="tearDown" is-config="true" duration-ms="0" started-at="2018-11-01T08:16:05Z" finished-at="2018-11-01T08:16:05Z">
          <params>
            <param index="0">
              <value>
                <![CDATA[[TestResult name=EducationDEQC status=SUCCESS method=FullFlow.EducationDEQC()[pri:7, instance:maintest.FullFlow@ebc39e] output=Test Method resides in maintest.FullFlow]]]>
              </value>
            </param>
            <param index="1">
              <value>
                <![CDATA[public void maintest.FullFlow.EducationDEQC() throws java.lang.Exception]]>
              </value>
            </param>
          </params>
          <reporter-output>
          </reporter-output>
        </test-method> <!-- tearDown -->
        <test-method status="PASS" signature="setup(java.lang.reflect.Method)[pri:0, instance:maintest.FullFlow@ebc39e]" name="setup" is-config="true" duration-ms="0" started-at="2018-11-01T08:16:05Z" finished-at="2018-11-01T08:16:05Z">
          <params>
            <param index="0">
              <value>
                <![CDATA[public void maintest.FullFlow.EmploymentDEQC() throws java.lang.Exception]]>
              </value>
            </param>
          </params>
          <reporter-output>
          </reporter-output>
        </test-method> <!-- setup -->
        <test-method status="PASS" signature="EmploymentDEQC()[pri:8, instance:maintest.FullFlow@ebc39e]" name="EmploymentDEQC" duration-ms="27407" started-at="2018-11-01T08:16:05Z" depends-on-methods="maintest.FullFlow.dataEntryQCAssign" finished-at="2018-11-01T08:16:33Z">
          <reporter-output>
            <line>
              <![CDATA[Test Method resides in maintest.FullFlow]]>
            </line>
            <line>
              <![CDATA[Test Status: Pass]]>
            </line>
          </reporter-output>
        </test-method> <!-- EmploymentDEQC -->
        <test-method status="PASS" signature="tearDown(org.testng.ITestResult, java.lang.reflect.Method)[pri:0, instance:maintest.FullFlow@ebc39e]" name="tearDown" is-config="true" duration-ms="0" started-at="2018-11-01T08:16:33Z" finished-at="2018-11-01T08:16:33Z">
          <params>
            <param index="0">
              <value>
                <![CDATA[[TestResult name=EmploymentDEQC status=SUCCESS method=FullFlow.EmploymentDEQC()[pri:8, instance:maintest.FullFlow@ebc39e] output=Test Method resides in maintest.FullFlow]]]>
              </value>
            </param>
            <param index="1">
              <value>
                <![CDATA[public void maintest.FullFlow.EmploymentDEQC() throws java.lang.Exception]]>
              </value>
            </param>
          </params>
          <reporter-output>
          </reporter-output>
        </test-method> <!-- tearDown -->
        <test-method status="PASS" signature="setup(java.lang.reflect.Method)[pri:0, instance:maintest.FullFlow@ebc39e]" name="setup" is-config="true" duration-ms="0" started-at="2018-11-01T08:16:33Z" finished-at="2018-11-01T08:16:33Z">
          <params>
            <param index="0">
              <value>
                <![CDATA[public void maintest.FullFlow.ReferenceDEQC() throws java.lang.Exception]]>
              </value>
            </param>
          </params>
          <reporter-output>
          </reporter-output>
        </test-method> <!-- setup -->
        <test-method status="PASS" signature="ReferenceDEQC()[pri:9, instance:maintest.FullFlow@ebc39e]" name="ReferenceDEQC" duration-ms="13128" started-at="2018-11-01T08:16:33Z" depends-on-methods="maintest.FullFlow.dataEntryQCAssign" finished-at="2018-11-01T08:16:46Z">
          <reporter-output>
            <line>
              <![CDATA[Test Method resides in maintest.FullFlow]]>
            </line>
            <line>
              <![CDATA[Test Status: Pass]]>
            </line>
          </reporter-output>
        </test-method> <!-- ReferenceDEQC -->
        <test-method status="PASS" signature="tearDown(org.testng.ITestResult, java.lang.reflect.Method)[pri:0, instance:maintest.FullFlow@ebc39e]" name="tearDown" is-config="true" duration-ms="0" started-at="2018-11-01T08:16:46Z" finished-at="2018-11-01T08:16:46Z">
          <params>
            <param index="0">
              <value>
                <![CDATA[[TestResult name=ReferenceDEQC status=SUCCESS method=FullFlow.ReferenceDEQC()[pri:9, instance:maintest.FullFlow@ebc39e] output=Test Method resides in maintest.FullFlow]]]>
              </value>
            </param>
            <param index="1">
              <value>
                <![CDATA[public void maintest.FullFlow.ReferenceDEQC() throws java.lang.Exception]]>
              </value>
            </param>
          </params>
          <reporter-output>
          </reporter-output>
        </test-method> <!-- tearDown -->
        <test-method status="PASS" signature="setup(java.lang.reflect.Method)[pri:0, instance:maintest.FullFlow@ebc39e]" name="setup" is-config="true" duration-ms="1" started-at="2018-11-01T08:16:46Z" finished-at="2018-11-01T08:16:46Z">
          <params>
            <param index="0">
              <value>
                <![CDATA[public void maintest.FullFlow.DataBaseDEQC() throws java.lang.Exception]]>
              </value>
            </param>
          </params>
          <reporter-output>
          </reporter-output>
        </test-method> <!-- setup -->
        <test-method status="PASS" signature="DataBaseDEQC()[pri:10, instance:maintest.FullFlow@ebc39e]" name="DataBaseDEQC" duration-ms="13511" started-at="2018-11-01T08:16:46Z" depends-on-methods="maintest.FullFlow.dataEntryQCAssign" finished-at="2018-11-01T08:16:59Z">
          <reporter-output>
            <line>
              <![CDATA[Test Method resides in maintest.FullFlow]]>
            </line>
            <line>
              <![CDATA[Test Status: Pass]]>
            </line>
          </reporter-output>
        </test-method> <!-- DataBaseDEQC -->
        <test-method status="PASS" signature="tearDown(org.testng.ITestResult, java.lang.reflect.Method)[pri:0, instance:maintest.FullFlow@ebc39e]" name="tearDown" is-config="true" duration-ms="0" started-at="2018-11-01T08:16:59Z" finished-at="2018-11-01T08:16:59Z">
          <params>
            <param index="0">
              <value>
                <![CDATA[[TestResult name=DataBaseDEQC status=SUCCESS method=FullFlow.DataBaseDEQC()[pri:10, instance:maintest.FullFlow@ebc39e] output=Test Method resides in maintest.FullFlow]]]>
              </value>
            </param>
            <param index="1">
              <value>
                <![CDATA[public void maintest.FullFlow.DataBaseDEQC() throws java.lang.Exception]]>
              </value>
            </param>
          </params>
          <reporter-output>
          </reporter-output>
        </test-method> <!-- tearDown -->
        <test-method status="PASS" signature="setup(java.lang.reflect.Method)[pri:0, instance:maintest.FullFlow@ebc39e]" name="setup" is-config="true" duration-ms="0" started-at="2018-11-01T08:16:59Z" finished-at="2018-11-01T08:16:59Z">
          <params>
            <param index="0">
              <value>
                <![CDATA[public void maintest.FullFlow.CriminalDEQC() throws java.lang.Exception]]>
              </value>
            </param>
          </params>
          <reporter-output>
          </reporter-output>
        </test-method> <!-- setup -->
        <test-method status="PASS" signature="CriminalDEQC()[pri:11, instance:maintest.FullFlow@ebc39e]" name="CriminalDEQC" duration-ms="31365" started-at="2018-11-01T08:16:59Z" depends-on-methods="maintest.FullFlow.dataEntryQCAssign" finished-at="2018-11-01T08:17:31Z">
          <reporter-output>
            <line>
              <![CDATA[Test Method resides in maintest.FullFlow]]>
            </line>
            <line>
              <![CDATA[Test Status: Pass]]>
            </line>
          </reporter-output>
        </test-method> <!-- CriminalDEQC -->
        <test-method status="PASS" signature="tearDown(org.testng.ITestResult, java.lang.reflect.Method)[pri:0, instance:maintest.FullFlow@ebc39e]" name="tearDown" is-config="true" duration-ms="1" started-at="2018-11-01T08:17:31Z" finished-at="2018-11-01T08:17:31Z">
          <params>
            <param index="0">
              <value>
                <![CDATA[[TestResult name=CriminalDEQC status=SUCCESS method=FullFlow.CriminalDEQC()[pri:11, instance:maintest.FullFlow@ebc39e] output=Test Method resides in maintest.FullFlow]]]>
              </value>
            </param>
            <param index="1">
              <value>
                <![CDATA[public void maintest.FullFlow.CriminalDEQC() throws java.lang.Exception]]>
              </value>
            </param>
          </params>
          <reporter-output>
          </reporter-output>
        </test-method> <!-- tearDown -->
        <test-method status="PASS" signature="setup(java.lang.reflect.Method)[pri:0, instance:maintest.FullFlow@ebc39e]" name="setup" is-config="true" duration-ms="1" started-at="2018-11-01T08:17:31Z" finished-at="2018-11-01T08:17:31Z">
          <params>
            <param index="0">
              <value>
                <![CDATA[public void maintest.FullFlow.CreditDEQC() throws java.lang.Exception]]>
              </value>
            </param>
          </params>
          <reporter-output>
          </reporter-output>
        </test-method> <!-- setup -->
        <test-method status="PASS" signature="CreditDEQC()[pri:12, instance:maintest.FullFlow@ebc39e]" name="CreditDEQC" duration-ms="11866" started-at="2018-11-01T08:17:31Z" depends-on-methods="maintest.FullFlow.dataEntryQCAssign" finished-at="2018-11-01T08:17:43Z">
          <reporter-output>
            <line>
              <![CDATA[Test Method resides in maintest.FullFlow]]>
            </line>
            <line>
              <![CDATA[Test Status: Pass]]>
            </line>
          </reporter-output>
        </test-method> <!-- CreditDEQC -->
        <test-method status="PASS" signature="tearDown(org.testng.ITestResult, java.lang.reflect.Method)[pri:0, instance:maintest.FullFlow@ebc39e]" name="tearDown" is-config="true" duration-ms="0" started-at="2018-11-01T08:17:43Z" finished-at="2018-11-01T08:17:43Z">
          <params>
            <param index="0">
              <value>
                <![CDATA[[TestResult name=CreditDEQC status=SUCCESS method=FullFlow.CreditDEQC()[pri:12, instance:maintest.FullFlow@ebc39e] output=Test Method resides in maintest.FullFlow]]]>
              </value>
            </param>
            <param index="1">
              <value>
                <![CDATA[public void maintest.FullFlow.CreditDEQC() throws java.lang.Exception]]>
              </value>
            </param>
          </params>
          <reporter-output>
          </reporter-output>
        </test-method> <!-- tearDown -->
        <test-method status="PASS" signature="setup(java.lang.reflect.Method)[pri:0, instance:maintest.FullFlow@ebc39e]" name="setup" is-config="true" duration-ms="0" started-at="2018-11-01T08:17:43Z" finished-at="2018-11-01T08:17:43Z">
          <params>
            <param index="0">
              <value>
                <![CDATA[public void maintest.FullFlow.CourtDEQC() throws java.lang.Exception]]>
              </value>
            </param>
          </params>
          <reporter-output>
          </reporter-output>
        </test-method> <!-- setup -->
        <test-method status="PASS" signature="CourtDEQC()[pri:13, instance:maintest.FullFlow@ebc39e]" name="CourtDEQC" duration-ms="30413" started-at="2018-11-01T08:17:43Z" depends-on-methods="maintest.FullFlow.dataEntryQCAssign" finished-at="2018-11-01T08:18:13Z">
          <reporter-output>
            <line>
              <![CDATA[Test Method resides in maintest.FullFlow]]>
            </line>
            <line>
              <![CDATA[Test Status: Pass]]>
            </line>
          </reporter-output>
        </test-method> <!-- CourtDEQC -->
        <test-method status="PASS" signature="tearDown(org.testng.ITestResult, java.lang.reflect.Method)[pri:0, instance:maintest.FullFlow@ebc39e]" name="tearDown" is-config="true" duration-ms="0" started-at="2018-11-01T08:18:13Z" finished-at="2018-11-01T08:18:13Z">
          <params>
            <param index="0">
              <value>
                <![CDATA[[TestResult name=CourtDEQC status=SUCCESS method=FullFlow.CourtDEQC()[pri:13, instance:maintest.FullFlow@ebc39e] output=Test Method resides in maintest.FullFlow]]]>
              </value>
            </param>
            <param index="1">
              <value>
                <![CDATA[public void maintest.FullFlow.CourtDEQC() throws java.lang.Exception]]>
              </value>
            </param>
          </params>
          <reporter-output>
          </reporter-output>
        </test-method> <!-- tearDown -->
        <test-method status="PASS" signature="setup(java.lang.reflect.Method)[pri:0, instance:maintest.FullFlow@ebc39e]" name="setup" is-config="true" duration-ms="0" started-at="2018-11-01T08:18:13Z" finished-at="2018-11-01T08:18:13Z">
          <params>
            <param index="0">
              <value>
                <![CDATA[public void maintest.FullFlow.IdDEQC() throws java.lang.Exception]]>
              </value>
            </param>
          </params>
          <reporter-output>
          </reporter-output>
        </test-method> <!-- setup -->
        <test-method status="PASS" signature="IdDEQC()[pri:14, instance:maintest.FullFlow@ebc39e]" name="IdDEQC" duration-ms="27009" started-at="2018-11-01T08:18:13Z" depends-on-methods="maintest.FullFlow.dataEntryQCAssign" finished-at="2018-11-01T08:18:40Z">
          <reporter-output>
            <line>
              <![CDATA[Test Method resides in maintest.FullFlow]]>
            </line>
            <line>
              <![CDATA[Test Status: Pass]]>
            </line>
          </reporter-output>
        </test-method> <!-- IdDEQC -->
        <test-method status="PASS" signature="tearDown(org.testng.ITestResult, java.lang.reflect.Method)[pri:0, instance:maintest.FullFlow@ebc39e]" name="tearDown" is-config="true" duration-ms="0" started-at="2018-11-01T08:18:40Z" finished-at="2018-11-01T08:18:40Z">
          <params>
            <param index="0">
              <value>
                <![CDATA[[TestResult name=IdDEQC status=SUCCESS method=FullFlow.IdDEQC()[pri:14, instance:maintest.FullFlow@ebc39e] output=Test Method resides in maintest.FullFlow]]]>
              </value>
            </param>
            <param index="1">
              <value>
                <![CDATA[public void maintest.FullFlow.IdDEQC() throws java.lang.Exception]]>
              </value>
            </param>
          </params>
          <reporter-output>
          </reporter-output>
        </test-method> <!-- tearDown -->
        <test-method status="PASS" signature="setup(java.lang.reflect.Method)[pri:0, instance:maintest.FullFlow@ebc39e]" name="setup" is-config="true" duration-ms="0" started-at="2018-11-01T08:18:40Z" finished-at="2018-11-01T08:18:40Z">
          <params>
            <param index="0">
              <value>
                <![CDATA[public void maintest.FullFlow.VerificationSupervisor() throws java.lang.Exception]]>
              </value>
            </param>
          </params>
          <reporter-output>
          </reporter-output>
        </test-method> <!-- setup -->
        <test-method status="PASS" signature="VerificationSupervisor()[pri:15, instance:maintest.FullFlow@ebc39e]" name="VerificationSupervisor" duration-ms="58102" started-at="2018-11-01T08:18:40Z" depends-on-methods="maintest.FullFlow.IdDEQC" finished-at="2018-11-01T08:19:38Z">
          <reporter-output>
            <line>
              <![CDATA[Test Method resides in maintest.FullFlow]]>
            </line>
            <line>
              <![CDATA[Test Status: Pass]]>
            </line>
          </reporter-output>
        </test-method> <!-- VerificationSupervisor -->
        <test-method status="PASS" signature="tearDown(org.testng.ITestResult, java.lang.reflect.Method)[pri:0, instance:maintest.FullFlow@ebc39e]" name="tearDown" is-config="true" duration-ms="15" started-at="2018-11-01T08:19:38Z" finished-at="2018-11-01T08:19:38Z">
          <params>
            <param index="0">
              <value>
                <![CDATA[[TestResult name=VerificationSupervisor status=SUCCESS method=FullFlow.VerificationSupervisor()[pri:15, instance:maintest.FullFlow@ebc39e] output=Test Method resides in maintest.FullFlow]]]>
              </value>
            </param>
            <param index="1">
              <value>
                <![CDATA[public void maintest.FullFlow.VerificationSupervisor() throws java.lang.Exception]]>
              </value>
            </param>
          </params>
          <reporter-output>
          </reporter-output>
        </test-method> <!-- tearDown -->
        <test-method status="PASS" signature="setup(java.lang.reflect.Method)[pri:0, instance:maintest.FullFlow@ebc39e]" name="setup" is-config="true" duration-ms="0" started-at="2018-11-01T08:19:38Z" finished-at="2018-11-01T08:19:38Z">
          <params>
            <param index="0">
              <value>
                <![CDATA[public void maintest.FullFlow.VerificationIntiation() throws java.lang.Exception]]>
              </value>
            </param>
          </params>
          <reporter-output>
          </reporter-output>
        </test-method> <!-- setup -->
        <test-method status="PASS" signature="VerificationIntiation()[pri:16, instance:maintest.FullFlow@ebc39e]" name="VerificationIntiation" duration-ms="491829" started-at="2018-11-01T08:19:38Z" depends-on-methods="maintest.FullFlow.VerificationSupervisor" finished-at="2018-11-01T08:27:50Z">
          <reporter-output>
            <line>
              <![CDATA[Test Method resides in maintest.FullFlow]]>
            </line>
            <line>
              <![CDATA[Test Status: Pass]]>
            </line>
          </reporter-output>
        </test-method> <!-- VerificationIntiation -->
        <test-method status="PASS" signature="tearDown(org.testng.ITestResult, java.lang.reflect.Method)[pri:0, instance:maintest.FullFlow@ebc39e]" name="tearDown" is-config="true" duration-ms="0" started-at="2018-11-01T08:27:50Z" finished-at="2018-11-01T08:27:50Z">
          <params>
            <param index="0">
              <value>
                <![CDATA[[TestResult name=VerificationIntiation status=SUCCESS method=FullFlow.VerificationIntiation()[pri:16, instance:maintest.FullFlow@ebc39e] output=Test Method resides in maintest.FullFlow]]]>
              </value>
            </param>
            <param index="1">
              <value>
                <![CDATA[public void maintest.FullFlow.VerificationIntiation() throws java.lang.Exception]]>
              </value>
            </param>
          </params>
          <reporter-output>
          </reporter-output>
        </test-method> <!-- tearDown -->
        <test-method status="PASS" signature="setup(java.lang.reflect.Method)[pri:0, instance:maintest.FullFlow@ebc39e]" name="setup" is-config="true" duration-ms="0" started-at="2018-11-01T08:27:50Z" finished-at="2018-11-01T08:27:50Z">
          <params>
            <param index="0">
              <value>
                <![CDATA[public void maintest.FullFlow.AddressVerification() throws java.lang.Exception]]>
              </value>
            </param>
          </params>
          <reporter-output>
          </reporter-output>
        </test-method> <!-- setup -->
        <test-method status="PASS" signature="AddressVerification()[pri:17, instance:maintest.FullFlow@ebc39e]" name="AddressVerification" duration-ms="154320" started-at="2018-11-01T08:27:50Z" depends-on-methods="maintest.FullFlow.VerificationIntiation" finished-at="2018-11-01T08:30:24Z">
          <reporter-output>
            <line>
              <![CDATA[Test Method resides in maintest.FullFlow]]>
            </line>
            <line>
              <![CDATA[Test Status: Pass]]>
            </line>
          </reporter-output>
        </test-method> <!-- AddressVerification -->
        <test-method status="PASS" signature="setup(java.lang.reflect.Method)[pri:0, instance:maintest.FullFlow@ebc39e]" name="setup" is-config="true" duration-ms="0" started-at="2018-11-01T08:30:24Z" finished-at="2018-11-01T08:30:24Z">
          <params>
            <param index="0">
              <value>
                <![CDATA[public void maintest.FullFlow.EducationVerification() throws java.lang.Exception]]>
              </value>
            </param>
          </params>
          <reporter-output>
          </reporter-output>
        </test-method> <!-- setup -->
        <test-method status="PASS" signature="EducationVerification()[pri:18, instance:maintest.FullFlow@ebc39e]" name="EducationVerification" duration-ms="102590" started-at="2018-11-01T08:30:24Z" depends-on-methods="maintest.FullFlow.VerificationIntiation" finished-at="2018-11-01T08:32:07Z">
          <reporter-output>
            <line>
              <![CDATA[Test Method resides in maintest.FullFlow]]>
            </line>
            <line>
              <![CDATA[Test Status: Pass]]>
            </line>
          </reporter-output>
        </test-method> <!-- EducationVerification -->
        <test-method status="PASS" signature="tearDown(org.testng.ITestResult, java.lang.reflect.Method)[pri:0, instance:maintest.FullFlow@ebc39e]" name="tearDown" is-config="true" duration-ms="0" started-at="2018-11-01T08:30:24Z" finished-at="2018-11-01T08:30:24Z">
          <params>
            <param index="0">
              <value>
                <![CDATA[[TestResult name=AddressVerification status=SUCCESS method=FullFlow.AddressVerification()[pri:17, instance:maintest.FullFlow@ebc39e] output=Test Method resides in maintest.FullFlow]]]>
              </value>
            </param>
            <param index="1">
              <value>
                <![CDATA[public void maintest.FullFlow.AddressVerification() throws java.lang.Exception]]>
              </value>
            </param>
          </params>
          <reporter-output>
          </reporter-output>
        </test-method> <!-- tearDown -->
        <test-method status="PASS" signature="tearDown(org.testng.ITestResult, java.lang.reflect.Method)[pri:0, instance:maintest.FullFlow@ebc39e]" name="tearDown" is-config="true" duration-ms="0" started-at="2018-11-01T08:32:07Z" finished-at="2018-11-01T08:32:07Z">
          <params>
            <param index="0">
              <value>
                <![CDATA[[TestResult name=EducationVerification status=SUCCESS method=FullFlow.EducationVerification()[pri:18, instance:maintest.FullFlow@ebc39e] output=Test Method resides in maintest.FullFlow]]]>
              </value>
            </param>
            <param index="1">
              <value>
                <![CDATA[public void maintest.FullFlow.EducationVerification() throws java.lang.Exception]]>
              </value>
            </param>
          </params>
          <reporter-output>
          </reporter-output>
        </test-method> <!-- tearDown -->
        <test-method status="PASS" signature="setup(java.lang.reflect.Method)[pri:0, instance:maintest.FullFlow@ebc39e]" name="setup" is-config="true" duration-ms="0" started-at="2018-11-01T08:32:07Z" finished-at="2018-11-01T08:32:07Z">
          <params>
            <param index="0">
              <value>
                <![CDATA[public void maintest.FullFlow.EmploymentVerification() throws java.lang.Exception]]>
              </value>
            </param>
          </params>
          <reporter-output>
          </reporter-output>
        </test-method> <!-- setup -->
        <test-method status="PASS" signature="EmploymentVerification()[pri:19, instance:maintest.FullFlow@ebc39e]" name="EmploymentVerification" duration-ms="98647" started-at="2018-11-01T08:32:07Z" depends-on-methods="maintest.FullFlow.VerificationIntiation" finished-at="2018-11-01T08:33:46Z">
          <reporter-output>
            <line>
              <![CDATA[Test Method resides in maintest.FullFlow]]>
            </line>
            <line>
              <![CDATA[Test Status: Pass]]>
            </line>
          </reporter-output>
        </test-method> <!-- EmploymentVerification -->
        <test-method status="PASS" signature="setup(java.lang.reflect.Method)[pri:0, instance:maintest.FullFlow@ebc39e]" name="setup" is-config="true" duration-ms="0" started-at="2018-11-01T08:33:46Z" finished-at="2018-11-01T08:33:46Z">
          <params>
            <param index="0">
              <value>
                <![CDATA[public void maintest.FullFlow.ReferenceVerification() throws java.lang.Exception]]>
              </value>
            </param>
          </params>
          <reporter-output>
          </reporter-output>
        </test-method> <!-- setup -->
        <test-method status="PASS" signature="ReferenceVerification()[pri:20, instance:maintest.FullFlow@ebc39e]" name="ReferenceVerification" duration-ms="52332" started-at="2018-11-01T08:33:46Z" depends-on-methods="maintest.FullFlow.VerificationIntiation" finished-at="2018-11-01T08:34:38Z">
          <reporter-output>
            <line>
              <![CDATA[Test Method resides in maintest.FullFlow]]>
            </line>
            <line>
              <![CDATA[Test Status: Pass]]>
            </line>
          </reporter-output>
        </test-method> <!-- ReferenceVerification -->
        <test-method status="PASS" signature="tearDown(org.testng.ITestResult, java.lang.reflect.Method)[pri:0, instance:maintest.FullFlow@ebc39e]" name="tearDown" is-config="true" duration-ms="0" started-at="2018-11-01T08:33:46Z" finished-at="2018-11-01T08:33:46Z">
          <params>
            <param index="0">
              <value>
                <![CDATA[[TestResult name=EmploymentVerification status=SUCCESS method=FullFlow.EmploymentVerification()[pri:19, instance:maintest.FullFlow@ebc39e] output=Test Method resides in maintest.FullFlow]]]>
              </value>
            </param>
            <param index="1">
              <value>
                <![CDATA[public void maintest.FullFlow.EmploymentVerification() throws java.lang.Exception]]>
              </value>
            </param>
          </params>
          <reporter-output>
          </reporter-output>
        </test-method> <!-- tearDown -->
        <test-method status="PASS" signature="tearDown(org.testng.ITestResult, java.lang.reflect.Method)[pri:0, instance:maintest.FullFlow@ebc39e]" name="tearDown" is-config="true" duration-ms="0" started-at="2018-11-01T08:34:38Z" finished-at="2018-11-01T08:34:38Z">
          <params>
            <param index="0">
              <value>
                <![CDATA[[TestResult name=ReferenceVerification status=SUCCESS method=FullFlow.ReferenceVerification()[pri:20, instance:maintest.FullFlow@ebc39e] output=Test Method resides in maintest.FullFlow]]]>
              </value>
            </param>
            <param index="1">
              <value>
                <![CDATA[public void maintest.FullFlow.ReferenceVerification() throws java.lang.Exception]]>
              </value>
            </param>
          </params>
          <reporter-output>
          </reporter-output>
        </test-method> <!-- tearDown -->
        <test-method status="PASS" signature="DatabaseVerification()[pri:21, instance:maintest.FullFlow@ebc39e]" name="DatabaseVerification" duration-ms="66984" started-at="2018-11-01T08:34:38Z" depends-on-methods="maintest.FullFlow.VerificationIntiation" finished-at="2018-11-01T08:35:45Z">
          <reporter-output>
            <line>
              <![CDATA[Test Method resides in maintest.FullFlow]]>
            </line>
            <line>
              <![CDATA[Test Status: Pass]]>
            </line>
          </reporter-output>
        </test-method> <!-- DatabaseVerification -->
        <test-method status="PASS" signature="setup(java.lang.reflect.Method)[pri:0, instance:maintest.FullFlow@ebc39e]" name="setup" is-config="true" duration-ms="0" started-at="2018-11-01T08:34:38Z" finished-at="2018-11-01T08:34:38Z">
          <params>
            <param index="0">
              <value>
                <![CDATA[public void maintest.FullFlow.DatabaseVerification() throws java.lang.Exception]]>
              </value>
            </param>
          </params>
          <reporter-output>
          </reporter-output>
        </test-method> <!-- setup -->
        <test-method status="PASS" signature="CriminalVerification()[pri:22, instance:maintest.FullFlow@ebc39e]" name="CriminalVerification" duration-ms="93710" started-at="2018-11-01T08:35:45Z" depends-on-methods="maintest.FullFlow.VerificationIntiation" finished-at="2018-11-01T08:37:19Z">
          <reporter-output>
            <line>
              <![CDATA[Test Method resides in maintest.FullFlow]]>
            </line>
            <line>
              <![CDATA[Test Status: Pass]]>
            </line>
          </reporter-output>
        </test-method> <!-- CriminalVerification -->
        <test-method status="PASS" signature="setup(java.lang.reflect.Method)[pri:0, instance:maintest.FullFlow@ebc39e]" name="setup" is-config="true" duration-ms="0" started-at="2018-11-01T08:35:45Z" finished-at="2018-11-01T08:35:45Z">
          <params>
            <param index="0">
              <value>
                <![CDATA[public void maintest.FullFlow.CriminalVerification() throws java.lang.Exception]]>
              </value>
            </param>
          </params>
          <reporter-output>
          </reporter-output>
        </test-method> <!-- setup -->
        <test-method status="PASS" signature="tearDown(org.testng.ITestResult, java.lang.reflect.Method)[pri:0, instance:maintest.FullFlow@ebc39e]" name="tearDown" is-config="true" duration-ms="0" started-at="2018-11-01T08:35:45Z" finished-at="2018-11-01T08:35:45Z">
          <params>
            <param index="0">
              <value>
                <![CDATA[[TestResult name=DatabaseVerification status=SUCCESS method=FullFlow.DatabaseVerification()[pri:21, instance:maintest.FullFlow@ebc39e] output=Test Method resides in maintest.FullFlow]]]>
              </value>
            </param>
            <param index="1">
              <value>
                <![CDATA[public void maintest.FullFlow.DatabaseVerification() throws java.lang.Exception]]>
              </value>
            </param>
          </params>
          <reporter-output>
          </reporter-output>
        </test-method> <!-- tearDown -->
        <test-method status="PASS" signature="CreditVerification()[pri:23, instance:maintest.FullFlow@ebc39e]" name="CreditVerification" duration-ms="50846" started-at="2018-11-01T08:37:19Z" depends-on-methods="maintest.FullFlow.VerificationIntiation" finished-at="2018-11-01T08:38:10Z">
          <reporter-output>
            <line>
              <![CDATA[Test Method resides in maintest.FullFlow]]>
            </line>
            <line>
              <![CDATA[Test Status: Pass]]>
            </line>
          </reporter-output>
        </test-method> <!-- CreditVerification -->
        <test-method status="PASS" signature="tearDown(org.testng.ITestResult, java.lang.reflect.Method)[pri:0, instance:maintest.FullFlow@ebc39e]" name="tearDown" is-config="true" duration-ms="0" started-at="2018-11-01T08:37:19Z" finished-at="2018-11-01T08:37:19Z">
          <params>
            <param index="0">
              <value>
                <![CDATA[[TestResult name=CriminalVerification status=SUCCESS method=FullFlow.CriminalVerification()[pri:22, instance:maintest.FullFlow@ebc39e] output=Test Method resides in maintest.FullFlow]]]>
              </value>
            </param>
            <param index="1">
              <value>
                <![CDATA[public void maintest.FullFlow.CriminalVerification() throws java.lang.Exception]]>
              </value>
            </param>
          </params>
          <reporter-output>
          </reporter-output>
        </test-method> <!-- tearDown -->
        <test-method status="PASS" signature="setup(java.lang.reflect.Method)[pri:0, instance:maintest.FullFlow@ebc39e]" name="setup" is-config="true" duration-ms="0" started-at="2018-11-01T08:37:19Z" finished-at="2018-11-01T08:37:19Z">
          <params>
            <param index="0">
              <value>
                <![CDATA[public void maintest.FullFlow.CreditVerification() throws java.lang.Exception]]>
              </value>
            </param>
          </params>
          <reporter-output>
          </reporter-output>
        </test-method> <!-- setup -->
        <test-method status="PASS" signature="CourtVerification()[pri:24, instance:maintest.FullFlow@ebc39e]" name="CourtVerification" duration-ms="101243" started-at="2018-11-01T08:38:10Z" depends-on-methods="maintest.FullFlow.VerificationIntiation" finished-at="2018-11-01T08:39:51Z">
          <reporter-output>
            <line>
              <![CDATA[Test Method resides in maintest.FullFlow]]>
            </line>
            <line>
              <![CDATA[Test Status: Pass]]>
            </line>
          </reporter-output>
        </test-method> <!-- CourtVerification -->
        <test-method status="PASS" signature="tearDown(org.testng.ITestResult, java.lang.reflect.Method)[pri:0, instance:maintest.FullFlow@ebc39e]" name="tearDown" is-config="true" duration-ms="0" started-at="2018-11-01T08:38:10Z" finished-at="2018-11-01T08:38:10Z">
          <params>
            <param index="0">
              <value>
                <![CDATA[[TestResult name=CreditVerification status=SUCCESS method=FullFlow.CreditVerification()[pri:23, instance:maintest.FullFlow@ebc39e] output=Test Method resides in maintest.FullFlow]]]>
              </value>
            </param>
            <param index="1">
              <value>
                <![CDATA[public void maintest.FullFlow.CreditVerification() throws java.lang.Exception]]>
              </value>
            </param>
          </params>
          <reporter-output>
          </reporter-output>
        </test-method> <!-- tearDown -->
        <test-method status="PASS" signature="setup(java.lang.reflect.Method)[pri:0, instance:maintest.FullFlow@ebc39e]" name="setup" is-config="true" duration-ms="0" started-at="2018-11-01T08:38:10Z" finished-at="2018-11-01T08:38:10Z">
          <params>
            <param index="0">
              <value>
                <![CDATA[public void maintest.FullFlow.CourtVerification() throws java.lang.Exception]]>
              </value>
            </param>
          </params>
          <reporter-output>
          </reporter-output>
        </test-method> <!-- setup -->
        <test-method status="PASS" signature="IDVerification()[pri:25, instance:maintest.FullFlow@ebc39e]" name="IDVerification" duration-ms="85474" started-at="2018-11-01T08:39:51Z" depends-on-methods="maintest.FullFlow.VerificationIntiation" finished-at="2018-11-01T08:41:16Z">
          <reporter-output>
            <line>
              <![CDATA[Test Method resides in maintest.FullFlow]]>
            </line>
            <line>
              <![CDATA[Test Status: Pass]]>
            </line>
          </reporter-output>
        </test-method> <!-- IDVerification -->
        <test-method status="PASS" signature="setup(java.lang.reflect.Method)[pri:0, instance:maintest.FullFlow@ebc39e]" name="setup" is-config="true" duration-ms="0" started-at="2018-11-01T08:39:51Z" finished-at="2018-11-01T08:39:51Z">
          <params>
            <param index="0">
              <value>
                <![CDATA[public void maintest.FullFlow.IDVerification() throws java.lang.Exception]]>
              </value>
            </param>
          </params>
          <reporter-output>
          </reporter-output>
        </test-method> <!-- setup -->
        <test-method status="PASS" signature="tearDown(org.testng.ITestResult, java.lang.reflect.Method)[pri:0, instance:maintest.FullFlow@ebc39e]" name="tearDown" is-config="true" duration-ms="0" started-at="2018-11-01T08:39:51Z" finished-at="2018-11-01T08:39:51Z">
          <params>
            <param index="0">
              <value>
                <![CDATA[[TestResult name=CourtVerification status=SUCCESS method=FullFlow.CourtVerification()[pri:24, instance:maintest.FullFlow@ebc39e] output=Test Method resides in maintest.FullFlow]]]>
              </value>
            </param>
            <param index="1">
              <value>
                <![CDATA[public void maintest.FullFlow.CourtVerification() throws java.lang.Exception]]>
              </value>
            </param>
          </params>
          <reporter-output>
          </reporter-output>
        </test-method> <!-- tearDown -->
        <test-method status="PASS" signature="setup(java.lang.reflect.Method)[pri:0, instance:maintest.FullFlow@ebc39e]" name="setup" is-config="true" duration-ms="0" started-at="2018-11-01T08:41:16Z" finished-at="2018-11-01T08:41:16Z">
          <params>
            <param index="0">
              <value>
                <![CDATA[public void maintest.FullFlow.DrugVerification() throws java.lang.Exception]]>
              </value>
            </param>
          </params>
          <reporter-output>
          </reporter-output>
        </test-method> <!-- setup -->
        <test-method status="PASS" signature="DrugVerification()[pri:26, instance:maintest.FullFlow@ebc39e]" name="DrugVerification" duration-ms="63541" started-at="2018-11-01T08:41:16Z" depends-on-methods="maintest.FullFlow.VerificationIntiation" finished-at="2018-11-01T08:42:20Z">
          <reporter-output>
            <line>
              <![CDATA[Test Method resides in maintest.FullFlow]]>
            </line>
            <line>
              <![CDATA[Test Status: Pass]]>
            </line>
          </reporter-output>
        </test-method> <!-- DrugVerification -->
        <test-method status="PASS" signature="tearDown(org.testng.ITestResult, java.lang.reflect.Method)[pri:0, instance:maintest.FullFlow@ebc39e]" name="tearDown" is-config="true" duration-ms="0" started-at="2018-11-01T08:41:16Z" finished-at="2018-11-01T08:41:16Z">
          <params>
            <param index="0">
              <value>
                <![CDATA[[TestResult name=IDVerification status=SUCCESS method=FullFlow.IDVerification()[pri:25, instance:maintest.FullFlow@ebc39e] output=Test Method resides in maintest.FullFlow]]]>
              </value>
            </param>
            <param index="1">
              <value>
                <![CDATA[public void maintest.FullFlow.IDVerification() throws java.lang.Exception]]>
              </value>
            </param>
          </params>
          <reporter-output>
          </reporter-output>
        </test-method> <!-- tearDown -->
        <test-method status="PASS" signature="teardown()[pri:0, instance:maintest.FullFlow@ebc39e]" name="teardown" is-config="true" duration-ms="593" started-at="2018-11-01T08:42:20Z" finished-at="2018-11-01T08:42:20Z">
          <reporter-output>
          </reporter-output>
        </test-method> <!-- teardown -->
        <test-method status="PASS" signature="tearDown(org.testng.ITestResult, java.lang.reflect.Method)[pri:0, instance:maintest.FullFlow@ebc39e]" name="tearDown" is-config="true" duration-ms="0" started-at="2018-11-01T08:42:20Z" finished-at="2018-11-01T08:42:20Z">
          <params>
            <param index="0">
              <value>
                <![CDATA[[TestResult name=DrugVerification status=SUCCESS method=FullFlow.DrugVerification()[pri:26, instance:maintest.FullFlow@ebc39e] output=Test Method resides in maintest.FullFlow]]]>
              </value>
            </param>
            <param index="1">
              <value>
                <![CDATA[public void maintest.FullFlow.DrugVerification() throws java.lang.Exception]]>
              </value>
            </param>
          </params>
          <reporter-output>
          </reporter-output>
        </test-method> <!-- tearDown -->
        <test-method status="PASS" signature="afterSuite()[pri:0, instance:maintest.FullFlow@ebc39e]" name="afterSuite" is-config="true" duration-ms="374" started-at="2018-11-01T08:42:20Z" finished-at="2018-11-01T08:42:21Z">
          <reporter-output>
          </reporter-output>
        </test-method> <!-- afterSuite -->
      </class> <!-- maintest.FullFlow -->
    </test> <!-- Default test -->
  </suite> <!-- Default suite -->
</testng-results>
