<?xml version="1.0" encoding="UTF-8"?>
<testng-results skipped="0" failed="1" ignored="0" total="2" passed="1">
  <reporter-output>
    <line>
      <![CDATA[About to begin executing Test Default test]]>
    </line>
    <line>
      <![CDATA[Test Method resides in maintest2.Basic]]>
    </line>
    <line>
      <![CDATA[Test Status: Pass]]>
    </line>
    <line>
      <![CDATA[Test Method resides in maintest2.Basic]]>
    </line>
    <line>
      <![CDATA[Test Status: Failed]]>
    </line>
  </reporter-output>
  <suite name="Default suite" duration-ms="36106" started-at="2018-11-01T10:35:33Z" finished-at="2018-11-01T10:36:09Z">
    <groups>
    </groups>
    <test name="Default test" duration-ms="36106" started-at="2018-11-01T10:35:33Z" finished-at="2018-11-01T10:36:09Z">
      <class name="maintest2.Basic">
        <test-method status="PASS" signature="beforeSuit()[pri:0, instance:maintest2.Basic@ebc39e]" name="beforeSuit" is-config="true" duration-ms="140" started-at="2018-11-01T10:35:32Z" finished-at="2018-11-01T10:35:33Z">
          <reporter-output>
          </reporter-output>
        </test-method> <!-- beforeSuit -->
        <test-method status="PASS" signature="beforetest()[pri:0, instance:maintest2.Basic@ebc39e]" name="beforetest" is-config="true" duration-ms="4768" started-at="2018-11-01T10:35:33Z" finished-at="2018-11-01T10:35:37Z">
          <reporter-output>
          </reporter-output>
        </test-method> <!-- beforetest -->
        <test-method status="PASS" signature="setup(java.lang.reflect.Method)[pri:0, instance:maintest2.Basic@ebc39e]" name="setup" is-config="true" duration-ms="16" started-at="2018-11-01T10:35:37Z" finished-at="2018-11-01T10:35:37Z">
          <params>
            <param index="0">
              <value>
                <![CDATA[public void maintest2.Basic.Login() throws java.lang.Exception]]>
              </value>
            </param>
          </params>
          <reporter-output>
          </reporter-output>
        </test-method> <!-- setup -->
        <test-method status="PASS" signature="Login()[pri:1, instance:maintest2.Basic@ebc39e]" name="Login" duration-ms="12105" started-at="2018-11-01T10:35:37Z" finished-at="2018-11-01T10:35:50Z">
          <reporter-output>
            <line>
              <![CDATA[Test Method resides in maintest2.Basic]]>
            </line>
            <line>
              <![CDATA[Test Status: Pass]]>
            </line>
          </reporter-output>
        </test-method> <!-- Login -->
        <test-method status="PASS" signature="tearDown(org.testng.ITestResult, java.lang.reflect.Method)[pri:0, instance:maintest2.Basic@ebc39e]" name="tearDown" is-config="true" duration-ms="0" started-at="2018-11-01T10:35:50Z" finished-at="2018-11-01T10:35:50Z">
          <params>
            <param index="0">
              <value>
                <![CDATA[[TestResult name=Login status=SUCCESS method=Basic.Login()[pri:1, instance:maintest2.Basic@ebc39e] output=Test Method resides in maintest2.Basic]]]>
              </value>
            </param>
            <param index="1">
              <value>
                <![CDATA[public void maintest2.Basic.Login() throws java.lang.Exception]]>
              </value>
            </param>
          </params>
          <reporter-output>
          </reporter-output>
        </test-method> <!-- tearDown -->
        <test-method status="PASS" signature="setup(java.lang.reflect.Method)[pri:0, instance:maintest2.Basic@ebc39e]" name="setup" is-config="true" duration-ms="0" started-at="2018-11-01T10:35:50Z" finished-at="2018-11-01T10:35:50Z">
          <params>
            <param index="0">
              <value>
                <![CDATA[public void maintest2.Basic.dataEntry() throws java.lang.Exception]]>
              </value>
            </param>
          </params>
          <reporter-output>
          </reporter-output>
        </test-method> <!-- setup -->
        <test-method status="FAIL" signature="dataEntry()[pri:4, instance:maintest2.Basic@ebc39e]" name="dataEntry" duration-ms="18866" started-at="2018-11-01T10:35:50Z" finished-at="2018-11-01T10:36:08Z">
          <exception class="java.lang.AssertionError">
            <message>
              <![CDATA[The following asserts failed:
expected [Report Generation Pending] but found [After Verification Initiation],
expected [Report Generation Pending] but found [After Verification Initiation],
expected [Report Generation Pending] but found [After Verification Initiation],
expected [Report Generation Pending] but found [After Verification Initiation],
expected [Report Generation Pending] but found [Verification Pending],
expected [Report Generation Pending] but found [After Verification Initiation],
expected [Report Generation Pending] but found [After Verification Initiation],
expected [Report Generation Pending] but found [After Verification Initiation],
expected [Report Generation Pending] but found [After Verification Initiation],
expected [Report Generation Pending] but found [After Verification Initiation],
expected [Report Generation Pending] but found [After Verification Initiation],
expected [Report Generation Pending] but found [After Verification Initiation],
expected [Report Generation Pending] but found [Verification Pending]]]>
            </message>
            <full-stacktrace>
              <![CDATA[java.lang.AssertionError: The following asserts failed:
expected [Report Generation Pending] but found [After Verification Initiation],
expected [Report Generation Pending] but found [After Verification Initiation],
expected [Report Generation Pending] but found [After Verification Initiation],
expected [Report Generation Pending] but found [After Verification Initiation],
expected [Report Generation Pending] but found [Verification Pending],
expected [Report Generation Pending] but found [After Verification Initiation],
expected [Report Generation Pending] but found [After Verification Initiation],
expected [Report Generation Pending] but found [After Verification Initiation],
expected [Report Generation Pending] but found [After Verification Initiation],
expected [Report Generation Pending] but found [After Verification Initiation],
expected [Report Generation Pending] but found [After Verification Initiation],
expected [Report Generation Pending] but found [After Verification Initiation],
expected [Report Generation Pending] but found [Verification Pending]
at org.testng.asserts.SoftAssert.assertAll(SoftAssert.java:43)
at maintest2.Basic.dataEntry(Basic.java:108)
at sun.reflect.NativeMethodAccessorImpl.invoke0(Native Method)
at sun.reflect.NativeMethodAccessorImpl.invoke(Unknown Source)
at sun.reflect.DelegatingMethodAccessorImpl.invoke(Unknown Source)
at java.lang.reflect.Method.invoke(Unknown Source)
at org.testng.internal.MethodInvocationHelper.invokeMethod(MethodInvocationHelper.java:124)
at org.testng.internal.Invoker.invokeMethod(Invoker.java:580)
at org.testng.internal.Invoker.invokeTestMethod(Invoker.java:716)
at org.testng.internal.Invoker.invokeTestMethods(Invoker.java:988)
at org.testng.internal.TestMethodWorker.invokeTestMethods(TestMethodWorker.java:125)
at org.testng.internal.TestMethodWorker.run(TestMethodWorker.java:109)
at org.testng.TestRunner.privateRun(TestRunner.java:648)
at org.testng.TestRunner.run(TestRunner.java:505)
at org.testng.SuiteRunner.runTest(SuiteRunner.java:455)
at org.testng.SuiteRunner.runSequentially(SuiteRunner.java:450)
at org.testng.SuiteRunner.privateRun(SuiteRunner.java:415)
at org.testng.SuiteRunner.run(SuiteRunner.java:364)
at org.testng.SuiteRunnerWorker.runSuite(SuiteRunnerWorker.java:52)
at org.testng.SuiteRunnerWorker.run(SuiteRunnerWorker.java:84)
at org.testng.TestNG.runSuitesSequentially(TestNG.java:1208)
at org.testng.TestNG.runSuitesLocally(TestNG.java:1137)
at org.testng.TestNG.runSuites(TestNG.java:1049)
at org.testng.TestNG.run(TestNG.java:1017)
at org.testng.remote.AbstractRemoteTestNG.run(AbstractRemoteTestNG.java:114)
at org.testng.remote.RemoteTestNG.initAndRun(RemoteTestNG.java:251)
at org.testng.remote.RemoteTestNG.main(RemoteTestNG.java:77)
]]>
            </full-stacktrace>
          </exception> <!-- java.lang.AssertionError -->
          <reporter-output>
            <line>
              <![CDATA[Test Method resides in maintest2.Basic]]>
            </line>
            <line>
              <![CDATA[Test Status: Failed]]>
            </line>
          </reporter-output>
        </test-method> <!-- dataEntry -->
        <test-method status="PASS" signature="tearDown(org.testng.ITestResult, java.lang.reflect.Method)[pri:0, instance:maintest2.Basic@ebc39e]" name="tearDown" is-config="true" duration-ms="330" started-at="2018-11-01T10:36:08Z" finished-at="2018-11-01T10:36:09Z">
          <params>
            <param index="0">
              <value>
                <![CDATA[[TestResult name=dataEntry status=FAILURE method=Basic.dataEntry()[pri:4, instance:maintest2.Basic@ebc39e] output=Test Method resides in maintest2.Basic]]]>
              </value>
            </param>
            <param index="1">
              <value>
                <![CDATA[public void maintest2.Basic.dataEntry() throws java.lang.Exception]]>
              </value>
            </param>
          </params>
          <reporter-output>
          </reporter-output>
        </test-method> <!-- tearDown -->
        <test-method status="PASS" signature="teardown()[pri:0, instance:maintest2.Basic@ebc39e]" name="teardown" is-config="true" duration-ms="0" started-at="2018-11-01T10:36:09Z" finished-at="2018-11-01T10:36:09Z">
          <reporter-output>
          </reporter-output>
        </test-method> <!-- teardown -->
        <test-method status="PASS" signature="afterSuite()[pri:0, instance:maintest2.Basic@ebc39e]" name="afterSuite" is-config="true" duration-ms="250" started-at="2018-11-01T10:36:09Z" finished-at="2018-11-01T10:36:09Z">
          <reporter-output>
          </reporter-output>
        </test-method> <!-- afterSuite -->
      </class> <!-- maintest2.Basic -->
    </test> <!-- Default test -->
  </suite> <!-- Default suite -->
</testng-results>
