<?xml version="1.0" encoding="UTF-8"?>
<!-- Generated by org.testng.reporters.JUnitXMLReporter -->
<testsuite hostname="KAD-I-032" name="caseregistration" tests="10" failures="0" timestamp="25 Sep 2018 13:21:08 GMT" time="74.204" errors="0">
  <testcase name="Login" time="7.397" classname="maintest.SPcasereg"/>
  <testcase name="TC_SPINF_12" time="18.68" classname="maintest.SPcasereg"/>
  <testcase name="TC_SPINF_15" time="6.517" classname="maintest.SPcasereg"/>
  <testcase name="TC_SPINF_18" time="6.311" classname="maintest.SPcasereg"/>
  <testcase name="TC_SPINF_21" time="5.242" classname="maintest.SPcasereg"/>
  <testcase name="TC_SPINF_38" time="5.784" classname="maintest.SPcasereg"/>
  <testcase name="TC_SPINF_27" time="4.979" classname="maintest.SPcasereg"/>
  <testcase name="TC_SPINF_33" time="5.344" classname="maintest.SPcasereg"/>
  <testcase name="TC_SPINF_30" time="4.943" classname="maintest.SPcasereg"/>
  <testcase name="TC_SPINF_24" time="4.709" classname="maintest.SPcasereg"/>
</testsuite> <!-- caseregistration -->
