<?xml version="1.0" encoding="UTF-8"?>
<!-- Generated by org.testng.reporters.JUnitXMLReporter -->
<testsuite hostname="KAD-I-032" name="insuff" tests="60" failures="0" timestamp="16 Oct 2018 08:48:21 GMT" time="2041.043" errors="0">
  <testcase name="Login" time="9.178" classname="maintest.SPcasereg"/>
  <testcase name="TC_SPCR_001" time="4.765" classname="maintest.SPcasereg"/>
  <testcase name="TC_SPCR_002" time="3.216" classname="maintest.SPcasereg"/>
  <testcase name="TC_SPCR_003" time="0.043" classname="maintest.SPcasereg"/>
  <testcase name="TC_SCPR_004" time="0.047" classname="maintest.SPcasereg"/>
  <testcase name="TC_SPCR_005" time="0.037" classname="maintest.SPcasereg"/>
  <testcase name="TC_SPCR_006" time="0.036" classname="maintest.SPcasereg"/>
  <testcase name="TC_SPCR_007" time="0.037" classname="maintest.SPcasereg"/>
  <testcase name="TC_SPCR_008" time="0.036" classname="maintest.SPcasereg"/>
  <testcase name="TC_SPCR_009" time="0.037" classname="maintest.SPcasereg"/>
  <testcase name="TC_SPCR_010" time="88.42" classname="maintest.SPcasereg"/>
  <testcase name="TC_SPCR_011" time="80.314" classname="maintest.SPcasereg"/>
  <testcase name="TC_SPCR_022" time="29.402" classname="maintest.SPcasereg"/>
  <testcase name="TC_SPCR_023" time="21.212" classname="maintest.SPcasereg"/>
  <testcase name="TC_SPCR_024" time="8.531" classname="maintest.SPcasereg"/>
  <testcase name="TC_SPCR_025" time="29.838" classname="maintest.SPcasereg"/>
  <testcase name="TC_SPCR_026" time="35.568" classname="maintest.SPcasereg"/>
  <testcase name="TC_SPCR_027" time="29.471" classname="maintest.SPcasereg"/>
  <testcase name="TC_SPINF_001" time="54.61" classname="maintest.SPcasereg"/>
  <testcase name="TC_SPINF_002" time="124.599" classname="maintest.SPcasereg"/>
  <testcase name="TC_SPINF_003" time="0.124" classname="maintest.SPcasereg"/>
  <testcase name="TC_SPINF_004" time="3.636" classname="maintest.SPcasereg"/>
  <testcase name="TC_SPINF_005" time="36.666" classname="maintest.SPcasereg"/>
  <testcase name="TC_SPINF_006" time="42.206" classname="maintest.SPcasereg"/>
  <testcase name="TC_SPINF_007" time="49.833" classname="maintest.SPcasereg"/>
  <testcase name="TC_SPINF_008" time="9.839" classname="maintest.SPcasereg"/>
  <testcase name="TC_SPINF_009" time="3.577" classname="maintest.SPcasereg"/>
  <testcase name="TC_SPINF_010" time="53.69" classname="maintest.SPcasereg"/>
  <testcase name="TC_SPINF_011" time="58.623" classname="maintest.SPcasereg"/>
  <testcase name="TC_SPINF_014" time="0.038" classname="maintest.SPcasereg"/>
  <testcase name="TC_SPINF_017" time="0.04" classname="maintest.SPcasereg"/>
  <testcase name="TC_SPINF_020" time="0.038" classname="maintest.SPcasereg"/>
  <testcase name="TC_SPINF_023" time="0.039" classname="maintest.SPcasereg"/>
  <testcase name="TC_SPINF_026" time="0.037" classname="maintest.SPcasereg"/>
  <testcase name="TC_SPINF_029" time="0.037" classname="maintest.SPcasereg"/>
  <testcase name="TC_SPINF_032" time="0.037" classname="maintest.SPcasereg"/>
  <testcase name="TC_SPINF_035" time="0.038" classname="maintest.SPcasereg"/>
  <testcase name="TC_SPINF_038" time="1.559" classname="maintest.SPcasereg"/>
  <testcase name="TC_SPINF_012" time="380.995" classname="maintest.SPcasereg"/>
  <testcase name="TC_SPINF_015" time="25.208" classname="maintest.SPcasereg"/>
  <testcase name="TC_SPINF_018" time="23.049" classname="maintest.SPcasereg"/>
  <testcase name="TC_SPINF_021" time="23.046" classname="maintest.SPcasereg"/>
  <testcase name="TC_SPINF_039" time="22.133" classname="maintest.SPcasereg"/>
  <testcase name="TC_SPINF_027" time="21.449" classname="maintest.SPcasereg"/>
  <testcase name="TC_SPINF_033" time="21.08" classname="maintest.SPcasereg"/>
  <testcase name="TC_SPINF_030" time="21.538" classname="maintest.SPcasereg"/>
  <testcase name="TC_SPINF_024" time="37.627" classname="maintest.SPcasereg"/>
  <testcase name="TC_SPNAPP_001" time="251.525" classname="maintest.SPcasereg"/>
  <testcase name="TC_SPCEP_001" time="54.021" classname="maintest.SPcasereg"/>
  <testcase name="TC_SPCEP_002" time="20.621" classname="maintest.SPcasereg"/>
  <testcase name="TC_SPCEP_003" time="133.715" classname="maintest.SPcasereg"/>
  <testcase name="TC_SPCEP_004" time="0.738" classname="maintest.SPcasereg"/>
  <testcase name="TC_SPDOC_001" time="45.998" classname="maintest.SPcasereg"/>
  <testcase name="TC_SPDOC_002" time="10.514" classname="maintest.SPcasereg"/>
  <testcase name="TC_SPDOC_003" time="10.564" classname="maintest.SPcasereg"/>
  <testcase name="TC_SPDOC_004" time="23.482" classname="maintest.SPcasereg"/>
  <testcase name="TC_SPDOC_005" time="111.997" classname="maintest.SPcasereg"/>
  <testcase name="TC_SPDOC_006" time="4.517" classname="maintest.SPcasereg"/>
  <testcase name="TC_SPDOC_007" time="5.285" classname="maintest.SPcasereg"/>
  <testcase name="TC_SPDOC_008" time="7.165" classname="maintest.SPcasereg"/>
</testsuite> <!-- insuff -->
