<?xml version="1.0" encoding="UTF-8"?>
<!-- Generated by org.testng.reporters.JUnitXMLReporter -->
<testsuite hostname="KAD-I-032" name="insuff" tests="60" failures="0" timestamp="13 Oct 2018 05:17:06 GMT" time="1680.743" errors="0">
  <testcase name="Login" time="10.941" classname="maintest.SPcasereg"/>
  <testcase name="TC_SPCR_001" time="6.157" classname="maintest.SPcasereg"/>
  <testcase name="TC_SPCR_002" time="3.204" classname="maintest.SPcasereg"/>
  <testcase name="TC_SPCR_003" time="0.055" classname="maintest.SPcasereg"/>
  <testcase name="TC_SCPR_004" time="0.056" classname="maintest.SPcasereg"/>
  <testcase name="TC_SPCR_005" time="0.049" classname="maintest.SPcasereg"/>
  <testcase name="TC_SPCR_006" time="0.037" classname="maintest.SPcasereg"/>
  <testcase name="TC_SPCR_007" time="0.04" classname="maintest.SPcasereg"/>
  <testcase name="TC_SPCR_008" time="0.037" classname="maintest.SPcasereg"/>
  <testcase name="TC_SPCR_009" time="0.037" classname="maintest.SPcasereg"/>
  <testcase name="TC_SPCR_010" time="80.988" classname="maintest.SPcasereg"/>
  <testcase name="TC_SPCR_011" time="80.816" classname="maintest.SPcasereg"/>
  <testcase name="TC_SPCR_022" time="32.77" classname="maintest.SPcasereg"/>
  <testcase name="TC_SPCR_023" time="21.517" classname="maintest.SPcasereg"/>
  <testcase name="TC_SPCR_024" time="10.038" classname="maintest.SPcasereg"/>
  <testcase name="TC_SPCR_025" time="33.436" classname="maintest.SPcasereg"/>
  <testcase name="TC_SPCR_026" time="35.264" classname="maintest.SPcasereg"/>
  <testcase name="TC_SPCR_027" time="28.526" classname="maintest.SPcasereg"/>
  <testcase name="TC_SPINF_001" time="55.661" classname="maintest.SPcasereg"/>
  <testcase name="TC_SPINF_002" time="136.669" classname="maintest.SPcasereg"/>
  <testcase name="TC_SPINF_003" time="0.098" classname="maintest.SPcasereg"/>
  <testcase name="TC_SPINF_004" time="3.646" classname="maintest.SPcasereg"/>
  <testcase name="TC_SPINF_005" time="31.245" classname="maintest.SPcasereg"/>
  <testcase name="TC_SPINF_006" time="42.107" classname="maintest.SPcasereg"/>
  <testcase name="TC_SPINF_007" time="49.131" classname="maintest.SPcasereg"/>
  <testcase name="TC_SPINF_008" time="9.928" classname="maintest.SPcasereg"/>
  <testcase name="TC_SPINF_009" time="3.569" classname="maintest.SPcasereg"/>
  <testcase name="TC_SPINF_010" time="56.008" classname="maintest.SPcasereg"/>
  <testcase name="TC_SPINF_011" time="57.137" classname="maintest.SPcasereg"/>
  <testcase name="TC_SPINF_014" time="0.038" classname="maintest.SPcasereg"/>
  <testcase name="TC_SPINF_017" time="0.039" classname="maintest.SPcasereg"/>
  <testcase name="TC_SPINF_020" time="0.039" classname="maintest.SPcasereg"/>
  <testcase name="TC_SPINF_023" time="0.039" classname="maintest.SPcasereg"/>
  <testcase name="TC_SPINF_026" time="0.075" classname="maintest.SPcasereg"/>
  <testcase name="TC_SPINF_029" time="0.04" classname="maintest.SPcasereg"/>
  <testcase name="TC_SPINF_032" time="0.037" classname="maintest.SPcasereg"/>
  <testcase name="TC_SPINF_035" time="0.038" classname="maintest.SPcasereg"/>
  <testcase name="TC_SPINF_038" time="1.445" classname="maintest.SPcasereg"/>
  <testcase name="TC_SPINF_012" time="334.538" classname="maintest.SPcasereg"/>
  <testcase name="TC_SPINF_015" time="8.759" classname="maintest.SPcasereg"/>
  <testcase name="TC_SPINF_018" time="7.46" classname="maintest.SPcasereg"/>
  <testcase name="TC_SPINF_021" time="7.072" classname="maintest.SPcasereg"/>
  <testcase name="TC_SPINF_039" time="7.995" classname="maintest.SPcasereg"/>
  <testcase name="TC_SPINF_027" time="5.916" classname="maintest.SPcasereg"/>
  <testcase name="TC_SPINF_033" time="6.145" classname="maintest.SPcasereg"/>
  <testcase name="TC_SPINF_030" time="5.622" classname="maintest.SPcasereg"/>
  <testcase name="TC_SPINF_024" time="16.324" classname="maintest.SPcasereg"/>
  <testcase name="TC_SPNAPP_001" time="62.798" classname="maintest.SPcasereg"/>
  <testcase name="TC_SPCEP_001" time="53.663" classname="maintest.SPcasereg"/>
  <testcase name="TC_SPCEP_002" time="20.735" classname="maintest.SPcasereg"/>
  <testcase name="TC_SPCEP_003" time="136.391" classname="maintest.SPcasereg"/>
  <testcase name="TC_SPCEP_004" time="0.684" classname="maintest.SPcasereg"/>
  <testcase name="TC_SPDOC_001" time="43.794" classname="maintest.SPcasereg"/>
  <testcase name="TC_SPDOC_002" time="10.537" classname="maintest.SPcasereg"/>
  <testcase name="TC_SPDOC_003" time="10.687" classname="maintest.SPcasereg"/>
  <testcase name="TC_SPDOC_004" time="21.601" classname="maintest.SPcasereg"/>
  <testcase name="TC_SPDOC_005" time="104.834" classname="maintest.SPcasereg"/>
  <testcase name="TC_SPDOC_006" time="4.549" classname="maintest.SPcasereg"/>
  <testcase name="TC_SPDOC_007" time="5.57" classname="maintest.SPcasereg"/>
  <testcase name="TC_SPDOC_008" time="7.285" classname="maintest.SPcasereg"/>
</testsuite> <!-- insuff -->
