<?xml version="1.0" encoding="UTF-8"?>
<!-- Generated by org.testng.reporters.JUnitXMLReporter -->
<testsuite hostname="KAD-I-032" name="insuff" tests="60" failures="0" timestamp="17 Oct 2018 07:34:08 GMT" time="1703.611" errors="0">
  <testcase name="Login" time="31.967" classname="maintest.SPcasereg"/>
  <testcase name="TC_SPCR_001" time="4.237" classname="maintest.SPcasereg"/>
  <testcase name="TC_SPCR_002" time="3.249" classname="maintest.SPcasereg"/>
  <testcase name="TC_SPCR_003" time="0.041" classname="maintest.SPcasereg"/>
  <testcase name="TC_SCPR_004" time="0.036" classname="maintest.SPcasereg"/>
  <testcase name="TC_SPCR_005" time="0.037" classname="maintest.SPcasereg"/>
  <testcase name="TC_SPCR_006" time="0.036" classname="maintest.SPcasereg"/>
  <testcase name="TC_SPCR_007" time="0.037" classname="maintest.SPcasereg"/>
  <testcase name="TC_SPCR_008" time="0.036" classname="maintest.SPcasereg"/>
  <testcase name="TC_SPCR_009" time="0.037" classname="maintest.SPcasereg"/>
  <testcase name="TC_SPCR_010" time="102.305" classname="maintest.SPcasereg"/>
  <testcase name="TC_SPCR_011" time="81.436" classname="maintest.SPcasereg"/>
  <testcase name="TC_SPCR_022" time="29.911" classname="maintest.SPcasereg"/>
  <testcase name="TC_SPCR_023" time="21.377" classname="maintest.SPcasereg"/>
  <testcase name="TC_SPCR_024" time="9.315" classname="maintest.SPcasereg"/>
  <testcase name="TC_SPCR_025" time="31.689" classname="maintest.SPcasereg"/>
  <testcase name="TC_SPCR_026" time="33.001" classname="maintest.SPcasereg"/>
  <testcase name="TC_SPCR_027" time="30.956" classname="maintest.SPcasereg"/>
  <testcase name="TC_SPINF_001" time="56.384" classname="maintest.SPcasereg"/>
  <testcase name="TC_SPINF_002" time="127.718" classname="maintest.SPcasereg"/>
  <testcase name="TC_SPINF_003" time="0.13" classname="maintest.SPcasereg"/>
  <testcase name="TC_SPINF_004" time="3.577" classname="maintest.SPcasereg"/>
  <testcase name="TC_SPINF_005" time="41.364" classname="maintest.SPcasereg"/>
  <testcase name="TC_SPINF_006" time="42.596" classname="maintest.SPcasereg"/>
  <testcase name="TC_SPINF_007" time="50.173" classname="maintest.SPcasereg"/>
  <testcase name="TC_SPINF_008" time="9.854" classname="maintest.SPcasereg"/>
  <testcase name="TC_SPINF_009" time="3.625" classname="maintest.SPcasereg"/>
  <testcase name="TC_SPINF_010" time="63.846" classname="maintest.SPcasereg"/>
  <testcase name="TC_SPINF_011" time="59.155" classname="maintest.SPcasereg"/>
  <testcase name="TC_SPINF_014" time="0.06" classname="maintest.SPcasereg"/>
  <testcase name="TC_SPINF_017" time="0.04" classname="maintest.SPcasereg"/>
  <testcase name="TC_SPINF_020" time="0.038" classname="maintest.SPcasereg"/>
  <testcase name="TC_SPINF_023" time="0.038" classname="maintest.SPcasereg"/>
  <testcase name="TC_SPINF_026" time="0.039" classname="maintest.SPcasereg"/>
  <testcase name="TC_SPINF_029" time="0.039" classname="maintest.SPcasereg"/>
  <testcase name="TC_SPINF_032" time="0.039" classname="maintest.SPcasereg"/>
  <testcase name="TC_SPINF_035" time="0.038" classname="maintest.SPcasereg"/>
  <testcase name="TC_SPINF_038" time="1.546" classname="maintest.SPcasereg"/>
  <testcase name="TC_SPINF_012" time="310.097" classname="maintest.SPcasereg"/>
  <testcase name="TC_SPINF_015" time="8.47" classname="maintest.SPcasereg"/>
  <testcase name="TC_SPINF_018" time="6.741" classname="maintest.SPcasereg"/>
  <testcase name="TC_SPINF_021" time="6.23" classname="maintest.SPcasereg"/>
  <testcase name="TC_SPINF_039" time="7.59" classname="maintest.SPcasereg"/>
  <testcase name="TC_SPINF_027" time="6.056" classname="maintest.SPcasereg"/>
  <testcase name="TC_SPINF_033" time="5.909" classname="maintest.SPcasereg"/>
  <testcase name="TC_SPINF_030" time="5.909" classname="maintest.SPcasereg"/>
  <testcase name="TC_SPINF_024" time="18.553" classname="maintest.SPcasereg"/>
  <testcase name="TC_SPNAPP_001" time="66.705" classname="maintest.SPcasereg"/>
  <testcase name="TC_SPCEP_001" time="53.961" classname="maintest.SPcasereg"/>
  <testcase name="TC_SPCEP_002" time="20.89" classname="maintest.SPcasereg"/>
  <testcase name="TC_SPCEP_003" time="121.988" classname="maintest.SPcasereg"/>
  <testcase name="TC_SPCEP_004" time="0.669" classname="maintest.SPcasereg"/>
  <testcase name="TC_SPDOC_001" time="44.999" classname="maintest.SPcasereg"/>
  <testcase name="TC_SPDOC_002" time="10.533" classname="maintest.SPcasereg"/>
  <testcase name="TC_SPDOC_003" time="10.594" classname="maintest.SPcasereg"/>
  <testcase name="TC_SPDOC_004" time="24.58" classname="maintest.SPcasereg"/>
  <testcase name="TC_SPDOC_005" time="106.885" classname="maintest.SPcasereg"/>
  <testcase name="TC_SPDOC_006" time="4.535" classname="maintest.SPcasereg"/>
  <testcase name="TC_SPDOC_007" time="6.34" classname="maintest.SPcasereg"/>
  <testcase name="TC_SPDOC_008" time="7.191" classname="maintest.SPcasereg"/>
</testsuite> <!-- insuff -->
