<?xml version="1.0" encoding="UTF-8"?>
<!-- Generated by org.testng.reporters.JUnitXMLReporter -->
<testsuite hostname="KAD-I-032" name="insuff" tests="60" failures="2" timestamp="10 Oct 2018 11:47:09 GMT" time="1726.536" errors="0">
  <testcase name="Login" time="8.34" classname="testcasesprac.SPcasereg"/>
  <testcase name="TC_SPCR_001" time="3.846" classname="testcasesprac.SPcasereg"/>
  <testcase name="TC_SPCR_002" time="3.222" classname="testcasesprac.SPcasereg"/>
  <testcase name="TC_SPCR_003" time="0.048" classname="testcasesprac.SPcasereg"/>
  <testcase name="TC_SPCR_004" time="0.048" classname="testcasesprac.SPcasereg"/>
  <testcase name="TC_SPCR_005" time="0.046" classname="testcasesprac.SPcasereg"/>
  <testcase name="TC_SPCR_006" time="0.047" classname="testcasesprac.SPcasereg"/>
  <testcase name="TC_SPCR_007" time="0.047" classname="testcasesprac.SPcasereg"/>
  <testcase name="TC_SPCR_008" time="0.047" classname="testcasesprac.SPcasereg"/>
  <testcase name="TC_SPCR_009" time="0.049" classname="testcasesprac.SPcasereg"/>
  <testcase name="TC_SPCR_010" time="91.276" classname="testcasesprac.SPcasereg"/>
  <testcase name="TC_SPCR_011" time="82.761" classname="testcasesprac.SPcasereg"/>
  <testcase name="TC_SPCR_022" time="29.996" classname="testcasesprac.SPcasereg"/>
  <testcase name="TC_SPCR_023" time="21.727" classname="testcasesprac.SPcasereg"/>
  <testcase name="TC_SPCR_024" time="9.178" classname="testcasesprac.SPcasereg"/>
  <testcase name="TC_SPCR_025" time="33.978" classname="testcasesprac.SPcasereg"/>
  <testcase name="TC_SPCR_026" time="33.478" classname="testcasesprac.SPcasereg"/>
  <testcase name="TC_SPCR_027" time="29.104" classname="testcasesprac.SPcasereg"/>
  <testcase name="TC_SPINF_001" time="53.838" classname="testcasesprac.SPcasereg"/>
  <testcase name="TC_SPINF_002" time="138.311" classname="testcasesprac.SPcasereg"/>
  <testcase name="TC_SPINF_003" time="0.127" classname="testcasesprac.SPcasereg"/>
  <testcase name="TC_SPINF_004" time="3.666" classname="testcasesprac.SPcasereg"/>
  <testcase name="TC_SPINF_005" time="32.951" classname="testcasesprac.SPcasereg"/>
  <testcase name="TC_SPINF_006" time="42.078" classname="testcasesprac.SPcasereg"/>
  <testcase name="TC_SPINF_007" time="51.398" classname="testcasesprac.SPcasereg"/>
  <testcase name="TC_SPINF_008" time="9.839" classname="testcasesprac.SPcasereg"/>
  <testcase name="TC_SPINF_009" time="3.748" classname="testcasesprac.SPcasereg"/>
  <testcase name="TC_SPINF_010" time="62.437" classname="testcasesprac.SPcasereg"/>
  <testcase name="TC_SPINF_011" time="57.326" classname="testcasesprac.SPcasereg"/>
  <testcase name="TC_SPINF_014" time="0.055" classname="testcasesprac.SPcasereg"/>
  <testcase name="TC_SPINF_017" time="0.047" classname="testcasesprac.SPcasereg"/>
  <testcase name="TC_SPINF_020" time="0.078" classname="testcasesprac.SPcasereg"/>
  <testcase name="TC_SPINF_023" time="0.062" classname="testcasesprac.SPcasereg"/>
  <testcase name="TC_SPINF_026" time="0.095" classname="testcasesprac.SPcasereg"/>
  <testcase name="TC_SPINF_029" time="0.047" classname="testcasesprac.SPcasereg"/>
  <testcase name="TC_SPINF_032" time="0.062" classname="testcasesprac.SPcasereg"/>
  <testcase name="TC_SPINF_035" time="0.047" classname="testcasesprac.SPcasereg"/>
  <testcase name="TC_SPINF_038" time="1.659" classname="testcasesprac.SPcasereg"/>
  <testcase name="TC_SPINF_012" time="353.778" classname="testcasesprac.SPcasereg"/>
  <testcase name="TC_SPINF_015" time="21.856" classname="testcasesprac.SPcasereg"/>
  <testcase name="TC_SPINF_018" time="23.546" classname="testcasesprac.SPcasereg"/>
  <testcase name="TC_SPINF_021" time="22.454" classname="testcasesprac.SPcasereg"/>
  <testcase name="TC_SPINF_039" time="22.383" classname="testcasesprac.SPcasereg"/>
  <testcase name="TC_SPINF_027" time="21.774" classname="testcasesprac.SPcasereg"/>
  <testcase name="TC_SPINF_033" time="21.298" classname="testcasesprac.SPcasereg"/>
  <testcase name="TC_SPINF_030" time="21.235" classname="testcasesprac.SPcasereg"/>
  <testcase name="TC_SPINF_024" time="26.567" classname="testcasesprac.SPcasereg"/>
  <testcase name="TC_SPNAPP_001" time="0.021" classname="testcasesprac.SPcasereg">
    <failure type="org.openqa.selenium.ElementNotVisibleException" message="element not interactable
  (Session info: chrome=69.0.3497.100)
  (Driver info: chromedriver=2.42.591088 (7b2b2dca23cca0862f674758c9a3933e685c27d5),platform=Windows NT 6.1.7601 SP1 x86) (WARNING: The server did not provide any stacktrace information)
Command duration or timeout: 0 milliseconds
Build info: version: &amp;apos;3.12.0&amp;apos;, revision: &amp;apos;7c6e0b3&amp;apos;, time: &amp;apos;2018-05-08T14:04:26.12Z&amp;apos;
System info: host: &amp;apos;KAD-I-032&amp;apos;, ip: &amp;apos;192.168.2.67&amp;apos;, os.name: &amp;apos;Windows 7&amp;apos;, os.arch: &amp;apos;x86&amp;apos;, os.version: &amp;apos;6.1&amp;apos;, java.version: &amp;apos;1.8.0_181&amp;apos;
Driver info: org.openqa.selenium.chrome.ChromeDriver
Capabilities {acceptInsecureCerts: false, acceptSslCerts: false, applicationCacheEnabled: false, browserConnectionEnabled: false, browserName: chrome, chrome: {chromedriverVersion: 2.42.591088 (7b2b2dca23cca0..., userDataDir: C:\Users\admin\AppData\Loca...}, cssSelectorsEnabled: true, databaseEnabled: false, goog:chromeOptions: {debuggerAddress: localhost:53325}, handlesAlerts: true, hasTouchScreen: false, javascriptEnabled: true, locationContextEnabled: true, mobileEmulationEnabled: false, nativeEvents: true, networkConnectionEnabled: false, pageLoadStrategy: normal, platform: XP, platformName: XP, rotatable: false, setWindowRect: true, takesHeapSnapshot: true, takesScreenshot: true, unexpectedAlertBehaviour: , unhandledPromptBehavior: , version: 69.0.3497.100, webStorageEnabled: true}
Session ID: 5e89d193e1b9d1f3eb33e28072b9cbf6">
      <![CDATA[org.openqa.selenium.ElementNotVisibleException: element not interactable
  (Session info: chrome=69.0.3497.100)
  (Driver info: chromedriver=2.42.591088 (7b2b2dca23cca0862f674758c9a3933e685c27d5),platform=Windows NT 6.1.7601 SP1 x86) (WARNING: The server did not provide any stacktrace information)
Command duration or timeout: 0 milliseconds
Build info: version: '3.12.0', revision: '7c6e0b3', time: '2018-05-08T14:04:26.12Z'
System info: host: 'KAD-I-032', ip: '192.168.2.67', os.name: 'Windows 7', os.arch: 'x86', os.version: '6.1', java.version: '1.8.0_181'
Driver info: org.openqa.selenium.chrome.ChromeDriver
Capabilities {acceptInsecureCerts: false, acceptSslCerts: false, applicationCacheEnabled: false, browserConnectionEnabled: false, browserName: chrome, chrome: {chromedriverVersion: 2.42.591088 (7b2b2dca23cca0..., userDataDir: C:\Users\admin\AppData\Loca...}, cssSelectorsEnabled: true, databaseEnabled: false, goog:chromeOptions: {debuggerAddress: localhost:53325}, handlesAlerts: true, hasTouchScreen: false, javascriptEnabled: true, locationContextEnabled: true, mobileEmulationEnabled: false, nativeEvents: true, networkConnectionEnabled: false, pageLoadStrategy: normal, platform: XP, platformName: XP, rotatable: false, setWindowRect: true, takesHeapSnapshot: true, takesScreenshot: true, unexpectedAlertBehaviour: , unhandledPromptBehavior: , version: 69.0.3497.100, webStorageEnabled: true}
Session ID: 5e89d193e1b9d1f3eb33e28072b9cbf6
	at org.openqa.selenium.remote.ErrorHandler.createThrowable(ErrorHandler.java:214)
	at org.openqa.selenium.remote.ErrorHandler.throwIfResponseFailed(ErrorHandler.java:166)
	at org.openqa.selenium.remote.http.JsonHttpResponseCodec.reconstructValue(JsonHttpResponseCodec.java:40)
	at org.openqa.selenium.remote.http.AbstractHttpResponseCodec.decode(AbstractHttpResponseCodec.java:80)
	at org.openqa.selenium.remote.http.AbstractHttpResponseCodec.decode(AbstractHttpResponseCodec.java:44)
	at org.openqa.selenium.remote.HttpCommandExecutor.execute(HttpCommandExecutor.java:158)
	at org.openqa.selenium.remote.service.DriverCommandExecutor.execute(DriverCommandExecutor.java:83)
	at org.openqa.selenium.remote.RemoteWebDriver.execute(RemoteWebDriver.java:543)
	at org.openqa.selenium.remote.RemoteWebElement.execute(RemoteWebElement.java:276)
	at org.openqa.selenium.remote.RemoteWebElement.click(RemoteWebElement.java:83)
	at environment.Utill.click_element(Utill.java:161)
	at pages.Home.clickRegister(Home.java:92)
	at testcasesprac.SPcasereg.TC_SPNAPP_001(SPcasereg.java:1524)
... Removed 28 stack frames]]>
    </failure>
  </testcase> <!-- TC_SPNAPP_001 -->
  <testcase name="TC_SPCEP_001" time="54.927" classname="testcasesprac.SPcasereg"/>
  <testcase name="TC_SPCEP_002" time="19.56" classname="testcasesprac.SPcasereg"/>
  <testcase name="TC_SPCEP_003" time="167.855" classname="testcasesprac.SPcasereg"/>
  <testcase name="TC_SPCEP_004" time="11.045" classname="testcasesprac.SPcasereg"/>
  <testcase name="TC_SPDOC_001" time="107.371" classname="testcasesprac.SPcasereg">
    <failure type="org.openqa.selenium.WebDriverException" message="unknown error: Element &amp;lt;input class=&amp;quot;rbDecorated&amp;quot; type=&amp;quot;button&amp;quot; name=&amp;quot;ctl00$ContentPlaceHolder1$btnCaseDocument_input&amp;quot; id=&amp;quot;ctl00_ContentPlaceHolder1_btnCaseDocument_input&amp;quot; value=&amp;quot;Upload Case Document(s)&amp;quot; tabindex=&amp;quot;-1&amp;quot;&amp;gt; is not clickable at point (1257, 602). Other element would receive the click: &amp;lt;div unselectable=&amp;quot;on&amp;quot; class=&amp;quot;TelerikModalOverlay&amp;quot; style=&amp;quot;position: absolute; left: 0px; top: 0px; z-index: 3000; background-color: rgb(170, 170, 170); opacity: 0.5; width: 1350px; height: 1106px;&amp;quot;&amp;gt;&amp;lt;/div&amp;gt;
  (Session info: chrome=69.0.3497.100)
  (Driver info: chromedriver=2.42.591088 (7b2b2dca23cca0862f674758c9a3933e685c27d5),platform=Windows NT 6.1.7601 SP1 x86) (WARNING: The server did not provide any stacktrace information)
Command duration or timeout: 0 milliseconds
Build info: version: &amp;apos;3.12.0&amp;apos;, revision: &amp;apos;7c6e0b3&amp;apos;, time: &amp;apos;2018-05-08T14:04:26.12Z&amp;apos;
System info: host: &amp;apos;KAD-I-032&amp;apos;, ip: &amp;apos;192.168.2.67&amp;apos;, os.name: &amp;apos;Windows 7&amp;apos;, os.arch: &amp;apos;x86&amp;apos;, os.version: &amp;apos;6.1&amp;apos;, java.version: &amp;apos;1.8.0_181&amp;apos;
Driver info: org.openqa.selenium.chrome.ChromeDriver
Capabilities {acceptInsecureCerts: false, acceptSslCerts: false, applicationCacheEnabled: false, browserConnectionEnabled: false, browserName: chrome, chrome: {chromedriverVersion: 2.42.591088 (7b2b2dca23cca0..., userDataDir: C:\Users\admin\AppData\Loca...}, cssSelectorsEnabled: true, databaseEnabled: false, goog:chromeOptions: {debuggerAddress: localhost:53325}, handlesAlerts: true, hasTouchScreen: false, javascriptEnabled: true, locationContextEnabled: true, mobileEmulationEnabled: false, nativeEvents: true, networkConnectionEnabled: false, pageLoadStrategy: normal, platform: XP, platformName: XP, rotatable: false, setWindowRect: true, takesHeapSnapshot: true, takesScreenshot: true, unexpectedAlertBehaviour: , unhandledPromptBehavior: , version: 69.0.3497.100, webStorageEnabled: true}
Session ID: 5e89d193e1b9d1f3eb33e28072b9cbf6">
      <![CDATA[org.openqa.selenium.WebDriverException: unknown error: Element <input class="rbDecorated" type="button" name="ctl00$ContentPlaceHolder1$btnCaseDocument_input" id="ctl00_ContentPlaceHolder1_btnCaseDocument_input" value="Upload Case Document(s)" tabindex="-1"> is not clickable at point (1257, 602). Other element would receive the click: <div unselectable="on" class="TelerikModalOverlay" style="position: absolute; left: 0px; top: 0px; z-index: 3000; background-color: rgb(170, 170, 170); opacity: 0.5; width: 1350px; height: 1106px;"></div>
  (Session info: chrome=69.0.3497.100)
  (Driver info: chromedriver=2.42.591088 (7b2b2dca23cca0862f674758c9a3933e685c27d5),platform=Windows NT 6.1.7601 SP1 x86) (WARNING: The server did not provide any stacktrace information)
Command duration or timeout: 0 milliseconds
Build info: version: '3.12.0', revision: '7c6e0b3', time: '2018-05-08T14:04:26.12Z'
System info: host: 'KAD-I-032', ip: '192.168.2.67', os.name: 'Windows 7', os.arch: 'x86', os.version: '6.1', java.version: '1.8.0_181'
Driver info: org.openqa.selenium.chrome.ChromeDriver
Capabilities {acceptInsecureCerts: false, acceptSslCerts: false, applicationCacheEnabled: false, browserConnectionEnabled: false, browserName: chrome, chrome: {chromedriverVersion: 2.42.591088 (7b2b2dca23cca0..., userDataDir: C:\Users\admin\AppData\Loca...}, cssSelectorsEnabled: true, databaseEnabled: false, goog:chromeOptions: {debuggerAddress: localhost:53325}, handlesAlerts: true, hasTouchScreen: false, javascriptEnabled: true, locationContextEnabled: true, mobileEmulationEnabled: false, nativeEvents: true, networkConnectionEnabled: false, pageLoadStrategy: normal, platform: XP, platformName: XP, rotatable: false, setWindowRect: true, takesHeapSnapshot: true, takesScreenshot: true, unexpectedAlertBehaviour: , unhandledPromptBehavior: , version: 69.0.3497.100, webStorageEnabled: true}
Session ID: 5e89d193e1b9d1f3eb33e28072b9cbf6
	at org.openqa.selenium.remote.ErrorHandler.createThrowable(ErrorHandler.java:214)
	at org.openqa.selenium.remote.ErrorHandler.throwIfResponseFailed(ErrorHandler.java:166)
	at org.openqa.selenium.remote.http.JsonHttpResponseCodec.reconstructValue(JsonHttpResponseCodec.java:40)
	at org.openqa.selenium.remote.http.AbstractHttpResponseCodec.decode(AbstractHttpResponseCodec.java:80)
	at org.openqa.selenium.remote.http.AbstractHttpResponseCodec.decode(AbstractHttpResponseCodec.java:44)
	at org.openqa.selenium.remote.HttpCommandExecutor.execute(HttpCommandExecutor.java:158)
	at org.openqa.selenium.remote.service.DriverCommandExecutor.execute(DriverCommandExecutor.java:83)
	at org.openqa.selenium.remote.RemoteWebDriver.execute(RemoteWebDriver.java:543)
	at org.openqa.selenium.remote.RemoteWebElement.execute(RemoteWebElement.java:276)
	at org.openqa.selenium.remote.RemoteWebElement.click(RemoteWebElement.java:83)
	at environment.Utill.click_element(Utill.java:161)
	at pages.CaseRegistration.uploadcaseDoc(CaseRegistration.java:278)
	at pages.CaseRegistration.getuploadcaseDoc(CaseRegistration.java:242)
	at testcasesprac.SPcasereg.TC_SPDOC_001(SPcasereg.java:1731)
... Removed 28 stack frames]]>
    </failure>
  </testcase> <!-- TC_SPDOC_001 -->
  <testcase name="TC_SPDOC_002" time="0.0" classname="testcasesprac.SPcasereg">
    <skipped/>
  </testcase> <!-- TC_SPDOC_002 -->
  <testcase name="TC_SPDOC_003" time="0.0" classname="testcasesprac.SPcasereg">
    <skipped/>
  </testcase> <!-- TC_SPDOC_003 -->
  <testcase name="TC_SPDOC_004" time="0.0" classname="testcasesprac.SPcasereg">
    <skipped/>
  </testcase> <!-- TC_SPDOC_004 -->
  <testcase name="TC_SPDOC_005" time="0.0" classname="testcasesprac.SPcasereg">
    <skipped/>
  </testcase> <!-- TC_SPDOC_005 -->
  <testcase name="TC_SPDOC_006" time="0.0" classname="testcasesprac.SPcasereg">
    <skipped/>
  </testcase> <!-- TC_SPDOC_006 -->
  <testcase name="TC_SPDOC_007" time="0.0" classname="testcasesprac.SPcasereg">
    <skipped/>
  </testcase> <!-- TC_SPDOC_007 -->
  <testcase name="TC_SPDOC_008" time="0.0" classname="testcasesprac.SPcasereg">
    <skipped/>
  </testcase> <!-- TC_SPDOC_008 -->
</testsuite> <!-- insuff -->
