<?xml version="1.0" encoding="UTF-8"?>
<!-- Generated by org.testng.reporters.JUnitXMLReporter -->
<testsuite hostname="KAD-I-032" ignored="0" name="CANDIDATE CASE" tests="20" failures="0" timestamp="26 Nov 2018 14:58:51 GMT" time="1108.8" errors="0">
  <testcase name="CandidateInitiate" time="4.499" classname="maintest.CandidateCaseRegistration"/>
  <testcase name="CandidatedataEntry" time="116.195" classname="maintest.CandidateCaseRegistration"/>
  <testcase name="Address" time="21.88" classname="maintest.CandidateCaseRegistration"/>
  <testcase name="Education" time="5.122" classname="maintest.CandidateCaseRegistration"/>
  <testcase name="Employment" time="5.179" classname="maintest.CandidateCaseRegistration"/>
  <testcase name="VoterId" time="4.8" classname="maintest.CandidateCaseRegistration"/>
  <testcase name="Reference" time="4.969" classname="maintest.CandidateCaseRegistration"/>
  <testcase name="ClientSubmit" time="30.023" classname="maintest.CandidateCaseRegistration"/>
  <testcase name="DataEntryQC" time="108.337" classname="maintest.CandidateCaseRegistration"/>
  <testcase name="VerificationSupervisor" time="38.405" classname="maintest.CandidateCaseRegistration"/>
  <testcase name="VerificationIntiation" time="229.759" classname="maintest.CandidateCaseRegistration"/>
  <testcase name="AddressVerification" time="100.547" classname="maintest.CandidateCaseRegistration"/>
  <testcase name="EducationVerification" time="58.785" classname="maintest.CandidateCaseRegistration"/>
  <testcase name="EmploymentVerification" time="53.952" classname="maintest.CandidateCaseRegistration"/>
  <testcase name="ReferenceVerification" time="51.346" classname="maintest.CandidateCaseRegistration"/>
  <testcase name="IDVerification" time="50.183" classname="maintest.CandidateCaseRegistration"/>
  <testcase name="ReportGenerationSupervision" time="71.277" classname="maintest.CandidateCaseRegistration"/>
  <testcase name="ReportGenerationSubmit" time="60.542" classname="maintest.CandidateCaseRegistration"/>
  <testcase name="ReportValidationSupervisor" time="36.624" classname="maintest.CandidateCaseRegistration"/>
  <testcase name="ReportValidation" time="50.428" classname="maintest.CandidateCaseRegistration"/>
</testsuite> <!-- CANDIDATE CASE -->
