<?xml version="1.0" encoding="UTF-8"?>
<!-- Generated by org.testng.reporters.JUnitXMLReporter -->
<testsuite hostname="KAD-I-032" ignored="0" name="Default test" tests="20" failures="1" timestamp="23 Nov 2018 12:26:35 GMT" time="280.547" errors="0">
  <testcase name="CandidateInitiate" time="39.18" classname="maintest.CandidateCaseRegistration"/>
  <testcase name="CandidatedataEntry" time="233.218" classname="maintest.CandidateCaseRegistration">
    <failure type="org.openqa.selenium.WebDriverException" message="unknown error: Element &amp;lt;input class=&amp;quot;rbDecorated&amp;quot; type=&amp;quot;button&amp;quot; name=&amp;quot;ctl00$ContentPlaceHolder1$btnAddressSubmit_input&amp;quot; id=&amp;quot;ctl00_ContentPlaceHolder1_btnAddressSubmit_input&amp;quot; value=&amp;quot;Save &amp;amp;amp; Next&amp;quot; tabindex=&amp;quot;-1&amp;quot;&amp;gt; is not clickable at point (872, 530). Other element would receive the click: &amp;lt;div unselectable=&amp;quot;on&amp;quot; class=&amp;quot;TelerikModalOverlay&amp;quot; style=&amp;quot;position: absolute; left: 0px; top: 0px; z-index: 3000; background-color: rgb(170, 170, 170); opacity: 0.5; width: 916px; height: 650px;&amp;quot;&amp;gt;&amp;lt;/div&amp;gt;
  (Session info: chrome=70.0.3538.102)
  (Driver info: chromedriver=2.42.591088 (7b2b2dca23cca0862f674758c9a3933e685c27d5),platform=Windows NT 6.1.7601 SP1 x86) (WARNING: The server did not provide any stacktrace information)
Command duration or timeout: 0 milliseconds
Build info: version: &amp;apos;3.14.0&amp;apos;, revision: &amp;apos;aacccce0&amp;apos;, time: &amp;apos;2018-08-02T20:19:58.91Z&amp;apos;
System info: host: &amp;apos;KAD-I-032&amp;apos;, ip: &amp;apos;192.168.2.67&amp;apos;, os.name: &amp;apos;Windows 7&amp;apos;, os.arch: &amp;apos;x86&amp;apos;, os.version: &amp;apos;6.1&amp;apos;, java.version: &amp;apos;1.8.0_191&amp;apos;
Driver info: org.openqa.selenium.chrome.ChromeDriver
Capabilities {acceptInsecureCerts: false, acceptSslCerts: false, applicationCacheEnabled: false, browserConnectionEnabled: false, browserName: chrome, chrome: {chromedriverVersion: 2.42.591088 (7b2b2dca23cca0..., userDataDir: C:\Users\admin\AppData\Loca...}, cssSelectorsEnabled: true, databaseEnabled: false, goog:chromeOptions: {debuggerAddress: localhost:49249}, handlesAlerts: true, hasTouchScreen: false, javascriptEnabled: true, locationContextEnabled: true, mobileEmulationEnabled: false, nativeEvents: true, networkConnectionEnabled: false, pageLoadStrategy: normal, platform: XP, platformName: XP, rotatable: false, setWindowRect: true, takesHeapSnapshot: true, takesScreenshot: true, unexpectedAlertBehaviour: , unhandledPromptBehavior: , version: 70.0.3538.102, webStorageEnabled: true}
Session ID: 5693116028f6b2912144fb2a219874e1">
      <![CDATA[org.openqa.selenium.WebDriverException: unknown error: Element <input class="rbDecorated" type="button" name="ctl00$ContentPlaceHolder1$btnAddressSubmit_input" id="ctl00_ContentPlaceHolder1_btnAddressSubmit_input" value="Save &amp; Next" tabindex="-1"> is not clickable at point (872, 530). Other element would receive the click: <div unselectable="on" class="TelerikModalOverlay" style="position: absolute; left: 0px; top: 0px; z-index: 3000; background-color: rgb(170, 170, 170); opacity: 0.5; width: 916px; height: 650px;"></div>
  (Session info: chrome=70.0.3538.102)
  (Driver info: chromedriver=2.42.591088 (7b2b2dca23cca0862f674758c9a3933e685c27d5),platform=Windows NT 6.1.7601 SP1 x86) (WARNING: The server did not provide any stacktrace information)
Command duration or timeout: 0 milliseconds
Build info: version: '3.14.0', revision: 'aacccce0', time: '2018-08-02T20:19:58.91Z'
System info: host: 'KAD-I-032', ip: '192.168.2.67', os.name: 'Windows 7', os.arch: 'x86', os.version: '6.1', java.version: '1.8.0_191'
Driver info: org.openqa.selenium.chrome.ChromeDriver
Capabilities {acceptInsecureCerts: false, acceptSslCerts: false, applicationCacheEnabled: false, browserConnectionEnabled: false, browserName: chrome, chrome: {chromedriverVersion: 2.42.591088 (7b2b2dca23cca0..., userDataDir: C:\Users\admin\AppData\Loca...}, cssSelectorsEnabled: true, databaseEnabled: false, goog:chromeOptions: {debuggerAddress: localhost:49249}, handlesAlerts: true, hasTouchScreen: false, javascriptEnabled: true, locationContextEnabled: true, mobileEmulationEnabled: false, nativeEvents: true, networkConnectionEnabled: false, pageLoadStrategy: normal, platform: XP, platformName: XP, rotatable: false, setWindowRect: true, takesHeapSnapshot: true, takesScreenshot: true, unexpectedAlertBehaviour: , unhandledPromptBehavior: , version: 70.0.3538.102, webStorageEnabled: true}
Session ID: 5693116028f6b2912144fb2a219874e1
at sun.reflect.NativeConstructorAccessorImpl.newInstance0(Native Method)
at sun.reflect.NativeConstructorAccessorImpl.newInstance(Unknown Source)
at sun.reflect.DelegatingConstructorAccessorImpl.newInstance(Unknown Source)
at java.lang.reflect.Constructor.newInstance(Unknown Source)
at org.openqa.selenium.remote.ErrorHandler.createThrowable(ErrorHandler.java:214)
at org.openqa.selenium.remote.ErrorHandler.throwIfResponseFailed(ErrorHandler.java:166)
at org.openqa.selenium.remote.http.JsonHttpResponseCodec.reconstructValue(JsonHttpResponseCodec.java:40)
at org.openqa.selenium.remote.http.AbstractHttpResponseCodec.decode(AbstractHttpResponseCodec.java:80)
at org.openqa.selenium.remote.http.AbstractHttpResponseCodec.decode(AbstractHttpResponseCodec.java:44)
at org.openqa.selenium.remote.HttpCommandExecutor.execute(HttpCommandExecutor.java:158)
at org.openqa.selenium.remote.service.DriverCommandExecutor.execute(DriverCommandExecutor.java:83)
at org.openqa.selenium.remote.RemoteWebDriver.execute(RemoteWebDriver.java:548)
at org.openqa.selenium.remote.RemoteWebElement.execute(RemoteWebElement.java:276)
at org.openqa.selenium.remote.RemoteWebElement.click(RemoteWebElement.java:83)
at environment.Utill.click(Utill.java:256)
at candidate.Address.saveNext(Address.java:47)
at candidate.Address.CurrentAddress(Address.java:124)
at maintest.CandidateCaseRegistration.CandidatedataEntry(CandidateCaseRegistration.java:135)
at sun.reflect.NativeMethodAccessorImpl.invoke0(Native Method)
at sun.reflect.NativeMethodAccessorImpl.invoke(Unknown Source)
at sun.reflect.DelegatingMethodAccessorImpl.invoke(Unknown Source)
at java.lang.reflect.Method.invoke(Unknown Source)
at org.testng.internal.MethodInvocationHelper.invokeMethod(MethodInvocationHelper.java:124)
at org.testng.internal.Invoker.invokeMethod(Invoker.java:580)
at org.testng.internal.Invoker.invokeTestMethod(Invoker.java:716)
at org.testng.internal.Invoker.invokeTestMethods(Invoker.java:988)
at org.testng.internal.TestMethodWorker.invokeTestMethods(TestMethodWorker.java:125)
at org.testng.internal.TestMethodWorker.run(TestMethodWorker.java:109)
at org.testng.TestRunner.privateRun(TestRunner.java:648)
at org.testng.TestRunner.run(TestRunner.java:505)
at org.testng.SuiteRunner.runTest(SuiteRunner.java:455)
at org.testng.SuiteRunner.runSequentially(SuiteRunner.java:450)
at org.testng.SuiteRunner.privateRun(SuiteRunner.java:415)
at org.testng.SuiteRunner.run(SuiteRunner.java:364)
at org.testng.SuiteRunnerWorker.runSuite(SuiteRunnerWorker.java:52)
at org.testng.SuiteRunnerWorker.run(SuiteRunnerWorker.java:84)
at org.testng.TestNG.runSuitesSequentially(TestNG.java:1208)
at org.testng.TestNG.runSuitesLocally(TestNG.java:1137)
at org.testng.TestNG.runSuites(TestNG.java:1049)
at org.testng.TestNG.run(TestNG.java:1017)
at org.testng.remote.AbstractRemoteTestNG.run(AbstractRemoteTestNG.java:114)
at org.testng.remote.RemoteTestNG.initAndRun(RemoteTestNG.java:251)
at org.testng.remote.RemoteTestNG.main(RemoteTestNG.java:77)
]]>
    </failure>
  </testcase> <!-- CandidatedataEntry -->
  <testcase name="Address" time="0.0" classname="maintest.CandidateCaseRegistration">
    <skipped/>
  </testcase> <!-- Address -->
  <testcase name="Education" time="0.0" classname="maintest.CandidateCaseRegistration">
    <skipped/>
  </testcase> <!-- Education -->
  <testcase name="Employment" time="0.0" classname="maintest.CandidateCaseRegistration">
    <skipped/>
  </testcase> <!-- Employment -->
  <testcase name="VoterId" time="0.0" classname="maintest.CandidateCaseRegistration">
    <skipped/>
  </testcase> <!-- VoterId -->
  <testcase name="Reference" time="0.0" classname="maintest.CandidateCaseRegistration">
    <skipped/>
  </testcase> <!-- Reference -->
  <testcase name="ClientSubmit" time="0.0" classname="maintest.CandidateCaseRegistration">
    <skipped/>
  </testcase> <!-- ClientSubmit -->
  <testcase name="DataEntryQC" time="0.0" classname="maintest.CandidateCaseRegistration">
    <skipped/>
  </testcase> <!-- DataEntryQC -->
  <testcase name="VerificationSupervisor" time="0.0" classname="maintest.CandidateCaseRegistration">
    <skipped/>
  </testcase> <!-- VerificationSupervisor -->
  <testcase name="VerificationIntiation" time="0.0" classname="maintest.CandidateCaseRegistration">
    <skipped/>
  </testcase> <!-- VerificationIntiation -->
  <testcase name="AddressVerification" time="0.0" classname="maintest.CandidateCaseRegistration">
    <skipped/>
  </testcase> <!-- AddressVerification -->
  <testcase name="EducationVerification" time="0.0" classname="maintest.CandidateCaseRegistration">
    <skipped/>
  </testcase> <!-- EducationVerification -->
  <testcase name="EmploymentVerification" time="0.0" classname="maintest.CandidateCaseRegistration">
    <skipped/>
  </testcase> <!-- EmploymentVerification -->
  <testcase name="ReferenceVerification" time="0.0" classname="maintest.CandidateCaseRegistration">
    <skipped/>
  </testcase> <!-- ReferenceVerification -->
  <testcase name="IDVerification" time="0.0" classname="maintest.CandidateCaseRegistration">
    <skipped/>
  </testcase> <!-- IDVerification -->
  <testcase name="ReportGenerationSupervision" time="0.0" classname="maintest.CandidateCaseRegistration">
    <skipped/>
  </testcase> <!-- ReportGenerationSupervision -->
  <testcase name="ReportGenerationSubmit" time="0.0" classname="maintest.CandidateCaseRegistration">
    <skipped/>
  </testcase> <!-- ReportGenerationSubmit -->
  <testcase name="ReportValidationSupervisor" time="0.0" classname="maintest.CandidateCaseRegistration">
    <skipped/>
  </testcase> <!-- ReportValidationSupervisor -->
  <testcase name="ReportValidation" time="0.0" classname="maintest.CandidateCaseRegistration">
    <skipped/>
  </testcase> <!-- ReportValidation -->
</testsuite> <!-- Default test -->
