<?xml version="1.0" encoding="UTF-8"?>
<!-- Generated by org.testng.reporters.JUnitXMLReporter -->
<testsuite hostname="KAD-I-032" ignored="0" name="Default test" tests="15" failures="0" timestamp="29 Oct 2018 12:40:39 GMT" time="1434.856" errors="0">
  <testcase name="Login" time="11.884" classname="maintest.FullFlow"/>
  <testcase name="caseregistration" time="38.584" classname="maintest.FullFlow"/>
  <testcase name="dataEntryAssign" time="97.366" classname="maintest.FullFlow"/>
  <testcase name="dataEntry" time="825.752" classname="maintest.FullFlow"/>
  <testcase name="dataEntryQCAssign" time="84.69" classname="maintest.FullFlow"/>
  <testcase name="AddressDEQC" time="84.109" classname="maintest.FullFlow"/>
  <testcase name="EducationDEQC" time="80.889" classname="maintest.FullFlow"/>
  <testcase name="EmploymentDEQC" time="62.154" classname="maintest.FullFlow"/>
  <testcase name="ReferenceDEQC" time="13.379" classname="maintest.FullFlow"/>
  <testcase name="DataBaseDEQC" time="13.278" classname="maintest.FullFlow"/>
  <testcase name="CriminalDEQC" time="32.047" classname="maintest.FullFlow"/>
  <testcase name="CreditDEQC" time="11.921" classname="maintest.FullFlow"/>
  <testcase name="CourtDEQC" time="31.258" classname="maintest.FullFlow"/>
  <testcase name="IdDEQC" time="27.379" classname="maintest.FullFlow"/>
  <testcase name="VerificationSupervisor" time="14.972" classname="maintest.FullFlow"/>
</testsuite> <!-- Default test -->
