<?xml version="1.0" encoding="UTF-8"?>
<!-- Generated by org.testng.reporters.JUnitXMLReporter -->
<testsuite hostname="KAD-I-032" ignored="0" name="Default test" tests="26" failures="0" timestamp="01 Nov 2018 08:42:20 GMT" time="2326.962" errors="0">
  <testcase name="login" time="8.877" classname="maintest.FullFlow"/>
  <testcase name="caseregistration" time="35.326" classname="maintest.FullFlow"/>
  <testcase name="dataEntryAssign" time="90.319" classname="maintest.FullFlow"/>
  <testcase name="dataEntry" time="483.017" classname="maintest.FullFlow"/>
  <testcase name="dataEntryQCAssign" time="66.251" classname="maintest.FullFlow"/>
  <testcase name="AddressDEQC" time="35.498" classname="maintest.FullFlow"/>
  <testcase name="EducationDEQC" time="28.139" classname="maintest.FullFlow"/>
  <testcase name="EmploymentDEQC" time="27.407" classname="maintest.FullFlow"/>
  <testcase name="ReferenceDEQC" time="13.128" classname="maintest.FullFlow"/>
  <testcase name="DataBaseDEQC" time="13.511" classname="maintest.FullFlow"/>
  <testcase name="CriminalDEQC" time="31.365" classname="maintest.FullFlow"/>
  <testcase name="CreditDEQC" time="11.866" classname="maintest.FullFlow"/>
  <testcase name="CourtDEQC" time="30.413" classname="maintest.FullFlow"/>
  <testcase name="IdDEQC" time="27.009" classname="maintest.FullFlow"/>
  <testcase name="VerificationSupervisor" time="58.102" classname="maintest.FullFlow"/>
  <testcase name="VerificationIntiation" time="491.829" classname="maintest.FullFlow"/>
  <testcase name="AddressVerification" time="154.32" classname="maintest.FullFlow"/>
  <testcase name="EducationVerification" time="102.59" classname="maintest.FullFlow"/>
  <testcase name="EmploymentVerification" time="98.647" classname="maintest.FullFlow"/>
  <testcase name="ReferenceVerification" time="52.332" classname="maintest.FullFlow"/>
  <testcase name="DatabaseVerification" time="66.984" classname="maintest.FullFlow"/>
  <testcase name="CriminalVerification" time="93.71" classname="maintest.FullFlow"/>
  <testcase name="CreditVerification" time="50.846" classname="maintest.FullFlow"/>
  <testcase name="CourtVerification" time="101.243" classname="maintest.FullFlow"/>
  <testcase name="IDVerification" time="85.474" classname="maintest.FullFlow"/>
  <testcase name="DrugVerification" time="63.541" classname="maintest.FullFlow"/>
</testsuite> <!-- Default test -->
