<?xml version="1.0" encoding="UTF-8"?>
<!-- Generated by org.testng.reporters.JUnitXMLReporter -->
<testsuite hostname="KAD-I-032" ignored="0" name="Default test" tests="9" failures="0" timestamp="26 Oct 2018 13:35:11 GMT" time="804.896" errors="0">
  <testcase name="Login" time="8.556" classname="maintest.FullFlow"/>
  <testcase name="caseregistration" time="35.823" classname="maintest.FullFlow"/>
  <testcase name="dataEntryAssign" time="121.113" classname="maintest.FullFlow"/>
  <testcase name="dataEntry" time="482.431" classname="maintest.FullFlow"/>
  <testcase name="dataEntryQCAssign" time="61.847" classname="maintest.FullFlow"/>
  <testcase name="AddressDEQC" time="26.925" classname="maintest.FullFlow"/>
  <testcase name="EducationDEQC" time="25.997" classname="maintest.FullFlow"/>
  <testcase name="EmploymentDEQC" time="26.554" classname="maintest.FullFlow"/>
  <testcase name="ReferenceDEQC" time="9.569" classname="maintest.FullFlow"/>
</testsuite> <!-- Default test -->
