<?xml version="1.0" encoding="UTF-8"?>
<!-- Generated by org.testng.reporters.JUnitXMLReporter -->
<testsuite hostname="KAD-I-032" ignored="2" name="Default test" tests="39" failures="0" timestamp="12 Nov 2018 12:51:33 GMT" time="2797.884" errors="0">
  <testcase name="login" time="13.839" classname="maintest.FullFlow"/>
  <testcase name="caseregistration" time="35.936" classname="maintest.FullFlow"/>
  <testcase name="dataEntryAssign" time="31.631" classname="maintest.FullFlow"/>
  <testcase name="dataEntry" time="463.901" classname="maintest.FullFlow"/>
  <testcase name="dataEntryQCAssign" time="43.849" classname="maintest.FullFlow"/>
  <testcase name="AddressDEQC" time="35.434" classname="maintest.FullFlow"/>
  <testcase name="EducationDEQC" time="27.822" classname="maintest.FullFlow"/>
  <testcase name="EmploymentDEQC" time="27.79" classname="maintest.FullFlow"/>
  <testcase name="ReferenceDEQC" time="12.958" classname="maintest.FullFlow"/>
  <testcase name="DataBaseDEQC" time="13.797" classname="maintest.FullFlow"/>
  <testcase name="CriminalDEQC" time="31.329" classname="maintest.FullFlow"/>
  <testcase name="CreditDEQC" time="11.811" classname="maintest.FullFlow"/>
  <testcase name="CourtDEQC" time="30.033" classname="maintest.FullFlow"/>
  <testcase name="IdDEQC" time="26.711" classname="maintest.FullFlow"/>
  <testcase name="VerificationSupervisor" time="37.082" classname="maintest.FullFlow"/>
  <testcase name="VerificationIntiation" time="508.999" classname="maintest.FullFlow"/>
  <testcase name="AddressVerification" time="151.072" classname="maintest.FullFlow"/>
  <testcase name="EducationVerification" time="103.224" classname="maintest.FullFlow"/>
  <testcase name="EmploymentVerification" time="98.778" classname="maintest.FullFlow"/>
  <testcase name="ReferenceVerification" time="52.992" classname="maintest.FullFlow"/>
  <testcase name="DatabaseVerification" time="65.294" classname="maintest.FullFlow"/>
  <testcase name="CriminalVerification" time="92.704" classname="maintest.FullFlow"/>
  <testcase name="CreditVerification" time="50.864" classname="maintest.FullFlow"/>
  <testcase name="CourtVerification" time="100.338" classname="maintest.FullFlow"/>
  <testcase name="IDVerification" time="86.468" classname="maintest.FullFlow"/>
  <testcase name="DrugVerification" time="63.96" classname="maintest.FullFlow"/>
  <testcase name="ReportGenerationSupervision" time="70.139" classname="maintest.FullFlow"/>
  <testcase name="AddressReportGeneration" time="74.966" classname="maintest.FullFlow"/>
  <testcase name="EducationReportGeneration" time="61.634" classname="maintest.FullFlow"/>
  <testcase name="EmploymentReportGeneration" time="77.431" classname="maintest.FullFlow"/>
  <testcase name="ReferenceReportGeneration" time="10.111" classname="maintest.FullFlow"/>
  <testcase name="CriminalReportGeneration" time="46.793" classname="maintest.FullFlow"/>
  <testcase name="CreditReportGeneration" time="18.271" classname="maintest.FullFlow"/>
  <testcase name="CourtReportGeneration" time="45.15" classname="maintest.FullFlow"/>
  <testcase name="DrugReportGeneration" time="9.297" classname="maintest.FullFlow"/>
  <testcase name="IdReportGeneration" time="39.691" classname="maintest.FullFlow"/>
  <testcase name="ReportGenerationSubmit" time="25.685" classname="maintest.FullFlow"/>
  <testcase name="ReportValidationSupervisor" time="38.584" classname="maintest.FullFlow"/>
  <testcase name="ReportValidation" time="56.293" classname="maintest.FullFlow"/>
  <testcase name="DatabaseReportGeneration" time="0.0" classname="maintest.FullFlow">
    <ignored/>
  </testcase> <!-- DatabaseReportGeneration -->
  <testcase name="readPdfIndex" time="0.0" classname="maintest.FullFlow">
    <ignored/>
  </testcase> <!-- readPdfIndex -->
</testsuite> <!-- Default test -->
