<?xml version="1.0" encoding="UTF-8"?>
<!-- Generated by org.testng.reporters.JUnitXMLReporter -->
<testsuite hostname="KAD-I-032" ignored="0" name="Default test" tests="8" failures="0" timestamp="20 Nov 2018 12:31:05 GMT" time="249.809" errors="0">
  <testcase name="CandidateInitiate" time="4.132" classname="maintest.CandidateCaseRegistration"/>
  <testcase name="CandidatedataEntry" time="161.978" classname="maintest.CandidateCaseRegistration"/>
  <testcase name="Address" time="24.019" classname="maintest.CandidateCaseRegistration"/>
  <testcase name="Education" time="7.723" classname="maintest.CandidateCaseRegistration"/>
  <testcase name="Employment" time="7.494" classname="maintest.CandidateCaseRegistration"/>
  <testcase name="VoterId" time="7.181" classname="maintest.CandidateCaseRegistration"/>
  <testcase name="Reference" time="7.435" classname="maintest.CandidateCaseRegistration"/>
  <testcase name="ClientSubmit" time="26.275" classname="maintest.CandidateCaseRegistration"/>
</testsuite> <!-- Default test -->
