<?xml version="1.0" encoding="UTF-8"?>
<!-- Generated by org.testng.reporters.JUnitXMLReporter -->
<testsuite hostname="KAD-I-032" ignored="1" name="Default test" tests="7" failures="0" timestamp="14 Nov 2018 12:44:28 GMT" time="709.427" errors="0">
  <testcase name="login" time="9.655" classname="maintest2.Basic"/>
  <testcase name="caseregistration" time="37.1" classname="maintest2.Basic"/>
  <testcase name="dataEntryAssign" time="64.412" classname="maintest2.Basic"/>
  <testcase name="dataEntry" time="476.883" classname="maintest2.Basic"/>
  <testcase name="dataEntryQCAssign" time="51.215" classname="maintest2.Basic"/>
  <testcase name="AddressDEQC" time="35.282" classname="maintest2.Basic"/>
  <testcase name="CourtDEQC" time="31.687" classname="maintest2.Basic"/>
  <testcase name="casereg" time="0.0" classname="maintest2.Basic">
    <ignored/>
  </testcase> <!-- casereg -->
</testsuite> <!-- Default test -->
