<?xml version="1.0" encoding="UTF-8"?>
<!-- Generated by org.testng.reporters.JUnitXMLReporter -->
<testsuite hostname="KAD-I-032" ignored="0" name="Default test" tests="17" failures="0" timestamp="30 Oct 2018 13:17:23 GMT" time="1658.953" errors="0">
  <testcase name="Login" time="8.479" classname="maintest.FullFlow"/>
  <testcase name="caseregistration" time="36.595" classname="maintest.FullFlow"/>
  <testcase name="dataEntryAssign" time="80.01" classname="maintest.FullFlow"/>
  <testcase name="dataEntry" time="489.292" classname="maintest.FullFlow"/>
  <testcase name="dataEntryQCAssign" time="64.774" classname="maintest.FullFlow"/>
  <testcase name="AddressDEQC" time="82.429" classname="maintest.FullFlow"/>
  <testcase name="EducationDEQC" time="28.638" classname="maintest.FullFlow"/>
  <testcase name="EmploymentDEQC" time="27.125" classname="maintest.FullFlow"/>
  <testcase name="ReferenceDEQC" time="13.067" classname="maintest.FullFlow"/>
  <testcase name="DataBaseDEQC" time="13.14" classname="maintest.FullFlow"/>
  <testcase name="CriminalDEQC" time="31.026" classname="maintest.FullFlow"/>
  <testcase name="CreditDEQC" time="11.812" classname="maintest.FullFlow"/>
  <testcase name="CourtDEQC" time="30.109" classname="maintest.FullFlow"/>
  <testcase name="IdDEQC" time="26.498" classname="maintest.FullFlow"/>
  <testcase name="VerificationSupervisor" time="61.967" classname="maintest.FullFlow"/>
  <testcase name="VerificationIntiation" time="498.715" classname="maintest.FullFlow"/>
  <testcase name="AddressVerification" time="149.871" classname="maintest.FullFlow"/>
</testsuite> <!-- Default test -->
