<?xml version="1.0" encoding="UTF-8"?>
<!-- Generated by org.testng.reporters.JUnitXMLReporter -->
<testsuite hostname="KAD-I-032" ignored="0" name="Default test" tests="3" failures="0" timestamp="14 Nov 2018 06:49:19 GMT" time="201.16" errors="0">
  <testcase name="Login" time="6.332" classname="maintest2.Basic"/>
  <testcase name="casereg" time="104.127" classname="maintest2.Basic"/>
  <testcase name="dataentry" time="86.443" classname="maintest2.Basic"/>
</testsuite> <!-- Default test -->
