<?xml version="1.0" encoding="UTF-8"?>
<!-- Generated by org.testng.reporters.JUnitXMLReporter -->
<testsuite hostname="KAD-I-002" name="Default test" tests="10" failures="0" timestamp="10 Sep 2018 09:50:18 GMT" time="20.848" errors="0">
  <testcase name="Login" time="10.414" classname="maintest.SPcasereg"/>
  <testcase name="TC_SPCR_001" time="0.08" classname="maintest.SPcasereg"/>
  <testcase name="TC_SPCR_002" time="3.264" classname="maintest.SPcasereg"/>
  <testcase name="TC_SPCR_003" time="0.062" classname="maintest.SPcasereg"/>
  <testcase name="TC_SPCR_004" time="0.062" classname="maintest.SPcasereg"/>
  <testcase name="TC_SPCR_005" time="0.063" classname="maintest.SPcasereg"/>
  <testcase name="TC_SPCR_006" time="0.047" classname="maintest.SPcasereg"/>
  <testcase name="TC_SPCR_007" time="0.031" classname="maintest.SPcasereg"/>
  <testcase name="TC_SPCR_008" time="0.047" classname="maintest.SPcasereg"/>
  <testcase name="TC_SPCR_009" time="0.031" classname="maintest.SPcasereg"/>
</testsuite> <!-- Default test -->
