<?xml version="1.0" encoding="UTF-8"?>
<testng-results skipped="0" failed="0" total="2" passed="2">
  <reporter-output>
  </reporter-output>
  <suite name="Default suite" duration-ms="22157" started-at="2018-08-16T13:04:01Z" finished-at="2018-08-16T13:04:23Z">
    <groups>
    </groups>
    <test name="Default test" duration-ms="22157" started-at="2018-08-16T13:04:01Z" finished-at="2018-08-16T13:04:23Z">
      <class name="testCases.MainTest2">
        <test-method status="PASS" signature="beforeSuit()[pri:0, instance:testCases.MainTest2@19e5ddf]" name="beforeSuit" is-config="true" duration-ms="220" started-at="2018-08-16T18:34:00Z" finished-at="2018-08-16T18:34:01Z">
          <reporter-output>
          </reporter-output>
        </test-method> <!-- beforeSuit -->
        <test-method status="PASS" signature="start()[pri:0, instance:testCases.MainTest2@19e5ddf]" name="start" is-config="true" duration-ms="8645" started-at="2018-08-16T18:34:01Z" finished-at="2018-08-16T18:34:10Z">
          <reporter-output>
          </reporter-output>
        </test-method> <!-- start -->
        <test-method status="PASS" signature="setup(java.lang.reflect.Method)[pri:0, instance:testCases.MainTest2@19e5ddf]" name="setup" is-config="true" duration-ms="18" started-at="2018-08-16T18:34:10Z" finished-at="2018-08-16T18:34:10Z">
          <params>
            <param index="0">
              <value>
                <![CDATA[public void testCases.MainTest2.Login() throws java.lang.Exception]]>
              </value>
            </param>
          </params>
          <reporter-output>
          </reporter-output>
        </test-method> <!-- setup -->
        <test-method status="PASS" signature="Login()[pri:0, instance:testCases.MainTest2@19e5ddf]" name="Login" duration-ms="2989" started-at="2018-08-16T18:34:10Z" finished-at="2018-08-16T18:34:13Z">
          <reporter-output>
          </reporter-output>
        </test-method> <!-- Login -->
        <test-method status="PASS" signature="testtwo()[pri:0, instance:testCases.MainTest2@19e5ddf]" name="testtwo" duration-ms="1" started-at="2018-08-16T18:34:13Z" finished-at="2018-08-16T18:34:13Z">
          <reporter-output>
          </reporter-output>
        </test-method> <!-- testtwo -->
        <test-method status="PASS" signature="setup(java.lang.reflect.Method)[pri:0, instance:testCases.MainTest2@19e5ddf]" name="setup" is-config="true" duration-ms="0" started-at="2018-08-16T18:34:13Z" finished-at="2018-08-16T18:34:13Z">
          <params>
            <param index="0">
              <value>
                <![CDATA[public void testCases.MainTest2.testtwo()]]>
              </value>
            </param>
          </params>
          <reporter-output>
          </reporter-output>
        </test-method> <!-- setup -->
        <test-method status="PASS" signature="tearDown(org.testng.ITestResult, java.lang.reflect.Method)[pri:0, instance:testCases.MainTest2@19e5ddf]" name="tearDown" is-config="true" duration-ms="0" started-at="2018-08-16T18:34:13Z" finished-at="2018-08-16T18:34:13Z">
          <params>
            <param index="0">
              <value>
                <![CDATA[[TestResult name=Login status=SUCCESS method=MainTest2.Login()[pri:0, instance:testCases.MainTest2@19e5ddf] output={null}]]]>
              </value>
            </param>
            <param index="1">
              <value>
                <![CDATA[public void testCases.MainTest2.Login() throws java.lang.Exception]]>
              </value>
            </param>
          </params>
          <reporter-output>
          </reporter-output>
        </test-method> <!-- tearDown -->
        <test-method status="PASS" signature="tearDown(org.testng.ITestResult, java.lang.reflect.Method)[pri:0, instance:testCases.MainTest2@19e5ddf]" name="tearDown" is-config="true" duration-ms="0" started-at="2018-08-16T18:34:13Z" finished-at="2018-08-16T18:34:13Z">
          <params>
            <param index="0">
              <value>
                <![CDATA[[TestResult name=testtwo status=SUCCESS method=MainTest2.testtwo()[pri:0, instance:testCases.MainTest2@19e5ddf] output={null}]]]>
              </value>
            </param>
            <param index="1">
              <value>
                <![CDATA[public void testCases.MainTest2.testtwo()]]>
              </value>
            </param>
          </params>
          <reporter-output>
          </reporter-output>
        </test-method> <!-- tearDown -->
        <test-method status="PASS" signature="teardown()[pri:0, instance:testCases.MainTest2@19e5ddf]" name="teardown" is-config="true" duration-ms="10001" started-at="2018-08-16T18:34:13Z" finished-at="2018-08-16T18:34:23Z">
          <reporter-output>
          </reporter-output>
        </test-method> <!-- teardown -->
        <test-method status="PASS" signature="afterSuite()[pri:0, instance:testCases.MainTest2@19e5ddf]" name="afterSuite" is-config="true" duration-ms="7996" started-at="2018-08-16T18:34:23Z" finished-at="2018-08-16T18:34:31Z">
          <reporter-output>
          </reporter-output>
        </test-method> <!-- afterSuite -->
      </class> <!-- testCases.MainTest2 -->
    </test> <!-- Default test -->
  </suite> <!-- Default suite -->
</testng-results>
