<?xml version="1.0" encoding="UTF-8"?>
<testng-results skipped="0" failed="0" total="1" passed="1">
  <reporter-output>
  </reporter-output>
  <suite name="Suite" duration-ms="23" started-at="2018-07-19T09:48:13Z" finished-at="2018-07-19T09:48:13Z">
    <groups>
    </groups>
    <test name="Test" duration-ms="23" started-at="2018-07-19T09:48:13Z" finished-at="2018-07-19T09:48:13Z">
      <class name="pages.temp">
        <test-method status="PASS" signature="print()[pri:0, instance:pages.temp@6d1014]" name="print" duration-ms="10" started-at="2018-07-19T15:18:13Z" finished-at="2018-07-19T15:18:13Z">
          <reporter-output>
          </reporter-output>
        </test-method> <!-- print -->
      </class> <!-- pages.temp -->
    </test> <!-- Test -->
  </suite> <!-- Suite -->
</testng-results>
