<?xml version="1.0" encoding="UTF-8"?>
<testng-results skipped="37" failed="3" ignored="14" total="172" passed="118">
  <reporter-output>
    <line>
      <![CDATA[About to begin executing Test ServiceProviderCaseRegistration]]>
    </line>
    <line>
      <![CDATA[Test Method resides in maintest.SPcasereg]]>
    </line>
    <line>
      <![CDATA[Test Status: Pass]]>
    </line>
    <line>
      <![CDATA[Test Method resides in maintest.SPcasereg]]>
    </line>
    <line>
      <![CDATA[Test Status: Pass]]>
    </line>
    <line>
      <![CDATA[Test Method resides in maintest.SPcasereg]]>
    </line>
    <line>
      <![CDATA[Test Status: Pass]]>
    </line>
    <line>
      <![CDATA[Test Method resides in maintest.SPcasereg]]>
    </line>
    <line>
      <![CDATA[Test Status: Pass]]>
    </line>
    <line>
      <![CDATA[Test Method resides in maintest.SPcasereg]]>
    </line>
    <line>
      <![CDATA[Test Status: Pass]]>
    </line>
    <line>
      <![CDATA[Test Method resides in maintest.SPcasereg]]>
    </line>
    <line>
      <![CDATA[Test Status: Pass]]>
    </line>
    <line>
      <![CDATA[Test Method resides in maintest.SPcasereg]]>
    </line>
    <line>
      <![CDATA[Test Status: Pass]]>
    </line>
    <line>
      <![CDATA[Test Method resides in maintest.SPcasereg]]>
    </line>
    <line>
      <![CDATA[Test Status: Pass]]>
    </line>
    <line>
      <![CDATA[Test Method resides in maintest.SPcasereg]]>
    </line>
    <line>
      <![CDATA[Test Status: Pass]]>
    </line>
    <line>
      <![CDATA[Test Method resides in maintest.SPcasereg]]>
    </line>
    <line>
      <![CDATA[Test Status: Pass]]>
    </line>
    <line>
      <![CDATA[Test Method resides in maintest.SPcasereg]]>
    </line>
    <line>
      <![CDATA[Test Status: Pass]]>
    </line>
    <line>
      <![CDATA[Test Method resides in maintest.SPcasereg]]>
    </line>
    <line>
      <![CDATA[Test Status: Pass]]>
    </line>
    <line>
      <![CDATA[Test Method resides in maintest.SPcasereg]]>
    </line>
    <line>
      <![CDATA[Test Status: Failed]]>
    </line>
    <line>
      <![CDATA[Test Method resides in maintest.SPcasereg]]>
    </line>
    <line>
      <![CDATA[Test Status: Pass]]>
    </line>
    <line>
      <![CDATA[Test Method resides in maintest.SPcasereg]]>
    </line>
    <line>
      <![CDATA[Test Status: Pass]]>
    </line>
    <line>
      <![CDATA[Test Method resides in maintest.SPcasereg]]>
    </line>
    <line>
      <![CDATA[Test Status: Pass]]>
    </line>
    <line>
      <![CDATA[Test Method resides in maintest.SPcasereg]]>
    </line>
    <line>
      <![CDATA[Test Status: Pass]]>
    </line>
    <line>
      <![CDATA[Test Method resides in maintest.SPcasereg]]>
    </line>
    <line>
      <![CDATA[Test Status: Pass]]>
    </line>
    <line>
      <![CDATA[Test Method resides in maintest.SPcasereg]]>
    </line>
    <line>
      <![CDATA[Test Status: Pass]]>
    </line>
    <line>
      <![CDATA[Test Method resides in maintest.SPcasereg]]>
    </line>
    <line>
      <![CDATA[Test Status: Pass]]>
    </line>
    <line>
      <![CDATA[Test Method resides in maintest.SPcasereg]]>
    </line>
    <line>
      <![CDATA[Test Status: Pass]]>
    </line>
    <line>
      <![CDATA[Test Method resides in maintest.SPcasereg]]>
    </line>
    <line>
      <![CDATA[Test Status: Pass]]>
    </line>
    <line>
      <![CDATA[Test Method resides in maintest.SPcasereg]]>
    </line>
    <line>
      <![CDATA[Test Status: Pass]]>
    </line>
    <line>
      <![CDATA[Test Method resides in maintest.SPcasereg]]>
    </line>
    <line>
      <![CDATA[Test Status: Pass]]>
    </line>
    <line>
      <![CDATA[Test Method resides in maintest.SPcasereg]]>
    </line>
    <line>
      <![CDATA[Test Status: Pass]]>
    </line>
    <line>
      <![CDATA[Test Method resides in maintest.SPcasereg]]>
    </line>
    <line>
      <![CDATA[Test Status: Pass]]>
    </line>
    <line>
      <![CDATA[Test Method resides in maintest.SPcasereg]]>
    </line>
    <line>
      <![CDATA[Test Status: Pass]]>
    </line>
    <line>
      <![CDATA[Test Method resides in maintest.SPcasereg]]>
    </line>
    <line>
      <![CDATA[Test Status: Pass]]>
    </line>
    <line>
      <![CDATA[Test Method resides in maintest.SPcasereg]]>
    </line>
    <line>
      <![CDATA[Test Status: Pass]]>
    </line>
    <line>
      <![CDATA[Test Method resides in maintest.SPcasereg]]>
    </line>
    <line>
      <![CDATA[Test Status: Pass]]>
    </line>
    <line>
      <![CDATA[Test Method resides in maintest.SPcasereg]]>
    </line>
    <line>
      <![CDATA[Test Status: Pass]]>
    </line>
    <line>
      <![CDATA[Test Method resides in maintest.SPcasereg]]>
    </line>
    <line>
      <![CDATA[Test Status: Pass]]>
    </line>
    <line>
      <![CDATA[Test Method resides in maintest.SPcasereg]]>
    </line>
    <line>
      <![CDATA[Test Status: Pass]]>
    </line>
    <line>
      <![CDATA[Test Method resides in maintest.SPcasereg]]>
    </line>
    <line>
      <![CDATA[Test Status: Pass]]>
    </line>
    <line>
      <![CDATA[Test Method resides in maintest.SPcasereg]]>
    </line>
    <line>
      <![CDATA[Test Status: Pass]]>
    </line>
    <line>
      <![CDATA[Test Method resides in maintest.SPcasereg]]>
    </line>
    <line>
      <![CDATA[Test Status: Pass]]>
    </line>
    <line>
      <![CDATA[Test Method resides in maintest.SPcasereg]]>
    </line>
    <line>
      <![CDATA[Test Status: Pass]]>
    </line>
    <line>
      <![CDATA[Test Method resides in maintest.SPcasereg]]>
    </line>
    <line>
      <![CDATA[Test Status: Pass]]>
    </line>
    <line>
      <![CDATA[Test Method resides in maintest.SPcasereg]]>
    </line>
    <line>
      <![CDATA[Test Status: Pass]]>
    </line>
    <line>
      <![CDATA[Test Method resides in maintest.SPcasereg]]>
    </line>
    <line>
      <![CDATA[Test Status: Pass]]>
    </line>
    <line>
      <![CDATA[Test Method resides in maintest.SPcasereg]]>
    </line>
    <line>
      <![CDATA[Test Status: Pass]]>
    </line>
    <line>
      <![CDATA[Test Method resides in maintest.SPcasereg]]>
    </line>
    <line>
      <![CDATA[Test Status: Pass]]>
    </line>
    <line>
      <![CDATA[Test Method resides in maintest.SPcasereg]]>
    </line>
    <line>
      <![CDATA[Test Status: Pass]]>
    </line>
    <line>
      <![CDATA[Test Method resides in maintest.SPcasereg]]>
    </line>
    <line>
      <![CDATA[Test Status: Pass]]>
    </line>
    <line>
      <![CDATA[Test Method resides in maintest.SPcasereg]]>
    </line>
    <line>
      <![CDATA[Test Status: Pass]]>
    </line>
    <line>
      <![CDATA[Test Method resides in maintest.SPcasereg]]>
    </line>
    <line>
      <![CDATA[Test Status: Pass]]>
    </line>
    <line>
      <![CDATA[Test Method resides in maintest.SPcasereg]]>
    </line>
    <line>
      <![CDATA[Test Status: Pass]]>
    </line>
    <line>
      <![CDATA[Test Method resides in maintest.SPcasereg]]>
    </line>
    <line>
      <![CDATA[Test Status: Pass]]>
    </line>
    <line>
      <![CDATA[Test Method resides in maintest.SPcasereg]]>
    </line>
    <line>
      <![CDATA[Test Status: Pass]]>
    </line>
    <line>
      <![CDATA[Test Method resides in maintest.SPcasereg]]>
    </line>
    <line>
      <![CDATA[Test Status: Pass]]>
    </line>
    <line>
      <![CDATA[Test Method resides in maintest.SPcasereg]]>
    </line>
    <line>
      <![CDATA[Test Status: Failed]]>
    </line>
    <line>
      <![CDATA[Test Method resides in maintest.SPcasereg]]>
    </line>
    <line>
      <![CDATA[Test Status: Skipped]]>
    </line>
    <line>
      <![CDATA[Test Method resides in maintest.SPcasereg]]>
    </line>
    <line>
      <![CDATA[Test Status: Pass]]>
    </line>
    <line>
      <![CDATA[Test Method resides in maintest.SPcasereg]]>
    </line>
    <line>
      <![CDATA[Test Status: Pass]]>
    </line>
    <line>
      <![CDATA[Test Method resides in maintest.SPcasereg]]>
    </line>
    <line>
      <![CDATA[Test Status: Pass]]>
    </line>
    <line>
      <![CDATA[Test Method resides in maintest.SPcasereg]]>
    </line>
    <line>
      <![CDATA[Test Status: Pass]]>
    </line>
    <line>
      <![CDATA[Test Method resides in maintest.SPcasereg]]>
    </line>
    <line>
      <![CDATA[Test Status: Pass]]>
    </line>
    <line>
      <![CDATA[Test Method resides in maintest.SPcasereg]]>
    </line>
    <line>
      <![CDATA[Test Status: Pass]]>
    </line>
    <line>
      <![CDATA[Completed executing test ServiceProviderCaseRegistration]]>
    </line>
    <line>
      <![CDATA[About to begin executing Test FullFlow]]>
    </line>
    <line>
      <![CDATA[Test Method resides in maintest.FullFlow]]>
    </line>
    <line>
      <![CDATA[Test Status: Pass]]>
    </line>
    <line>
      <![CDATA[Test Method resides in maintest.FullFlow]]>
    </line>
    <line>
      <![CDATA[Test Status: Pass]]>
    </line>
    <line>
      <![CDATA[Test Method resides in maintest.FullFlow]]>
    </line>
    <line>
      <![CDATA[Test Status: Pass]]>
    </line>
    <line>
      <![CDATA[Test Method resides in maintest.FullFlow]]>
    </line>
    <line>
      <![CDATA[Test Status: Pass]]>
    </line>
    <line>
      <![CDATA[Test Method resides in maintest.FullFlow]]>
    </line>
    <line>
      <![CDATA[Test Status: Pass]]>
    </line>
    <line>
      <![CDATA[Test Method resides in maintest.FullFlow]]>
    </line>
    <line>
      <![CDATA[Test Status: Pass]]>
    </line>
    <line>
      <![CDATA[Test Method resides in maintest.FullFlow]]>
    </line>
    <line>
      <![CDATA[Test Status: Pass]]>
    </line>
    <line>
      <![CDATA[Test Method resides in maintest.FullFlow]]>
    </line>
    <line>
      <![CDATA[Test Status: Pass]]>
    </line>
    <line>
      <![CDATA[Test Method resides in maintest.FullFlow]]>
    </line>
    <line>
      <![CDATA[Test Status: Pass]]>
    </line>
    <line>
      <![CDATA[Test Method resides in maintest.FullFlow]]>
    </line>
    <line>
      <![CDATA[Test Status: Pass]]>
    </line>
    <line>
      <![CDATA[Test Method resides in maintest.FullFlow]]>
    </line>
    <line>
      <![CDATA[Test Status: Pass]]>
    </line>
    <line>
      <![CDATA[Test Method resides in maintest.FullFlow]]>
    </line>
    <line>
      <![CDATA[Test Status: Pass]]>
    </line>
    <line>
      <![CDATA[Test Method resides in maintest.FullFlow]]>
    </line>
    <line>
      <![CDATA[Test Status: Pass]]>
    </line>
    <line>
      <![CDATA[Test Method resides in maintest.FullFlow]]>
    </line>
    <line>
      <![CDATA[Test Status: Pass]]>
    </line>
    <line>
      <![CDATA[Test Method resides in maintest.FullFlow]]>
    </line>
    <line>
      <![CDATA[Test Status: Pass]]>
    </line>
    <line>
      <![CDATA[Test Method resides in maintest.FullFlow]]>
    </line>
    <line>
      <![CDATA[Test Status: Pass]]>
    </line>
    <line>
      <![CDATA[Test Method resides in maintest.FullFlow]]>
    </line>
    <line>
      <![CDATA[Test Status: Pass]]>
    </line>
    <line>
      <![CDATA[Test Method resides in maintest.FullFlow]]>
    </line>
    <line>
      <![CDATA[Test Status: Pass]]>
    </line>
    <line>
      <![CDATA[Test Method resides in maintest.FullFlow]]>
    </line>
    <line>
      <![CDATA[Test Status: Pass]]>
    </line>
    <line>
      <![CDATA[Test Method resides in maintest.FullFlow]]>
    </line>
    <line>
      <![CDATA[Test Status: Pass]]>
    </line>
    <line>
      <![CDATA[Test Method resides in maintest.FullFlow]]>
    </line>
    <line>
      <![CDATA[Test Status: Pass]]>
    </line>
    <line>
      <![CDATA[Test Method resides in maintest.FullFlow]]>
    </line>
    <line>
      <![CDATA[Test Status: Pass]]>
    </line>
    <line>
      <![CDATA[Test Method resides in maintest.FullFlow]]>
    </line>
    <line>
      <![CDATA[Test Status: Pass]]>
    </line>
    <line>
      <![CDATA[Test Method resides in maintest.FullFlow]]>
    </line>
    <line>
      <![CDATA[Test Status: Pass]]>
    </line>
    <line>
      <![CDATA[Test Method resides in maintest.FullFlow]]>
    </line>
    <line>
      <![CDATA[Test Status: Pass]]>
    </line>
    <line>
      <![CDATA[Test Method resides in maintest.FullFlow]]>
    </line>
    <line>
      <![CDATA[Test Status: Pass]]>
    </line>
    <line>
      <![CDATA[Test Method resides in maintest.FullFlow]]>
    </line>
    <line>
      <![CDATA[Test Status: Pass]]>
    </line>
    <line>
      <![CDATA[Test Method resides in maintest.FullFlow]]>
    </line>
    <line>
      <![CDATA[Test Status: Pass]]>
    </line>
    <line>
      <![CDATA[Test Method resides in maintest.FullFlow]]>
    </line>
    <line>
      <![CDATA[Test Status: Pass]]>
    </line>
    <line>
      <![CDATA[Test Method resides in maintest.FullFlow]]>
    </line>
    <line>
      <![CDATA[Test Status: Pass]]>
    </line>
    <line>
      <![CDATA[Test Method resides in maintest.FullFlow]]>
    </line>
    <line>
      <![CDATA[Test Status: Pass]]>
    </line>
    <line>
      <![CDATA[Test Method resides in maintest.FullFlow]]>
    </line>
    <line>
      <![CDATA[Test Status: Pass]]>
    </line>
    <line>
      <![CDATA[Test Method resides in maintest.FullFlow]]>
    </line>
    <line>
      <![CDATA[Test Status: Pass]]>
    </line>
    <line>
      <![CDATA[Test Method resides in maintest.FullFlow]]>
    </line>
    <line>
      <![CDATA[Test Status: Pass]]>
    </line>
    <line>
      <![CDATA[Test Method resides in maintest.FullFlow]]>
    </line>
    <line>
      <![CDATA[Test Status: Pass]]>
    </line>
    <line>
      <![CDATA[Test Method resides in maintest.FullFlow]]>
    </line>
    <line>
      <![CDATA[Test Status: Pass]]>
    </line>
    <line>
      <![CDATA[Test Method resides in maintest.FullFlow]]>
    </line>
    <line>
      <![CDATA[Test Status: Pass]]>
    </line>
    <line>
      <![CDATA[Test Method resides in maintest.FullFlow]]>
    </line>
    <line>
      <![CDATA[Test Status: Pass]]>
    </line>
    <line>
      <![CDATA[Test Method resides in maintest.FullFlow]]>
    </line>
    <line>
      <![CDATA[Test Status: Pass]]>
    </line>
    <line>
      <![CDATA[Test Method resides in maintest.FullFlow]]>
    </line>
    <line>
      <![CDATA[Test Status: Pass]]>
    </line>
    <line>
      <![CDATA[Completed executing test FullFlow]]>
    </line>
    <line>
      <![CDATA[About to begin executing Test CLIENT CASE]]>
    </line>
    <line>
      <![CDATA[Test Method resides in maintest.ClientCaseReg]]>
    </line>
    <line>
      <![CDATA[Test Status: Pass]]>
    </line>
    <line>
      <![CDATA[Test Method resides in maintest.ClientCaseReg]]>
    </line>
    <line>
      <![CDATA[Test Status: Pass]]>
    </line>
    <line>
      <![CDATA[Test Method resides in maintest.ClientCaseReg]]>
    </line>
    <line>
      <![CDATA[Test Status: Pass]]>
    </line>
    <line>
      <![CDATA[Test Method resides in maintest.ClientCaseReg]]>
    </line>
    <line>
      <![CDATA[Test Status: Failed]]>
    </line>
    <line>
      <![CDATA[Test Method resides in maintest.ClientCaseReg]]>
    </line>
    <line>
      <![CDATA[Test Status: Skipped]]>
    </line>
    <line>
      <![CDATA[Test Method resides in maintest.ClientCaseReg]]>
    </line>
    <line>
      <![CDATA[Test Status: Skipped]]>
    </line>
    <line>
      <![CDATA[Test Method resides in maintest.ClientCaseReg]]>
    </line>
    <line>
      <![CDATA[Test Status: Skipped]]>
    </line>
    <line>
      <![CDATA[Test Method resides in maintest.ClientCaseReg]]>
    </line>
    <line>
      <![CDATA[Test Status: Skipped]]>
    </line>
    <line>
      <![CDATA[Test Method resides in maintest.ClientCaseReg]]>
    </line>
    <line>
      <![CDATA[Test Status: Skipped]]>
    </line>
    <line>
      <![CDATA[Test Method resides in maintest.ClientCaseReg]]>
    </line>
    <line>
      <![CDATA[Test Status: Skipped]]>
    </line>
    <line>
      <![CDATA[Test Method resides in maintest.ClientCaseReg]]>
    </line>
    <line>
      <![CDATA[Test Status: Skipped]]>
    </line>
    <line>
      <![CDATA[Test Method resides in maintest.ClientCaseReg]]>
    </line>
    <line>
      <![CDATA[Test Status: Skipped]]>
    </line>
    <line>
      <![CDATA[Test Method resides in maintest.ClientCaseReg]]>
    </line>
    <line>
      <![CDATA[Test Status: Skipped]]>
    </line>
    <line>
      <![CDATA[Test Method resides in maintest.ClientCaseReg]]>
    </line>
    <line>
      <![CDATA[Test Status: Skipped]]>
    </line>
    <line>
      <![CDATA[Test Method resides in maintest.ClientCaseReg]]>
    </line>
    <line>
      <![CDATA[Test Status: Skipped]]>
    </line>
    <line>
      <![CDATA[Test Method resides in maintest.ClientCaseReg]]>
    </line>
    <line>
      <![CDATA[Test Status: Skipped]]>
    </line>
    <line>
      <![CDATA[Test Method resides in maintest.ClientCaseReg]]>
    </line>
    <line>
      <![CDATA[Test Status: Skipped]]>
    </line>
    <line>
      <![CDATA[Test Method resides in maintest.ClientCaseReg]]>
    </line>
    <line>
      <![CDATA[Test Status: Skipped]]>
    </line>
    <line>
      <![CDATA[Test Method resides in maintest.ClientCaseReg]]>
    </line>
    <line>
      <![CDATA[Test Status: Skipped]]>
    </line>
    <line>
      <![CDATA[Test Method resides in maintest.ClientCaseReg]]>
    </line>
    <line>
      <![CDATA[Test Status: Skipped]]>
    </line>
    <line>
      <![CDATA[Test Method resides in maintest.ClientCaseReg]]>
    </line>
    <line>
      <![CDATA[Test Status: Skipped]]>
    </line>
    <line>
      <![CDATA[Test Method resides in maintest.ClientCaseReg]]>
    </line>
    <line>
      <![CDATA[Test Status: Skipped]]>
    </line>
    <line>
      <![CDATA[Test Method resides in maintest.ClientCaseReg]]>
    </line>
    <line>
      <![CDATA[Test Status: Skipped]]>
    </line>
    <line>
      <![CDATA[Test Method resides in maintest.ClientCaseReg]]>
    </line>
    <line>
      <![CDATA[Test Status: Skipped]]>
    </line>
    <line>
      <![CDATA[Test Method resides in maintest.ClientCaseReg]]>
    </line>
    <line>
      <![CDATA[Test Status: Skipped]]>
    </line>
    <line>
      <![CDATA[Test Method resides in maintest.ClientCaseReg]]>
    </line>
    <line>
      <![CDATA[Test Status: Skipped]]>
    </line>
    <line>
      <![CDATA[Test Method resides in maintest.ClientCaseReg]]>
    </line>
    <line>
      <![CDATA[Test Status: Skipped]]>
    </line>
    <line>
      <![CDATA[Test Method resides in maintest.ClientCaseReg]]>
    </line>
    <line>
      <![CDATA[Test Status: Skipped]]>
    </line>
    <line>
      <![CDATA[Test Method resides in maintest.ClientCaseReg]]>
    </line>
    <line>
      <![CDATA[Test Status: Skipped]]>
    </line>
    <line>
      <![CDATA[Test Method resides in maintest.ClientCaseReg]]>
    </line>
    <line>
      <![CDATA[Test Status: Skipped]]>
    </line>
    <line>
      <![CDATA[Test Method resides in maintest.ClientCaseReg]]>
    </line>
    <line>
      <![CDATA[Test Status: Skipped]]>
    </line>
    <line>
      <![CDATA[Test Method resides in maintest.ClientCaseReg]]>
    </line>
    <line>
      <![CDATA[Test Status: Skipped]]>
    </line>
    <line>
      <![CDATA[Test Method resides in maintest.ClientCaseReg]]>
    </line>
    <line>
      <![CDATA[Test Status: Skipped]]>
    </line>
    <line>
      <![CDATA[Test Method resides in maintest.ClientCaseReg]]>
    </line>
    <line>
      <![CDATA[Test Status: Skipped]]>
    </line>
    <line>
      <![CDATA[Test Method resides in maintest.ClientCaseReg]]>
    </line>
    <line>
      <![CDATA[Test Status: Skipped]]>
    </line>
    <line>
      <![CDATA[Test Method resides in maintest.ClientCaseReg]]>
    </line>
    <line>
      <![CDATA[Test Status: Skipped]]>
    </line>
    <line>
      <![CDATA[Test Method resides in maintest.ClientCaseReg]]>
    </line>
    <line>
      <![CDATA[Test Status: Skipped]]>
    </line>
    <line>
      <![CDATA[Test Method resides in maintest.ClientCaseReg]]>
    </line>
    <line>
      <![CDATA[Test Status: Skipped]]>
    </line>
    <line>
      <![CDATA[Test Method resides in maintest.ClientCaseReg]]>
    </line>
    <line>
      <![CDATA[Test Status: Skipped]]>
    </line>
    <line>
      <![CDATA[Test Method resides in maintest.ClientCaseReg]]>
    </line>
    <line>
      <![CDATA[Test Status: Skipped]]>
    </line>
    <line>
      <![CDATA[Completed executing test CLIENT CASE]]>
    </line>
    <line>
      <![CDATA[About to begin executing Test CANDIDATE CASE]]>
    </line>
    <line>
      <![CDATA[Test Method resides in maintest.CandidateCaseRegistration]]>
    </line>
    <line>
      <![CDATA[Test Status: Pass]]>
    </line>
    <line>
      <![CDATA[Test Method resides in maintest.CandidateCaseRegistration]]>
    </line>
    <line>
      <![CDATA[Test Status: Pass]]>
    </line>
    <line>
      <![CDATA[Test Method resides in maintest.CandidateCaseRegistration]]>
    </line>
    <line>
      <![CDATA[Test Status: Pass]]>
    </line>
    <line>
      <![CDATA[Test Method resides in maintest.CandidateCaseRegistration]]>
    </line>
    <line>
      <![CDATA[Test Status: Pass]]>
    </line>
    <line>
      <![CDATA[Test Method resides in maintest.CandidateCaseRegistration]]>
    </line>
    <line>
      <![CDATA[Test Status: Pass]]>
    </line>
    <line>
      <![CDATA[Test Method resides in maintest.CandidateCaseRegistration]]>
    </line>
    <line>
      <![CDATA[Test Status: Pass]]>
    </line>
    <line>
      <![CDATA[Test Method resides in maintest.CandidateCaseRegistration]]>
    </line>
    <line>
      <![CDATA[Test Status: Pass]]>
    </line>
    <line>
      <![CDATA[Test Method resides in maintest.CandidateCaseRegistration]]>
    </line>
    <line>
      <![CDATA[Test Status: Pass]]>
    </line>
    <line>
      <![CDATA[Test Method resides in maintest.CandidateCaseRegistration]]>
    </line>
    <line>
      <![CDATA[Test Status: Pass]]>
    </line>
    <line>
      <![CDATA[Test Method resides in maintest.CandidateCaseRegistration]]>
    </line>
    <line>
      <![CDATA[Test Status: Pass]]>
    </line>
    <line>
      <![CDATA[Test Method resides in maintest.CandidateCaseRegistration]]>
    </line>
    <line>
      <![CDATA[Test Status: Pass]]>
    </line>
    <line>
      <![CDATA[Test Method resides in maintest.CandidateCaseRegistration]]>
    </line>
    <line>
      <![CDATA[Test Status: Pass]]>
    </line>
    <line>
      <![CDATA[Test Method resides in maintest.CandidateCaseRegistration]]>
    </line>
    <line>
      <![CDATA[Test Status: Pass]]>
    </line>
    <line>
      <![CDATA[Test Method resides in maintest.CandidateCaseRegistration]]>
    </line>
    <line>
      <![CDATA[Test Status: Pass]]>
    </line>
    <line>
      <![CDATA[Test Method resides in maintest.CandidateCaseRegistration]]>
    </line>
    <line>
      <![CDATA[Test Status: Pass]]>
    </line>
    <line>
      <![CDATA[Test Method resides in maintest.CandidateCaseRegistration]]>
    </line>
    <line>
      <![CDATA[Test Status: Pass]]>
    </line>
    <line>
      <![CDATA[Test Method resides in maintest.CandidateCaseRegistration]]>
    </line>
    <line>
      <![CDATA[Test Status: Pass]]>
    </line>
    <line>
      <![CDATA[Test Method resides in maintest.CandidateCaseRegistration]]>
    </line>
    <line>
      <![CDATA[Test Status: Pass]]>
    </line>
    <line>
      <![CDATA[Test Method resides in maintest.CandidateCaseRegistration]]>
    </line>
    <line>
      <![CDATA[Test Status: Pass]]>
    </line>
    <line>
      <![CDATA[Test Method resides in maintest.CandidateCaseRegistration]]>
    </line>
    <line>
      <![CDATA[Test Status: Pass]]>
    </line>
  </reporter-output>
  <suite name="regression testing" duration-ms="5788581" started-at="2018-11-26T13:22:22Z" finished-at="2018-11-26T14:58:51Z">
    <groups>
      <group name="spcase registration">
        <method signature="SPcasereg.TC_SCPR_004()[pri:5, instance:maintest.SPcasereg@7471b5]" name="TC_SCPR_004" class="maintest.SPcasereg"/>
        <method signature="SPcasereg.TC_SPCR_001()[pri:2, instance:maintest.SPcasereg@7471b5]" name="TC_SPCR_001" class="maintest.SPcasereg"/>
        <method signature="SPcasereg.TC_SPCR_002()[pri:3, instance:maintest.SPcasereg@7471b5]" name="TC_SPCR_002" class="maintest.SPcasereg"/>
        <method signature="SPcasereg.TC_SPCR_003()[pri:4, instance:maintest.SPcasereg@7471b5]" name="TC_SPCR_003" class="maintest.SPcasereg"/>
        <method signature="SPcasereg.TC_SPCR_005()[pri:6, instance:maintest.SPcasereg@7471b5]" name="TC_SPCR_005" class="maintest.SPcasereg"/>
        <method signature="SPcasereg.TC_SPCR_006()[pri:7, instance:maintest.SPcasereg@7471b5]" name="TC_SPCR_006" class="maintest.SPcasereg"/>
        <method signature="SPcasereg.TC_SPCR_007()[pri:8, instance:maintest.SPcasereg@7471b5]" name="TC_SPCR_007" class="maintest.SPcasereg"/>
        <method signature="SPcasereg.TC_SPCR_008()[pri:9, instance:maintest.SPcasereg@7471b5]" name="TC_SPCR_008" class="maintest.SPcasereg"/>
        <method signature="SPcasereg.TC_SPCR_009()[pri:10, instance:maintest.SPcasereg@7471b5]" name="TC_SPCR_009" class="maintest.SPcasereg"/>
        <method signature="SPcasereg.TC_SPCR_010()[pri:11, instance:maintest.SPcasereg@7471b5]" name="TC_SPCR_010" class="maintest.SPcasereg"/>
        <method signature="SPcasereg.TC_SPCR_011()[pri:12, instance:maintest.SPcasereg@7471b5]" name="TC_SPCR_011" class="maintest.SPcasereg"/>
        <method signature="SPcasereg.TC_SPCR_022()[pri:23, instance:maintest.SPcasereg@7471b5]" name="TC_SPCR_022" class="maintest.SPcasereg"/>
        <method signature="SPcasereg.TC_SPCR_023()[pri:24, instance:maintest.SPcasereg@7471b5]" name="TC_SPCR_023" class="maintest.SPcasereg"/>
        <method signature="SPcasereg.TC_SPCR_024()[pri:25, instance:maintest.SPcasereg@7471b5]" name="TC_SPCR_024" class="maintest.SPcasereg"/>
        <method signature="SPcasereg.TC_SPCR_025()[pri:26, instance:maintest.SPcasereg@7471b5]" name="TC_SPCR_025" class="maintest.SPcasereg"/>
        <method signature="SPcasereg.TC_SPCR_026()[pri:27, instance:maintest.SPcasereg@7471b5]" name="TC_SPCR_026" class="maintest.SPcasereg"/>
        <method signature="SPcasereg.TC_SPCR_027()[pri:28, instance:maintest.SPcasereg@7471b5]" name="TC_SPCR_027" class="maintest.SPcasereg"/>
        <method signature="SPcasereg.login()[pri:1, instance:maintest.SPcasereg@7471b5]" name="login" class="maintest.SPcasereg"/>
      </group> <!-- spcase registration -->
      <group name="not applicable">
        <method signature="SPcasereg.TC_SPNAPP_001()[pri:58, instance:maintest.SPcasereg@7471b5]" name="TC_SPNAPP_001" class="maintest.SPcasereg"/>
        <method signature="SPcasereg.TC_SPCEP_001()[pri:59, instance:maintest.SPcasereg@7471b5]" name="TC_SPCEP_001" class="maintest.SPcasereg"/>
      </group> <!-- not applicable -->
      <group name="insuff">
        <method signature="SPcasereg.TC_SPINF_001()[pri:29, instance:maintest.SPcasereg@7471b5]" name="TC_SPINF_001" class="maintest.SPcasereg"/>
        <method signature="SPcasereg.TC_SPINF_002()[pri:30, instance:maintest.SPcasereg@7471b5]" name="TC_SPINF_002" class="maintest.SPcasereg"/>
        <method signature="SPcasereg.TC_SPINF_003()[pri:31, instance:maintest.SPcasereg@7471b5]" name="TC_SPINF_003" class="maintest.SPcasereg"/>
        <method signature="SPcasereg.TC_SPINF_004()[pri:32, instance:maintest.SPcasereg@7471b5]" name="TC_SPINF_004" class="maintest.SPcasereg"/>
        <method signature="SPcasereg.TC_SPINF_005()[pri:33, instance:maintest.SPcasereg@7471b5]" name="TC_SPINF_005" class="maintest.SPcasereg"/>
        <method signature="SPcasereg.TC_SPINF_006()[pri:34, instance:maintest.SPcasereg@7471b5]" name="TC_SPINF_006" class="maintest.SPcasereg"/>
        <method signature="SPcasereg.TC_SPINF_007()[pri:35, instance:maintest.SPcasereg@7471b5]" name="TC_SPINF_007" class="maintest.SPcasereg"/>
        <method signature="SPcasereg.TC_SPINF_008()[pri:36, instance:maintest.SPcasereg@7471b5]" name="TC_SPINF_008" class="maintest.SPcasereg"/>
        <method signature="SPcasereg.TC_SPINF_009()[pri:37, instance:maintest.SPcasereg@7471b5]" name="TC_SPINF_009" class="maintest.SPcasereg"/>
        <method signature="SPcasereg.TC_SPINF_010()[pri:38, instance:maintest.SPcasereg@7471b5]" name="TC_SPINF_010" class="maintest.SPcasereg"/>
        <method signature="SPcasereg.TC_SPINF_011()[pri:39, instance:maintest.SPcasereg@7471b5]" name="TC_SPINF_011" class="maintest.SPcasereg"/>
        <method signature="SPcasereg.TC_SPINF_014()[pri:40, instance:maintest.SPcasereg@7471b5]" name="TC_SPINF_014" class="maintest.SPcasereg"/>
        <method signature="SPcasereg.TC_SPINF_017()[pri:41, instance:maintest.SPcasereg@7471b5]" name="TC_SPINF_017" class="maintest.SPcasereg"/>
        <method signature="SPcasereg.TC_SPINF_020()[pri:42, instance:maintest.SPcasereg@7471b5]" name="TC_SPINF_020" class="maintest.SPcasereg"/>
        <method signature="SPcasereg.TC_SPINF_023()[pri:43, instance:maintest.SPcasereg@7471b5]" name="TC_SPINF_023" class="maintest.SPcasereg"/>
        <method signature="SPcasereg.TC_SPINF_026()[pri:44, instance:maintest.SPcasereg@7471b5]" name="TC_SPINF_026" class="maintest.SPcasereg"/>
        <method signature="SPcasereg.TC_SPINF_029()[pri:45, instance:maintest.SPcasereg@7471b5]" name="TC_SPINF_029" class="maintest.SPcasereg"/>
        <method signature="SPcasereg.TC_SPINF_032()[pri:46, instance:maintest.SPcasereg@7471b5]" name="TC_SPINF_032" class="maintest.SPcasereg"/>
        <method signature="SPcasereg.TC_SPINF_035()[pri:47, instance:maintest.SPcasereg@7471b5]" name="TC_SPINF_035" class="maintest.SPcasereg"/>
        <method signature="SPcasereg.TC_SPINF_038()[pri:48, instance:maintest.SPcasereg@7471b5]" name="TC_SPINF_038" class="maintest.SPcasereg"/>
        <method signature="SPcasereg.TC_SPINF_012()[pri:49, instance:maintest.SPcasereg@7471b5]" name="TC_SPINF_012" class="maintest.SPcasereg"/>
        <method signature="SPcasereg.TC_SPINF_015()[pri:50, instance:maintest.SPcasereg@7471b5]" name="TC_SPINF_015" class="maintest.SPcasereg"/>
        <method signature="SPcasereg.TC_SPINF_018()[pri:51, instance:maintest.SPcasereg@7471b5]" name="TC_SPINF_018" class="maintest.SPcasereg"/>
        <method signature="SPcasereg.TC_SPINF_021()[pri:52, instance:maintest.SPcasereg@7471b5]" name="TC_SPINF_021" class="maintest.SPcasereg"/>
        <method signature="SPcasereg.TC_SPINF_024()[pri:57, instance:maintest.SPcasereg@7471b5]" name="TC_SPINF_024" class="maintest.SPcasereg"/>
        <method signature="SPcasereg.TC_SPINF_027()[pri:54, instance:maintest.SPcasereg@7471b5]" name="TC_SPINF_027" class="maintest.SPcasereg"/>
        <method signature="SPcasereg.TC_SPINF_030()[pri:56, instance:maintest.SPcasereg@7471b5]" name="TC_SPINF_030" class="maintest.SPcasereg"/>
        <method signature="SPcasereg.TC_SPINF_033()[pri:55, instance:maintest.SPcasereg@7471b5]" name="TC_SPINF_033" class="maintest.SPcasereg"/>
        <method signature="SPcasereg.TC_SPINF_039()[pri:53, instance:maintest.SPcasereg@7471b5]" name="TC_SPINF_039" class="maintest.SPcasereg"/>
        <method signature="SPcasereg.login()[pri:1, instance:maintest.SPcasereg@7471b5]" name="login" class="maintest.SPcasereg"/>
      </group> <!-- insuff -->
      <group name="smoketest">
        <method signature="SPcasereg.TC_SPCR_001()[pri:2, instance:maintest.SPcasereg@7471b5]" name="TC_SPCR_001" class="maintest.SPcasereg"/>
        <method signature="SPcasereg.TC_SPCR_010()[pri:11, instance:maintest.SPcasereg@7471b5]" name="TC_SPCR_010" class="maintest.SPcasereg"/>
        <method signature="SPcasereg.TC_SPCR_022()[pri:23, instance:maintest.SPcasereg@7471b5]" name="TC_SPCR_022" class="maintest.SPcasereg"/>
        <method signature="SPcasereg.TC_SPCR_023()[pri:24, instance:maintest.SPcasereg@7471b5]" name="TC_SPCR_023" class="maintest.SPcasereg"/>
        <method signature="SPcasereg.TC_SPCR_024()[pri:25, instance:maintest.SPcasereg@7471b5]" name="TC_SPCR_024" class="maintest.SPcasereg"/>
        <method signature="SPcasereg.TC_SPCR_025()[pri:26, instance:maintest.SPcasereg@7471b5]" name="TC_SPCR_025" class="maintest.SPcasereg"/>
        <method signature="SPcasereg.TC_SPCR_026()[pri:27, instance:maintest.SPcasereg@7471b5]" name="TC_SPCR_026" class="maintest.SPcasereg"/>
        <method signature="SPcasereg.TC_SPCR_027()[pri:28, instance:maintest.SPcasereg@7471b5]" name="TC_SPCR_027" class="maintest.SPcasereg"/>
        <method signature="SPcasereg.login()[pri:1, instance:maintest.SPcasereg@7471b5]" name="login" class="maintest.SPcasereg"/>
      </group> <!-- smoketest -->
    </groups>
    <test name="ServiceProviderCaseRegistration" duration-ms="1422074" started-at="2018-11-26T13:22:22Z" finished-at="2018-11-26T13:46:04Z">
      <class name="maintest.SPcasereg">
        <test-method status="PASS" signature="beforetest()[pri:0, instance:maintest.SPcasereg@7471b5]" name="beforetest" is-config="true" duration-ms="6322" started-at="2018-11-26T13:22:22Z" finished-at="2018-11-26T13:22:29Z">
          <reporter-output>
          </reporter-output>
        </test-method> <!-- beforetest -->
        <test-method status="PASS" signature="setup(java.lang.reflect.Method)[pri:0, instance:maintest.SPcasereg@7471b5]" name="setup" is-config="true" duration-ms="10" started-at="2018-11-26T13:22:29Z" finished-at="2018-11-26T13:22:29Z">
          <params>
            <param index="0">
              <value>
                <![CDATA[public void maintest.SPcasereg.login() throws java.lang.Exception]]>
              </value>
            </param>
          </params>
          <reporter-output>
          </reporter-output>
        </test-method> <!-- setup -->
        <test-method status="PASS" signature="login()[pri:1, instance:maintest.SPcasereg@7471b5]" name="login" duration-ms="34300" started-at="2018-11-26T13:22:29Z" finished-at="2018-11-26T13:23:03Z">
          <reporter-output>
            <line>
              <![CDATA[Test Method resides in maintest.SPcasereg]]>
            </line>
            <line>
              <![CDATA[Test Status: Pass]]>
            </line>
          </reporter-output>
        </test-method> <!-- login -->
        <test-method status="PASS" signature="tearDown(org.testng.ITestResult, java.lang.reflect.Method)[pri:0, instance:maintest.SPcasereg@7471b5]" name="tearDown" is-config="true" duration-ms="0" started-at="2018-11-26T13:23:03Z" finished-at="2018-11-26T13:23:03Z">
          <params>
            <param index="0">
              <value>
                <![CDATA[[TestResult name=login status=SUCCESS method=SPcasereg.login()[pri:1, instance:maintest.SPcasereg@7471b5] output=Test Method resides in maintest.SPcasereg]]]>
              </value>
            </param>
            <param index="1">
              <value>
                <![CDATA[public void maintest.SPcasereg.login() throws java.lang.Exception]]>
              </value>
            </param>
          </params>
          <reporter-output>
          </reporter-output>
        </test-method> <!-- tearDown -->
        <test-method status="PASS" signature="TC_SPCR_001()[pri:2, instance:maintest.SPcasereg@7471b5]" name="TC_SPCR_001" duration-ms="3991" started-at="2018-11-26T13:23:03Z" finished-at="2018-11-26T13:23:07Z">
          <reporter-output>
            <line>
              <![CDATA[Test Method resides in maintest.SPcasereg]]>
            </line>
            <line>
              <![CDATA[Test Status: Pass]]>
            </line>
          </reporter-output>
        </test-method> <!-- TC_SPCR_001 -->
        <test-method status="PASS" signature="setup(java.lang.reflect.Method)[pri:0, instance:maintest.SPcasereg@7471b5]" name="setup" is-config="true" duration-ms="0" started-at="2018-11-26T13:23:03Z" finished-at="2018-11-26T13:23:03Z">
          <params>
            <param index="0">
              <value>
                <![CDATA[public void maintest.SPcasereg.TC_SPCR_001() throws java.lang.Exception]]>
              </value>
            </param>
          </params>
          <reporter-output>
          </reporter-output>
        </test-method> <!-- setup -->
        <test-method status="PASS" signature="tearDown(org.testng.ITestResult, java.lang.reflect.Method)[pri:0, instance:maintest.SPcasereg@7471b5]" name="tearDown" is-config="true" duration-ms="0" started-at="2018-11-26T13:23:07Z" finished-at="2018-11-26T13:23:07Z">
          <params>
            <param index="0">
              <value>
                <![CDATA[[TestResult name=TC_SPCR_001 status=SUCCESS method=SPcasereg.TC_SPCR_001()[pri:2, instance:maintest.SPcasereg@7471b5] output=Test Method resides in maintest.SPcasereg]]]>
              </value>
            </param>
            <param index="1">
              <value>
                <![CDATA[public void maintest.SPcasereg.TC_SPCR_001() throws java.lang.Exception]]>
              </value>
            </param>
          </params>
          <reporter-output>
          </reporter-output>
        </test-method> <!-- tearDown -->
        <test-method status="PASS" signature="setup(java.lang.reflect.Method)[pri:0, instance:maintest.SPcasereg@7471b5]" name="setup" is-config="true" duration-ms="0" started-at="2018-11-26T13:23:07Z" finished-at="2018-11-26T13:23:07Z">
          <params>
            <param index="0">
              <value>
                <![CDATA[public void maintest.SPcasereg.TC_SPCR_002()]]>
              </value>
            </param>
          </params>
          <reporter-output>
          </reporter-output>
        </test-method> <!-- setup -->
        <test-method status="PASS" signature="TC_SPCR_002()[pri:3, instance:maintest.SPcasereg@7471b5]" name="TC_SPCR_002" duration-ms="3766" started-at="2018-11-26T13:23:07Z" finished-at="2018-11-26T13:23:11Z">
          <reporter-output>
            <line>
              <![CDATA[Test Method resides in maintest.SPcasereg]]>
            </line>
            <line>
              <![CDATA[Test Status: Pass]]>
            </line>
          </reporter-output>
        </test-method> <!-- TC_SPCR_002 -->
        <test-method status="PASS" signature="tearDown(org.testng.ITestResult, java.lang.reflect.Method)[pri:0, instance:maintest.SPcasereg@7471b5]" name="tearDown" is-config="true" duration-ms="1" started-at="2018-11-26T13:23:11Z" finished-at="2018-11-26T13:23:11Z">
          <params>
            <param index="0">
              <value>
                <![CDATA[[TestResult name=TC_SPCR_002 status=SUCCESS method=SPcasereg.TC_SPCR_002()[pri:3, instance:maintest.SPcasereg@7471b5] output=Test Method resides in maintest.SPcasereg]]]>
              </value>
            </param>
            <param index="1">
              <value>
                <![CDATA[public void maintest.SPcasereg.TC_SPCR_002()]]>
              </value>
            </param>
          </params>
          <reporter-output>
          </reporter-output>
        </test-method> <!-- tearDown -->
        <test-method status="PASS" signature="setup(java.lang.reflect.Method)[pri:0, instance:maintest.SPcasereg@7471b5]" name="setup" is-config="true" duration-ms="1" started-at="2018-11-26T13:23:11Z" finished-at="2018-11-26T13:23:11Z">
          <params>
            <param index="0">
              <value>
                <![CDATA[public void maintest.SPcasereg.TC_SPCR_003()]]>
              </value>
            </param>
          </params>
          <reporter-output>
          </reporter-output>
        </test-method> <!-- setup -->
        <test-method status="PASS" signature="TC_SPCR_003()[pri:4, instance:maintest.SPcasereg@7471b5]" name="TC_SPCR_003" duration-ms="55" started-at="2018-11-26T13:23:11Z" finished-at="2018-11-26T13:23:11Z">
          <reporter-output>
            <line>
              <![CDATA[Test Method resides in maintest.SPcasereg]]>
            </line>
            <line>
              <![CDATA[Test Status: Pass]]>
            </line>
          </reporter-output>
        </test-method> <!-- TC_SPCR_003 -->
        <test-method status="PASS" signature="setup(java.lang.reflect.Method)[pri:0, instance:maintest.SPcasereg@7471b5]" name="setup" is-config="true" duration-ms="1" started-at="2018-11-26T13:23:11Z" finished-at="2018-11-26T13:23:11Z">
          <params>
            <param index="0">
              <value>
                <![CDATA[public void maintest.SPcasereg.TC_SCPR_004()]]>
              </value>
            </param>
          </params>
          <reporter-output>
          </reporter-output>
        </test-method> <!-- setup -->
        <test-method status="PASS" signature="tearDown(org.testng.ITestResult, java.lang.reflect.Method)[pri:0, instance:maintest.SPcasereg@7471b5]" name="tearDown" is-config="true" duration-ms="0" started-at="2018-11-26T13:23:11Z" finished-at="2018-11-26T13:23:11Z">
          <params>
            <param index="0">
              <value>
                <![CDATA[[TestResult name=TC_SPCR_003 status=SUCCESS method=SPcasereg.TC_SPCR_003()[pri:4, instance:maintest.SPcasereg@7471b5] output=Test Method resides in maintest.SPcasereg]]]>
              </value>
            </param>
            <param index="1">
              <value>
                <![CDATA[public void maintest.SPcasereg.TC_SPCR_003()]]>
              </value>
            </param>
          </params>
          <reporter-output>
          </reporter-output>
        </test-method> <!-- tearDown -->
        <test-method status="PASS" signature="TC_SCPR_004()[pri:5, instance:maintest.SPcasereg@7471b5]" name="TC_SCPR_004" duration-ms="40" started-at="2018-11-26T13:23:11Z" finished-at="2018-11-26T13:23:11Z">
          <reporter-output>
            <line>
              <![CDATA[Test Method resides in maintest.SPcasereg]]>
            </line>
            <line>
              <![CDATA[Test Status: Pass]]>
            </line>
          </reporter-output>
        </test-method> <!-- TC_SCPR_004 -->
        <test-method status="PASS" signature="tearDown(org.testng.ITestResult, java.lang.reflect.Method)[pri:0, instance:maintest.SPcasereg@7471b5]" name="tearDown" is-config="true" duration-ms="0" started-at="2018-11-26T13:23:11Z" finished-at="2018-11-26T13:23:11Z">
          <params>
            <param index="0">
              <value>
                <![CDATA[[TestResult name=TC_SCPR_004 status=SUCCESS method=SPcasereg.TC_SCPR_004()[pri:5, instance:maintest.SPcasereg@7471b5] output=Test Method resides in maintest.SPcasereg]]]>
              </value>
            </param>
            <param index="1">
              <value>
                <![CDATA[public void maintest.SPcasereg.TC_SCPR_004()]]>
              </value>
            </param>
          </params>
          <reporter-output>
          </reporter-output>
        </test-method> <!-- tearDown -->
        <test-method status="PASS" signature="setup(java.lang.reflect.Method)[pri:0, instance:maintest.SPcasereg@7471b5]" name="setup" is-config="true" duration-ms="1" started-at="2018-11-26T13:23:11Z" finished-at="2018-11-26T13:23:11Z">
          <params>
            <param index="0">
              <value>
                <![CDATA[public void maintest.SPcasereg.TC_SPCR_005()]]>
              </value>
            </param>
          </params>
          <reporter-output>
          </reporter-output>
        </test-method> <!-- setup -->
        <test-method status="PASS" signature="TC_SPCR_005()[pri:6, instance:maintest.SPcasereg@7471b5]" name="TC_SPCR_005" duration-ms="40" started-at="2018-11-26T13:23:11Z" finished-at="2018-11-26T13:23:11Z">
          <reporter-output>
            <line>
              <![CDATA[Test Method resides in maintest.SPcasereg]]>
            </line>
            <line>
              <![CDATA[Test Status: Pass]]>
            </line>
          </reporter-output>
        </test-method> <!-- TC_SPCR_005 -->
        <test-method status="PASS" signature="tearDown(org.testng.ITestResult, java.lang.reflect.Method)[pri:0, instance:maintest.SPcasereg@7471b5]" name="tearDown" is-config="true" duration-ms="0" started-at="2018-11-26T13:23:11Z" finished-at="2018-11-26T13:23:11Z">
          <params>
            <param index="0">
              <value>
                <![CDATA[[TestResult name=TC_SPCR_005 status=SUCCESS method=SPcasereg.TC_SPCR_005()[pri:6, instance:maintest.SPcasereg@7471b5] output=Test Method resides in maintest.SPcasereg]]]>
              </value>
            </param>
            <param index="1">
              <value>
                <![CDATA[public void maintest.SPcasereg.TC_SPCR_005()]]>
              </value>
            </param>
          </params>
          <reporter-output>
          </reporter-output>
        </test-method> <!-- tearDown -->
        <test-method status="PASS" signature="setup(java.lang.reflect.Method)[pri:0, instance:maintest.SPcasereg@7471b5]" name="setup" is-config="true" duration-ms="1" started-at="2018-11-26T13:23:11Z" finished-at="2018-11-26T13:23:11Z">
          <params>
            <param index="0">
              <value>
                <![CDATA[public void maintest.SPcasereg.TC_SPCR_006()]]>
              </value>
            </param>
          </params>
          <reporter-output>
          </reporter-output>
        </test-method> <!-- setup -->
        <test-method status="PASS" signature="TC_SPCR_006()[pri:7, instance:maintest.SPcasereg@7471b5]" name="TC_SPCR_006" duration-ms="34" started-at="2018-11-26T13:23:11Z" finished-at="2018-11-26T13:23:11Z">
          <reporter-output>
            <line>
              <![CDATA[Test Method resides in maintest.SPcasereg]]>
            </line>
            <line>
              <![CDATA[Test Status: Pass]]>
            </line>
          </reporter-output>
        </test-method> <!-- TC_SPCR_006 -->
        <test-method status="PASS" signature="tearDown(org.testng.ITestResult, java.lang.reflect.Method)[pri:0, instance:maintest.SPcasereg@7471b5]" name="tearDown" is-config="true" duration-ms="1" started-at="2018-11-26T13:23:11Z" finished-at="2018-11-26T13:23:11Z">
          <params>
            <param index="0">
              <value>
                <![CDATA[[TestResult name=TC_SPCR_006 status=SUCCESS method=SPcasereg.TC_SPCR_006()[pri:7, instance:maintest.SPcasereg@7471b5] output=Test Method resides in maintest.SPcasereg]]]>
              </value>
            </param>
            <param index="1">
              <value>
                <![CDATA[public void maintest.SPcasereg.TC_SPCR_006()]]>
              </value>
            </param>
          </params>
          <reporter-output>
          </reporter-output>
        </test-method> <!-- tearDown -->
        <test-method status="PASS" signature="setup(java.lang.reflect.Method)[pri:0, instance:maintest.SPcasereg@7471b5]" name="setup" is-config="true" duration-ms="0" started-at="2018-11-26T13:23:11Z" finished-at="2018-11-26T13:23:11Z">
          <params>
            <param index="0">
              <value>
                <![CDATA[public void maintest.SPcasereg.TC_SPCR_007()]]>
              </value>
            </param>
          </params>
          <reporter-output>
          </reporter-output>
        </test-method> <!-- setup -->
        <test-method status="PASS" signature="TC_SPCR_007()[pri:8, instance:maintest.SPcasereg@7471b5]" name="TC_SPCR_007" duration-ms="35" started-at="2018-11-26T13:23:11Z" finished-at="2018-11-26T13:23:11Z">
          <reporter-output>
            <line>
              <![CDATA[Test Method resides in maintest.SPcasereg]]>
            </line>
            <line>
              <![CDATA[Test Status: Pass]]>
            </line>
          </reporter-output>
        </test-method> <!-- TC_SPCR_007 -->
        <test-method status="PASS" signature="tearDown(org.testng.ITestResult, java.lang.reflect.Method)[pri:0, instance:maintest.SPcasereg@7471b5]" name="tearDown" is-config="true" duration-ms="0" started-at="2018-11-26T13:23:11Z" finished-at="2018-11-26T13:23:11Z">
          <params>
            <param index="0">
              <value>
                <![CDATA[[TestResult name=TC_SPCR_007 status=SUCCESS method=SPcasereg.TC_SPCR_007()[pri:8, instance:maintest.SPcasereg@7471b5] output=Test Method resides in maintest.SPcasereg]]]>
              </value>
            </param>
            <param index="1">
              <value>
                <![CDATA[public void maintest.SPcasereg.TC_SPCR_007()]]>
              </value>
            </param>
          </params>
          <reporter-output>
          </reporter-output>
        </test-method> <!-- tearDown -->
        <test-method status="PASS" signature="setup(java.lang.reflect.Method)[pri:0, instance:maintest.SPcasereg@7471b5]" name="setup" is-config="true" duration-ms="0" started-at="2018-11-26T13:23:11Z" finished-at="2018-11-26T13:23:11Z">
          <params>
            <param index="0">
              <value>
                <![CDATA[public void maintest.SPcasereg.TC_SPCR_008()]]>
              </value>
            </param>
          </params>
          <reporter-output>
          </reporter-output>
        </test-method> <!-- setup -->
        <test-method status="PASS" signature="TC_SPCR_008()[pri:9, instance:maintest.SPcasereg@7471b5]" name="TC_SPCR_008" duration-ms="35" started-at="2018-11-26T13:23:11Z" finished-at="2018-11-26T13:23:11Z">
          <reporter-output>
            <line>
              <![CDATA[Test Method resides in maintest.SPcasereg]]>
            </line>
            <line>
              <![CDATA[Test Status: Pass]]>
            </line>
          </reporter-output>
        </test-method> <!-- TC_SPCR_008 -->
        <test-method status="PASS" signature="tearDown(org.testng.ITestResult, java.lang.reflect.Method)[pri:0, instance:maintest.SPcasereg@7471b5]" name="tearDown" is-config="true" duration-ms="1" started-at="2018-11-26T13:23:11Z" finished-at="2018-11-26T13:23:11Z">
          <params>
            <param index="0">
              <value>
                <![CDATA[[TestResult name=TC_SPCR_008 status=SUCCESS method=SPcasereg.TC_SPCR_008()[pri:9, instance:maintest.SPcasereg@7471b5] output=Test Method resides in maintest.SPcasereg]]]>
              </value>
            </param>
            <param index="1">
              <value>
                <![CDATA[public void maintest.SPcasereg.TC_SPCR_008()]]>
              </value>
            </param>
          </params>
          <reporter-output>
          </reporter-output>
        </test-method> <!-- tearDown -->
        <test-method status="PASS" signature="setup(java.lang.reflect.Method)[pri:0, instance:maintest.SPcasereg@7471b5]" name="setup" is-config="true" duration-ms="1" started-at="2018-11-26T13:23:11Z" finished-at="2018-11-26T13:23:11Z">
          <params>
            <param index="0">
              <value>
                <![CDATA[public void maintest.SPcasereg.TC_SPCR_009()]]>
              </value>
            </param>
          </params>
          <reporter-output>
          </reporter-output>
        </test-method> <!-- setup -->
        <test-method status="PASS" signature="TC_SPCR_009()[pri:10, instance:maintest.SPcasereg@7471b5]" name="TC_SPCR_009" duration-ms="34" started-at="2018-11-26T13:23:11Z" finished-at="2018-11-26T13:23:11Z">
          <reporter-output>
            <line>
              <![CDATA[Test Method resides in maintest.SPcasereg]]>
            </line>
            <line>
              <![CDATA[Test Status: Pass]]>
            </line>
          </reporter-output>
        </test-method> <!-- TC_SPCR_009 -->
        <test-method status="PASS" signature="tearDown(org.testng.ITestResult, java.lang.reflect.Method)[pri:0, instance:maintest.SPcasereg@7471b5]" name="tearDown" is-config="true" duration-ms="0" started-at="2018-11-26T13:23:11Z" finished-at="2018-11-26T13:23:11Z">
          <params>
            <param index="0">
              <value>
                <![CDATA[[TestResult name=TC_SPCR_009 status=SUCCESS method=SPcasereg.TC_SPCR_009()[pri:10, instance:maintest.SPcasereg@7471b5] output=Test Method resides in maintest.SPcasereg]]]>
              </value>
            </param>
            <param index="1">
              <value>
                <![CDATA[public void maintest.SPcasereg.TC_SPCR_009()]]>
              </value>
            </param>
          </params>
          <reporter-output>
          </reporter-output>
        </test-method> <!-- tearDown -->
        <test-method status="PASS" signature="setup(java.lang.reflect.Method)[pri:0, instance:maintest.SPcasereg@7471b5]" name="setup" is-config="true" duration-ms="0" started-at="2018-11-26T13:23:11Z" finished-at="2018-11-26T13:23:11Z">
          <params>
            <param index="0">
              <value>
                <![CDATA[public void maintest.SPcasereg.TC_SPCR_010() throws java.lang.Exception]]>
              </value>
            </param>
          </params>
          <reporter-output>
          </reporter-output>
        </test-method> <!-- setup -->
        <test-method status="PASS" signature="TC_SPCR_010()[pri:11, instance:maintest.SPcasereg@7471b5]" name="TC_SPCR_010" duration-ms="90301" started-at="2018-11-26T13:23:11Z" finished-at="2018-11-26T13:24:41Z">
          <reporter-output>
            <line>
              <![CDATA[Test Method resides in maintest.SPcasereg]]>
            </line>
            <line>
              <![CDATA[Test Status: Pass]]>
            </line>
          </reporter-output>
        </test-method> <!-- TC_SPCR_010 -->
        <test-method status="PASS" signature="tearDown(org.testng.ITestResult, java.lang.reflect.Method)[pri:0, instance:maintest.SPcasereg@7471b5]" name="tearDown" is-config="true" duration-ms="1" started-at="2018-11-26T13:24:41Z" finished-at="2018-11-26T13:24:41Z">
          <params>
            <param index="0">
              <value>
                <![CDATA[[TestResult name=TC_SPCR_010 status=SUCCESS method=SPcasereg.TC_SPCR_010()[pri:11, instance:maintest.SPcasereg@7471b5] output=Test Method resides in maintest.SPcasereg]]]>
              </value>
            </param>
            <param index="1">
              <value>
                <![CDATA[public void maintest.SPcasereg.TC_SPCR_010() throws java.lang.Exception]]>
              </value>
            </param>
          </params>
          <reporter-output>
          </reporter-output>
        </test-method> <!-- tearDown -->
        <test-method status="PASS" signature="setup(java.lang.reflect.Method)[pri:0, instance:maintest.SPcasereg@7471b5]" name="setup" is-config="true" duration-ms="1" started-at="2018-11-26T13:24:41Z" finished-at="2018-11-26T13:24:41Z">
          <params>
            <param index="0">
              <value>
                <![CDATA[public void maintest.SPcasereg.TC_SPCR_011() throws java.lang.Exception]]>
              </value>
            </param>
          </params>
          <reporter-output>
          </reporter-output>
        </test-method> <!-- setup -->
        <test-method status="PASS" signature="TC_SPCR_011()[pri:12, instance:maintest.SPcasereg@7471b5]" name="TC_SPCR_011" duration-ms="92866" started-at="2018-11-26T13:24:41Z" finished-at="2018-11-26T13:26:14Z">
          <reporter-output>
            <line>
              <![CDATA[Test Method resides in maintest.SPcasereg]]>
            </line>
            <line>
              <![CDATA[Test Status: Pass]]>
            </line>
          </reporter-output>
        </test-method> <!-- TC_SPCR_011 -->
        <test-method status="PASS" signature="tearDown(org.testng.ITestResult, java.lang.reflect.Method)[pri:0, instance:maintest.SPcasereg@7471b5]" name="tearDown" is-config="true" duration-ms="1" started-at="2018-11-26T13:26:14Z" finished-at="2018-11-26T13:26:14Z">
          <params>
            <param index="0">
              <value>
                <![CDATA[[TestResult name=TC_SPCR_011 status=SUCCESS method=SPcasereg.TC_SPCR_011()[pri:12, instance:maintest.SPcasereg@7471b5] output=Test Method resides in maintest.SPcasereg]]]>
              </value>
            </param>
            <param index="1">
              <value>
                <![CDATA[public void maintest.SPcasereg.TC_SPCR_011() throws java.lang.Exception]]>
              </value>
            </param>
          </params>
          <reporter-output>
          </reporter-output>
        </test-method> <!-- tearDown -->
        <test-method status="PASS" signature="setup(java.lang.reflect.Method)[pri:0, instance:maintest.SPcasereg@7471b5]" name="setup" is-config="true" duration-ms="0" started-at="2018-11-26T13:26:14Z" finished-at="2018-11-26T13:26:14Z">
          <params>
            <param index="0">
              <value>
                <![CDATA[public void maintest.SPcasereg.TC_SPCR_022() throws java.lang.Exception]]>
              </value>
            </param>
          </params>
          <reporter-output>
          </reporter-output>
        </test-method> <!-- setup -->
        <test-method status="FAIL" signature="TC_SPCR_022()[pri:23, instance:maintest.SPcasereg@7471b5]" name="TC_SPCR_022" duration-ms="36030" started-at="2018-11-26T13:26:14Z" finished-at="2018-11-26T13:26:50Z">
          <exception class="java.lang.NullPointerException">
            <full-stacktrace>
              <![CDATA[java.lang.NullPointerException
at maintest.SPcasereg.TC_SPCR_022(SPcasereg.java:1008)
at sun.reflect.NativeMethodAccessorImpl.invoke0(Native Method)
at sun.reflect.NativeMethodAccessorImpl.invoke(NativeMethodAccessorImpl.java:62)
at sun.reflect.DelegatingMethodAccessorImpl.invoke(DelegatingMethodAccessorImpl.java:43)
at java.lang.reflect.Method.invoke(Method.java:498)
at org.testng.internal.MethodInvocationHelper.invokeMethod(MethodInvocationHelper.java:124)
at org.testng.internal.Invoker.invokeMethod(Invoker.java:583)
at org.testng.internal.Invoker.invokeTestMethod(Invoker.java:719)
at org.testng.internal.Invoker.invokeTestMethods(Invoker.java:989)
at org.testng.internal.TestMethodWorker.invokeTestMethods(TestMethodWorker.java:125)
at org.testng.internal.TestMethodWorker.run(TestMethodWorker.java:109)
at org.testng.TestRunner.privateRun(TestRunner.java:648)
at org.testng.TestRunner.run(TestRunner.java:505)
at org.testng.SuiteRunner.runTest(SuiteRunner.java:455)
at org.testng.SuiteRunner.runSequentially(SuiteRunner.java:450)
at org.testng.SuiteRunner.privateRun(SuiteRunner.java:415)
at org.testng.SuiteRunner.run(SuiteRunner.java:364)
at org.testng.SuiteRunnerWorker.runSuite(SuiteRunnerWorker.java:52)
at org.testng.SuiteRunnerWorker.run(SuiteRunnerWorker.java:84)
at org.testng.TestNG.runSuitesSequentially(TestNG.java:1208)
at org.testng.TestNG.runSuitesLocally(TestNG.java:1137)
at org.testng.TestNG.runSuites(TestNG.java:1049)
at org.testng.TestNG.run(TestNG.java:1017)
at org.apache.maven.surefire.testng.TestNGExecutor.run(TestNGExecutor.java:295)
at org.apache.maven.surefire.testng.TestNGXmlTestSuite.execute(TestNGXmlTestSuite.java:84)
at org.apache.maven.surefire.testng.TestNGProvider.invoke(TestNGProvider.java:90)
at org.apache.maven.surefire.booter.ForkedBooter.invokeProviderInSameClassLoader(ForkedBooter.java:203)
at org.apache.maven.surefire.booter.ForkedBooter.runSuitesInProcess(ForkedBooter.java:155)
at org.apache.maven.surefire.booter.ForkedBooter.main(ForkedBooter.java:103)
]]>
            </full-stacktrace>
          </exception> <!-- java.lang.NullPointerException -->
          <reporter-output>
            <line>
              <![CDATA[Test Method resides in maintest.SPcasereg]]>
            </line>
            <line>
              <![CDATA[Test Status: Failed]]>
            </line>
          </reporter-output>
        </test-method> <!-- TC_SPCR_022 -->
        <test-method status="PASS" signature="tearDown(org.testng.ITestResult, java.lang.reflect.Method)[pri:0, instance:maintest.SPcasereg@7471b5]" name="tearDown" is-config="true" duration-ms="17788" started-at="2018-11-26T13:26:50Z" finished-at="2018-11-26T13:27:08Z">
          <params>
            <param index="0">
              <value>
                <![CDATA[[TestResult name=TC_SPCR_022 status=FAILURE method=SPcasereg.TC_SPCR_022()[pri:23, instance:maintest.SPcasereg@7471b5] output=Test Method resides in maintest.SPcasereg]]]>
              </value>
            </param>
            <param index="1">
              <value>
                <![CDATA[public void maintest.SPcasereg.TC_SPCR_022() throws java.lang.Exception]]>
              </value>
            </param>
          </params>
          <reporter-output>
          </reporter-output>
        </test-method> <!-- tearDown -->
        <test-method status="PASS" signature="setup(java.lang.reflect.Method)[pri:0, instance:maintest.SPcasereg@7471b5]" name="setup" is-config="true" duration-ms="1" started-at="2018-11-26T13:27:08Z" finished-at="2018-11-26T13:27:08Z">
          <params>
            <param index="0">
              <value>
                <![CDATA[public void maintest.SPcasereg.TC_SPCR_023() throws java.lang.Exception]]>
              </value>
            </param>
          </params>
          <reporter-output>
          </reporter-output>
        </test-method> <!-- setup -->
        <test-method status="PASS" signature="TC_SPCR_023()[pri:24, instance:maintest.SPcasereg@7471b5]" name="TC_SPCR_023" duration-ms="21521" started-at="2018-11-26T13:27:08Z" finished-at="2018-11-26T13:27:30Z">
          <reporter-output>
            <line>
              <![CDATA[Test Method resides in maintest.SPcasereg]]>
            </line>
            <line>
              <![CDATA[Test Status: Pass]]>
            </line>
          </reporter-output>
        </test-method> <!-- TC_SPCR_023 -->
        <test-method status="PASS" signature="tearDown(org.testng.ITestResult, java.lang.reflect.Method)[pri:0, instance:maintest.SPcasereg@7471b5]" name="tearDown" is-config="true" duration-ms="1" started-at="2018-11-26T13:27:30Z" finished-at="2018-11-26T13:27:30Z">
          <params>
            <param index="0">
              <value>
                <![CDATA[[TestResult name=TC_SPCR_023 status=SUCCESS method=SPcasereg.TC_SPCR_023()[pri:24, instance:maintest.SPcasereg@7471b5] output=Test Method resides in maintest.SPcasereg]]]>
              </value>
            </param>
            <param index="1">
              <value>
                <![CDATA[public void maintest.SPcasereg.TC_SPCR_023() throws java.lang.Exception]]>
              </value>
            </param>
          </params>
          <reporter-output>
          </reporter-output>
        </test-method> <!-- tearDown -->
        <test-method status="PASS" signature="setup(java.lang.reflect.Method)[pri:0, instance:maintest.SPcasereg@7471b5]" name="setup" is-config="true" duration-ms="0" started-at="2018-11-26T13:27:30Z" finished-at="2018-11-26T13:27:30Z">
          <params>
            <param index="0">
              <value>
                <![CDATA[public void maintest.SPcasereg.TC_SPCR_024() throws java.lang.Exception]]>
              </value>
            </param>
          </params>
          <reporter-output>
          </reporter-output>
        </test-method> <!-- setup -->
        <test-method status="PASS" signature="TC_SPCR_024()[pri:25, instance:maintest.SPcasereg@7471b5]" name="TC_SPCR_024" duration-ms="10601" started-at="2018-11-26T13:27:30Z" finished-at="2018-11-26T13:27:40Z">
          <reporter-output>
            <line>
              <![CDATA[Test Method resides in maintest.SPcasereg]]>
            </line>
            <line>
              <![CDATA[Test Status: Pass]]>
            </line>
          </reporter-output>
        </test-method> <!-- TC_SPCR_024 -->
        <test-method status="PASS" signature="tearDown(org.testng.ITestResult, java.lang.reflect.Method)[pri:0, instance:maintest.SPcasereg@7471b5]" name="tearDown" is-config="true" duration-ms="0" started-at="2018-11-26T13:27:40Z" finished-at="2018-11-26T13:27:40Z">
          <params>
            <param index="0">
              <value>
                <![CDATA[[TestResult name=TC_SPCR_024 status=SUCCESS method=SPcasereg.TC_SPCR_024()[pri:25, instance:maintest.SPcasereg@7471b5] output=Test Method resides in maintest.SPcasereg]]]>
              </value>
            </param>
            <param index="1">
              <value>
                <![CDATA[public void maintest.SPcasereg.TC_SPCR_024() throws java.lang.Exception]]>
              </value>
            </param>
          </params>
          <reporter-output>
          </reporter-output>
        </test-method> <!-- tearDown -->
        <test-method status="PASS" signature="setup(java.lang.reflect.Method)[pri:0, instance:maintest.SPcasereg@7471b5]" name="setup" is-config="true" duration-ms="1" started-at="2018-11-26T13:27:40Z" finished-at="2018-11-26T13:27:40Z">
          <params>
            <param index="0">
              <value>
                <![CDATA[public void maintest.SPcasereg.TC_SPCR_025() throws java.lang.Exception]]>
              </value>
            </param>
          </params>
          <reporter-output>
          </reporter-output>
        </test-method> <!-- setup -->
        <test-method status="PASS" signature="TC_SPCR_025()[pri:26, instance:maintest.SPcasereg@7471b5]" name="TC_SPCR_025" duration-ms="31784" started-at="2018-11-26T13:27:40Z" finished-at="2018-11-26T13:28:12Z">
          <reporter-output>
            <line>
              <![CDATA[Test Method resides in maintest.SPcasereg]]>
            </line>
            <line>
              <![CDATA[Test Status: Pass]]>
            </line>
          </reporter-output>
        </test-method> <!-- TC_SPCR_025 -->
        <test-method status="PASS" signature="tearDown(org.testng.ITestResult, java.lang.reflect.Method)[pri:0, instance:maintest.SPcasereg@7471b5]" name="tearDown" is-config="true" duration-ms="2" started-at="2018-11-26T13:28:12Z" finished-at="2018-11-26T13:28:12Z">
          <params>
            <param index="0">
              <value>
                <![CDATA[[TestResult name=TC_SPCR_025 status=SUCCESS method=SPcasereg.TC_SPCR_025()[pri:26, instance:maintest.SPcasereg@7471b5] output=Test Method resides in maintest.SPcasereg]]]>
              </value>
            </param>
            <param index="1">
              <value>
                <![CDATA[public void maintest.SPcasereg.TC_SPCR_025() throws java.lang.Exception]]>
              </value>
            </param>
          </params>
          <reporter-output>
          </reporter-output>
        </test-method> <!-- tearDown -->
        <test-method status="PASS" signature="setup(java.lang.reflect.Method)[pri:0, instance:maintest.SPcasereg@7471b5]" name="setup" is-config="true" duration-ms="1" started-at="2018-11-26T13:28:12Z" finished-at="2018-11-26T13:28:12Z">
          <params>
            <param index="0">
              <value>
                <![CDATA[public void maintest.SPcasereg.TC_SPCR_026() throws java.lang.Exception]]>
              </value>
            </param>
          </params>
          <reporter-output>
          </reporter-output>
        </test-method> <!-- setup -->
        <test-method status="PASS" signature="TC_SPCR_026()[pri:27, instance:maintest.SPcasereg@7471b5]" name="TC_SPCR_026" duration-ms="34201" started-at="2018-11-26T13:28:12Z" finished-at="2018-11-26T13:28:46Z">
          <reporter-output>
            <line>
              <![CDATA[Test Method resides in maintest.SPcasereg]]>
            </line>
            <line>
              <![CDATA[Test Status: Pass]]>
            </line>
          </reporter-output>
        </test-method> <!-- TC_SPCR_026 -->
        <test-method status="PASS" signature="tearDown(org.testng.ITestResult, java.lang.reflect.Method)[pri:0, instance:maintest.SPcasereg@7471b5]" name="tearDown" is-config="true" duration-ms="1" started-at="2018-11-26T13:28:46Z" finished-at="2018-11-26T13:28:46Z">
          <params>
            <param index="0">
              <value>
                <![CDATA[[TestResult name=TC_SPCR_026 status=SUCCESS method=SPcasereg.TC_SPCR_026()[pri:27, instance:maintest.SPcasereg@7471b5] output=Test Method resides in maintest.SPcasereg]]]>
              </value>
            </param>
            <param index="1">
              <value>
                <![CDATA[public void maintest.SPcasereg.TC_SPCR_026() throws java.lang.Exception]]>
              </value>
            </param>
          </params>
          <reporter-output>
          </reporter-output>
        </test-method> <!-- tearDown -->
        <test-method status="PASS" signature="setup(java.lang.reflect.Method)[pri:0, instance:maintest.SPcasereg@7471b5]" name="setup" is-config="true" duration-ms="1" started-at="2018-11-26T13:28:46Z" finished-at="2018-11-26T13:28:46Z">
          <params>
            <param index="0">
              <value>
                <![CDATA[public void maintest.SPcasereg.TC_SPCR_027() throws java.lang.Exception]]>
              </value>
            </param>
          </params>
          <reporter-output>
          </reporter-output>
        </test-method> <!-- setup -->
        <test-method status="PASS" signature="TC_SPCR_027()[pri:28, instance:maintest.SPcasereg@7471b5]" name="TC_SPCR_027" duration-ms="30590" started-at="2018-11-26T13:28:46Z" finished-at="2018-11-26T13:29:17Z">
          <reporter-output>
            <line>
              <![CDATA[Test Method resides in maintest.SPcasereg]]>
            </line>
            <line>
              <![CDATA[Test Status: Pass]]>
            </line>
          </reporter-output>
        </test-method> <!-- TC_SPCR_027 -->
        <test-method status="PASS" signature="tearDown(org.testng.ITestResult, java.lang.reflect.Method)[pri:0, instance:maintest.SPcasereg@7471b5]" name="tearDown" is-config="true" duration-ms="1" started-at="2018-11-26T13:29:17Z" finished-at="2018-11-26T13:29:17Z">
          <params>
            <param index="0">
              <value>
                <![CDATA[[TestResult name=TC_SPCR_027 status=SUCCESS method=SPcasereg.TC_SPCR_027()[pri:28, instance:maintest.SPcasereg@7471b5] output=Test Method resides in maintest.SPcasereg]]]>
              </value>
            </param>
            <param index="1">
              <value>
                <![CDATA[public void maintest.SPcasereg.TC_SPCR_027() throws java.lang.Exception]]>
              </value>
            </param>
          </params>
          <reporter-output>
          </reporter-output>
        </test-method> <!-- tearDown -->
        <test-method status="PASS" signature="setup(java.lang.reflect.Method)[pri:0, instance:maintest.SPcasereg@7471b5]" name="setup" is-config="true" duration-ms="1" started-at="2018-11-26T13:29:17Z" finished-at="2018-11-26T13:29:17Z">
          <params>
            <param index="0">
              <value>
                <![CDATA[public void maintest.SPcasereg.TC_SPINF_001() throws java.lang.Exception]]>
              </value>
            </param>
          </params>
          <reporter-output>
          </reporter-output>
        </test-method> <!-- setup -->
        <test-method status="PASS" signature="TC_SPINF_001()[pri:29, instance:maintest.SPcasereg@7471b5]" name="TC_SPINF_001" duration-ms="56495" started-at="2018-11-26T13:29:17Z" finished-at="2018-11-26T13:30:13Z">
          <reporter-output>
            <line>
              <![CDATA[Test Method resides in maintest.SPcasereg]]>
            </line>
            <line>
              <![CDATA[Test Status: Pass]]>
            </line>
          </reporter-output>
        </test-method> <!-- TC_SPINF_001 -->
        <test-method status="PASS" signature="tearDown(org.testng.ITestResult, java.lang.reflect.Method)[pri:0, instance:maintest.SPcasereg@7471b5]" name="tearDown" is-config="true" duration-ms="1" started-at="2018-11-26T13:30:13Z" finished-at="2018-11-26T13:30:13Z">
          <params>
            <param index="0">
              <value>
                <![CDATA[[TestResult name=TC_SPINF_001 status=SUCCESS method=SPcasereg.TC_SPINF_001()[pri:29, instance:maintest.SPcasereg@7471b5] output=Test Method resides in maintest.SPcasereg]]]>
              </value>
            </param>
            <param index="1">
              <value>
                <![CDATA[public void maintest.SPcasereg.TC_SPINF_001() throws java.lang.Exception]]>
              </value>
            </param>
          </params>
          <reporter-output>
          </reporter-output>
        </test-method> <!-- tearDown -->
        <test-method status="PASS" signature="TC_SPINF_002()[pri:30, instance:maintest.SPcasereg@7471b5]" name="TC_SPINF_002" duration-ms="110154" started-at="2018-11-26T13:30:13Z" depends-on-methods="maintest.SPcasereg.TC_SPINF_001" finished-at="2018-11-26T13:32:03Z">
          <reporter-output>
            <line>
              <![CDATA[Test Method resides in maintest.SPcasereg]]>
            </line>
            <line>
              <![CDATA[Test Status: Pass]]>
            </line>
          </reporter-output>
        </test-method> <!-- TC_SPINF_002 -->
        <test-method status="PASS" signature="setup(java.lang.reflect.Method)[pri:0, instance:maintest.SPcasereg@7471b5]" name="setup" is-config="true" duration-ms="0" started-at="2018-11-26T13:30:13Z" finished-at="2018-11-26T13:30:13Z">
          <params>
            <param index="0">
              <value>
                <![CDATA[public void maintest.SPcasereg.TC_SPINF_002() throws java.lang.Exception]]>
              </value>
            </param>
          </params>
          <reporter-output>
          </reporter-output>
        </test-method> <!-- setup -->
        <test-method status="PASS" signature="tearDown(org.testng.ITestResult, java.lang.reflect.Method)[pri:0, instance:maintest.SPcasereg@7471b5]" name="tearDown" is-config="true" duration-ms="1" started-at="2018-11-26T13:32:03Z" finished-at="2018-11-26T13:32:03Z">
          <params>
            <param index="0">
              <value>
                <![CDATA[[TestResult name=TC_SPINF_002 status=SUCCESS method=SPcasereg.TC_SPINF_002()[pri:30, instance:maintest.SPcasereg@7471b5] output=Test Method resides in maintest.SPcasereg]]]>
              </value>
            </param>
            <param index="1">
              <value>
                <![CDATA[public void maintest.SPcasereg.TC_SPINF_002() throws java.lang.Exception]]>
              </value>
            </param>
          </params>
          <reporter-output>
          </reporter-output>
        </test-method> <!-- tearDown -->
        <test-method status="PASS" signature="setup(java.lang.reflect.Method)[pri:0, instance:maintest.SPcasereg@7471b5]" name="setup" is-config="true" duration-ms="1" started-at="2018-11-26T13:32:03Z" finished-at="2018-11-26T13:32:03Z">
          <params>
            <param index="0">
              <value>
                <![CDATA[public void maintest.SPcasereg.TC_SPINF_003() throws java.lang.Exception]]>
              </value>
            </param>
          </params>
          <reporter-output>
          </reporter-output>
        </test-method> <!-- setup -->
        <test-method status="PASS" signature="TC_SPINF_003()[pri:31, instance:maintest.SPcasereg@7471b5]" name="TC_SPINF_003" duration-ms="100" started-at="2018-11-26T13:32:03Z" depends-on-methods="maintest.SPcasereg.TC_SPINF_001" finished-at="2018-11-26T13:32:03Z">
          <reporter-output>
            <line>
              <![CDATA[Test Method resides in maintest.SPcasereg]]>
            </line>
            <line>
              <![CDATA[Test Status: Pass]]>
            </line>
          </reporter-output>
        </test-method> <!-- TC_SPINF_003 -->
        <test-method status="PASS" signature="tearDown(org.testng.ITestResult, java.lang.reflect.Method)[pri:0, instance:maintest.SPcasereg@7471b5]" name="tearDown" is-config="true" duration-ms="1" started-at="2018-11-26T13:32:03Z" finished-at="2018-11-26T13:32:03Z">
          <params>
            <param index="0">
              <value>
                <![CDATA[[TestResult name=TC_SPINF_003 status=SUCCESS method=SPcasereg.TC_SPINF_003()[pri:31, instance:maintest.SPcasereg@7471b5] output=Test Method resides in maintest.SPcasereg]]]>
              </value>
            </param>
            <param index="1">
              <value>
                <![CDATA[public void maintest.SPcasereg.TC_SPINF_003() throws java.lang.Exception]]>
              </value>
            </param>
          </params>
          <reporter-output>
          </reporter-output>
        </test-method> <!-- tearDown -->
        <test-method status="PASS" signature="setup(java.lang.reflect.Method)[pri:0, instance:maintest.SPcasereg@7471b5]" name="setup" is-config="true" duration-ms="0" started-at="2018-11-26T13:32:03Z" finished-at="2018-11-26T13:32:03Z">
          <params>
            <param index="0">
              <value>
                <![CDATA[public void maintest.SPcasereg.TC_SPINF_004() throws java.lang.Exception]]>
              </value>
            </param>
          </params>
          <reporter-output>
          </reporter-output>
        </test-method> <!-- setup -->
        <test-method status="PASS" signature="TC_SPINF_004()[pri:32, instance:maintest.SPcasereg@7471b5]" name="TC_SPINF_004" duration-ms="3644" started-at="2018-11-26T13:32:03Z" depends-on-methods="maintest.SPcasereg.TC_SPINF_001" finished-at="2018-11-26T13:32:07Z">
          <reporter-output>
            <line>
              <![CDATA[Test Method resides in maintest.SPcasereg]]>
            </line>
            <line>
              <![CDATA[Test Status: Pass]]>
            </line>
          </reporter-output>
        </test-method> <!-- TC_SPINF_004 -->
        <test-method status="PASS" signature="tearDown(org.testng.ITestResult, java.lang.reflect.Method)[pri:0, instance:maintest.SPcasereg@7471b5]" name="tearDown" is-config="true" duration-ms="0" started-at="2018-11-26T13:32:07Z" finished-at="2018-11-26T13:32:07Z">
          <params>
            <param index="0">
              <value>
                <![CDATA[[TestResult name=TC_SPINF_004 status=SUCCESS method=SPcasereg.TC_SPINF_004()[pri:32, instance:maintest.SPcasereg@7471b5] output=Test Method resides in maintest.SPcasereg]]]>
              </value>
            </param>
            <param index="1">
[...]
          </reporter-output>
        </test-method> <!-- AddressVerification -->
        <test-method status="PASS" signature="tearDown(org.testng.ITestResult, java.lang.reflect.Method)[pri:0, instance:maintest.CandidateCaseRegistration@39f31e]" name="tearDown" is-config="true" duration-ms="81" started-at="2018-11-26T14:51:36Z" finished-at="2018-11-26T14:51:37Z">
          <params>
            <param index="0">
              <value>
                <![CDATA[[TestResult name=AddressVerification status=SUCCESS method=CandidateCaseRegistration.AddressVerification()[pri:11, instance:maintest.CandidateCaseRegistration@39f31e] output=Test Method resides in maintest.CandidateCaseRegistration]]]>
              </value>
            </param>
            <param index="1">
              <value>
                <![CDATA[public void maintest.CandidateCaseRegistration.AddressVerification() throws java.lang.Exception]]>
              </value>
            </param>
          </params>
          <reporter-output>
          </reporter-output>
        </test-method> <!-- tearDown -->
        <test-method status="PASS" signature="setup(java.lang.reflect.Method)[pri:0, instance:maintest.CandidateCaseRegistration@39f31e]" name="setup" is-config="true" duration-ms="1" started-at="2018-11-26T14:51:37Z" finished-at="2018-11-26T14:51:37Z">
          <params>
            <param index="0">
              <value>
                <![CDATA[public void maintest.CandidateCaseRegistration.EducationVerification() throws java.lang.Exception]]>
              </value>
            </param>
          </params>
          <reporter-output>
          </reporter-output>
        </test-method> <!-- setup -->
        <test-method status="PASS" signature="EducationVerification()[pri:12, instance:maintest.CandidateCaseRegistration@39f31e]" name="EducationVerification" duration-ms="58785" started-at="2018-11-26T14:51:37Z" depends-on-methods="maintest.CandidateCaseRegistration.VerificationIntiation" finished-at="2018-11-26T14:52:35Z">
          <reporter-output>
            <line>
              <![CDATA[Test Method resides in maintest.CandidateCaseRegistration]]>
            </line>
            <line>
              <![CDATA[Test Status: Pass]]>
            </line>
          </reporter-output>
        </test-method> <!-- EducationVerification -->
        <test-method status="PASS" signature="tearDown(org.testng.ITestResult, java.lang.reflect.Method)[pri:0, instance:maintest.CandidateCaseRegistration@39f31e]" name="tearDown" is-config="true" duration-ms="77" started-at="2018-11-26T14:52:35Z" finished-at="2018-11-26T14:52:35Z">
          <params>
            <param index="0">
              <value>
                <![CDATA[[TestResult name=EducationVerification status=SUCCESS method=CandidateCaseRegistration.EducationVerification()[pri:12, instance:maintest.CandidateCaseRegistration@39f31e] output=Test Method resides in maintest.CandidateCaseRegistration]]]>
              </value>
            </param>
            <param index="1">
              <value>
                <![CDATA[public void maintest.CandidateCaseRegistration.EducationVerification() throws java.lang.Exception]]>
              </value>
            </param>
          </params>
          <reporter-output>
          </reporter-output>
        </test-method> <!-- tearDown -->
        <test-method status="PASS" signature="setup(java.lang.reflect.Method)[pri:0, instance:maintest.CandidateCaseRegistration@39f31e]" name="setup" is-config="true" duration-ms="1" started-at="2018-11-26T14:52:35Z" finished-at="2018-11-26T14:52:35Z">
          <params>
            <param index="0">
              <value>
                <![CDATA[public void maintest.CandidateCaseRegistration.EmploymentVerification() throws java.lang.Exception]]>
              </value>
            </param>
          </params>
          <reporter-output>
          </reporter-output>
        </test-method> <!-- setup -->
        <test-method status="PASS" signature="EmploymentVerification()[pri:13, instance:maintest.CandidateCaseRegistration@39f31e]" name="EmploymentVerification" duration-ms="53952" started-at="2018-11-26T14:52:35Z" depends-on-methods="maintest.CandidateCaseRegistration.VerificationIntiation" finished-at="2018-11-26T14:53:29Z">
          <reporter-output>
            <line>
              <![CDATA[Test Method resides in maintest.CandidateCaseRegistration]]>
            </line>
            <line>
              <![CDATA[Test Status: Pass]]>
            </line>
          </reporter-output>
        </test-method> <!-- EmploymentVerification -->
        <test-method status="PASS" signature="tearDown(org.testng.ITestResult, java.lang.reflect.Method)[pri:0, instance:maintest.CandidateCaseRegistration@39f31e]" name="tearDown" is-config="true" duration-ms="69" started-at="2018-11-26T14:53:29Z" finished-at="2018-11-26T14:53:29Z">
          <params>
            <param index="0">
              <value>
                <![CDATA[[TestResult name=EmploymentVerification status=SUCCESS method=CandidateCaseRegistration.EmploymentVerification()[pri:13, instance:maintest.CandidateCaseRegistration@39f31e] output=Test Method resides in maintest.CandidateCaseRegistration]]]>
              </value>
            </param>
            <param index="1">
              <value>
                <![CDATA[public void maintest.CandidateCaseRegistration.EmploymentVerification() throws java.lang.Exception]]>
              </value>
            </param>
          </params>
          <reporter-output>
          </reporter-output>
        </test-method> <!-- tearDown -->
        <test-method status="PASS" signature="setup(java.lang.reflect.Method)[pri:0, instance:maintest.CandidateCaseRegistration@39f31e]" name="setup" is-config="true" duration-ms="0" started-at="2018-11-26T14:53:29Z" finished-at="2018-11-26T14:53:29Z">
          <params>
            <param index="0">
              <value>
                <![CDATA[public void maintest.CandidateCaseRegistration.ReferenceVerification() throws java.lang.Exception]]>
              </value>
            </param>
          </params>
          <reporter-output>
          </reporter-output>
        </test-method> <!-- setup -->
        <test-method status="PASS" signature="ReferenceVerification()[pri:14, instance:maintest.CandidateCaseRegistration@39f31e]" name="ReferenceVerification" duration-ms="51346" started-at="2018-11-26T14:53:29Z" depends-on-methods="maintest.CandidateCaseRegistration.VerificationIntiation" finished-at="2018-11-26T14:54:21Z">
          <reporter-output>
            <line>
              <![CDATA[Test Method resides in maintest.CandidateCaseRegistration]]>
            </line>
            <line>
              <![CDATA[Test Status: Pass]]>
            </line>
          </reporter-output>
        </test-method> <!-- ReferenceVerification -->
        <test-method status="PASS" signature="tearDown(org.testng.ITestResult, java.lang.reflect.Method)[pri:0, instance:maintest.CandidateCaseRegistration@39f31e]" name="tearDown" is-config="true" duration-ms="64" started-at="2018-11-26T14:54:21Z" finished-at="2018-11-26T14:54:21Z">
          <params>
            <param index="0">
              <value>
                <![CDATA[[TestResult name=ReferenceVerification status=SUCCESS method=CandidateCaseRegistration.ReferenceVerification()[pri:14, instance:maintest.CandidateCaseRegistration@39f31e] output=Test Method resides in maintest.CandidateCaseRegistration]]]>
              </value>
            </param>
            <param index="1">
              <value>
                <![CDATA[public void maintest.CandidateCaseRegistration.ReferenceVerification() throws java.lang.Exception]]>
              </value>
            </param>
          </params>
          <reporter-output>
          </reporter-output>
        </test-method> <!-- tearDown -->
        <test-method status="PASS" signature="setup(java.lang.reflect.Method)[pri:0, instance:maintest.CandidateCaseRegistration@39f31e]" name="setup" is-config="true" duration-ms="1" started-at="2018-11-26T14:54:21Z" finished-at="2018-11-26T14:54:21Z">
          <params>
            <param index="0">
              <value>
                <![CDATA[public void maintest.CandidateCaseRegistration.IDVerification() throws java.lang.Exception]]>
              </value>
            </param>
          </params>
          <reporter-output>
          </reporter-output>
        </test-method> <!-- setup -->
        <test-method status="PASS" signature="IDVerification()[pri:15, instance:maintest.CandidateCaseRegistration@39f31e]" name="IDVerification" duration-ms="50183" started-at="2018-11-26T14:54:21Z" depends-on-methods="maintest.CandidateCaseRegistration.VerificationIntiation" finished-at="2018-11-26T14:55:11Z">
          <reporter-output>
            <line>
              <![CDATA[Test Method resides in maintest.CandidateCaseRegistration]]>
            </line>
            <line>
              <![CDATA[Test Status: Pass]]>
            </line>
          </reporter-output>
        </test-method> <!-- IDVerification -->
        <test-method status="PASS" signature="tearDown(org.testng.ITestResult, java.lang.reflect.Method)[pri:0, instance:maintest.CandidateCaseRegistration@39f31e]" name="tearDown" is-config="true" duration-ms="73" started-at="2018-11-26T14:55:11Z" finished-at="2018-11-26T14:55:11Z">
          <params>
            <param index="0">
              <value>
                <![CDATA[[TestResult name=IDVerification status=SUCCESS method=CandidateCaseRegistration.IDVerification()[pri:15, instance:maintest.CandidateCaseRegistration@39f31e] output=Test Method resides in maintest.CandidateCaseRegistration]]]>
              </value>
            </param>
            <param index="1">
              <value>
                <![CDATA[public void maintest.CandidateCaseRegistration.IDVerification() throws java.lang.Exception]]>
              </value>
            </param>
          </params>
          <reporter-output>
          </reporter-output>
        </test-method> <!-- tearDown -->
        <test-method status="PASS" signature="setup(java.lang.reflect.Method)[pri:0, instance:maintest.CandidateCaseRegistration@39f31e]" name="setup" is-config="true" duration-ms="0" started-at="2018-11-26T14:55:11Z" finished-at="2018-11-26T14:55:11Z">
          <params>
            <param index="0">
              <value>
                <![CDATA[public void maintest.CandidateCaseRegistration.ReportGenerationSupervision() throws java.lang.Exception]]>
              </value>
            </param>
          </params>
          <reporter-output>
          </reporter-output>
        </test-method> <!-- setup -->
        <test-method status="PASS" signature="ReportGenerationSupervision()[pri:16, instance:maintest.CandidateCaseRegistration@39f31e]" name="ReportGenerationSupervision" duration-ms="71277" started-at="2018-11-26T14:55:11Z" depends-on-methods="maintest.CandidateCaseRegistration.IDVerification" finished-at="2018-11-26T14:56:22Z">
          <reporter-output>
            <line>
              <![CDATA[Test Method resides in maintest.CandidateCaseRegistration]]>
            </line>
            <line>
              <![CDATA[Test Status: Pass]]>
            </line>
          </reporter-output>
        </test-method> <!-- ReportGenerationSupervision -->
        <test-method status="PASS" signature="tearDown(org.testng.ITestResult, java.lang.reflect.Method)[pri:0, instance:maintest.CandidateCaseRegistration@39f31e]" name="tearDown" is-config="true" duration-ms="88" started-at="2018-11-26T14:56:22Z" finished-at="2018-11-26T14:56:22Z">
          <params>
            <param index="0">
              <value>
                <![CDATA[[TestResult name=ReportGenerationSupervision status=SUCCESS method=CandidateCaseRegistration.ReportGenerationSupervision()[pri:16, instance:maintest.CandidateCaseRegistration@39f31e] output=Test Method resides in maintest.CandidateCaseRegistration]]]>
              </value>
            </param>
            <param index="1">
              <value>
                <![CDATA[public void maintest.CandidateCaseRegistration.ReportGenerationSupervision() throws java.lang.Exception]]>
              </value>
            </param>
          </params>
          <reporter-output>
          </reporter-output>
        </test-method> <!-- tearDown -->
        <test-method status="PASS" signature="setup(java.lang.reflect.Method)[pri:0, instance:maintest.CandidateCaseRegistration@39f31e]" name="setup" is-config="true" duration-ms="0" started-at="2018-11-26T14:56:22Z" finished-at="2018-11-26T14:56:22Z">
          <params>
            <param index="0">
              <value>
                <![CDATA[public void maintest.CandidateCaseRegistration.ReportGenerationSubmit() throws java.lang.Exception]]>
              </value>
            </param>
          </params>
          <reporter-output>
          </reporter-output>
        </test-method> <!-- setup -->
        <test-method status="PASS" signature="ReportGenerationSubmit()[pri:17, instance:maintest.CandidateCaseRegistration@39f31e]" name="ReportGenerationSubmit" duration-ms="60542" started-at="2018-11-26T14:56:22Z" depends-on-methods="maintest.CandidateCaseRegistration.ReportGenerationSupervision" finished-at="2018-11-26T14:57:23Z">
          <reporter-output>
            <line>
              <![CDATA[Test Method resides in maintest.CandidateCaseRegistration]]>
            </line>
            <line>
              <![CDATA[Test Status: Pass]]>
            </line>
          </reporter-output>
        </test-method> <!-- ReportGenerationSubmit -->
        <test-method status="PASS" signature="tearDown(org.testng.ITestResult, java.lang.reflect.Method)[pri:0, instance:maintest.CandidateCaseRegistration@39f31e]" name="tearDown" is-config="true" duration-ms="82" started-at="2018-11-26T14:57:23Z" finished-at="2018-11-26T14:57:23Z">
          <params>
            <param index="0">
              <value>
                <![CDATA[[TestResult name=ReportGenerationSubmit status=SUCCESS method=CandidateCaseRegistration.ReportGenerationSubmit()[pri:17, instance:maintest.CandidateCaseRegistration@39f31e] output=Test Method resides in maintest.CandidateCaseRegistration]]]>
              </value>
            </param>
            <param index="1">
              <value>
                <![CDATA[public void maintest.CandidateCaseRegistration.ReportGenerationSubmit() throws java.lang.Exception]]>
              </value>
            </param>
          </params>
          <reporter-output>
          </reporter-output>
        </test-method> <!-- tearDown -->
        <test-method status="PASS" signature="ReportValidationSupervisor()[pri:18, instance:maintest.CandidateCaseRegistration@39f31e]" name="ReportValidationSupervisor" duration-ms="36624" started-at="2018-11-26T14:57:23Z" depends-on-methods="maintest.CandidateCaseRegistration.ReportGenerationSubmit" finished-at="2018-11-26T14:58:00Z">
          <reporter-output>
            <line>
              <![CDATA[Test Method resides in maintest.CandidateCaseRegistration]]>
            </line>
            <line>
              <![CDATA[Test Status: Pass]]>
            </line>
          </reporter-output>
        </test-method> <!-- ReportValidationSupervisor -->
        <test-method status="PASS" signature="setup(java.lang.reflect.Method)[pri:0, instance:maintest.CandidateCaseRegistration@39f31e]" name="setup" is-config="true" duration-ms="0" started-at="2018-11-26T14:57:23Z" finished-at="2018-11-26T14:57:23Z">
          <params>
            <param index="0">
              <value>
                <![CDATA[public void maintest.CandidateCaseRegistration.ReportValidationSupervisor() throws java.lang.Exception]]>
              </value>
            </param>
          </params>
          <reporter-output>
          </reporter-output>
        </test-method> <!-- setup -->
        <test-method status="PASS" signature="tearDown(org.testng.ITestResult, java.lang.reflect.Method)[pri:0, instance:maintest.CandidateCaseRegistration@39f31e]" name="tearDown" is-config="true" duration-ms="86" started-at="2018-11-26T14:58:00Z" finished-at="2018-11-26T14:58:00Z">
          <params>
            <param index="0">
              <value>
                <![CDATA[[TestResult name=ReportValidationSupervisor status=SUCCESS method=CandidateCaseRegistration.ReportValidationSupervisor()[pri:18, instance:maintest.CandidateCaseRegistration@39f31e] output=Test Method resides in maintest.CandidateCaseRegistration]]]>
              </value>
            </param>
            <param index="1">
              <value>
                <![CDATA[public void maintest.CandidateCaseRegistration.ReportValidationSupervisor() throws java.lang.Exception]]>
              </value>
            </param>
          </params>
          <reporter-output>
          </reporter-output>
        </test-method> <!-- tearDown -->
        <test-method status="PASS" signature="setup(java.lang.reflect.Method)[pri:0, instance:maintest.CandidateCaseRegistration@39f31e]" name="setup" is-config="true" duration-ms="1" started-at="2018-11-26T14:58:00Z" finished-at="2018-11-26T14:58:00Z">
          <params>
            <param index="0">
              <value>
                <![CDATA[public void maintest.CandidateCaseRegistration.ReportValidation() throws java.lang.Exception]]>
              </value>
            </param>
          </params>
          <reporter-output>
          </reporter-output>
        </test-method> <!-- setup -->
        <test-method status="PASS" signature="ReportValidation()[pri:19, instance:maintest.CandidateCaseRegistration@39f31e]" name="ReportValidation" duration-ms="50428" started-at="2018-11-26T14:58:00Z" depends-on-methods="maintest.CandidateCaseRegistration.ReportValidationSupervisor" finished-at="2018-11-26T14:58:50Z">
          <reporter-output>
            <line>
              <![CDATA[Test Method resides in maintest.CandidateCaseRegistration]]>
            </line>
            <line>
              <![CDATA[Test Status: Pass]]>
            </line>
          </reporter-output>
        </test-method> <!-- ReportValidation -->
        <test-method status="PASS" signature="tearDown(org.testng.ITestResult, java.lang.reflect.Method)[pri:0, instance:maintest.CandidateCaseRegistration@39f31e]" name="tearDown" is-config="true" duration-ms="87" started-at="2018-11-26T14:58:50Z" finished-at="2018-11-26T14:58:50Z">
          <params>
            <param index="0">
              <value>
                <![CDATA[[TestResult name=ReportValidation status=SUCCESS method=CandidateCaseRegistration.ReportValidation()[pri:19, instance:maintest.CandidateCaseRegistration@39f31e] output=Test Method resides in maintest.CandidateCaseRegistration]]]>
              </value>
            </param>
            <param index="1">
              <value>
                <![CDATA[public void maintest.CandidateCaseRegistration.ReportValidation() throws java.lang.Exception]]>
              </value>
            </param>
          </params>
          <reporter-output>
          </reporter-output>
        </test-method> <!-- tearDown -->
        <test-method status="PASS" signature="teardown()[pri:0, instance:maintest.CandidateCaseRegistration@39f31e]" name="teardown" is-config="true" duration-ms="548" started-at="2018-11-26T14:58:50Z" finished-at="2018-11-26T14:58:51Z">
          <reporter-output>
          </reporter-output>
        </test-method> <!-- teardown -->
      </class> <!-- maintest.CandidateCaseRegistration -->
    </test> <!-- CANDIDATE CASE -->
  </suite> <!-- regression testing -->
</testng-results>
