<?xml version="1.0" encoding="UTF-8"?>
<!-- Generated by org.testng.reporters.JUnitReportReporter -->
<testsuite skipped="36" hostname="KAD-I-032" name="maintest.SPcasereg" tests="61" failures="1" timestamp="15 Nov 2018 08:24:36 GMT" time="845.207" errors="6">
  <testcase name="tearDown" time="6.057" classname="maintest.SPcasereg">
    <error type="java.lang.RuntimeException" message="org.openqa.selenium.WebDriverException: chrome not reachable
  (Session info: chrome=70.0.3538.102)
  (Driver info: chromedriver=2.42.591088 (7b2b2dca23cca0862f674758c9a3933e685c27d5),platform=Windows NT 6.1.7601 SP1 x86) (WARNING: The server did not provide any stacktrace information)
Command duration or timeout: 0 milliseconds
Build info: version: &#039;3.14.0&#039;, revision: &#039;aacccce0&#039;, time: &#039;2018-08-02T20:19:58.91Z&#039;
System info: host: &#039;KAD-I-032&#039;, ip: &#039;192.168.2.67&#039;, os.name: &#039;Windows 7&#039;, os.arch: &#039;x86&#039;, os.version: &#039;6.1&#039;, java.version: &#039;1.8.0_181&#039;
Driver info: org.openqa.selenium.chrome.ChromeDriver
Capabilities {acceptInsecureCerts: false, acceptSslCerts: false, applicationCacheEnabled: false, browserConnectionEnabled: false, browserName: chrome, chrome: {chromedriverVersion: 2.42.591088 (7b2b2dca23cca0..., userDataDir: C:\Users\admin\AppData\Loca...}, cssSelectorsEnabled: true, databaseEnabled: false, goog:chromeOptions: {debuggerAddress: localhost:60820}, handlesAlerts: true, hasTouchScreen: false, javascriptEnabled: true, locationContextEnabled: true, mobileEmulationEnabled: false, nativeEvents: true, networkConnectionEnabled: false, pageLoadStrategy: normal, platform: XP, platformName: XP, rotatable: false, setWindowRect: true, takesHeapSnapshot: true, takesScreenshot: true, unexpectedAlertBehaviour: , unhandledPromptBehavior: , version: 70.0.3538.102, webStorageEnabled: true}
Session ID: bce334e84c89fef8bdd58968dc1efd31">
      <![CDATA[java.lang.RuntimeException: org.openqa.selenium.WebDriverException: chrome not reachable
  (Session info: chrome=70.0.3538.102)
  (Driver info: chromedriver=2.42.591088 (7b2b2dca23cca0862f674758c9a3933e685c27d5),platform=Windows NT 6.1.7601 SP1 x86) (WARNING: The server did not provide any stacktrace information)
Command duration or timeout: 0 milliseconds
Build info: version: '3.14.0', revision: 'aacccce0', time: '2018-08-02T20:19:58.91Z'
System info: host: 'KAD-I-032', ip: '192.168.2.67', os.name: 'Windows 7', os.arch: 'x86', os.version: '6.1', java.version: '1.8.0_181'
Driver info: org.openqa.selenium.chrome.ChromeDriver
Capabilities {acceptInsecureCerts: false, acceptSslCerts: false, applicationCacheEnabled: false, browserConnectionEnabled: false, browserName: chrome, chrome: {chromedriverVersion: 2.42.591088 (7b2b2dca23cca0..., userDataDir: C:\Users\admin\AppData\Loca...}, cssSelectorsEnabled: true, databaseEnabled: false, goog:chromeOptions: {debuggerAddress: localhost:60820}, handlesAlerts: true, hasTouchScreen: false, javascriptEnabled: true, locationContextEnabled: true, mobileEmulationEnabled: false, nativeEvents: true, networkConnectionEnabled: false, pageLoadStrategy: normal, platform: XP, platformName: XP, rotatable: false, setWindowRect: true, takesHeapSnapshot: true, takesScreenshot: true, unexpectedAlertBehaviour: , unhandledPromptBehavior: , version: 70.0.3538.102, webStorageEnabled: true}
Session ID: bce334e84c89fef8bdd58968dc1efd31
at ru.yandex.qatools.ashot.util.InnerScript.execute(InnerScript.java:26)
at ru.yandex.qatools.ashot.screentaker.ViewportPastingStrategy.getFullHeight(ViewportPastingStrategy.java:23)
at ru.yandex.qatools.ashot.screentaker.VerticalPastingShootingStrategy.getScreenshot(VerticalPastingShootingStrategy.java:33)
at ru.yandex.qatools.ashot.screentaker.ScreenTaker.take(ScreenTaker.java:23)
at ru.yandex.qatools.ashot.AShot.takeScreenshot(AShot.java:166)
at environment.Utill.getScreenshot(Utill.java:108)
at maintest.SPcasereg.tearDown(SPcasereg.java:2161)
at sun.reflect.GeneratedMethodAccessor2.invoke(Unknown Source)
at sun.reflect.DelegatingMethodAccessorImpl.invoke(DelegatingMethodAccessorImpl.java:43)
at java.lang.reflect.Method.invoke(Method.java:498)
at org.testng.internal.MethodInvocationHelper.invokeMethod(MethodInvocationHelper.java:124)
at org.testng.internal.MethodInvocationHelper.invokeMethodConsideringTimeout(MethodInvocationHelper.java:59)
at org.testng.internal.Invoker.invokeConfigurationMethod(Invoker.java:458)
at org.testng.internal.Invoker.invokeConfigurations(Invoker.java:222)
at org.testng.internal.Invoker.invokeMethod(Invoker.java:646)
at org.testng.internal.Invoker.invokeTestMethod(Invoker.java:719)
at org.testng.internal.Invoker.invokeTestMethods(Invoker.java:989)
at org.testng.internal.TestMethodWorker.invokeTestMethods(TestMethodWorker.java:125)
at org.testng.internal.TestMethodWorker.run(TestMethodWorker.java:109)
at org.testng.TestRunner.privateRun(TestRunner.java:648)
at org.testng.TestRunner.run(TestRunner.java:505)
at org.testng.SuiteRunner.runTest(SuiteRunner.java:455)
at org.testng.SuiteRunner.runSequentially(SuiteRunner.java:450)
at org.testng.SuiteRunner.privateRun(SuiteRunner.java:415)
at org.testng.SuiteRunner.run(SuiteRunner.java:364)
at org.testng.SuiteRunnerWorker.runSuite(SuiteRunnerWorker.java:52)
at org.testng.SuiteRunnerWorker.run(SuiteRunnerWorker.java:84)
at org.testng.TestNG.runSuitesSequentially(TestNG.java:1208)
at org.testng.TestNG.runSuitesLocally(TestNG.java:1137)
at org.testng.TestNG.runSuites(TestNG.java:1049)
at org.testng.TestNG.run(TestNG.java:1017)
at org.apache.maven.surefire.testng.TestNGExecutor.run(TestNGExecutor.java:295)
at org.apache.maven.surefire.testng.TestNGXmlTestSuite.execute(TestNGXmlTestSuite.java:84)
at org.apache.maven.surefire.testng.TestNGProvider.invoke(TestNGProvider.java:90)
at org.apache.maven.surefire.booter.ForkedBooter.invokeProviderInSameClassLoader(ForkedBooter.java:203)
at org.apache.maven.surefire.booter.ForkedBooter.runSuitesInProcess(ForkedBooter.java:155)
at org.apache.maven.surefire.booter.ForkedBooter.main(ForkedBooter.java:103)
Caused by: org.openqa.selenium.WebDriverException: chrome not reachable
  (Session info: chrome=70.0.3538.102)
  (Driver info: chromedriver=2.42.591088 (7b2b2dca23cca0862f674758c9a3933e685c27d5),platform=Windows NT 6.1.7601 SP1 x86) (WARNING: The server did not provide any stacktrace information)
Command duration or timeout: 0 milliseconds
Build info: version: '3.14.0', revision: 'aacccce0', time: '2018-08-02T20:19:58.91Z'
System info: host: 'KAD-I-032', ip: '192.168.2.67', os.name: 'Windows 7', os.arch: 'x86', os.version: '6.1', java.version: '1.8.0_181'
Driver info: org.openqa.selenium.chrome.ChromeDriver
Capabilities {acceptInsecureCerts: false, acceptSslCerts: false, applicationCacheEnabled: false, browserConnectionEnabled: false, browserName: chrome, chrome: {chromedriverVersion: 2.42.591088 (7b2b2dca23cca0..., userDataDir: C:\Users\admin\AppData\Loca...}, cssSelectorsEnabled: true, databaseEnabled: false, goog:chromeOptions: {debuggerAddress: localhost:60820}, handlesAlerts: true, hasTouchScreen: false, javascriptEnabled: true, locationContextEnabled: true, mobileEmulationEnabled: false, nativeEvents: true, networkConnectionEnabled: false, pageLoadStrategy: normal, platform: XP, platformName: XP, rotatable: false, setWindowRect: true, takesHeapSnapshot: true, takesScreenshot: true, unexpectedAlertBehaviour: , unhandledPromptBehavior: , version: 70.0.3538.102, webStorageEnabled: true}
Session ID: bce334e84c89fef8bdd58968dc1efd31
at sun.reflect.NativeConstructorAccessorImpl.newInstance0(Native Method)
at sun.reflect.NativeConstructorAccessorImpl.newInstance(NativeConstructorAccessorImpl.java:62)
at sun.reflect.DelegatingConstructorAccessorImpl.newInstance(DelegatingConstructorAccessorImpl.java:45)
at java.lang.reflect.Constructor.newInstance(Constructor.java:423)
at org.openqa.selenium.remote.ErrorHandler.createThrowable(ErrorHandler.java:214)
at org.openqa.selenium.remote.ErrorHandler.throwIfResponseFailed(ErrorHandler.java:166)
at org.openqa.selenium.remote.http.JsonHttpResponseCodec.reconstructValue(JsonHttpResponseCodec.java:40)
at org.openqa.selenium.remote.http.AbstractHttpResponseCodec.decode(AbstractHttpResponseCodec.java:80)
at org.openqa.selenium.remote.http.AbstractHttpResponseCodec.decode(AbstractHttpResponseCodec.java:44)
at org.openqa.selenium.remote.HttpCommandExecutor.execute(HttpCommandExecutor.java:158)
at org.openqa.selenium.remote.service.DriverCommandExecutor.execute(DriverCommandExecutor.java:83)
at org.openqa.selenium.remote.RemoteWebDriver.execute(RemoteWebDriver.java:548)
at org.openqa.selenium.remote.RemoteWebDriver.executeScript(RemoteWebDriver.java:485)
at ru.yandex.qatools.ashot.util.InnerScript.execute(InnerScript.java:24)
... 36 more
]]>
    </error>
  </testcase> <!-- tearDown -->
  <testcase name="login" time="14.902" classname="maintest.SPcasereg"/>
  <testcase name="TC_SPCR_001" time="4.079" classname="maintest.SPcasereg"/>
  <testcase name="TC_SPCR_002" time="3.718" classname="maintest.SPcasereg"/>
  <testcase name="TC_SPCR_003" time="0.050" classname="maintest.SPcasereg"/>
  <testcase name="TC_SCPR_004" time="13.786" classname="maintest.SPcasereg"/>
  <testcase name="TC_SPCR_005" time="0.048" classname="maintest.SPcasereg"/>
  <testcase name="TC_SPCR_006" time="11.589" classname="maintest.SPcasereg"/>
  <testcase name="TC_SPCR_007" time="14.870" classname="maintest.SPcasereg"/>
  <testcase name="TC_SPCR_008" time="12.195" classname="maintest.SPcasereg"/>
  <testcase name="TC_SPCR_009" time="0.048" classname="maintest.SPcasereg"/>
  <testcase name="TC_SPCR_010" time="84.300" classname="maintest.SPcasereg"/>
  <testcase name="TC_SPCR_011" time="235.689" classname="maintest.SPcasereg"/>
  <testcase name="TC_SPCR_022" time="32.553" classname="maintest.SPcasereg">
    <failure type="java.lang.AssertionError" message="HDFC000763 expected [true] but found [false]">
      <![CDATA[java.lang.AssertionError: HDFC000763 expected [true] but found [false]
at org.testng.Assert.fail(Assert.java:96)
at org.testng.Assert.failNotEquals(Assert.java:776)
at org.testng.Assert.assertTrue(Assert.java:44)
at maintest.SPcasereg.TC_SPCR_022(SPcasereg.java:1011)
at sun.reflect.NativeMethodAccessorImpl.invoke0(Native Method)
at sun.reflect.NativeMethodAccessorImpl.invoke(NativeMethodAccessorImpl.java:62)
at sun.reflect.DelegatingMethodAccessorImpl.invoke(DelegatingMethodAccessorImpl.java:43)
at java.lang.reflect.Method.invoke(Method.java:498)
at org.testng.internal.MethodInvocationHelper.invokeMethod(MethodInvocationHelper.java:124)
at org.testng.internal.Invoker.invokeMethod(Invoker.java:583)
at org.testng.internal.Invoker.invokeTestMethod(Invoker.java:719)
at org.testng.internal.Invoker.invokeTestMethods(Invoker.java:989)
at org.testng.internal.TestMethodWorker.invokeTestMethods(TestMethodWorker.java:125)
at org.testng.internal.TestMethodWorker.run(TestMethodWorker.java:109)
at org.testng.TestRunner.privateRun(TestRunner.java:648)
at org.testng.TestRunner.run(TestRunner.java:505)
at org.testng.SuiteRunner.runTest(SuiteRunner.java:455)
at org.testng.SuiteRunner.runSequentially(SuiteRunner.java:450)
at org.testng.SuiteRunner.privateRun(SuiteRunner.java:415)
at org.testng.SuiteRunner.run(SuiteRunner.java:364)
at org.testng.SuiteRunnerWorker.runSuite(SuiteRunnerWorker.java:52)
at org.testng.SuiteRunnerWorker.run(SuiteRunnerWorker.java:84)
at org.testng.TestNG.runSuitesSequentially(TestNG.java:1208)
at org.testng.TestNG.runSuitesLocally(TestNG.java:1137)
at org.testng.TestNG.runSuites(TestNG.java:1049)
at org.testng.TestNG.run(TestNG.java:1017)
at org.apache.maven.surefire.testng.TestNGExecutor.run(TestNGExecutor.java:295)
at org.apache.maven.surefire.testng.TestNGXmlTestSuite.execute(TestNGXmlTestSuite.java:84)
at org.apache.maven.surefire.testng.TestNGProvider.invoke(TestNGProvider.java:90)
at org.apache.maven.surefire.booter.ForkedBooter.invokeProviderInSameClassLoader(ForkedBooter.java:203)
at org.apache.maven.surefire.booter.ForkedBooter.runSuitesInProcess(ForkedBooter.java:155)
at org.apache.maven.surefire.booter.ForkedBooter.main(ForkedBooter.java:103)
]]>
    </failure>
  </testcase> <!-- TC_SPCR_022 -->
  <testcase name="TC_SPCR_023" time="22.080" classname="maintest.SPcasereg"/>
  <testcase name="TC_SPCR_024" time="10.505" classname="maintest.SPcasereg"/>
  <testcase name="TC_SPCR_025" time="32.286" classname="maintest.SPcasereg"/>
  <testcase name="TC_SPCR_026" time="35.458" classname="maintest.SPcasereg"/>
  <testcase name="TC_SPCR_027" time="90.188" classname="maintest.SPcasereg">
    <error type="org.openqa.selenium.TimeoutException" message="Expected condition failed: waiting for presence of element located by: By.xpath: //span[text()=&#039;OK&#039;] (tried for 50 second(s) with 500 milliseconds interval)">
      <![CDATA[org.openqa.selenium.TimeoutException: Expected condition failed: waiting for presence of element located by: By.xpath: //span[text()='OK'] (tried for 50 second(s) with 500 milliseconds interval)
at org.openqa.selenium.support.ui.WebDriverWait.timeoutException(WebDriverWait.java:113)
at org.openqa.selenium.support.ui.FluentWait.until(FluentWait.java:283)
at environment.Utill.confirmAlert(Utill.java:983)
at maintest.SPcasereg.TC_SPCR_027(SPcasereg.java:1148)
at sun.reflect.NativeMethodAccessorImpl.invoke0(Native Method)
at sun.reflect.NativeMethodAccessorImpl.invoke(NativeMethodAccessorImpl.java:62)
at sun.reflect.DelegatingMethodAccessorImpl.invoke(DelegatingMethodAccessorImpl.java:43)
at java.lang.reflect.Method.invoke(Method.java:498)
at org.testng.internal.MethodInvocationHelper.invokeMethod(MethodInvocationHelper.java:124)
at org.testng.internal.Invoker.invokeMethod(Invoker.java:583)
at org.testng.internal.Invoker.invokeTestMethod(Invoker.java:719)
at org.testng.internal.Invoker.invokeTestMethods(Invoker.java:989)
at org.testng.internal.TestMethodWorker.invokeTestMethods(TestMethodWorker.java:125)
at org.testng.internal.TestMethodWorker.run(TestMethodWorker.java:109)
at org.testng.TestRunner.privateRun(TestRunner.java:648)
at org.testng.TestRunner.run(TestRunner.java:505)
at org.testng.SuiteRunner.runTest(SuiteRunner.java:455)
at org.testng.SuiteRunner.runSequentially(SuiteRunner.java:450)
at org.testng.SuiteRunner.privateRun(SuiteRunner.java:415)
at org.testng.SuiteRunner.run(SuiteRunner.java:364)
at org.testng.SuiteRunnerWorker.runSuite(SuiteRunnerWorker.java:52)
at org.testng.SuiteRunnerWorker.run(SuiteRunnerWorker.java:84)
at org.testng.TestNG.runSuitesSequentially(TestNG.java:1208)
at org.testng.TestNG.runSuitesLocally(TestNG.java:1137)
at org.testng.TestNG.runSuites(TestNG.java:1049)
at org.testng.TestNG.run(TestNG.java:1017)
at org.apache.maven.surefire.testng.TestNGExecutor.run(TestNGExecutor.java:295)
at org.apache.maven.surefire.testng.TestNGXmlTestSuite.execute(TestNGXmlTestSuite.java:84)
at org.apache.maven.surefire.testng.TestNGProvider.invoke(TestNGProvider.java:90)
at org.apache.maven.surefire.booter.ForkedBooter.invokeProviderInSameClassLoader(ForkedBooter.java:203)
at org.apache.maven.surefire.booter.ForkedBooter.runSuitesInProcess(ForkedBooter.java:155)
at org.apache.maven.surefire.booter.ForkedBooter.main(ForkedBooter.java:103)
Caused by: org.openqa.selenium.NoSuchElementException: Cannot locate an element using By.xpath: //span[text()='OK']
For documentation on this error, please visit: http://seleniumhq.org/exceptions/no_such_element.html
Build info: version: '3.14.0', revision: 'aacccce0', time: '2018-08-02T20:19:58.91Z'
System info: host: 'KAD-I-032', ip: '192.168.2.67', os.name: 'Windows 7', os.arch: 'x86', os.version: '6.1', java.version: '1.8.0_181'
Driver info: driver.version: unknown
at org.openqa.selenium.support.ui.ExpectedConditions.lambda$findElement$0(ExpectedConditions.java:896)
at java.util.Optional.orElseThrow(Optional.java:290)
at org.openqa.selenium.support.ui.ExpectedConditions.findElement(ExpectedConditions.java:895)
at org.openqa.selenium.support.ui.ExpectedConditions.access$000(ExpectedConditions.java:44)
at org.openqa.selenium.support.ui.ExpectedConditions$6.apply(ExpectedConditions.java:183)
at org.openqa.selenium.support.ui.ExpectedConditions$6.apply(ExpectedConditions.java:180)
at org.openqa.selenium.support.ui.FluentWait.until(FluentWait.java:260)
... 30 more
]]>
    </error>
  </testcase> <!-- TC_SPCR_027 -->
  <testcase name="TC_SPINF_001" time="59.312" classname="maintest.SPcasereg"/>
  <testcase name="TC_SPINF_002" time="113.332" classname="maintest.SPcasereg"/>
  <testcase name="TC_SPINF_003" time="1.285" classname="maintest.SPcasereg">
    <error type="java.lang.StackOverflowError">
      <![CDATA[java.lang.StackOverflowError
at java.lang.AbstractStringBuilder.append(AbstractStringBuilder.java:449)
at java.lang.StringBuilder.append(StringBuilder.java:136)
at pages.CaseRegistration.isSelected(CaseRegistration.java:689)
at pages.CaseRegistration.isSelected(CaseRegistration.java:689)
at pages.CaseRegistration.isSelected(CaseRegistration.java:689)
at pages.CaseRegistration.isSelected(CaseRegistration.java:689)
at pages.CaseRegistration.isSelected(CaseRegistration.java:689)
at pages.CaseRegistration.isSelected(CaseRegistration.java:689)
at pages.CaseRegistration.isSelected(CaseRegistration.java:689)
at pages.CaseRegistration.isSelected(CaseRegistration.java:689)
at pages.CaseRegistration.isSelected(CaseRegistration.java:689)
at pages.CaseRegistration.isSelected(CaseRegistration.java:689)
at pages.CaseRegistration.isSelected(CaseRegistration.java:689)
at pages.CaseRegistration.isSelected(CaseRegistration.java:689)
at pages.CaseRegistration.isSelected(CaseRegistration.java:689)
at pages.CaseRegistration.isSelected(CaseRegistration.java:689)
at pages.CaseRegistration.isSelected(CaseRegistration.java:689)
at pages.CaseRegistration.isSelected(CaseRegistration.java:689)
at pages.CaseRegistration.isSelected(CaseRegistration.java:689)
at pages.CaseRegistration.isSelected(CaseRegistration.java:689)
at pages.CaseRegistration.isSelected(CaseRegistration.java:689)
at pages.CaseRegistration.isSelected(CaseRegistration.java:689)
at pages.CaseRegistration.isSelected(CaseRegistration.java:689)
at pages.CaseRegistration.isSelected(CaseRegistration.java:689)
at pages.CaseRegistration.isSelected(CaseRegistration.java:689)
at pages.CaseRegistration.isSelected(CaseRegistration.java:689)
at pages.CaseRegistration.isSelected(CaseRegistration.java:689)
at pages.CaseRegistration.isSelected(CaseRegistration.java:689)
at pages.CaseRegistration.isSelected(CaseRegistration.java:689)
at pages.CaseRegistration.isSelected(CaseRegistration.java:689)
at pages.CaseRegistration.isSelected(CaseRegistration.java:689)
at pages.CaseRegistration.isSelected(CaseRegistration.java:689)
at pages.CaseRegistration.isSelected(CaseRegistration.java:689)
at pages.CaseRegistration.isSelected(CaseRegistration.java:689)
at pages.CaseRegistration.isSelected(CaseRegistration.java:689)
at pages.CaseRegistration.isSelected(CaseRegistration.java:689)
at pages.CaseRegistration.isSelected(CaseRegistration.java:689)
at pages.CaseRegistration.isSelected(CaseRegistration.java:689)
at pages.CaseRegistration.isSelected(CaseRegistration.java:689)
at pages.CaseRegistration.isSelected(CaseRegistration.java:689)
at pages.CaseRegistration.isSelected(CaseRegistration.java:689)
at pages.CaseRegistration.isSelected(CaseRegistration.java:689)
at pages.CaseRegistration.isSelected(CaseRegistration.java:689)
at pages.CaseRegistration.isSelected(CaseRegistration.java:689)
at pages.CaseRegistration.isSelected(CaseRegistration.java:689)
at pages.CaseRegistration.isSelected(CaseRegistration.java:689)
at pages.CaseRegistration.isSelected(CaseRegistration.java:689)
at pages.CaseRegistration.isSelected(CaseRegistration.java:689)
at pages.CaseRegistration.isSelected(CaseRegistration.java:689)
at pages.CaseRegistration.isSelected(CaseRegistration.java:689)
at pages.CaseRegistration.isSelected(CaseRegistration.java:689)
at pages.CaseRegistration.isSelected(CaseRegistration.java:689)
at pages.CaseRegistration.isSelected(CaseRegistration.java:689)
at pages.CaseRegistration.isSelected(CaseRegistration.java:689)
at pages.CaseRegistration.isSelected(CaseRegistration.java:689)
at pages.CaseRegistration.isSelected(CaseRegistration.java:689)
at pages.CaseRegistration.isSelected(CaseRegistration.java:689)
at pages.CaseRegistration.isSelected(CaseRegistration.java:689)
at pages.CaseRegistration.isSelected(CaseRegistration.java:689)
at pages.CaseRegistration.isSelected(CaseRegistration.java:689)
at pages.CaseRegistration.isSelected(CaseRegistration.java:689)
at pages.CaseRegistration.isSelected(CaseRegistration.java:689)
at pages.CaseRegistration.isSelected(CaseRegistration.java:689)
at pages.CaseRegistration.isSelected(CaseRegistration.java:689)
at pages.CaseRegistration.isSelected(CaseRegistration.java:689)
at pages.CaseRegistration.isSelected(CaseRegistration.java:689)
at pages.CaseRegistration.isSelected(CaseRegistration.java:689)
at pages.CaseRegistration.isSelected(CaseRegistration.java:689)
at pages.CaseRegistration.isSelected(CaseRegistration.java:689)
at pages.CaseRegistration.isSelected(CaseRegistration.java:689)
at pages.CaseRegistration.isSelected(CaseRegistration.java:689)
at pages.CaseRegistration.isSelected(CaseRegistration.java:689)
at pages.CaseRegistration.isSelected(CaseRegistration.java:689)
at pages.CaseRegistration.isSelected(CaseRegistration.java:689)
at pages.CaseRegistration.isSelected(CaseRegistration.java:689)
at pages.CaseRegistration.isSelected(CaseRegistration.java:689)
at pages.CaseRegistration.isSelected(CaseRegistration.java:689)
at pages.CaseRegistration.isSelected(CaseRegistration.java:689)
at pages.CaseRegistration.isSelected(CaseRegistration.java:689)
at pages.CaseRegistration.isSelected(CaseRegistration.java:689)
at pages.CaseRegistration.isSelected(CaseRegistration.java:689)
at pages.CaseRegistration.isSelected(CaseRegistration.java:689)
at pages.CaseRegistration.isSelected(CaseRegistration.java:689)
at pages.CaseRegistration.isSelected(CaseRegistration.java:689)
at pages.CaseRegistration.isSelected(CaseRegistration.java:689)
at pages.CaseRegistration.isSelected(CaseRegistration.java:689)
at pages.CaseRegistration.isSelected(CaseRegistration.java:689)
at pages.CaseRegistration.isSelected(CaseRegistration.java:689)
at pages.CaseRegistration.isSelected(CaseRegistration.java:689)
at pages.CaseRegistration.isSelected(CaseRegistration.java:689)
at pages.CaseRegistration.isSelected(CaseRegistration.java:689)
at pages.CaseRegistration.isSelected(CaseRegistration.java:689)
at pages.CaseRegistration.isSelected(CaseRegistration.java:689)
at pages.CaseRegistration.isSelected(CaseRegistration.java:689)
at pages.CaseRegistration.isSelected(CaseRegistration.java:689)
at pages.CaseRegistration.isSelected(CaseRegistration.java:689)
at pages.CaseRegistration.isSelected(CaseRegistration.java:689)
at pages.CaseRegistration.isSelected(CaseRegistration.java:689)
at pages.CaseRegistration.isSelected(CaseRegistration.java:689)
at pages.CaseRegistration.isSelected(CaseRegistration.java:689)
at pages.CaseRegistration.isSelected(CaseRegistration.java:689)
at pages.CaseRegistration.isSelected(CaseRegistration.java:689)
at pages.CaseRegistration.isSelected(CaseRegistration.java:689)
at pages.CaseRegistration.isSelected(CaseRegistration.java:689)
at pages.CaseRegistration.isSelected(CaseRegistration.java:689)
at pages.CaseRegistration.isSelected(CaseRegistration.java:689)
at pages.CaseRegistration.isSelected(CaseRegistration.java:689)
at pages.CaseRegistration.isSelected(CaseRegistration.java:689)
at pages.CaseRegistration.isSelected(CaseRegistration.java:689)
at pages.CaseRegistration.isSelected(CaseRegistration.java:689)
at pages.CaseRegistration.isSelected(CaseRegistration.java:689)
at pages.CaseRegistration.isSelected(CaseRegistration.java:689)
at pages.CaseRegistration.isSelected(CaseRegistration.java:689)
at pages.CaseRegistration.isSelected(CaseRegistration.java:689)
at pages.CaseRegistration.isSelected(CaseRegistration.java:689)
at pages.CaseRegistration.isSelected(CaseRegistration.java:689)
at pages.CaseRegistration.isSelected(CaseRegistration.java:689)
at pages.CaseRegistration.isSelected(CaseRegistration.java:689)
at pages.CaseRegistration.isSelected(CaseRegistration.java:689)
at pages.CaseRegistration.isSelected(CaseRegistration.java:689)
at pages.CaseRegistration.isSelected(CaseRegistration.java:689)
at pages.CaseRegistration.isSelected(CaseRegistration.java:689)
at pages.CaseRegistration.isSelected(CaseRegistration.java:689)
at pages.CaseRegistration.isSelected(CaseRegistration.java:689)
at pages.CaseRegistration.isSelected(CaseRegistration.java:689)
at pages.CaseRegistration.isSelected(CaseRegistration.java:689)
at pages.CaseRegistration.isSelected(CaseRegistration.java:689)
at pages.CaseRegistration.isSelected(CaseRegistration.java:689)
at pages.CaseRegistration.isSelected(CaseRegistration.java:689)
at pages.CaseRegistration.isSelected(CaseRegistration.java:689)
at pages.CaseRegistration.isSelected(CaseRegistration.java:689)
at pages.CaseRegistration.isSelected(CaseRegistration.java:689)
at pages.CaseRegistration.isSelected(CaseRegistration.java:689)
at pages.CaseRegistration.isSelected(CaseRegistration.java:689)
at pages.CaseRegistration.isSelected(CaseRegistration.java:689)
at pages.CaseRegistration.isSelected(CaseRegistration.java:689)
at pages.CaseRegistration.isSelected(CaseRegistration.java:689)
at pages.CaseRegistration.isSelected(CaseRegistration.java:689)
at pages.CaseRegistration.isSelected(CaseRegistration.java:689)
at pages.CaseRegistration.isSelected(CaseRegistration.java:689)
at pages.CaseRegistration.isSelected(CaseRegistration.java:689)
at pages.CaseRegistration.isSelected(CaseRegistration.java:689)
at pages.CaseRegistration.isSelected(CaseRegistration.java:689)
at pages.CaseRegistration.isSelected(CaseRegistration.java:689)
at pages.CaseRegistration.isSelected(CaseRegistration.java:689)
at pages.CaseRegistration.isSelected(CaseRegistration.java:689)
at pages.CaseRegistration.isSelected(CaseRegistration.java:689)
at pages.CaseRegistration.isSelected(CaseRegistration.java:689)
at pages.CaseRegistration.isSelected(CaseRegistration.java:689)
at pages.CaseRegistration.isSelected(CaseRegistration.java:689)
at pages.CaseRegistration.isSelected(CaseRegistration.java:689)
at pages.CaseRegistration.isSelected(CaseRegistration.java:689)
at pages.CaseRegistration.isSelected(CaseRegistration.java:689)
at pages.CaseRegistration.isSelected(CaseRegistration.java:689)
at pages.CaseRegistration.isSelected(CaseRegistration.java:689)
at pages.CaseRegistration.isSelected(CaseRegistration.java:689)
at pages.CaseRegistration.isSelected(CaseRegistration.java:689)
at pages.CaseRegistration.isSelected(CaseRegistration.java:689)
at pages.CaseRegistration.isSelected(CaseRegistration.java:689)
at pages.CaseRegistration.isSelected(CaseRegistration.java:689)
at pages.CaseRegistration.isSelected(CaseRegistration.java:689)
at pages.CaseRegistration.isSelected(CaseRegistration.java:689)
at pages.CaseRegistration.isSelected(CaseRegistration.java:689)
at pages.CaseRegistration.isSelected(CaseRegistration.java:689)
at pages.CaseRegistration.isSelected(CaseRegistration.java:689)
at pages.CaseRegistration.isSelected(CaseRegistration.java:689)
at pages.CaseRegistration.isSelected(CaseRegistration.java:689)
at pages.CaseRegistration.isSelected(CaseRegistration.java:689)
at pages.CaseRegistration.isSelected(CaseRegistration.java:689)
at pages.CaseRegistration.isSelected(CaseRegistration.java:689)
at pages.CaseRegistration.isSelected(CaseRegistration.java:689)
at pages.CaseRegistration.isSelected(CaseRegistration.java:689)
at pages.CaseRegistration.isSelected(CaseRegistration.java:689)
at pages.CaseRegistration.isSelected(CaseRegistration.java:689)
at pages.CaseRegistration.isSelected(CaseRegistration.java:689)
at pages.CaseRegistration.isSelected(CaseRegistration.java:689)
at pages.CaseRegistration.isSelected(CaseRegistration.java:689)
at pages.CaseRegistration.isSelected(CaseRegistration.java:689)
at pages.CaseRegistration.isSelected(CaseRegistration.java:689)
at pages.CaseRegistration.isSelected(CaseRegistration.java:689)
at pages.CaseRegistration.isSelected(CaseRegistration.java:689)
at pages.CaseRegistration.isSelected(CaseRegistration.java:689)
at pages.CaseRegistration.isSelected(CaseRegistration.java:689)
at pages.CaseRegistration.isSelected(CaseRegistration.java:689)
at pages.CaseRegistration.isSelected(CaseRegistration.java:689)
at pages.CaseRegistration.isSelected(CaseRegistration.java:689)
at pages.CaseRegistration.isSelected(CaseRegistration.java:689)
at pages.CaseRegistration.isSelected(CaseRegistration.java:689)
at pages.CaseRegistration.isSelected(CaseRegistration.java:689)
at pages.CaseRegistration.isSelected(CaseRegistration.java:689)
at pages.CaseRegistration.isSelected(CaseRegistration.java:689)
at pages.CaseRegistration.isSelected(CaseRegistration.java:689)
at pages.CaseRegistration.isSelected(CaseRegistration.java:689)
at pages.CaseRegistration.isSelected(CaseRegistration.java:689)
at pages.CaseRegistration.isSelected(CaseRegistration.java:689)
at pages.CaseRegistration.isSelected(CaseRegistration.java:689)
at pages.CaseRegistration.isSelected(CaseRegistration.java:689)
at pages.CaseRegistration.isSelected(CaseRegistration.java:689)
at pages.CaseRegistration.isSelected(CaseRegistration.java:689)
at pages.CaseRegistration.isSelected(CaseRegistration.java:689)
at pages.CaseRegistration.isSelected(CaseRegistration.java:689)
at pages.CaseRegistration.isSelected(CaseRegistration.java:689)
at pages.CaseRegistration.isSelected(CaseRegistration.java:689)
at pages.CaseRegistration.isSelected(CaseRegistration.java:689)
at pages.CaseRegistration.isSelected(CaseRegistration.java:689)
at pages.CaseRegistration.isSelected(CaseRegistration.java:689)
at pages.CaseRegistration.isSelected(CaseRegistration.java:689)
at pages.CaseRegistration.isSelected(CaseRegistration.java:689)
at pages.CaseRegistration.isSelected(CaseRegistration.java:689)
at pages.CaseRegistration.isSelected(CaseRegistration.java:689)
at pages.CaseRegistration.isSelected(CaseRegistration.java:689)
at pages.CaseRegistration.isSelected(CaseRegistration.java:689)
at pages.CaseRegistration.isSelected(CaseRegistration.java:689)
at pages.CaseRegistration.isSelected(CaseRegistration.java:689)
at pages.CaseRegistration.isSelected(CaseRegistration.java:689)
at pages.CaseRegistration.isSelected(CaseRegistration.java:689)
at pages.CaseRegistration.isSelected(CaseRegistration.java:689)
at pages.CaseRegistration.isSelected(CaseRegistration.java:689)
at pages.CaseRegistration.isSelected(CaseRegistration.java:689)
at pages.CaseRegistration.isSelected(CaseRegistration.java:689)
at pages.CaseRegistration.isSelected(CaseRegistration.java:689)
at pages.CaseRegistration.isSelected(CaseRegistration.java:689)
at pages.CaseRegistration.isSelected(CaseRegistration.java:689)
at pages.CaseRegistration.isSelected(CaseRegistration.java:689)
at pages.CaseRegistration.isSelected(CaseRegistration.java:689)
at pages.CaseRegistration.isSelected(CaseRegistration.java:689)
at pages.CaseRegistration.isSelected(CaseRegistration.java:689)
at pages.CaseRegistration.isSelected(CaseRegistration.java:689)
at pages.CaseRegistration.isSelected(CaseRegistration.java:689)
at pages.CaseRegistration.isSelected(CaseRegistration.java:689)
at pages.CaseRegistration.isSelected(CaseRegistration.java:689)
at pages.CaseRegistration.isSelected(CaseRegistration.java:689)
at pages.CaseRegistration.isSelected(CaseRegistration.java:689)
at pages.CaseRegistration.isSelected(CaseRegistration.java:689)
at pages.CaseRegistration.isSelected(CaseRegistration.java:689)
at pages.CaseRegistration.isSelected(CaseRegistration.java:689)
at pages.CaseRegistration.isSelected(CaseRegistration.java:689)
at pages.CaseRegistration.isSelected(CaseRegistration.java:689)
at pages.CaseRegistration.isSelected(CaseRegistration.java:689)
at pages.CaseRegistration.isSelected(CaseRegistration.java:689)
at pages.CaseRegistration.isSelected(CaseRegistration.java:689)
at pages.CaseRegistration.isSelected(CaseRegistration.java:689)
at pages.CaseRegistration.isSelected(CaseRegistration.java:689)
at pages.CaseRegistration.isSelected(CaseRegistration.java:689)
at pages.CaseRegistration.isSelected(CaseRegistration.java:689)
at pages.CaseRegistration.isSelected(CaseRegistration.java:689)
at pages.CaseRegistration.isSelected(CaseRegistration.java:689)
at pages.CaseRegistration.isSelected(CaseRegistration.java:689)
at pages.CaseRegistration.isSelected(CaseRegistration.java:689)
at pages.CaseRegistration.isSelected(CaseRegistration.java:689)
at pages.CaseRegistration.isSelected(CaseRegistration.java:689)
at pages.CaseRegistration.isSelected(CaseRegistration.java:689)
at pages.CaseRegistration.isSelected(CaseRegistration.java:689)
at pages.CaseRegistration.isSelected(CaseRegistration.java:689)
at pages.CaseRegistration.isSelected(CaseRegistration.java:689)
at pages.CaseRegistration.isSelected(CaseRegistration.java:689)
at pages.CaseRegistration.isSelected(CaseRegistration.java:689)
at pages.CaseRegistration.isSelected(CaseRegistration.java:689)
at pages.CaseRegistration.isSelected(CaseRegistration.java:689)
at pages.CaseRegistration.isSelected(CaseRegistration.java:689)
at pages.CaseRegistration.isSelected(CaseRegistration.java:689)
at pages.CaseRegistration.isSelected(CaseRegistration.java:689)
at pages.CaseRegistration.isSelected(CaseRegistration.java:689)
at pages.CaseRegistration.isSelected(CaseRegistration.java:689)
at pages.CaseRegistration.isSelected(CaseRegistration.java:689)
at pages.CaseRegistration.isSelected(CaseRegistration.java:689)
at pages.CaseRegistration.isSelected(CaseRegistration.java:689)
at pages.CaseRegistration.isSelected(CaseRegistration.java:689)
at pages.CaseRegistration.isSelected(CaseRegistration.java:689)
at pages.CaseRegistration.isSelected(CaseRegistration.java:689)
at pages.CaseRegistration.isSelected(CaseRegistration.java:689)
at pages.CaseRegistration.isSelected(CaseRegistration.java:689)
at pages.CaseRegistration.isSelected(CaseRegistration.java:689)
at pages.CaseRegistration.isSelected(CaseRegistration.java:689)
at pages.CaseRegistration.isSelected(CaseRegistration.java:689)
at pages.CaseRegistration.isSelected(CaseRegistration.java:689)
at pages.CaseRegistration.isSelected(CaseRegistration.java:689)
at pages.CaseRegistration.isSelected(CaseRegistration.java:689)
at pages.CaseRegistration.isSelected(CaseRegistration.java:689)
at pages.CaseRegistration.isSelected(CaseRegistration.java:689)
at pages.CaseRegistration.isSelected(CaseRegistration.java:689)
at pages.CaseRegistration.isSelected(CaseRegistration.java:689)
at pages.CaseRegistration.isSelected(CaseRegistration.java:689)
at pages.CaseRegistration.isSelected(CaseRegistration.java:689)
at pages.CaseRegistration.isSelected(CaseRegistration.java:689)
at pages.CaseRegistration.isSelected(CaseRegistration.java:689)
at pages.CaseRegistration.isSelected(CaseRegistration.java:689)
at pages.CaseRegistration.isSelected(CaseRegistration.java:689)
at pages.CaseRegistration.isSelected(CaseRegistration.java:689)
at pages.CaseRegistration.isSelected(CaseRegistration.java:689)
at pages.CaseRegistration.isSelected(CaseRegistration.java:689)
at pages.CaseRegistration.isSelected(CaseRegistration.java:689)
at pages.CaseRegistration.isSelected(CaseRegistration.java:689)
at pages.CaseRegistration.isSelected(CaseRegistration.java:689)
at pages.CaseRegistration.isSelected(CaseRegistration.java:689)
at pages.CaseRegistration.isSelected(CaseRegistration.java:689)
at pages.CaseRegistration.isSelected(CaseRegistration.java:689)
at pages.CaseRegistration.isSelected(CaseRegistration.java:689)
at pages.CaseRegistration.isSelected(CaseRegistration.java:689)
at pages.CaseRegistration.isSelected(CaseRegistration.java:689)
at pages.CaseRegistration.isSelected(CaseRegistration.java:689)
at pages.CaseRegistration.isSelected(CaseRegistration.java:689)
at pages.CaseRegistration.isSelected(CaseRegistration.java:689)
at pages.CaseRegistration.isSelected(CaseRegistration.java:689)
at pages.CaseRegistration.isSelected(CaseRegistration.java:689)
at pages.CaseRegistration.isSelected(CaseRegistration.java:689)
at pages.CaseRegistration.isSelected(CaseRegistration.java:689)
at pages.CaseRegistration.isSelected(CaseRegistration.java:689)
at pages.CaseRegistration.isSelected(CaseRegistration.java:689)
at pages.CaseRegistration.isSelected(CaseRegistration.java:689)
at pages.CaseRegistration.isSelected(CaseRegistration.java:689)
at pages.CaseRegistration.isSelected(CaseRegistration.java:689)
at pages.CaseRegistration.isSelected(CaseRegistration.java:689)
at pages.CaseRegistration.isSelected(CaseRegistration.java:689)
at pages.CaseRegistration.isSelected(CaseRegistration.java:689)
at pages.CaseRegistration.isSelected(CaseRegistration.java:689)
at pages.CaseRegistration.isSelected(CaseRegistration.java:689)
at pages.CaseRegistration.isSelected(CaseRegistration.java:689)
at pages.CaseRegistration.isSelected(CaseRegistration.java:689)
at pages.CaseRegistration.isSelected(CaseRegistration.java:689)
at pages.CaseRegistration.isSelected(CaseRegistration.java:689)
at pages.CaseRegistration.isSelected(CaseRegistration.java:689)
at pages.CaseRegistration.isSelected(CaseRegistration.java:689)
at pages.CaseRegistration.isSelected(CaseRegistration.java:689)
at pages.CaseRegistration.isSelected(CaseRegistration.java:689)
at pages.CaseRegistration.isSelected(CaseRegistration.java:689)
at pages.CaseRegistration.isSelected(CaseRegistration.java:689)
at pages.CaseRegistration.isSelected(CaseRegistration.java:689)
at pages.CaseRegistration.isSelected(CaseRegistration.java:689)
at pages.CaseRegistration.isSelected(CaseRegistration.java:689)
at pages.CaseRegistration.isSelected(CaseRegistration.java:689)
at pages.CaseRegistration.isSelected(CaseRegistration.java:689)
at pages.CaseRegistration.isSelected(CaseRegistration.java:689)
at pages.CaseRegistration.isSelected(CaseRegistration.java:689)
at pages.CaseRegistration.isSelected(CaseRegistration.java:689)
at pages.CaseRegistration.isSelected(CaseRegistration.java:689)
at pages.CaseRegistration.isSelected(CaseRegistration.java:689)
at pages.CaseRegistration.isSelected(CaseRegistration.java:689)
at pages.CaseRegistration.isSelected(CaseRegistration.java:689)
at pages.CaseRegistration.isSelected(CaseRegistration.java:689)
at pages.CaseRegistration.isSelected(CaseRegistration.java:689)
at pages.CaseRegistration.isSelected(CaseRegistration.java:689)
at pages.CaseRegistration.isSelected(CaseRegistration.java:689)
at pages.CaseRegistration.isSelected(CaseRegistration.java:689)
at pages.CaseRegistration.isSelected(CaseRegistration.java:689)
at pages.CaseRegistration.isSelected(CaseRegistration.java:689)
at pages.CaseRegistration.isSelected(CaseRegistration.java:689)
at pages.CaseRegistration.isSelected(CaseRegistration.java:689)
at pages.CaseRegistration.isSelected(CaseRegistration.java:689)
at pages.CaseRegistration.isSelected(CaseRegistration.java:689)
at pages.CaseRegistration.isSelected(CaseRegistration.java:689)
at pages.CaseRegistration.isSelected(CaseRegistration.java:689)
at pages.CaseRegistration.isSelected(CaseRegistration.java:689)
at pages.CaseRegistration.isSelected(CaseRegistration.java:689)
at pages.CaseRegistration.isSelected(CaseRegistration.java:689)
at pages.CaseRegistration.isSelected(CaseRegistration.java:689)
at pages.CaseRegistration.isSelected(CaseRegistration.java:689)
at pages.CaseRegistration.isSelected(CaseRegistration.java:689)
at pages.CaseRegistration.isSelected(CaseRegistration.java:689)
at pages.CaseRegistration.isSelected(CaseRegistration.java:689)
at pages.CaseRegistration.isSelected(CaseRegistration.java:689)
at pages.CaseRegistration.isSelected(CaseRegistration.java:689)
at pages.CaseRegistration.isSelected(CaseRegistration.java:689)
at pages.CaseRegistration.isSelected(CaseRegistration.java:689)
at pages.CaseRegistration.isSelected(CaseRegistration.java:689)
at pages.CaseRegistration.isSelected(CaseRegistration.java:689)
at pages.CaseRegistration.isSelected(CaseRegistration.java:689)
at pages.CaseRegistration.isSelected(CaseRegistration.java:689)
at pages.CaseRegistration.isSelected(CaseRegistration.java:689)
at pages.CaseRegistration.isSelected(CaseRegistration.java:689)
at pages.CaseRegistration.isSelected(CaseRegistration.java:689)
at pages.CaseRegistration.isSelected(CaseRegistration.java:689)
at pages.CaseRegistration.isSelected(CaseRegistration.java:689)
at pages.CaseRegistration.isSelected(CaseRegistration.java:689)
at pages.CaseRegistration.isSelected(CaseRegistration.java:689)
at pages.CaseRegistration.isSelected(CaseRegistration.java:689)
at pages.CaseRegistration.isSelected(CaseRegistration.java:689)
at pages.CaseRegistration.isSelected(CaseRegistration.java:689)
at pages.CaseRegistration.isSelected(CaseRegistration.java:689)
at pages.CaseRegistration.isSelected(CaseRegistration.java:689)
at pages.CaseRegistration.isSelected(CaseRegistration.java:689)
at pages.CaseRegistration.isSelected(CaseRegistration.java:689)
at pages.CaseRegistration.isSelected(CaseRegistration.java:689)
at pages.CaseRegistration.isSelected(CaseRegistration.java:689)
at pages.CaseRegistration.isSelected(CaseRegistration.java:689)
at pages.CaseRegistration.isSelected(CaseRegistration.java:689)
at pages.CaseRegistration.isSelected(CaseRegistration.java:689)
at pages.CaseRegistration.isSelected(CaseRegistration.java:689)
at pages.CaseRegistration.isSelected(CaseRegistration.java:689)
at pages.CaseRegistration.isSelected(CaseRegistration.java:689)
at pages.CaseRegistration.isSelected(CaseRegistration.java:689)
at pages.CaseRegistration.isSelected(CaseRegistration.java:689)
at pages.CaseRegistration.isSelected(CaseRegistration.java:689)
at pages.CaseRegistration.isSelected(CaseRegistration.java:689)
at pages.CaseRegistration.isSelected(CaseRegistration.java:689)
at pages.CaseRegistration.isSelected(CaseRegistration.java:689)
at pages.CaseRegistration.isSelected(CaseRegistration.java:689)
at pages.CaseRegistration.isSelected(CaseRegistration.java:689)
at pages.CaseRegistration.isSelected(CaseRegistration.java:689)
at pages.CaseRegistration.isSelected(CaseRegistration.java:689)
at pages.CaseRegistration.isSelected(CaseRegistration.java:689)
at pages.CaseRegistration.isSelected(CaseRegistration.java:689)
at pages.CaseRegistration.isSelected(CaseRegistration.java:689)
at pages.CaseRegistration.isSelected(CaseRegistration.java:689)
at pages.CaseRegistration.isSelected(CaseRegistration.java:689)
at pages.CaseRegistration.isSelected(CaseRegistration.java:689)
at pages.CaseRegistration.isSelected(CaseRegistration.java:689)
at pages.CaseRegistration.isSelected(CaseRegistration.java:689)
at pages.CaseRegistration.isSelected(CaseRegistration.java:689)
at pages.CaseRegistration.isSelected(CaseRegistration.java:689)
at pages.CaseRegistration.isSelected(CaseRegistration.java:689)
at pages.CaseRegistration.isSelected(CaseRegistration.java:689)
at pages.CaseRegistration.isSelected(CaseRegistration.java:689)
at pages.CaseRegistration.isSelected(CaseRegistration.java:689)
at pages.CaseRegistration.isSelected(CaseRegistration.java:689)
at pages.CaseRegistration.isSelected(CaseRegistration.java:689)
at pages.CaseRegistration.isSelected(CaseRegistration.java:689)
at pages.CaseRegistration.isSelected(CaseRegistration.java:689)
at pages.CaseRegistration.isSelected(CaseRegistration.java:689)
at pages.CaseRegistration.isSelected(CaseRegistration.java:689)
at pages.CaseRegistration.isSelected(CaseRegistration.java:689)
at pages.CaseRegistration.isSelected(CaseRegistration.java:689)
at pages.CaseRegistration.isSelected(CaseRegistration.java:689)
at pages.CaseRegistration.isSelected(CaseRegistration.java:689)
at pages.CaseRegistration.isSelected(CaseRegistration.java:689)
at pages.CaseRegistration.isSelected(CaseRegistration.java:689)
at pages.CaseRegistration.isSelected(CaseRegistration.java:689)
at pages.CaseRegistration.isSelected(CaseRegistration.java:689)
at pages.CaseRegistration.isSelected(CaseRegistration.java:689)
at pages.CaseRegistration.isSelected(CaseRegistration.java:689)
at pages.CaseRegistration.isSelected(CaseRegistration.java:689)
at pages.CaseRegistration.isSelected(CaseRegistration.java:689)
at pages.CaseRegistration.isSelected(CaseRegistration.java:689)
at pages.CaseRegistration.isSelected(CaseRegistration.java:689)
at pages.CaseRegistration.isSelected(CaseRegistration.java:689)
at pages.CaseRegistration.isSelected(CaseRegistration.java:689)
at pages.CaseRegistration.isSelected(CaseRegistration.java:689)
at pages.CaseRegistration.isSelected(CaseRegistration.java:689)
at pages.CaseRegistration.isSelected(CaseRegistration.java:689)
at pages.CaseRegistration.isSelected(CaseRegistration.java:689)
at pages.CaseRegistration.isSelected(CaseRegistration.java:689)
at pages.CaseRegistration.isSelected(CaseRegistration.java:689)
at pages.CaseRegistration.isSelected(CaseRegistration.java:689)
at pages.CaseRegistration.isSelected(CaseRegistration.java:689)
at pages.CaseRegistration.isSelected(CaseRegistration.java:689)
at pages.CaseRegistration.isSelected(CaseRegistration.java:689)
at pages.CaseRegistration.isSelected(CaseRegistration.java:689)
at pages.CaseRegistration.isSelected(CaseRegistration.java:689)
at pages.CaseRegistration.isSelected(CaseRegistration.java:689)
at pages.CaseRegistration.isSelected(CaseRegistration.java:689)
at pages.CaseRegistration.isSelected(CaseRegistration.java:689)
at pages.CaseRegistration.isSelected(CaseRegistration.java:689)
at pages.CaseRegistration.isSelected(CaseRegistration.java:689)
at pages.CaseRegistration.isSelected(CaseRegistration.java:689)
at pages.CaseRegistration.isSelected(CaseRegistration.java:689)
at pages.CaseRegistration.isSelected(CaseRegistration.java:689)
at pages.CaseRegistration.isSelected(CaseRegistration.java:689)
at pages.CaseRegistration.isSelected(CaseRegistration.java:689)
at pages.CaseRegistration.isSelected(CaseRegistration.java:689)
at pages.CaseRegistration.isSelected(CaseRegistration.java:689)
at pages.CaseRegistration.isSelected(CaseRegistration.java:689)
at pages.CaseRegistration.isSelected(CaseRegistration.java:689)
at pages.CaseRegistration.isSelected(CaseRegistration.java:689)
at pages.CaseRegistration.isSelected(CaseRegistration.java:689)
at pages.CaseRegistration.isSelected(CaseRegistration.java:689)
at pages.CaseRegistration.isSelected(CaseRegistration.java:689)
at pages.CaseRegistration.isSelected(CaseRegistration.java:689)
at pages.CaseRegistration.isSelected(CaseRegistration.java:689)
at pages.CaseRegistration.isSelected(CaseRegistration.java:689)
at pages.CaseRegistration.isSelected(CaseRegistration.java:689)
at pages.CaseRegistration.isSelected(CaseRegistration.java:689)
at pages.CaseRegistration.isSelected(CaseRegistration.java:689)
at pages.CaseRegistration.isSelected(CaseRegistration.java:689)
at pages.CaseRegistration.isSelected(CaseRegistration.java:689)
at pages.CaseRegistration.isSelected(CaseRegistration.java:689)
at pages.CaseRegistration.isSelected(CaseRegistration.java:689)
at pages.CaseRegistration.isSelected(CaseRegistration.java:689)
at pages.CaseRegistration.isSelected(CaseRegistration.java:689)
at pages.CaseRegistration.isSelected(CaseRegistration.java:689)
at pages.CaseRegistration.isSelected(CaseRegistration.java:689)
at pages.CaseRegistration.isSelected(CaseRegistration.java:689)
at pages.CaseRegistration.isSelected(CaseRegistration.java:689)
at pages.CaseRegistration.isSelected(CaseRegistration.java:689)
at pages.CaseRegistration.isSelected(CaseRegistration.java:689)
at pages.CaseRegistration.isSelected(CaseRegistration.java:689)
at pages.CaseRegistration.isSelected(CaseRegistration.java:689)
at pages.CaseRegistration.isSelected(CaseRegistration.java:689)
at pages.CaseRegistration.isSelected(CaseRegistration.java:689)
at pages.CaseRegistration.isSelected(CaseRegistration.java:689)
at pages.CaseRegistration.isSelected(CaseRegistration.java:689)
at pages.CaseRegistration.isSelected(CaseRegistration.java:689)
at pages.CaseRegistration.isSelected(CaseRegistration.java:689)
at pages.CaseRegistration.isSelected(CaseRegistration.java:689)
at pages.CaseRegistration.isSelected(CaseRegistration.java:689)
at pages.CaseRegistration.isSelected(CaseRegistration.java:689)
at pages.CaseRegistration.isSelected(CaseRegistration.java:689)
at pages.CaseRegistration.isSelected(CaseRegistration.java:689)
at pages.CaseRegistration.isSelected(CaseRegistration.java:689)
at pages.CaseRegistration.isSelected(CaseRegistration.java:689)
at pages.CaseRegistration.isSelected(CaseRegistration.java:689)
at pages.CaseRegistration.isSelected(CaseRegistration.java:689)
at pages.CaseRegistration.isSelected(CaseRegistration.java:689)
at pages.CaseRegistration.isSelected(CaseRegistration.java:689)
at pages.CaseRegistration.isSelected(CaseRegistration.java:689)
at pages.CaseRegistration.isSelected(CaseRegistration.java:689)
at pages.CaseRegistration.isSelected(CaseRegistration.java:689)
at pages.CaseRegistration.isSelected(CaseRegistration.java:689)
at pages.CaseRegistration.isSelected(CaseRegistration.java:689)
at pages.CaseRegistration.isSelected(CaseRegistration.java:689)
at pages.CaseRegistration.isSelected(CaseRegistration.java:689)
at pages.CaseRegistration.isSelected(CaseRegistration.java:689)
at pages.CaseRegistration.isSelected(CaseRegistration.java:689)
at pages.CaseRegistration.isSelected(CaseRegistration.java:689)
at pages.CaseRegistration.isSelected(CaseRegistration.java:689)
at pages.CaseRegistration.isSelected(CaseRegistration.java:689)
at pages.CaseRegistration.isSelected(CaseRegistration.java:689)
at pages.CaseRegistration.isSelected(CaseRegistration.java:689)
at pages.CaseRegistration.isSelected(CaseRegistration.java:689)
at pages.CaseRegistration.isSelected(CaseRegistration.java:689)
at pages.CaseRegistration.isSelected(CaseRegistration.java:689)
at pages.CaseRegistration.isSelected(CaseRegistration.java:689)
at pages.CaseRegistration.isSelected(CaseRegistration.java:689)
at pages.CaseRegistration.isSelected(CaseRegistration.java:689)
at pages.CaseRegistration.isSelected(CaseRegistration.java:689)
at pages.CaseRegistration.isSelected(CaseRegistration.java:689)
at pages.CaseRegistration.isSelected(CaseRegistration.java:689)
at pages.CaseRegistration.isSelected(CaseRegistration.java:689)
at pages.CaseRegistration.isSelected(CaseRegistration.java:689)
at pages.CaseRegistration.isSelected(CaseRegistration.java:689)
at pages.CaseRegistration.isSelected(CaseRegistration.java:689)
at pages.CaseRegistration.isSelected(CaseRegistration.java:689)
at pages.CaseRegistration.isSelected(CaseRegistration.java:689)
at pages.CaseRegistration.isSelected(CaseRegistration.java:689)
at pages.CaseRegistration.isSelected(CaseRegistration.java:689)
at pages.CaseRegistration.isSelected(CaseRegistration.java:689)
at pages.CaseRegistration.isSelected(CaseRegistration.java:689)
at pages.CaseRegistration.isSelected(CaseRegistration.java:689)
at pages.CaseRegistration.isSelected(CaseRegistration.java:689)
at pages.CaseRegistration.isSelected(CaseRegistration.java:689)
at pages.CaseRegistration.isSelected(CaseRegistration.java:689)
at pages.CaseRegistration.isSelected(CaseRegistration.java:689)
at pages.CaseRegistration.isSelected(CaseRegistration.java:689)
at pages.CaseRegistration.isSelected(CaseRegistration.java:689)
at pages.CaseRegistration.isSelected(CaseRegistration.java:689)
at pages.CaseRegistration.isSelected(CaseRegistration.java:689)
at pages.CaseRegistration.isSelected(CaseRegistration.java:689)
at pages.CaseRegistration.isSelected(CaseRegistration.java:689)
at pages.CaseRegistration.isSelected(CaseRegistration.java:689)
at pages.CaseRegistration.isSelected(CaseRegistration.java:689)
at pages.CaseRegistration.isSelected(CaseRegistration.java:689)
at pages.CaseRegistration.isSelected(CaseRegistration.java:689)
at pages.CaseRegistration.isSelected(CaseRegistration.java:689)
at pages.CaseRegistration.isSelected(CaseRegistration.java:689)
at pages.CaseRegistration.isSelected(CaseRegistration.java:689)
at pages.CaseRegistration.isSelected(CaseRegistration.java:689)
at pages.CaseRegistration.isSelected(CaseRegistration.java:689)
at pages.CaseRegistration.isSelected(CaseRegistration.java:689)
at pages.CaseRegistration.isSelected(CaseRegistration.java:689)
at pages.CaseRegistration.isSelected(CaseRegistration.java:689)
at pages.CaseRegistration.isSelected(CaseRegistration.java:689)
at pages.CaseRegistration.isSelected(CaseRegistration.java:689)
at pages.CaseRegistration.isSelected(CaseRegistration.java:689)
at pages.CaseRegistration.isSelected(CaseRegistration.java:689)
at pages.CaseRegistration.isSelected(CaseRegistration.java:689)
at pages.CaseRegistration.isSelected(CaseRegistration.java:689)
at pages.CaseRegistration.isSelected(CaseRegistration.java:689)
at pages.CaseRegistration.isSelected(CaseRegistration.java:689)
at pages.CaseRegistration.isSelected(CaseRegistration.java:689)
at pages.CaseRegistration.isSelected(CaseRegistration.java:689)
at pages.CaseRegistration.isSelected(CaseRegistration.java:689)
at pages.CaseRegistration.isSelected(CaseRegistration.java:689)
at pages.CaseRegistration.isSelected(CaseRegistration.java:689)
at pages.CaseRegistration.isSelected(CaseRegistration.java:689)
at pages.CaseRegistration.isSelected(CaseRegistration.java:689)
at pages.CaseRegistration.isSelected(CaseRegistration.java:689)
at pages.CaseRegistration.isSelected(CaseRegistration.java:689)
at pages.CaseRegistration.isSelected(CaseRegistration.java:689)
at pages.CaseRegistration.isSelected(CaseRegistration.java:689)
at pages.CaseRegistration.isSelected(CaseRegistration.java:689)
at pages.CaseRegistration.isSelected(CaseRegistration.java:689)
at pages.CaseRegistration.isSelected(CaseRegistration.java:689)
at pages.CaseRegistration.isSelected(CaseRegistration.java:689)
at pages.CaseRegistration.isSelected(CaseRegistration.java:689)
at pages.CaseRegistration.isSelected(CaseRegistration.java:689)
at pages.CaseRegistration.isSelected(CaseRegistration.java:689)
at pages.CaseRegistration.isSelected(CaseRegistration.java:689)
at pages.CaseRegistration.isSelected(CaseRegistration.java:689)
at pages.CaseRegistration.isSelected(CaseRegistration.java:689)
at pages.CaseRegistration.isSelected(CaseRegistration.java:689)
at pages.CaseRegistration.isSelected(CaseRegistration.java:689)
at pages.CaseRegistration.isSelected(CaseRegistration.java:689)
at pages.CaseRegistration.isSelected(CaseRegistration.java:689)
at pages.CaseRegistration.isSelected(CaseRegistration.java:689)
at pages.CaseRegistration.isSelected(CaseRegistration.java:689)
at pages.CaseRegistration.isSelected(CaseRegistration.java:689)
at pages.CaseRegistration.isSelected(CaseRegistration.java:689)
at pages.CaseRegistration.isSelected(CaseRegistration.java:689)
at pages.CaseRegistration.isSelected(CaseRegistration.java:689)
at pages.CaseRegistration.isSelected(CaseRegistration.java:689)
at pages.CaseRegistration.isSelected(CaseRegistration.java:689)
at pages.CaseRegistration.isSelected(CaseRegistration.java:689)
at pages.CaseRegistration.isSelected(CaseRegistration.java:689)
at pages.CaseRegistration.isSelected(CaseRegistration.java:689)
at pages.CaseRegistration.isSelected(CaseRegistration.java:689)
at pages.CaseRegistration.isSelected(CaseRegistration.java:689)
at pages.CaseRegistration.isSelected(CaseRegistration.java:689)
at pages.CaseRegistration.isSelected(CaseRegistration.java:689)
at pages.CaseRegistration.isSelected(CaseRegistration.java:689)
at pages.CaseRegistration.isSelected(CaseRegistration.java:689)
at pages.CaseRegistration.isSelected(CaseRegistration.java:689)
at pages.CaseRegistration.isSelected(CaseRegistration.java:689)
at pages.CaseRegistration.isSelected(CaseRegistration.java:689)
at pages.CaseRegistration.isSelected(CaseRegistration.java:689)
at pages.CaseRegistration.isSelected(CaseRegistration.java:689)
at pages.CaseRegistration.isSelected(CaseRegistration.java:689)
at pages.CaseRegistration.isSelected(CaseRegistration.java:689)
at pages.CaseRegistration.isSelected(CaseRegistration.java:689)
at pages.CaseRegistration.isSelected(CaseRegistration.java:689)
at pages.CaseRegistration.isSelected(CaseRegistration.java:689)
at pages.CaseRegistration.isSelected(CaseRegistration.java:689)
at pages.CaseRegistration.isSelected(CaseRegistration.java:689)
at pages.CaseRegistration.isSelected(CaseRegistration.java:689)
at pages.CaseRegistration.isSelected(CaseRegistration.java:689)
at pages.CaseRegistration.isSelected(CaseRegistration.java:689)
at pages.CaseRegistration.isSelected(CaseRegistration.java:689)
at pages.CaseRegistration.isSelected(CaseRegistration.java:689)
at pages.CaseRegistration.isSelected(CaseRegistration.java:689)
at pages.CaseRegistration.isSelected(CaseRegistration.java:689)
at pages.CaseRegistration.isSelected(CaseRegistration.java:689)
at pages.CaseRegistration.isSelected(CaseRegistration.java:689)
at pages.CaseRegistration.isSelected(CaseRegistration.java:689)
at pages.CaseRegistration.isSelected(CaseRegistration.java:689)
at pages.CaseRegistration.isSelected(CaseRegistration.java:689)
at pages.CaseRegistration.isSelected(CaseRegistration.java:689)
at pages.CaseRegistration.isSelected(CaseRegistration.java:689)
at pages.CaseRegistration.isSelected(CaseRegistration.java:689)
at pages.CaseRegistration.isSelected(CaseRegistration.java:689)
at pages.CaseRegistration.isSelected(CaseRegistration.java:689)
at pages.CaseRegistration.isSelected(CaseRegistration.java:689)
at pages.CaseRegistration.isSelected(CaseRegistration.java:689)
at pages.CaseRegistration.isSelected(CaseRegistration.java:689)
at pages.CaseRegistration.isSelected(CaseRegistration.java:689)
at pages.CaseRegistration.isSelected(CaseRegistration.java:689)
at pages.CaseRegistration.isSelected(CaseRegistration.java:689)
at pages.CaseRegistration.isSelected(CaseRegistration.java:689)
at pages.CaseRegistration.isSelected(CaseRegistration.java:689)
at pages.CaseRegistration.isSelected(CaseRegistration.java:689)
at pages.CaseRegistration.isSelected(CaseRegistration.java:689)
at pages.CaseRegistration.isSelected(CaseRegistration.java:689)
at pages.CaseRegistration.isSelected(CaseRegistration.java:689)
at pages.CaseRegistration.isSelected(CaseRegistration.java:689)
at pages.CaseRegistration.isSelected(CaseRegistration.java:689)
at pages.CaseRegistration.isSelected(CaseRegistration.java:689)
at pages.CaseRegistration.isSelected(CaseRegistration.java:689)
at pages.CaseRegistration.isSelected(CaseRegistration.java:689)
at pages.CaseRegistration.isSelected(CaseRegistration.java:689)
at pages.CaseRegistration.isSelected(CaseRegistration.java:689)
at pages.CaseRegistration.isSelected(CaseRegistration.java:689)
at pages.CaseRegistration.isSelected(CaseRegistration.java:689)
at pages.CaseRegistration.isSelected(CaseRegistration.java:689)
at pages.CaseRegistration.isSelected(CaseRegistration.java:689)
at pages.CaseRegistration.isSelected(CaseRegistration.java:689)
at pages.CaseRegistration.isSelected(CaseRegistration.java:689)
at pages.CaseRegistration.isSelected(CaseRegistration.java:689)
at pages.CaseRegistration.isSelected(CaseRegistration.java:689)
at pages.CaseRegistration.isSelected(CaseRegistration.java:689)
at pages.CaseRegistration.isSelected(CaseRegistration.java:689)
at pages.CaseRegistration.isSelected(CaseRegistration.java:689)
at pages.CaseRegistration.isSelected(CaseRegistration.java:689)
at pages.CaseRegistration.isSelected(CaseRegistration.java:689)
at pages.CaseRegistration.isSelected(CaseRegistration.java:689)
at pages.CaseRegistration.isSelected(CaseRegistration.java:689)
at pages.CaseRegistration.isSelected(CaseRegistration.java:689)
at pages.CaseRegistration.isSelected(CaseRegistration.java:689)
at pages.CaseRegistration.isSelected(CaseRegistration.java:689)
at pages.CaseRegistration.isSelected(CaseRegistration.java:689)
at pages.CaseRegistration.isSelected(CaseRegistration.java:689)
at pages.CaseRegistration.isSelected(CaseRegistration.java:689)
at pages.CaseRegistration.isSelected(CaseRegistration.java:689)
at pages.CaseRegistration.isSelected(CaseRegistration.java:689)
at pages.CaseRegistration.isSelected(CaseRegistration.java:689)
at pages.CaseRegistration.isSelected(CaseRegistration.java:689)
at pages.CaseRegistration.isSelected(CaseRegistration.java:689)
at pages.CaseRegistration.isSelected(CaseRegistration.java:689)
at pages.CaseRegistration.isSelected(CaseRegistration.java:689)
at pages.CaseRegistration.isSelected(CaseRegistration.java:689)
at pages.CaseRegistration.isSelected(CaseRegistration.java:689)
at pages.CaseRegistration.isSelected(CaseRegistration.java:689)
at pages.CaseRegistration.isSelected(CaseRegistration.java:689)
at pages.CaseRegistration.isSelected(CaseRegistration.java:689)
at pages.CaseRegistration.isSelected(CaseRegistration.java:689)
at pages.CaseRegistration.isSelected(CaseRegistration.java:689)
at pages.CaseRegistration.isSelected(CaseRegistration.java:689)
at pages.CaseRegistration.isSelected(CaseRegistration.java:689)
at pages.CaseRegistration.isSelected(CaseRegistration.java:689)
at pages.CaseRegistration.isSelected(CaseRegistration.java:689)
at pages.CaseRegistration.isSelected(CaseRegistration.java:689)
at pages.CaseRegistration.isSelected(CaseRegistration.java:689)
at pages.CaseRegistration.isSelected(CaseRegistration.java:689)
at pages.CaseRegistration.isSelected(CaseRegistration.java:689)
at pages.CaseRegistration.isSelected(CaseRegistration.java:689)
at pages.CaseRegistration.isSelected(CaseRegistration.java:689)
at pages.CaseRegistration.isSelected(CaseRegistration.java:689)
at pages.CaseRegistration.isSelected(CaseRegistration.java:689)
at pages.CaseRegistration.isSelected(CaseRegistration.java:689)
at pages.CaseRegistration.isSelected(CaseRegistration.java:689)
at pages.CaseRegistration.isSelected(CaseRegistration.java:689)
at pages.CaseRegistration.isSelected(CaseRegistration.java:689)
at pages.CaseRegistration.isSelected(CaseRegistration.java:689)
at pages.CaseRegistration.isSelected(CaseRegistration.java:689)
at pages.CaseRegistration.isSelected(CaseRegistration.java:689)
at pages.CaseRegistration.isSelected(CaseRegistration.java:689)
at pages.CaseRegistration.isSelected(CaseRegistration.java:689)
at pages.CaseRegistration.isSelected(CaseRegistration.java:689)
at pages.CaseRegistration.isSelected(CaseRegistration.java:689)
at pages.CaseRegistration.isSelected(CaseRegistration.java:689)
at pages.CaseRegistration.isSelected(CaseRegistration.java:689)
at pages.CaseRegistration.isSelected(CaseRegistration.java:689)
at pages.CaseRegistration.isSelected(CaseRegistration.java:689)
at pages.CaseRegistration.isSelected(CaseRegistration.java:689)
at pages.CaseRegistration.isSelected(CaseRegistration.java:689)
at pages.CaseRegistration.isSelected(CaseRegistration.java:689)
at pages.CaseRegistration.isSelected(CaseRegistration.java:689)
at pages.CaseRegistration.isSelected(CaseRegistration.java:689)
at pages.CaseRegistration.isSelected(CaseRegistration.java:689)
at pages.CaseRegistration.isSelected(CaseRegistration.java:689)
at pages.CaseRegistration.isSelected(CaseRegistration.java:689)
at pages.CaseRegistration.isSelected(CaseRegistration.java:689)
at pages.CaseRegistration.isSelected(CaseRegistration.java:689)
at pages.CaseRegistration.isSelected(CaseRegistration.java:689)
at pages.CaseRegistration.isSelected(CaseRegistration.java:689)
at pages.CaseRegistration.isSelected(CaseRegistration.java:689)
at pages.CaseRegistration.isSelected(CaseRegistration.java:689)
at pages.CaseRegistration.isSelected(CaseRegistration.java:689)
at pages.CaseRegistration.isSelected(CaseRegistration.java:689)
at pages.CaseRegistration.isSelected(CaseRegistration.java:689)
at pages.CaseRegistration.isSelected(CaseRegistration.java:689)
at pages.CaseRegistration.isSelected(CaseRegistration.java:689)
at pages.CaseRegistration.isSelected(CaseRegistration.java:689)
at pages.CaseRegistration.isSelected(CaseRegistration.java:689)
at pages.CaseRegistration.isSelected(CaseRegistration.java:689)
at pages.CaseRegistration.isSelected(CaseRegistration.java:689)
at pages.CaseRegistration.isSelected(CaseRegistration.java:689)
at pages.CaseRegistration.isSelected(CaseRegistration.java:689)
at pages.CaseRegistration.isSelected(CaseRegistration.java:689)
at pages.CaseRegistration.isSelected(CaseRegistration.java:689)
at pages.CaseRegistration.isSelected(CaseRegistration.java:689)
at pages.CaseRegistration.isSelected(CaseRegistration.java:689)
at pages.CaseRegistration.isSelected(CaseRegistration.java:689)
at pages.CaseRegistration.isSelected(CaseRegistration.java:689)
at pages.CaseRegistration.isSelected(CaseRegistration.java:689)
at pages.CaseRegistration.isSelected(CaseRegistration.java:689)
at pages.CaseRegistration.isSelected(CaseRegistration.java:689)
at pages.CaseRegistration.isSelected(CaseRegistration.java:689)
at pages.CaseRegistration.isSelected(CaseRegistration.java:689)
at pages.CaseRegistration.isSelected(CaseRegistration.java:689)
at pages.CaseRegistration.isSelected(CaseRegistration.java:689)
at pages.CaseRegistration.isSelected(CaseRegistration.java:689)
at pages.CaseRegistration.isSelected(CaseRegistration.java:689)
at pages.CaseRegistration.isSelected(CaseRegistration.java:689)
at pages.CaseRegistration.isSelected(CaseRegistration.java:689)
at pages.CaseRegistration.isSelected(CaseRegistration.java:689)
at pages.CaseRegistration.isSelected(CaseRegistration.java:689)
at pages.CaseRegistration.isSelected(CaseRegistration.java:689)
at pages.CaseRegistration.isSelected(CaseRegistration.java:689)
at pages.CaseRegistration.isSelected(CaseRegistration.java:689)
at pages.CaseRegistration.isSelected(CaseRegistration.java:689)
at pages.CaseRegistration.isSelected(CaseRegistration.java:689)
at pages.CaseRegistration.isSelected(CaseRegistration.java:689)
at pages.CaseRegistration.isSelected(CaseRegistration.java:689)
at pages.CaseRegistration.isSelected(CaseRegistration.java:689)
at pages.CaseRegistration.isSelected(CaseRegistration.java:689)
at pages.CaseRegistration.isSelected(CaseRegistration.java:689)
at pages.CaseRegistration.isSelected(CaseRegistration.java:689)
at pages.CaseRegistration.isSelected(CaseRegistration.java:689)
at pages.CaseRegistration.isSelected(CaseRegistration.java:689)
at pages.CaseRegistration.isSelected(CaseRegistration.java:689)
at pages.CaseRegistration.isSelected(CaseRegistration.java:689)
at pages.CaseRegistration.isSelected(CaseRegistration.java:689)
at pages.CaseRegistration.isSelected(CaseRegistration.java:689)
at pages.CaseRegistration.isSelected(CaseRegistration.java:689)
at pages.CaseRegistration.isSelected(CaseRegistration.java:689)
at pages.CaseRegistration.isSelected(CaseRegistration.java:689)
at pages.CaseRegistration.isSelected(CaseRegistration.java:689)
at pages.CaseRegistration.isSelected(CaseRegistration.java:689)
at pages.CaseRegistration.isSelected(CaseRegistration.java:689)
at pages.CaseRegistration.isSelected(CaseRegistration.java:689)
at pages.CaseRegistration.isSelected(CaseRegistration.java:689)
at pages.CaseRegistration.isSelected(CaseRegistration.java:689)
at pages.CaseRegistration.isSelected(CaseRegistration.java:689)
at pages.CaseRegistration.isSelected(CaseRegistration.java:689)
at pages.CaseRegistration.isSelected(CaseRegistration.java:689)
at pages.CaseRegistration.isSelected(CaseRegistration.java:689)
at pages.CaseRegistration.isSelected(CaseRegistration.java:689)
at pages.CaseRegistration.isSelected(CaseRegistration.java:689)
at pages.CaseRegistration.isSelected(CaseRegistration.java:689)
at pages.CaseRegistration.isSelected(CaseRegistration.java:689)
at pages.CaseRegistration.isSelected(CaseRegistration.java:689)
at pages.CaseRegistration.isSelected(CaseRegistration.java:689)
at pages.CaseRegistration.isSelected(CaseRegistration.java:689)
at pages.CaseRegistration.isSelected(CaseRegistration.java:689)
at pages.CaseRegistration.isSelected(CaseRegistration.java:689)
at pages.CaseRegistration.isSelected(CaseRegistration.java:689)
at pages.CaseRegistration.isSelected(CaseRegistration.java:689)
at pages.CaseRegistration.isSelected(CaseRegistration.java:689)
at pages.CaseRegistration.isSelected(CaseRegistration.java:689)
at pages.CaseRegistration.isSelected(CaseRegistration.java:689)
at pages.CaseRegistration.isSelected(CaseRegistration.java:689)
at pages.CaseRegistration.isSelected(CaseRegistration.java:689)
at pages.CaseRegistration.isSelected(CaseRegistration.java:689)
at pages.CaseRegistration.isSelected(CaseRegistration.java:689)
at pages.CaseRegistration.isSelected(CaseRegistration.java:689)
at pages.CaseRegistration.isSelected(CaseRegistration.java:689)
at pages.CaseRegistration.isSelected(CaseRegistration.java:689)
at pages.CaseRegistration.isSelected(CaseRegistration.java:689)
at pages.CaseRegistration.isSelected(CaseRegistration.java:689)
at pages.CaseRegistration.isSelected(CaseRegistration.java:689)
at pages.CaseRegistration.isSelected(CaseRegistration.java:689)
at pages.CaseRegistration.isSelected(CaseRegistration.java:689)
at pages.CaseRegistration.isSelected(CaseRegistration.java:689)
at pages.CaseRegistration.isSelected(CaseRegistration.java:689)
at pages.CaseRegistration.isSelected(CaseRegistration.java:689)
at pages.CaseRegistration.isSelected(CaseRegistration.java:689)
at pages.CaseRegistration.isSelected(CaseRegistration.java:689)
at pages.CaseRegistration.isSelected(CaseRegistration.java:689)
at pages.CaseRegistration.isSelected(CaseRegistration.java:689)
at pages.CaseRegistration.isSelected(CaseRegistration.java:689)
at pages.CaseRegistration.isSelected(CaseRegistration.java:689)
at pages.CaseRegistration.isSelected(CaseRegistration.java:689)
at pages.CaseRegistration.isSelected(CaseRegistration.java:689)
at pages.CaseRegistration.isSelected(CaseRegistration.java:689)
at pages.CaseRegistration.isSelected(CaseRegistration.java:689)
at pages.CaseRegistration.isSelected(CaseRegistration.java:689)
at pages.CaseRegistration.isSelected(CaseRegistration.java:689)
at pages.CaseRegistration.isSelected(CaseRegistration.java:689)
at pages.CaseRegistration.isSelected(CaseRegistration.java:689)
at pages.CaseRegistration.isSelected(CaseRegistration.java:689)
at pages.CaseRegistration.isSelected(CaseRegistration.java:689)
at pages.CaseRegistration.isSelected(CaseRegistration.java:689)
at pages.CaseRegistration.isSelected(CaseRegistration.java:689)
at pages.CaseRegistration.isSelected(CaseRegistration.java:689)
at pages.CaseRegistration.isSelected(CaseRegistration.java:689)
at pages.CaseRegistration.isSelected(CaseRegistration.java:689)
at pages.CaseRegistration.isSelected(CaseRegistration.java:689)
at pages.CaseRegistration.isSelected(CaseRegistration.java:689)
at pages.CaseRegistration.isSelected(CaseRegistration.java:689)
at pages.CaseRegistration.isSelected(CaseRegistration.java:689)
at pages.CaseRegistration.isSelected(CaseRegistration.java:689)
at pages.CaseRegistration.isSelected(CaseRegistration.java:689)
at pages.CaseRegistration.isSelected(CaseRegistration.java:689)
at pages.CaseRegistration.isSelected(CaseRegistration.java:689)
at pages.CaseRegistration.isSelected(CaseRegistration.java:689)
at pages.CaseRegistration.isSelected(CaseRegistration.java:689)
at pages.CaseRegistration.isSelected(CaseRegistration.java:689)
at pages.CaseRegistration.isSelected(CaseRegistration.java:689)
at pages.CaseRegistration.isSelected(CaseRegistration.java:689)
at pages.CaseRegistration.isSelected(CaseRegistration.java:689)
at pages.CaseRegistration.isSelected(CaseRegistration.java:689)
at pages.CaseRegistration.isSelected(CaseRegistration.java:689)
at pages.CaseRegistration.isSelected(CaseRegistration.java:689)
at pages.CaseRegistration.isSelected(CaseRegistration.java:689)
at pages.CaseRegistration.isSelected(CaseRegistration.java:689)
at pages.CaseRegistration.isSelected(CaseRegistration.java:689)
at pages.CaseRegistration.isSelected(CaseRegistration.java:689)
at pages.CaseRegistration.isSelected(CaseRegistration.java:689)
at pages.CaseRegistration.isSelected(CaseRegistration.java:689)
at pages.CaseRegistration.isSelected(CaseRegistration.java:689)
at pages.CaseRegistration.isSelected(CaseRegistration.java:689)
at pages.CaseRegistration.isSelected(CaseRegistration.java:689)
at pages.CaseRegistration.isSelected(CaseRegistration.java:689)
at pages.CaseRegistration.isSelected(CaseRegistration.java:689)
at pages.CaseRegistration.isSelected(CaseRegistration.java:689)
at pages.CaseRegistration.isSelected(CaseRegistration.java:689)
at pages.CaseRegistration.isSelected(CaseRegistration.java:689)
at pages.CaseRegistration.isSelected(CaseRegistration.java:689)
at pages.CaseRegistration.isSelected(CaseRegistration.java:689)
at pages.CaseRegistration.isSelected(CaseRegistration.java:689)
at pages.CaseRegistration.isSelected(CaseRegistration.java:689)
at pages.CaseRegistration.isSelected(CaseRegistration.java:689)
at pages.CaseRegistration.isSelected(CaseRegistration.java:689)
at pages.CaseRegistration.isSelected(CaseRegistration.java:689)
at pages.CaseRegistration.isSelected(CaseRegistration.java:689)
at pages.CaseRegistration.isSelected(CaseRegistration.java:689)
at pages.CaseRegistration.isSelected(CaseRegistration.java:689)
at pages.CaseRegistration.isSelected(CaseRegistration.java:689)
at pages.CaseRegistration.isSelected(CaseRegistration.java:689)
at pages.CaseRegistration.isSelected(CaseRegistration.java:689)
at pages.CaseRegistration.isSelected(CaseRegistration.java:689)
at pages.CaseRegistration.isSelected(CaseRegistration.java:689)
at pages.CaseRegistration.isSelected(CaseRegistration.java:689)
at pages.CaseRegistration.isSelected(CaseRegistration.java:689)
at pages.CaseRegistration.isSelected(CaseRegistration.java:689)
at pages.CaseRegistration.isSelected(CaseRegistration.java:689)
at pages.CaseRegistration.isSelected(CaseRegistration.java:689)
at pages.CaseRegistration.isSelected(CaseRegistration.java:689)
at pages.CaseRegistration.isSelected(CaseRegistration.java:689)
at pages.CaseRegistration.isSelected(CaseRegistration.java:689)
at pages.CaseRegistration.isSelected(CaseRegistration.java:689)
at pages.CaseRegistration.isSelected(CaseRegistration.java:689)
at pages.CaseRegistration.isSelected(CaseRegistration.java:689)
at pages.CaseRegistration.isSelected(CaseRegistration.java:689)
at pages.CaseRegistration.isSelected(CaseRegistration.java:689)
at pages.CaseRegistration.isSelected(CaseRegistration.java:689)
at pages.CaseRegistration.isSelected(CaseRegistration.java:689)
at pages.CaseRegistration.isSelected(CaseRegistration.java:689)
at pages.CaseRegistration.isSelected(CaseRegistration.java:689)
at pages.CaseRegistration.isSelected(CaseRegistration.java:689)
at pages.CaseRegistration.isSelected(CaseRegistration.java:689)
at pages.CaseRegistration.isSelected(CaseRegistration.java:689)
at pages.CaseRegistration.isSelected(CaseRegistration.java:689)
at pages.CaseRegistration.isSelected(CaseRegistration.java:689)
at pages.CaseRegistration.isSelected(CaseRegistration.java:689)
at pages.CaseRegistration.isSelected(CaseRegistration.java:689)
at pages.CaseRegistration.isSelected(CaseRegistration.java:689)
at pages.CaseRegistration.isSelected(CaseRegistration.java:689)
at pages.CaseRegistration.isSelected(CaseRegistration.java:689)
at pages.CaseRegistration.isSelected(CaseRegistration.java:689)
at pages.CaseRegistration.isSelected(CaseRegistration.java:689)
at pages.CaseRegistration.isSelected(CaseRegistration.java:689)
at pages.CaseRegistration.isSelected(CaseRegistration.java:689)
at pages.CaseRegistration.isSelected(CaseRegistration.java:689)
at pages.CaseRegistration.isSelected(CaseRegistration.java:689)
at pages.CaseRegistration.isSelected(CaseRegistration.java:689)
at pages.CaseRegistration.isSelected(CaseRegistration.java:689)
at pages.CaseRegistration.isSelected(CaseRegistration.java:689)
at pages.CaseRegistration.isSelected(CaseRegistration.java:689)
at pages.CaseRegistration.isSelected(CaseRegistration.java:689)
at pages.CaseRegistration.isSelected(CaseRegistration.java:689)
at pages.CaseRegistration.isSelected(CaseRegistration.java:689)
at pages.CaseRegistration.isSelected(CaseRegistration.java:689)
at pages.CaseRegistration.isSelected(CaseRegistration.java:689)
at pages.CaseRegistration.isSelected(CaseRegistration.java:689)
at pages.CaseRegistration.isSelected(CaseRegistration.java:689)
at pages.CaseRegistration.isSelected(CaseRegistration.java:689)
at pages.CaseRegistration.isSelected(CaseRegistration.java:689)
at pages.CaseRegistration.isSelected(CaseRegistration.java:689)
at pages.CaseRegistration.isSelected(CaseRegistration.java:689)
at pages.CaseRegistration.isSelected(CaseRegistration.java:689)
at pages.CaseRegistration.isSelected(CaseRegistration.java:689)
at pages.CaseRegistration.isSelected(CaseRegistration.java:689)
at pages.CaseRegistration.isSelected(CaseRegistration.java:689)
at pages.CaseRegistration.isSelected(CaseRegistration.java:689)
at pages.CaseRegistration.isSelected(CaseRegistration.java:689)
at pages.CaseRegistration.isSelected(CaseRegistration.java:689)
at pages.CaseRegistration.isSelected(CaseRegistration.java:689)
at pages.CaseRegistration.isSelected(CaseRegistration.java:689)
at pages.CaseRegistration.isSelected(CaseRegistration.java:689)
at pages.CaseRegistration.isSelected(CaseRegistration.java:689)
at pages.CaseRegistration.isSelected(CaseRegistration.java:689)
at pages.CaseRegistration.isSelected(CaseRegistration.java:689)
at pages.CaseRegistration.isSelected(CaseRegistration.java:689)
at pages.CaseRegistration.isSelected(CaseRegistration.java:689)
at pages.CaseRegistration.isSelected(CaseRegistration.java:689)
at pages.CaseRegistration.isSelected(CaseRegistration.java:689)
at pages.CaseRegistration.isSelected(CaseRegistration.java:689)
at pages.CaseRegistration.isSelected(CaseRegistration.java:689)
at pages.CaseRegistration.isSelected(CaseRegistration.java:689)
at pages.CaseRegistration.isSelected(CaseRegistration.java:689)
at pages.CaseRegistration.isSelected(CaseRegistration.java:689)
at pages.CaseRegistration.isSelected(CaseRegistration.java:689)
at pages.CaseRegistration.isSelected(CaseRegistration.java:689)
at pages.CaseRegistration.isSelected(CaseRegistration.java:689)
at pages.CaseRegistration.isSelected(CaseRegistration.java:689)
at pages.CaseRegistration.isSelected(CaseRegistration.java:689)
at pages.CaseRegistration.isSelected(CaseRegistration.java:689)
at pages.CaseRegistration.isSelected(CaseRegistration.java:689)
at pages.CaseRegistration.isSelected(CaseRegistration.java:689)
at pages.CaseRegistration.isSelected(CaseRegistration.java:689)
at pages.CaseRegistration.isSelected(CaseRegistration.java:689)
at pages.CaseRegistration.isSelected(CaseRegistration.java:689)
at pages.CaseRegistration.isSelected(CaseRegistration.java:689)
at pages.CaseRegistration.isSelected(CaseRegistration.java:689)
at pages.CaseRegistration.isSelected(CaseRegistration.java:689)
at pages.CaseRegistration.isSelected(CaseRegistration.java:689)
at pages.CaseRegistration.isSelected(CaseRegistration.java:689)
at pages.CaseRegistration.isSelected(CaseRegistration.java:689)
at pages.CaseRegistration.isSelected(CaseRegistration.java:689)
at pages.CaseRegistration.isSelected(CaseRegistration.java:689)
at pages.CaseRegistration.isSelected(CaseRegistration.java:689)
at pages.CaseRegistration.isSelected(CaseRegistration.java:689)
at pages.CaseRegistration.isSelected(CaseRegistration.java:689)
at pages.CaseRegistration.isSelected(CaseRegistration.java:689)
at pages.CaseRegistration.isSelected(CaseRegistration.java:689)
at pages.CaseRegistration.isSelected(CaseRegistration.java:689)
at pages.CaseRegistration.isSelected(CaseRegistration.java:689)
at pages.CaseRegistration.isSelected(CaseRegistration.java:689)
at pages.CaseRegistration.isSelected(CaseRegistration.java:689)
at pages.CaseRegistration.isSelected(CaseRegistration.java:689)
[...]
at org.testng.TestRunner.privateRun(TestRunner.java:648)
at org.testng.TestRunner.run(TestRunner.java:505)
at org.testng.SuiteRunner.runTest(SuiteRunner.java:455)
at org.testng.SuiteRunner.runSequentially(SuiteRunner.java:450)
at org.testng.SuiteRunner.privateRun(SuiteRunner.java:415)
at org.testng.SuiteRunner.run(SuiteRunner.java:364)
at org.testng.SuiteRunnerWorker.runSuite(SuiteRunnerWorker.java:52)
at org.testng.SuiteRunnerWorker.run(SuiteRunnerWorker.java:84)
at org.testng.TestNG.runSuitesSequentially(TestNG.java:1208)
at org.testng.TestNG.runSuitesLocally(TestNG.java:1137)
at org.testng.TestNG.runSuites(TestNG.java:1049)
at org.testng.TestNG.run(TestNG.java:1017)
at org.apache.maven.surefire.testng.TestNGExecutor.run(TestNGExecutor.java:295)
at org.apache.maven.surefire.testng.TestNGXmlTestSuite.execute(TestNGXmlTestSuite.java:84)
at org.apache.maven.surefire.testng.TestNGProvider.invoke(TestNGProvider.java:90)
at org.apache.maven.surefire.booter.ForkedBooter.invokeProviderInSameClassLoader(ForkedBooter.java:203)
at org.apache.maven.surefire.booter.ForkedBooter.runSuitesInProcess(ForkedBooter.java:155)
at org.apache.maven.surefire.booter.ForkedBooter.main(ForkedBooter.java:103)
]]>
    </error>
  </testcase> <!-- TC_SPINF_004 -->
  <testcase name="TC_SPINF_005" time="3.016" classname="maintest.SPcasereg">
    <error type="org.openqa.selenium.NoSuchElementException" message="no such element: Unable to locate element: {&quot;method&quot;:&quot;id&quot;,&quot;selector&quot;:&quot;ctl00_imgHome&quot;}
  (Session info: chrome=70.0.3538.102)
  (Driver info: chromedriver=2.42.591088 (7b2b2dca23cca0862f674758c9a3933e685c27d5),platform=Windows NT 6.1.7601 SP1 x86) (WARNING: The server did not provide any stacktrace information)
Command duration or timeout: 0 milliseconds
For documentation on this error, please visit: http://seleniumhq.org/exceptions/no_such_element.html
Build info: version: &#039;3.14.0&#039;, revision: &#039;aacccce0&#039;, time: &#039;2018-08-02T20:19:58.91Z&#039;
System info: host: &#039;KAD-I-032&#039;, ip: &#039;192.168.2.67&#039;, os.name: &#039;Windows 7&#039;, os.arch: &#039;x86&#039;, os.version: &#039;6.1&#039;, java.version: &#039;1.8.0_181&#039;
Driver info: org.openqa.selenium.chrome.ChromeDriver
Capabilities {acceptInsecureCerts: false, acceptSslCerts: false, applicationCacheEnabled: false, browserConnectionEnabled: false, browserName: chrome, chrome: {chromedriverVersion: 2.42.591088 (7b2b2dca23cca0..., userDataDir: C:\Users\admin\AppData\Loca...}, cssSelectorsEnabled: true, databaseEnabled: false, goog:chromeOptions: {debuggerAddress: localhost:60820}, handlesAlerts: true, hasTouchScreen: false, javascriptEnabled: true, locationContextEnabled: true, mobileEmulationEnabled: false, nativeEvents: true, networkConnectionEnabled: false, pageLoadStrategy: normal, platform: XP, platformName: XP, rotatable: false, setWindowRect: true, takesHeapSnapshot: true, takesScreenshot: true, unexpectedAlertBehaviour: , unhandledPromptBehavior: , version: 70.0.3538.102, webStorageEnabled: true}
Session ID: bce334e84c89fef8bdd58968dc1efd31
*** Element info: {Using=id, value=ctl00_imgHome}">
      <![CDATA[org.openqa.selenium.NoSuchElementException: no such element: Unable to locate element: {"method":"id","selector":"ctl00_imgHome"}
  (Session info: chrome=70.0.3538.102)
  (Driver info: chromedriver=2.42.591088 (7b2b2dca23cca0862f674758c9a3933e685c27d5),platform=Windows NT 6.1.7601 SP1 x86) (WARNING: The server did not provide any stacktrace information)
Command duration or timeout: 0 milliseconds
For documentation on this error, please visit: http://seleniumhq.org/exceptions/no_such_element.html
Build info: version: '3.14.0', revision: 'aacccce0', time: '2018-08-02T20:19:58.91Z'
System info: host: 'KAD-I-032', ip: '192.168.2.67', os.name: 'Windows 7', os.arch: 'x86', os.version: '6.1', java.version: '1.8.0_181'
Driver info: org.openqa.selenium.chrome.ChromeDriver
Capabilities {acceptInsecureCerts: false, acceptSslCerts: false, applicationCacheEnabled: false, browserConnectionEnabled: false, browserName: chrome, chrome: {chromedriverVersion: 2.42.591088 (7b2b2dca23cca0..., userDataDir: C:\Users\admin\AppData\Loca...}, cssSelectorsEnabled: true, databaseEnabled: false, goog:chromeOptions: {debuggerAddress: localhost:60820}, handlesAlerts: true, hasTouchScreen: false, javascriptEnabled: true, locationContextEnabled: true, mobileEmulationEnabled: false, nativeEvents: true, networkConnectionEnabled: false, pageLoadStrategy: normal, platform: XP, platformName: XP, rotatable: false, setWindowRect: true, takesHeapSnapshot: true, takesScreenshot: true, unexpectedAlertBehaviour: , unhandledPromptBehavior: , version: 70.0.3538.102, webStorageEnabled: true}
Session ID: bce334e84c89fef8bdd58968dc1efd31
*** Element info: {Using=id, value=ctl00_imgHome}
at sun.reflect.NativeConstructorAccessorImpl.newInstance0(Native Method)
at sun.reflect.NativeConstructorAccessorImpl.newInstance(NativeConstructorAccessorImpl.java:62)
at sun.reflect.DelegatingConstructorAccessorImpl.newInstance(DelegatingConstructorAccessorImpl.java:45)
at java.lang.reflect.Constructor.newInstance(Constructor.java:423)
at org.openqa.selenium.remote.ErrorHandler.createThrowable(ErrorHandler.java:214)
at org.openqa.selenium.remote.ErrorHandler.throwIfResponseFailed(ErrorHandler.java:166)
at org.openqa.selenium.remote.http.JsonHttpResponseCodec.reconstructValue(JsonHttpResponseCodec.java:40)
at org.openqa.selenium.remote.http.AbstractHttpResponseCodec.decode(AbstractHttpResponseCodec.java:80)
at org.openqa.selenium.remote.http.AbstractHttpResponseCodec.decode(AbstractHttpResponseCodec.java:44)
at org.openqa.selenium.remote.HttpCommandExecutor.execute(HttpCommandExecutor.java:158)
at org.openqa.selenium.remote.service.DriverCommandExecutor.execute(DriverCommandExecutor.java:83)
at org.openqa.selenium.remote.RemoteWebDriver.execute(RemoteWebDriver.java:548)
at org.openqa.selenium.remote.RemoteWebDriver.findElement(RemoteWebDriver.java:322)
at org.openqa.selenium.remote.RemoteWebDriver.findElementById(RemoteWebDriver.java:368)
at org.openqa.selenium.By$ById.findElement(By.java:188)
at org.openqa.selenium.remote.RemoteWebDriver.findElement(RemoteWebDriver.java:314)
at environment.Utill.find(Utill.java:148)
at environment.Utill.click(Utill.java:254)
at pages.Home.homepage(Home.java:201)
at maintest.SPcasereg.TC_SPINF_005(SPcasereg.java:1251)
at sun.reflect.NativeMethodAccessorImpl.invoke0(Native Method)
at sun.reflect.NativeMethodAccessorImpl.invoke(NativeMethodAccessorImpl.java:62)
at sun.reflect.DelegatingMethodAccessorImpl.invoke(DelegatingMethodAccessorImpl.java:43)
at java.lang.reflect.Method.invoke(Method.java:498)
at org.testng.internal.MethodInvocationHelper.invokeMethod(MethodInvocationHelper.java:124)
at org.testng.internal.Invoker.invokeMethod(Invoker.java:583)
at org.testng.internal.Invoker.invokeTestMethod(Invoker.java:719)
at org.testng.internal.Invoker.invokeTestMethods(Invoker.java:989)
at org.testng.internal.TestMethodWorker.invokeTestMethods(TestMethodWorker.java:125)
at org.testng.internal.TestMethodWorker.run(TestMethodWorker.java:109)
at org.testng.TestRunner.privateRun(TestRunner.java:648)
at org.testng.TestRunner.run(TestRunner.java:505)
at org.testng.SuiteRunner.runTest(SuiteRunner.java:455)
at org.testng.SuiteRunner.runSequentially(SuiteRunner.java:450)
at org.testng.SuiteRunner.privateRun(SuiteRunner.java:415)
at org.testng.SuiteRunner.run(SuiteRunner.java:364)
at org.testng.SuiteRunnerWorker.runSuite(SuiteRunnerWorker.java:52)
at org.testng.SuiteRunnerWorker.run(SuiteRunnerWorker.java:84)
at org.testng.TestNG.runSuitesSequentially(TestNG.java:1208)
at org.testng.TestNG.runSuitesLocally(TestNG.java:1137)
at org.testng.TestNG.runSuites(TestNG.java:1049)
at org.testng.TestNG.run(TestNG.java:1017)
at org.apache.maven.surefire.testng.TestNGExecutor.run(TestNGExecutor.java:295)
at org.apache.maven.surefire.testng.TestNGXmlTestSuite.execute(TestNGXmlTestSuite.java:84)
at org.apache.maven.surefire.testng.TestNGProvider.invoke(TestNGProvider.java:90)
at org.apache.maven.surefire.booter.ForkedBooter.invokeProviderInSameClassLoader(ForkedBooter.java:203)
at org.apache.maven.surefire.booter.ForkedBooter.runSuitesInProcess(ForkedBooter.java:155)
at org.apache.maven.surefire.booter.ForkedBooter.main(ForkedBooter.java:103)
]]>
    </error>
  </testcase> <!-- TC_SPINF_005 -->
  <testcase name="TC_SPINF_006" time="40.797" classname="maintest.SPcasereg">
    <error type="org.openqa.selenium.WebDriverException" message="chrome not reachable
  (Session info: chrome=70.0.3538.102)
  (Driver info: chromedriver=2.42.591088 (7b2b2dca23cca0862f674758c9a3933e685c27d5),platform=Windows NT 6.1.7601 SP1 x86) (WARNING: The server did not provide any stacktrace information)
Command duration or timeout: 0 milliseconds
Build info: version: &#039;3.14.0&#039;, revision: &#039;aacccce0&#039;, time: &#039;2018-08-02T20:19:58.91Z&#039;
System info: host: &#039;KAD-I-032&#039;, ip: &#039;192.168.2.67&#039;, os.name: &#039;Windows 7&#039;, os.arch: &#039;x86&#039;, os.version: &#039;6.1&#039;, java.version: &#039;1.8.0_181&#039;
Driver info: org.openqa.selenium.chrome.ChromeDriver
Capabilities {acceptInsecureCerts: false, acceptSslCerts: false, applicationCacheEnabled: false, browserConnectionEnabled: false, browserName: chrome, chrome: {chromedriverVersion: 2.42.591088 (7b2b2dca23cca0..., userDataDir: C:\Users\admin\AppData\Loca...}, cssSelectorsEnabled: true, databaseEnabled: false, goog:chromeOptions: {debuggerAddress: localhost:60820}, handlesAlerts: true, hasTouchScreen: false, javascriptEnabled: true, locationContextEnabled: true, mobileEmulationEnabled: false, nativeEvents: true, networkConnectionEnabled: false, pageLoadStrategy: normal, platform: XP, platformName: XP, rotatable: false, setWindowRect: true, takesHeapSnapshot: true, takesScreenshot: true, unexpectedAlertBehaviour: , unhandledPromptBehavior: , version: 70.0.3538.102, webStorageEnabled: true}
Session ID: bce334e84c89fef8bdd58968dc1efd31
*** Element info: {Using=id, value=loading-bar-spinner}">
      <![CDATA[org.openqa.selenium.WebDriverException: chrome not reachable
  (Session info: chrome=70.0.3538.102)
  (Driver info: chromedriver=2.42.591088 (7b2b2dca23cca0862f674758c9a3933e685c27d5),platform=Windows NT 6.1.7601 SP1 x86) (WARNING: The server did not provide any stacktrace information)
Command duration or timeout: 0 milliseconds
Build info: version: '3.14.0', revision: 'aacccce0', time: '2018-08-02T20:19:58.91Z'
System info: host: 'KAD-I-032', ip: '192.168.2.67', os.name: 'Windows 7', os.arch: 'x86', os.version: '6.1', java.version: '1.8.0_181'
Driver info: org.openqa.selenium.chrome.ChromeDriver
Capabilities {acceptInsecureCerts: false, acceptSslCerts: false, applicationCacheEnabled: false, browserConnectionEnabled: false, browserName: chrome, chrome: {chromedriverVersion: 2.42.591088 (7b2b2dca23cca0..., userDataDir: C:\Users\admin\AppData\Loca...}, cssSelectorsEnabled: true, databaseEnabled: false, goog:chromeOptions: {debuggerAddress: localhost:60820}, handlesAlerts: true, hasTouchScreen: false, javascriptEnabled: true, locationContextEnabled: true, mobileEmulationEnabled: false, nativeEvents: true, networkConnectionEnabled: false, pageLoadStrategy: normal, platform: XP, platformName: XP, rotatable: false, setWindowRect: true, takesHeapSnapshot: true, takesScreenshot: true, unexpectedAlertBehaviour: , unhandledPromptBehavior: , version: 70.0.3538.102, webStorageEnabled: true}
Session ID: bce334e84c89fef8bdd58968dc1efd31
*** Element info: {Using=id, value=loading-bar-spinner}
at sun.reflect.NativeConstructorAccessorImpl.newInstance0(Native Method)
at sun.reflect.NativeConstructorAccessorImpl.newInstance(NativeConstructorAccessorImpl.java:62)
at sun.reflect.DelegatingConstructorAccessorImpl.newInstance(DelegatingConstructorAccessorImpl.java:45)
at java.lang.reflect.Constructor.newInstance(Constructor.java:423)
at org.openqa.selenium.remote.ErrorHandler.createThrowable(ErrorHandler.java:214)
at org.openqa.selenium.remote.ErrorHandler.throwIfResponseFailed(ErrorHandler.java:166)
at org.openqa.selenium.remote.http.JsonHttpResponseCodec.reconstructValue(JsonHttpResponseCodec.java:40)
at org.openqa.selenium.remote.http.AbstractHttpResponseCodec.decode(AbstractHttpResponseCodec.java:80)
at org.openqa.selenium.remote.http.AbstractHttpResponseCodec.decode(AbstractHttpResponseCodec.java:44)
at org.openqa.selenium.remote.HttpCommandExecutor.execute(HttpCommandExecutor.java:158)
at org.openqa.selenium.remote.service.DriverCommandExecutor.execute(DriverCommandExecutor.java:83)
at org.openqa.selenium.remote.RemoteWebDriver.execute(RemoteWebDriver.java:548)
at org.openqa.selenium.remote.RemoteWebDriver.findElement(RemoteWebDriver.java:322)
at org.openqa.selenium.remote.RemoteWebDriver.findElementById(RemoteWebDriver.java:368)
at org.openqa.selenium.By$ById.findElement(By.java:188)
at org.openqa.selenium.remote.RemoteWebDriver.findElement(RemoteWebDriver.java:314)
at environment.Utill.find(Utill.java:148)
at environment.Utill$2.apply(Utill.java:900)
at environment.Utill$2.apply(Utill.java:897)
at org.openqa.selenium.support.ui.FluentWait.until(FluentWait.java:260)
at environment.Utill.waitUntilLoaderisInvisible(Utill.java:897)
at pages.Home.homepage(Home.java:202)
at maintest.SPcasereg.TC_SPINF_006(SPcasereg.java:1286)
at sun.reflect.NativeMethodAccessorImpl.invoke0(Native Method)
at sun.reflect.NativeMethodAccessorImpl.invoke(NativeMethodAccessorImpl.java:62)
at sun.reflect.DelegatingMethodAccessorImpl.invoke(DelegatingMethodAccessorImpl.java:43)
at java.lang.reflect.Method.invoke(Method.java:498)
at org.testng.internal.MethodInvocationHelper.invokeMethod(MethodInvocationHelper.java:124)
at org.testng.internal.Invoker.invokeMethod(Invoker.java:583)
at org.testng.internal.Invoker.invokeTestMethod(Invoker.java:719)
at org.testng.internal.Invoker.invokeTestMethods(Invoker.java:989)
at org.testng.internal.TestMethodWorker.invokeTestMethods(TestMethodWorker.java:125)
at org.testng.internal.TestMethodWorker.run(TestMethodWorker.java:109)
at org.testng.TestRunner.privateRun(TestRunner.java:648)
at org.testng.TestRunner.run(TestRunner.java:505)
at org.testng.SuiteRunner.runTest(SuiteRunner.java:455)
at org.testng.SuiteRunner.runSequentially(SuiteRunner.java:450)
at org.testng.SuiteRunner.privateRun(SuiteRunner.java:415)
at org.testng.SuiteRunner.run(SuiteRunner.java:364)
at org.testng.SuiteRunnerWorker.runSuite(SuiteRunnerWorker.java:52)
at org.testng.SuiteRunnerWorker.run(SuiteRunnerWorker.java:84)
at org.testng.TestNG.runSuitesSequentially(TestNG.java:1208)
at org.testng.TestNG.runSuitesLocally(TestNG.java:1137)
at org.testng.TestNG.runSuites(TestNG.java:1049)
at org.testng.TestNG.run(TestNG.java:1017)
at org.apache.maven.surefire.testng.TestNGExecutor.run(TestNGExecutor.java:295)
at org.apache.maven.surefire.testng.TestNGXmlTestSuite.execute(TestNGXmlTestSuite.java:84)
at org.apache.maven.surefire.testng.TestNGProvider.invoke(TestNGProvider.java:90)
at org.apache.maven.surefire.booter.ForkedBooter.invokeProviderInSameClassLoader(ForkedBooter.java:203)
at org.apache.maven.surefire.booter.ForkedBooter.runSuitesInProcess(ForkedBooter.java:155)
at org.apache.maven.surefire.booter.ForkedBooter.main(ForkedBooter.java:103)
]]>
    </error>
  </testcase> <!-- TC_SPINF_006 -->
  <testcase name="TC_SPINF_007" time="0.000" classname="maintest.SPcasereg">
    <skipped/>
  </testcase> <!-- TC_SPINF_007 -->
  <testcase name="TC_SPINF_008" time="0.000" classname="maintest.SPcasereg">
    <skipped/>
  </testcase> <!-- TC_SPINF_008 -->
  <testcase name="TC_SPINF_009" time="0.000" classname="maintest.SPcasereg">
    <skipped/>
  </testcase> <!-- TC_SPINF_009 -->
  <testcase name="TC_SPINF_010" time="0.000" classname="maintest.SPcasereg">
    <skipped/>
  </testcase> <!-- TC_SPINF_010 -->
  <testcase name="TC_SPINF_011" time="0.000" classname="maintest.SPcasereg">
    <skipped/>
  </testcase> <!-- TC_SPINF_011 -->
  <testcase name="TC_SPINF_014" time="0.000" classname="maintest.SPcasereg">
    <skipped/>
  </testcase> <!-- TC_SPINF_014 -->
  <testcase name="TC_SPINF_017" time="0.000" classname="maintest.SPcasereg">
    <skipped/>
  </testcase> <!-- TC_SPINF_017 -->
  <testcase name="TC_SPINF_020" time="0.000" classname="maintest.SPcasereg">
    <skipped/>
  </testcase> <!-- TC_SPINF_020 -->
  <testcase name="TC_SPINF_023" time="0.000" classname="maintest.SPcasereg">
    <skipped/>
  </testcase> <!-- TC_SPINF_023 -->
  <testcase name="TC_SPINF_026" time="0.000" classname="maintest.SPcasereg">
    <skipped/>
  </testcase> <!-- TC_SPINF_026 -->
  <testcase name="TC_SPINF_029" time="0.000" classname="maintest.SPcasereg">
    <skipped/>
  </testcase> <!-- TC_SPINF_029 -->
  <testcase name="TC_SPINF_032" time="0.000" classname="maintest.SPcasereg">
    <skipped/>
  </testcase> <!-- TC_SPINF_032 -->
  <testcase name="TC_SPINF_035" time="0.000" classname="maintest.SPcasereg">
    <skipped/>
  </testcase> <!-- TC_SPINF_035 -->
  <testcase name="TC_SPINF_038" time="0.000" classname="maintest.SPcasereg">
    <skipped/>
  </testcase> <!-- TC_SPINF_038 -->
  <testcase name="TC_SPINF_012" time="0.000" classname="maintest.SPcasereg">
    <skipped/>
  </testcase> <!-- TC_SPINF_012 -->
  <testcase name="TC_SPINF_015" time="0.000" classname="maintest.SPcasereg">
    <skipped/>
  </testcase> <!-- TC_SPINF_015 -->
  <testcase name="TC_SPINF_018" time="0.000" classname="maintest.SPcasereg">
    <skipped/>
  </testcase> <!-- TC_SPINF_018 -->
  <testcase name="TC_SPINF_021" time="0.000" classname="maintest.SPcasereg">
    <skipped/>
  </testcase> <!-- TC_SPINF_021 -->
  <testcase name="TC_SPINF_039" time="0.000" classname="maintest.SPcasereg">
    <skipped/>
  </testcase> <!-- TC_SPINF_039 -->
  <testcase name="TC_SPINF_027" time="0.000" classname="maintest.SPcasereg">
    <skipped/>
  </testcase> <!-- TC_SPINF_027 -->
  <testcase name="TC_SPINF_033" time="0.000" classname="maintest.SPcasereg">
    <skipped/>
  </testcase> <!-- TC_SPINF_033 -->
  <testcase name="TC_SPINF_030" time="0.000" classname="maintest.SPcasereg">
    <skipped/>
  </testcase> <!-- TC_SPINF_030 -->
  <testcase name="TC_SPINF_024" time="0.000" classname="maintest.SPcasereg">
    <skipped/>
  </testcase> <!-- TC_SPINF_024 -->
  <testcase name="TC_SPNAPP_001" time="0.000" classname="maintest.SPcasereg">
    <skipped/>
  </testcase> <!-- TC_SPNAPP_001 -->
  <testcase name="TC_SPCEP_001" time="0.000" classname="maintest.SPcasereg">
    <skipped/>
  </testcase> <!-- TC_SPCEP_001 -->
  <testcase name="TC_SPCEP_002" time="0.000" classname="maintest.SPcasereg">
    <skipped/>
  </testcase> <!-- TC_SPCEP_002 -->
  <testcase name="TC_SPCEP_003" time="0.000" classname="maintest.SPcasereg">
    <skipped/>
  </testcase> <!-- TC_SPCEP_003 -->
  <testcase name="TC_SPCEP_004" time="0.000" classname="maintest.SPcasereg">
    <skipped/>
  </testcase> <!-- TC_SPCEP_004 -->
  <testcase name="TC_SPDOC_001" time="0.000" classname="maintest.SPcasereg">
    <skipped/>
  </testcase> <!-- TC_SPDOC_001 -->
  <testcase name="TC_SPDOC_002" time="0.000" classname="maintest.SPcasereg">
    <skipped/>
  </testcase> <!-- TC_SPDOC_002 -->
  <testcase name="TC_SPDOC_003" time="0.000" classname="maintest.SPcasereg">
    <skipped/>
  </testcase> <!-- TC_SPDOC_003 -->
  <testcase name="TC_SPDOC_004" time="0.000" classname="maintest.SPcasereg">
    <skipped/>
  </testcase> <!-- TC_SPDOC_004 -->
  <testcase name="TC_SPDOC_005" time="0.000" classname="maintest.SPcasereg">
    <skipped/>
  </testcase> <!-- TC_SPDOC_005 -->
  <testcase name="TC_SPDOC_006" time="0.000" classname="maintest.SPcasereg">
    <skipped/>
  </testcase> <!-- TC_SPDOC_006 -->
  <testcase name="TC_SPDOC_007" classname="maintest.SPcasereg">
    <skipped/>
  </testcase> <!-- TC_SPDOC_007 -->
  <testcase name="TC_SPDOC_008" classname="maintest.SPcasereg">
    <skipped/>
  </testcase> <!-- TC_SPDOC_008 -->
</testsuite> <!-- maintest.SPcasereg -->
